D:\OSAMA\PROGRAMMING\TOPCODER\TOPCODER\TOPCODER\DEBUG\CURRENT.OBJ
D:\OSAMA\PROGRAMMING\TOPCODER\TOPCODER\TOPCODER\DEBUG\VC110.PDB
D:\OSAMA\PROGRAMMING\TOPCODER\TOPCODER\TOPCODER\DEBUG\PASSED.OBJ
D:\OSAMA\PROGRAMMING\TOPCODER\TOPCODER\TOPCODER\DEBUG\X.OBJ
D:\OSAMA\PROGRAMMING\TOPCODER\TOPCODER\TOPCODER\DEBUG\CUTTINGBITSTRING.OBJ
D:\Osama\Programming\TopCoder\TopCoder\TopCoder\Debug\Current.obj
D:\Osama\Programming\TopCoder\TopCoder\TopCoder\Debug\CuttingBitString.obj
D:\Osama\Programming\TopCoder\TopCoder\TopCoder\Debug\Passed.obj
D:\Osama\Programming\TopCoder\TopCoder\TopCoder\Debug\x.obj
D:\Osama\Programming\TopCoder\TopCoder\TopCoder\Debug\cl.command.1.tlog
D:\Osama\Programming\TopCoder\TopCoder\TopCoder\Debug\CL.read.1.tlog
D:\Osama\Programming\TopCoder\TopCoder\TopCoder\Debug\CL.write.1.tlog
D:\Osama\Programming\TopCoder\TopCoder\TopCoder\Debug\link-cvtres.read.1.tlog
D:\Osama\Programming\TopCoder\TopCoder\TopCoder\Debug\link-cvtres.write.1.tlog
D:\Osama\Programming\TopCoder\TopCoder\TopCoder\Debug\link-rc.read.1.tlog
D:\Osama\Programming\TopCoder\TopCoder\TopCoder\Debug\link-rc.write.1.tlog
D:\Osama\Programming\TopCoder\TopCoder\TopCoder\Debug\link.1052-cvtres.read.1.tlog
D:\Osama\Programming\TopCoder\TopCoder\TopCoder\Debug\link.1052-cvtres.write.1.tlog
D:\Osama\Programming\TopCoder\TopCoder\TopCoder\Debug\link.1052-rc.read.1.tlog
D:\Osama\Programming\TopCoder\TopCoder\TopCoder\Debug\link.1052-rc.write.1.tlog
D:\Osama\Programming\TopCoder\TopCoder\TopCoder\Debug\link.1052.read.1.tlog
D:\Osama\Programming\TopCoder\TopCoder\TopCoder\Debug\link.1052.write.1.tlog
D:\Osama\Programming\TopCoder\TopCoder\TopCoder\Debug\link.1124-cvtres.read.1.tlog
D:\Osama\Programming\TopCoder\TopCoder\TopCoder\Debug\link.1124-cvtres.write.1.tlog
D:\Osama\Programming\TopCoder\TopCoder\TopCoder\Debug\link.1124-rc.read.1.tlog
D:\Osama\Programming\TopCoder\TopCoder\TopCoder\Debug\link.1124-rc.write.1.tlog
D:\Osama\Programming\TopCoder\TopCoder\TopCoder\Debug\link.1124.read.1.tlog
D:\Osama\Programming\TopCoder\TopCoder\TopCoder\Debug\link.1124.write.1.tlog
D:\Osama\Programming\TopCoder\TopCoder\TopCoder\Debug\link.1484-cvtres.read.1.tlog
D:\Osama\Programming\TopCoder\TopCoder\TopCoder\Debug\link.1484-cvtres.write.1.tlog
D:\Osama\Programming\TopCoder\TopCoder\TopCoder\Debug\link.1484-rc.read.1.tlog
D:\Osama\Programming\TopCoder\TopCoder\TopCoder\Debug\link.1484-rc.write.1.tlog
D:\Osama\Programming\TopCoder\TopCoder\TopCoder\Debug\link.1484.read.1.tlog
D:\Osama\Programming\TopCoder\TopCoder\TopCoder\Debug\link.1484.write.1.tlog
D:\Osama\Programming\TopCoder\TopCoder\TopCoder\Debug\link.2804-cvtres.read.1.tlog
D:\Osama\Programming\TopCoder\TopCoder\TopCoder\Debug\link.2804-cvtres.write.1.tlog
D:\Osama\Programming\TopCoder\TopCoder\TopCoder\Debug\link.2804-rc.read.1.tlog
D:\Osama\Programming\TopCoder\TopCoder\TopCoder\Debug\link.2804-rc.write.1.tlog
D:\Osama\Programming\TopCoder\TopCoder\TopCoder\Debug\link.2804.read.1.tlog
D:\Osama\Programming\TopCoder\TopCoder\TopCoder\Debug\link.2804.write.1.tlog
D:\Osama\Programming\TopCoder\TopCoder\TopCoder\Debug\link.2896-cvtres.read.1.tlog
D:\Osama\Programming\TopCoder\TopCoder\TopCoder\Debug\link.2896-cvtres.write.1.tlog
D:\Osama\Programming\TopCoder\TopCoder\TopCoder\Debug\link.2896-rc.read.1.tlog
D:\Osama\Programming\TopCoder\TopCoder\TopCoder\Debug\link.2896-rc.write.1.tlog
D:\Osama\Programming\TopCoder\TopCoder\TopCoder\Debug\link.2896.read.1.tlog
D:\Osama\Programming\TopCoder\TopCoder\TopCoder\Debug\link.2896.write.1.tlog
D:\Osama\Programming\TopCoder\TopCoder\TopCoder\Debug\link.2928-cvtres.read.1.tlog
D:\Osama\Programming\TopCoder\TopCoder\TopCoder\Debug\link.2928-cvtres.write.1.tlog
D:\Osama\Programming\TopCoder\TopCoder\TopCoder\Debug\link.2928-rc.read.1.tlog
D:\Osama\Programming\TopCoder\TopCoder\TopCoder\Debug\link.2928-rc.write.1.tlog
D:\Osama\Programming\TopCoder\TopCoder\TopCoder\Debug\link.2928.read.1.tlog
D:\Osama\Programming\TopCoder\TopCoder\TopCoder\Debug\link.2928.write.1.tlog
D:\Osama\Programming\TopCoder\TopCoder\TopCoder\Debug\link.308-cvtres.read.1.tlog
D:\Osama\Programming\TopCoder\TopCoder\TopCoder\Debug\link.308-cvtres.write.1.tlog
D:\Osama\Programming\TopCoder\TopCoder\TopCoder\Debug\link.308-rc.read.1.tlog
D:\Osama\Programming\TopCoder\TopCoder\TopCoder\Debug\link.308-rc.write.1.tlog
D:\Osama\Programming\TopCoder\TopCoder\TopCoder\Debug\link.308.read.1.tlog
D:\Osama\Programming\TopCoder\TopCoder\TopCoder\Debug\link.308.write.1.tlog
D:\Osama\Programming\TopCoder\TopCoder\TopCoder\Debug\link.3088-cvtres.read.1.tlog
D:\Osama\Programming\TopCoder\TopCoder\TopCoder\Debug\link.3088-cvtres.write.1.tlog
D:\Osama\Programming\TopCoder\TopCoder\TopCoder\Debug\link.3088-rc.read.1.tlog
D:\Osama\Programming\TopCoder\TopCoder\TopCoder\Debug\link.3088-rc.write.1.tlog
D:\Osama\Programming\TopCoder\TopCoder\TopCoder\Debug\link.3088.read.1.tlog
D:\Osama\Programming\TopCoder\TopCoder\TopCoder\Debug\link.3088.write.1.tlog
D:\Osama\Programming\TopCoder\TopCoder\TopCoder\Debug\link.3444-cvtres.read.1.tlog
D:\Osama\Programming\TopCoder\TopCoder\TopCoder\Debug\link.3444-cvtres.write.1.tlog
D:\Osama\Programming\TopCoder\TopCoder\TopCoder\Debug\link.3444-rc.read.1.tlog
D:\Osama\Programming\TopCoder\TopCoder\TopCoder\Debug\link.3444-rc.write.1.tlog
D:\Osama\Programming\TopCoder\TopCoder\TopCoder\Debug\link.3444.read.1.tlog
D:\Osama\Programming\TopCoder\TopCoder\TopCoder\Debug\link.3444.write.1.tlog
D:\Osama\Programming\TopCoder\TopCoder\TopCoder\Debug\link.3936-cvtres.read.1.tlog
D:\Osama\Programming\TopCoder\TopCoder\TopCoder\Debug\link.3936-cvtres.write.1.tlog
D:\Osama\Programming\TopCoder\TopCoder\TopCoder\Debug\link.3936-rc.read.1.tlog
D:\Osama\Programming\TopCoder\TopCoder\TopCoder\Debug\link.3936-rc.write.1.tlog
D:\Osama\Programming\TopCoder\TopCoder\TopCoder\Debug\link.3936.read.1.tlog
D:\Osama\Programming\TopCoder\TopCoder\TopCoder\Debug\link.3936.write.1.tlog
D:\Osama\Programming\TopCoder\TopCoder\TopCoder\Debug\link.4256-cvtres.read.1.tlog
D:\Osama\Programming\TopCoder\TopCoder\TopCoder\Debug\link.4256-cvtres.write.1.tlog
D:\Osama\Programming\TopCoder\TopCoder\TopCoder\Debug\link.4256-rc.read.1.tlog
D:\Osama\Programming\TopCoder\TopCoder\TopCoder\Debug\link.4256-rc.write.1.tlog
D:\Osama\Programming\TopCoder\TopCoder\TopCoder\Debug\link.4256.read.1.tlog
D:\Osama\Programming\TopCoder\TopCoder\TopCoder\Debug\link.4256.write.1.tlog
D:\Osama\Programming\TopCoder\TopCoder\TopCoder\Debug\link.4312-cvtres.read.1.tlog
D:\Osama\Programming\TopCoder\TopCoder\TopCoder\Debug\link.4312-cvtres.write.1.tlog
D:\Osama\Programming\TopCoder\TopCoder\TopCoder\Debug\link.4312-rc.read.1.tlog
D:\Osama\Programming\TopCoder\TopCoder\TopCoder\Debug\link.4312-rc.write.1.tlog
D:\Osama\Programming\TopCoder\TopCoder\TopCoder\Debug\link.4312.read.1.tlog
D:\Osama\Programming\TopCoder\TopCoder\TopCoder\Debug\link.4312.write.1.tlog
D:\Osama\Programming\TopCoder\TopCoder\TopCoder\Debug\link.4464-cvtres.read.1.tlog
D:\Osama\Programming\TopCoder\TopCoder\TopCoder\Debug\link.4464-cvtres.write.1.tlog
D:\Osama\Programming\TopCoder\TopCoder\TopCoder\Debug\link.4464-rc.read.1.tlog
D:\Osama\Programming\TopCoder\TopCoder\TopCoder\Debug\link.4464-rc.write.1.tlog
D:\Osama\Programming\TopCoder\TopCoder\TopCoder\Debug\link.4464.read.1.tlog
D:\Osama\Programming\TopCoder\TopCoder\TopCoder\Debug\link.4464.write.1.tlog
D:\Osama\Programming\TopCoder\TopCoder\TopCoder\Debug\link.4628-cvtres.read.1.tlog
D:\Osama\Programming\TopCoder\TopCoder\TopCoder\Debug\link.4628-cvtres.write.1.tlog
D:\Osama\Programming\TopCoder\TopCoder\TopCoder\Debug\link.4628-rc.read.1.tlog
D:\Osama\Programming\TopCoder\TopCoder\TopCoder\Debug\link.4628-rc.write.1.tlog
D:\Osama\Programming\TopCoder\TopCoder\TopCoder\Debug\link.4628.read.1.tlog
D:\Osama\Programming\TopCoder\TopCoder\TopCoder\Debug\link.4628.write.1.tlog
D:\Osama\Programming\TopCoder\TopCoder\TopCoder\Debug\link.4708-cvtres.read.1.tlog
D:\Osama\Programming\TopCoder\TopCoder\TopCoder\Debug\link.4708-cvtres.write.1.tlog
D:\Osama\Programming\TopCoder\TopCoder\TopCoder\Debug\link.4708-rc.read.1.tlog
D:\Osama\Programming\TopCoder\TopCoder\TopCoder\Debug\link.4708-rc.write.1.tlog
D:\Osama\Programming\TopCoder\TopCoder\TopCoder\Debug\link.4708.read.1.tlog
D:\Osama\Programming\TopCoder\TopCoder\TopCoder\Debug\link.4708.write.1.tlog
D:\Osama\Programming\TopCoder\TopCoder\TopCoder\Debug\link.5480-cvtres.read.1.tlog
D:\Osama\Programming\TopCoder\TopCoder\TopCoder\Debug\link.5480-cvtres.write.1.tlog
D:\Osama\Programming\TopCoder\TopCoder\TopCoder\Debug\link.5480-rc.read.1.tlog
D:\Osama\Programming\TopCoder\TopCoder\TopCoder\Debug\link.5480-rc.write.1.tlog
D:\Osama\Programming\TopCoder\TopCoder\TopCoder\Debug\link.5480.read.1.tlog
D:\Osama\Programming\TopCoder\TopCoder\TopCoder\Debug\link.5480.write.1.tlog
D:\Osama\Programming\TopCoder\TopCoder\TopCoder\Debug\link.5492-cvtres.read.1.tlog
D:\Osama\Programming\TopCoder\TopCoder\TopCoder\Debug\link.5492-cvtres.write.1.tlog
D:\Osama\Programming\TopCoder\TopCoder\TopCoder\Debug\link.5492-rc.read.1.tlog
D:\Osama\Programming\TopCoder\TopCoder\TopCoder\Debug\link.5492-rc.write.1.tlog
D:\Osama\Programming\TopCoder\TopCoder\TopCoder\Debug\link.5492.read.1.tlog
D:\Osama\Programming\TopCoder\TopCoder\TopCoder\Debug\link.5492.write.1.tlog
D:\Osama\Programming\TopCoder\TopCoder\TopCoder\Debug\link.5648-cvtres.read.1.tlog
D:\Osama\Programming\TopCoder\TopCoder\TopCoder\Debug\link.5648-cvtres.write.1.tlog
D:\Osama\Programming\TopCoder\TopCoder\TopCoder\Debug\link.5648-rc.read.1.tlog
D:\Osama\Programming\TopCoder\TopCoder\TopCoder\Debug\link.5648-rc.write.1.tlog
D:\Osama\Programming\TopCoder\TopCoder\TopCoder\Debug\link.5648.read.1.tlog
D:\Osama\Programming\TopCoder\TopCoder\TopCoder\Debug\link.5648.write.1.tlog
D:\Osama\Programming\TopCoder\TopCoder\TopCoder\Debug\link.5720-cvtres.read.1.tlog
D:\Osama\Programming\TopCoder\TopCoder\TopCoder\Debug\link.5720-cvtres.write.1.tlog
D:\Osama\Programming\TopCoder\TopCoder\TopCoder\Debug\link.5720-rc.read.1.tlog
D:\Osama\Programming\TopCoder\TopCoder\TopCoder\Debug\link.5720-rc.write.1.tlog
D:\Osama\Programming\TopCoder\TopCoder\TopCoder\Debug\link.5720.read.1.tlog
D:\Osama\Programming\TopCoder\TopCoder\TopCoder\Debug\link.5720.write.1.tlog
D:\Osama\Programming\TopCoder\TopCoder\TopCoder\Debug\link.5740-cvtres.read.1.tlog
D:\Osama\Programming\TopCoder\TopCoder\TopCoder\Debug\link.5740-cvtres.write.1.tlog
D:\Osama\Programming\TopCoder\TopCoder\TopCoder\Debug\link.5740-rc.read.1.tlog
D:\Osama\Programming\TopCoder\TopCoder\TopCoder\Debug\link.5740-rc.write.1.tlog
D:\Osama\Programming\TopCoder\TopCoder\TopCoder\Debug\link.5740.read.1.tlog
D:\Osama\Programming\TopCoder\TopCoder\TopCoder\Debug\link.5740.write.1.tlog
D:\Osama\Programming\TopCoder\TopCoder\TopCoder\Debug\link.6076-cvtres.read.1.tlog
D:\Osama\Programming\TopCoder\TopCoder\TopCoder\Debug\link.6076-cvtres.write.1.tlog
D:\Osama\Programming\TopCoder\TopCoder\TopCoder\Debug\link.6076-rc.read.1.tlog
D:\Osama\Programming\TopCoder\TopCoder\TopCoder\Debug\link.6076-rc.write.1.tlog
D:\Osama\Programming\TopCoder\TopCoder\TopCoder\Debug\link.6076.read.1.tlog
D:\Osama\Programming\TopCoder\TopCoder\TopCoder\Debug\link.6076.write.1.tlog
D:\Osama\Programming\TopCoder\TopCoder\TopCoder\Debug\link.6184-cvtres.read.1.tlog
D:\Osama\Programming\TopCoder\TopCoder\TopCoder\Debug\link.6184-cvtres.write.1.tlog
D:\Osama\Programming\TopCoder\TopCoder\TopCoder\Debug\link.6184-rc.read.1.tlog
D:\Osama\Programming\TopCoder\TopCoder\TopCoder\Debug\link.6184-rc.write.1.tlog
D:\Osama\Programming\TopCoder\TopCoder\TopCoder\Debug\link.6184.read.1.tlog
D:\Osama\Programming\TopCoder\TopCoder\TopCoder\Debug\link.6184.write.1.tlog
D:\Osama\Programming\TopCoder\TopCoder\TopCoder\Debug\link.6204-cvtres.read.1.tlog
D:\Osama\Programming\TopCoder\TopCoder\TopCoder\Debug\link.6204-cvtres.write.1.tlog
D:\Osama\Programming\TopCoder\TopCoder\TopCoder\Debug\link.6204-rc.read.1.tlog
D:\Osama\Programming\TopCoder\TopCoder\TopCoder\Debug\link.6204-rc.write.1.tlog
D:\Osama\Programming\TopCoder\TopCoder\TopCoder\Debug\link.6204.read.1.tlog
D:\Osama\Programming\TopCoder\TopCoder\TopCoder\Debug\link.6204.write.1.tlog
D:\Osama\Programming\TopCoder\TopCoder\TopCoder\Debug\link.6240-cvtres.read.1.tlog
D:\Osama\Programming\TopCoder\TopCoder\TopCoder\Debug\link.6240-cvtres.write.1.tlog
D:\Osama\Programming\TopCoder\TopCoder\TopCoder\Debug\link.6240-rc.read.1.tlog
D:\Osama\Programming\TopCoder\TopCoder\TopCoder\Debug\link.6240-rc.write.1.tlog
D:\Osama\Programming\TopCoder\TopCoder\TopCoder\Debug\link.6240.read.1.tlog
D:\Osama\Programming\TopCoder\TopCoder\TopCoder\Debug\link.6240.write.1.tlog
D:\Osama\Programming\TopCoder\TopCoder\TopCoder\Debug\link.6292-cvtres.read.1.tlog
D:\Osama\Programming\TopCoder\TopCoder\TopCoder\Debug\link.6292-cvtres.write.1.tlog
D:\Osama\Programming\TopCoder\TopCoder\TopCoder\Debug\link.6292-rc.read.1.tlog
D:\Osama\Programming\TopCoder\TopCoder\TopCoder\Debug\link.6292-rc.write.1.tlog
D:\Osama\Programming\TopCoder\TopCoder\TopCoder\Debug\link.6292.read.1.tlog
D:\Osama\Programming\TopCoder\TopCoder\TopCoder\Debug\link.6292.write.1.tlog
D:\Osama\Programming\TopCoder\TopCoder\TopCoder\Debug\link.6620-cvtres.read.1.tlog
D:\Osama\Programming\TopCoder\TopCoder\TopCoder\Debug\link.6620-cvtres.write.1.tlog
D:\Osama\Programming\TopCoder\TopCoder\TopCoder\Debug\link.6620-rc.read.1.tlog
D:\Osama\Programming\TopCoder\TopCoder\TopCoder\Debug\link.6620-rc.write.1.tlog
D:\Osama\Programming\TopCoder\TopCoder\TopCoder\Debug\link.6620.read.1.tlog
D:\Osama\Programming\TopCoder\TopCoder\TopCoder\Debug\link.6620.write.1.tlog
D:\Osama\Programming\TopCoder\TopCoder\TopCoder\Debug\link.6664-cvtres.read.1.tlog
D:\Osama\Programming\TopCoder\TopCoder\TopCoder\Debug\link.6664-cvtres.write.1.tlog
D:\Osama\Programming\TopCoder\TopCoder\TopCoder\Debug\link.6664-rc.read.1.tlog
D:\Osama\Programming\TopCoder\TopCoder\TopCoder\Debug\link.6664-rc.write.1.tlog
D:\Osama\Programming\TopCoder\TopCoder\TopCoder\Debug\link.6664.read.1.tlog
D:\Osama\Programming\TopCoder\TopCoder\TopCoder\Debug\link.6664.write.1.tlog
D:\Osama\Programming\TopCoder\TopCoder\TopCoder\Debug\link.6936-cvtres.read.1.tlog
D:\Osama\Programming\TopCoder\TopCoder\TopCoder\Debug\link.6936-cvtres.write.1.tlog
D:\Osama\Programming\TopCoder\TopCoder\TopCoder\Debug\link.6936-rc.read.1.tlog
D:\Osama\Programming\TopCoder\TopCoder\TopCoder\Debug\link.6936-rc.write.1.tlog
D:\Osama\Programming\TopCoder\TopCoder\TopCoder\Debug\link.6936.read.1.tlog
D:\Osama\Programming\TopCoder\TopCoder\TopCoder\Debug\link.6936.write.1.tlog
D:\Osama\Programming\TopCoder\TopCoder\TopCoder\Debug\link.7164-cvtres.read.1.tlog
D:\Osama\Programming\TopCoder\TopCoder\TopCoder\Debug\link.7164-cvtres.write.1.tlog
D:\Osama\Programming\TopCoder\TopCoder\TopCoder\Debug\link.7164-rc.read.1.tlog
D:\Osama\Programming\TopCoder\TopCoder\TopCoder\Debug\link.7164-rc.write.1.tlog
D:\Osama\Programming\TopCoder\TopCoder\TopCoder\Debug\link.7164.read.1.tlog
D:\Osama\Programming\TopCoder\TopCoder\TopCoder\Debug\link.7164.write.1.tlog
D:\Osama\Programming\TopCoder\TopCoder\TopCoder\Debug\link.964-cvtres.read.1.tlog
D:\Osama\Programming\TopCoder\TopCoder\TopCoder\Debug\link.964-cvtres.write.1.tlog
D:\Osama\Programming\TopCoder\TopCoder\TopCoder\Debug\link.964-rc.read.1.tlog
D:\Osama\Programming\TopCoder\TopCoder\TopCoder\Debug\link.964-rc.write.1.tlog
D:\Osama\Programming\TopCoder\TopCoder\TopCoder\Debug\link.964.read.1.tlog
D:\Osama\Programming\TopCoder\TopCoder\TopCoder\Debug\link.964.write.1.tlog
D:\Osama\Programming\TopCoder\TopCoder\TopCoder\Debug\link.command.1.tlog
D:\Osama\Programming\TopCoder\TopCoder\TopCoder\Debug\link.read.1.tlog
D:\Osama\Programming\TopCoder\TopCoder\TopCoder\Debug\link.write.1.tlog
D:\Osama\Programming\TopCoder\TopCoder\TopCoder\Debug\vc110.idb
D:\Osama\Programming\TopCoder\TopCoder\TopCoder\Debug\vc110.pdb
D:\Osama\Programming\TopCoder\TopCoder\Debug\TopCoder.pdb
