D:\OSAMA\PROGRAMMING\LIVE ARCHIVE\LIVE ARCHIVE\DEBUG\COUNT.OBJ
D:\OSAMA\PROGRAMMING\LIVE ARCHIVE\LIVE ARCHIVE\DEBUG\DIFFERENT DIGITS.OBJ
D:\OSAMA\PROGRAMMING\LIVE ARCHIVE\LIVE ARCHIVE\DEBUG\EQUAL SUM PARTITIONS.OBJ
D:\OSAMA\PROGRAMMING\LIVE ARCHIVE\LIVE ARCHIVE\DEBUG\HAILSTONE HOTPO.OBJ
D:\OSAMA\PROGRAMMING\LIVE ARCHIVE\LIVE ARCHIVE\DEBUG\HOURS AND MINUTES.OBJ
D:\OSAMA\PROGRAMMING\LIVE ARCHIVE\LIVE ARCHIVE\DEBUG\IDENTIFY THE NUMBER.OBJ
D:\OSAMA\PROGRAMMING\LIVE ARCHIVE\LIVE ARCHIVE\DEBUG\INTERVAL PRODUCT.OBJ
D:\OSAMA\PROGRAMMING\LIVE ARCHIVE\LIVE ARCHIVE\DEBUG\LOG BOOKS.OBJ
D:\OSAMA\PROGRAMMING\LIVE ARCHIVE\LIVE ARCHIVE\DEBUG\MYSTERY.OBJ
D:\OSAMA\PROGRAMMING\LIVE ARCHIVE\LIVE ARCHIVE\DEBUG\NO NAME.OBJ
D:\OSAMA\PROGRAMMING\LIVE ARCHIVE\LIVE ARCHIVE\DEBUG\NORMALIZED FORM.OBJ
D:\OSAMA\PROGRAMMING\LIVE ARCHIVE\LIVE ARCHIVE\DEBUG\PEARLS.OBJ
D:\OSAMA\PROGRAMMING\LIVE ARCHIVE\LIVE ARCHIVE\DEBUG\PERFECT MATCHING.OBJ
D:\OSAMA\PROGRAMMING\LIVE ARCHIVE\LIVE ARCHIVE\DEBUG\ROBOTS ON ICE.OBJ
D:\OSAMA\PROGRAMMING\LIVE ARCHIVE\LIVE ARCHIVE\DEBUG\ROUTE REDUNDANCY.OBJ
D:\OSAMA\PROGRAMMING\LIVE ARCHIVE\LIVE ARCHIVE\DEBUG\THE DOORS.OBJ
D:\OSAMA\PROGRAMMING\LIVE ARCHIVE\LIVE ARCHIVE\DEBUG\THE KING'S UPS AND DOWNS.OBJ
D:\OSAMA\PROGRAMMING\LIVE ARCHIVE\LIVE ARCHIVE\DEBUG\THE NEXT PERMUTATION.OBJ
D:\OSAMA\PROGRAMMING\LIVE ARCHIVE\LIVE ARCHIVE\DEBUG\THE RASCAL TRIANGLE.OBJ
D:\OSAMA\PROGRAMMING\LIVE ARCHIVE\LIVE ARCHIVE\DEBUG\TRIANGLE.OBJ
D:\OSAMA\PROGRAMMING\LIVE ARCHIVE\LIVE ARCHIVE\DEBUG\ADJACENT BIT COUNTS.OBJ
D:\OSAMA\PROGRAMMING\LIVE ARCHIVE\LIVE ARCHIVE\DEBUG\ANTI BRUTE FORCE LOCK.OBJ
D:\OSAMA\PROGRAMMING\LIVE ARCHIVE\LIVE ARCHIVE\DEBUG\BROWSING HISTORY.OBJ
D:\OSAMA\PROGRAMMING\LIVE ARCHIVE\LIVE ARCHIVE\DEBUG\CARD TRICK.OBJ
D:\OSAMA\PROGRAMMING\LIVE ARCHIVE\LIVE ARCHIVE\DEBUG\CELLPHONE TYPING.OBJ
D:\OSAMA\PROGRAMMING\LIVE ARCHIVE\LIVE ARCHIVE\DEBUG\VC110.PDB
D:\OSAMA\PROGRAMMING\LIVE ARCHIVE\LIVE ARCHIVE\DEBUG\BALLS.OBJ
D:\OSAMA\PROGRAMMING\LIVE ARCHIVE\LIVE ARCHIVE\DEBUG\MINIMAL BACKGAMMON.OBJ
D:\OSAMA\PROGRAMMING\LIVE ARCHIVE\LIVE ARCHIVE\DEBUG\SLIM SPAN.OBJ
D:\OSAMA\PROGRAMMING\LIVE ARCHIVE\LIVE ARCHIVE\DEBUG\DNA SEQUENCES.OBJ
D:\OSAMA\PROGRAMMING\LIVE ARCHIVE\LIVE ARCHIVE\DEBUG\HORRIBLE QUIZ.OBJ
D:\OSAMA\PROGRAMMING\LIVE ARCHIVE\LIVE ARCHIVE\DEBUG\MAKING DECISIONS.OBJ
D:\OSAMA\PROGRAMMING\LIVE ARCHIVE\LIVE ARCHIVE\DEBUG\ELEVEN.OBJ
D:\OSAMA\PROGRAMMING\LIVE ARCHIVE\LIVE ARCHIVE\DEBUG\PASTI PAS.OBJ
D:\OSAMA\PROGRAMMING\LIVE ARCHIVE\DEBUG\LIVE ARCHIVE.ILK
D:\OSAMA\PROGRAMMING\LIVE ARCHIVE\DEBUG\LIVE ARCHIVE.EXE
D:\OSAMA\PROGRAMMING\LIVE ARCHIVE\DEBUG\LIVE ARCHIVE.PDB
D:\Osama\Programming\Live Archive\Live Archive\Debug\Adjacent Bit Counts.obj
D:\Osama\Programming\Live Archive\Live Archive\Debug\Anti Brute Force Lock.obj
D:\Osama\Programming\Live Archive\Live Archive\Debug\Balls.obj
D:\Osama\Programming\Live Archive\Live Archive\Debug\Browsing History.obj
D:\Osama\Programming\Live Archive\Live Archive\Debug\Card Trick.obj
D:\Osama\Programming\Live Archive\Live Archive\Debug\Cellphone Typing.obj
D:\Osama\Programming\Live Archive\Live Archive\Debug\Count.obj
D:\Osama\Programming\Live Archive\Live Archive\Debug\Different Digits.obj
D:\Osama\Programming\Live Archive\Live Archive\Debug\DNA Sequences.obj
D:\Osama\Programming\Live Archive\Live Archive\Debug\Eleven.obj
D:\Osama\Programming\Live Archive\Live Archive\Debug\Equal Sum Partitions.obj
D:\Osama\Programming\Live Archive\Live Archive\Debug\Hailstone HOTPO.obj
D:\Osama\Programming\Live Archive\Live Archive\Debug\Horrible Quiz.obj
D:\Osama\Programming\Live Archive\Live Archive\Debug\Hours and Minutes.obj
D:\Osama\Programming\Live Archive\Live Archive\Debug\Identify the Number.obj
D:\Osama\Programming\Live Archive\Live Archive\Debug\Interval Product.obj
D:\Osama\Programming\Live Archive\Live Archive\Debug\Log Books.obj
D:\Osama\Programming\Live Archive\Live Archive\Debug\Making Decisions.obj
D:\Osama\Programming\Live Archive\Live Archive\Debug\Minimal Backgammon.obj
D:\Osama\Programming\Live Archive\Live Archive\Debug\Mystery.obj
D:\Osama\Programming\Live Archive\Live Archive\Debug\No Name.obj
D:\Osama\Programming\Live Archive\Live Archive\Debug\Normalized Form.obj
D:\Osama\Programming\Live Archive\Live Archive\Debug\Pasti Pas.obj
D:\Osama\Programming\Live Archive\Live Archive\Debug\Pearls.obj
D:\Osama\Programming\Live Archive\Live Archive\Debug\Perfect Matching.obj
D:\Osama\Programming\Live Archive\Live Archive\Debug\Robots on Ice.obj
D:\Osama\Programming\Live Archive\Live Archive\Debug\Route Redundancy.obj
D:\Osama\Programming\Live Archive\Live Archive\Debug\Slim Span.obj
D:\Osama\Programming\Live Archive\Live Archive\Debug\The Doors.obj
D:\Osama\Programming\Live Archive\Live Archive\Debug\The King's Ups and Downs.obj
D:\Osama\Programming\Live Archive\Live Archive\Debug\The Next Permutation.obj
D:\Osama\Programming\Live Archive\Live Archive\Debug\The Rascal Triangle.obj
D:\Osama\Programming\Live Archive\Live Archive\Debug\Triangle.obj
D:\Osama\Programming\Live Archive\Live Archive\Debug\cl.command.1.tlog
D:\Osama\Programming\Live Archive\Live Archive\Debug\CL.read.1.tlog
D:\Osama\Programming\Live Archive\Live Archive\Debug\CL.write.1.tlog
D:\Osama\Programming\Live Archive\Live Archive\Debug\link-cvtres.read.1.tlog
D:\Osama\Programming\Live Archive\Live Archive\Debug\link-cvtres.write.1.tlog
D:\Osama\Programming\Live Archive\Live Archive\Debug\link-rc.read.1.tlog
D:\Osama\Programming\Live Archive\Live Archive\Debug\link-rc.write.1.tlog
D:\Osama\Programming\Live Archive\Live Archive\Debug\link.1608-cvtres.read.1.tlog
D:\Osama\Programming\Live Archive\Live Archive\Debug\link.1608-cvtres.write.1.tlog
D:\Osama\Programming\Live Archive\Live Archive\Debug\link.1608-rc.read.1.tlog
D:\Osama\Programming\Live Archive\Live Archive\Debug\link.1608-rc.write.1.tlog
D:\Osama\Programming\Live Archive\Live Archive\Debug\link.1608.read.1.tlog
D:\Osama\Programming\Live Archive\Live Archive\Debug\link.1608.write.1.tlog
D:\Osama\Programming\Live Archive\Live Archive\Debug\link.2084-cvtres.read.1.tlog
D:\Osama\Programming\Live Archive\Live Archive\Debug\link.2084-cvtres.write.1.tlog
D:\Osama\Programming\Live Archive\Live Archive\Debug\link.2084-rc.read.1.tlog
D:\Osama\Programming\Live Archive\Live Archive\Debug\link.2084-rc.write.1.tlog
D:\Osama\Programming\Live Archive\Live Archive\Debug\link.2084.read.1.tlog
D:\Osama\Programming\Live Archive\Live Archive\Debug\link.2084.write.1.tlog
D:\Osama\Programming\Live Archive\Live Archive\Debug\link.2252-cvtres.read.1.tlog
D:\Osama\Programming\Live Archive\Live Archive\Debug\link.2252-cvtres.write.1.tlog
D:\Osama\Programming\Live Archive\Live Archive\Debug\link.2252-rc.read.1.tlog
D:\Osama\Programming\Live Archive\Live Archive\Debug\link.2252-rc.write.1.tlog
D:\Osama\Programming\Live Archive\Live Archive\Debug\link.2252.read.1.tlog
D:\Osama\Programming\Live Archive\Live Archive\Debug\link.2252.write.1.tlog
D:\Osama\Programming\Live Archive\Live Archive\Debug\link.3120-cvtres.read.1.tlog
D:\Osama\Programming\Live Archive\Live Archive\Debug\link.3120-cvtres.write.1.tlog
D:\Osama\Programming\Live Archive\Live Archive\Debug\link.3120-rc.read.1.tlog
D:\Osama\Programming\Live Archive\Live Archive\Debug\link.3120-rc.write.1.tlog
D:\Osama\Programming\Live Archive\Live Archive\Debug\link.3120.read.1.tlog
D:\Osama\Programming\Live Archive\Live Archive\Debug\link.3120.write.1.tlog
D:\Osama\Programming\Live Archive\Live Archive\Debug\link.3264-cvtres.read.1.tlog
D:\Osama\Programming\Live Archive\Live Archive\Debug\link.3264-cvtres.write.1.tlog
D:\Osama\Programming\Live Archive\Live Archive\Debug\link.3264-rc.read.1.tlog
D:\Osama\Programming\Live Archive\Live Archive\Debug\link.3264-rc.write.1.tlog
D:\Osama\Programming\Live Archive\Live Archive\Debug\link.3264.read.1.tlog
D:\Osama\Programming\Live Archive\Live Archive\Debug\link.3264.write.1.tlog
D:\Osama\Programming\Live Archive\Live Archive\Debug\link.3668-cvtres.read.1.tlog
D:\Osama\Programming\Live Archive\Live Archive\Debug\link.3668-cvtres.write.1.tlog
D:\Osama\Programming\Live Archive\Live Archive\Debug\link.3668-rc.read.1.tlog
D:\Osama\Programming\Live Archive\Live Archive\Debug\link.3668-rc.write.1.tlog
D:\Osama\Programming\Live Archive\Live Archive\Debug\link.3668.read.1.tlog
D:\Osama\Programming\Live Archive\Live Archive\Debug\link.3668.write.1.tlog
D:\Osama\Programming\Live Archive\Live Archive\Debug\link.3868-cvtres.read.1.tlog
D:\Osama\Programming\Live Archive\Live Archive\Debug\link.3868-cvtres.write.1.tlog
D:\Osama\Programming\Live Archive\Live Archive\Debug\link.3868-rc.read.1.tlog
D:\Osama\Programming\Live Archive\Live Archive\Debug\link.3868-rc.write.1.tlog
D:\Osama\Programming\Live Archive\Live Archive\Debug\link.3868.read.1.tlog
D:\Osama\Programming\Live Archive\Live Archive\Debug\link.3868.write.1.tlog
D:\Osama\Programming\Live Archive\Live Archive\Debug\link.3944-cvtres.read.1.tlog
D:\Osama\Programming\Live Archive\Live Archive\Debug\link.3944-cvtres.write.1.tlog
D:\Osama\Programming\Live Archive\Live Archive\Debug\link.3944-rc.read.1.tlog
D:\Osama\Programming\Live Archive\Live Archive\Debug\link.3944-rc.write.1.tlog
D:\Osama\Programming\Live Archive\Live Archive\Debug\link.3944.read.1.tlog
D:\Osama\Programming\Live Archive\Live Archive\Debug\link.3944.write.1.tlog
D:\Osama\Programming\Live Archive\Live Archive\Debug\link.404-cvtres.read.1.tlog
D:\Osama\Programming\Live Archive\Live Archive\Debug\link.404-cvtres.write.1.tlog
D:\Osama\Programming\Live Archive\Live Archive\Debug\link.404-rc.read.1.tlog
D:\Osama\Programming\Live Archive\Live Archive\Debug\link.404-rc.write.1.tlog
D:\Osama\Programming\Live Archive\Live Archive\Debug\link.404.read.1.tlog
D:\Osama\Programming\Live Archive\Live Archive\Debug\link.404.write.1.tlog
D:\Osama\Programming\Live Archive\Live Archive\Debug\link.4068-cvtres.read.1.tlog
D:\Osama\Programming\Live Archive\Live Archive\Debug\link.4068-cvtres.write.1.tlog
D:\Osama\Programming\Live Archive\Live Archive\Debug\link.4068-rc.read.1.tlog
D:\Osama\Programming\Live Archive\Live Archive\Debug\link.4068-rc.write.1.tlog
D:\Osama\Programming\Live Archive\Live Archive\Debug\link.4068.read.1.tlog
D:\Osama\Programming\Live Archive\Live Archive\Debug\link.4068.write.1.tlog
D:\Osama\Programming\Live Archive\Live Archive\Debug\link.4132-cvtres.read.1.tlog
D:\Osama\Programming\Live Archive\Live Archive\Debug\link.4132-cvtres.write.1.tlog
D:\Osama\Programming\Live Archive\Live Archive\Debug\link.4132-rc.read.1.tlog
D:\Osama\Programming\Live Archive\Live Archive\Debug\link.4132-rc.write.1.tlog
D:\Osama\Programming\Live Archive\Live Archive\Debug\link.4132.read.1.tlog
D:\Osama\Programming\Live Archive\Live Archive\Debug\link.4132.write.1.tlog
D:\Osama\Programming\Live Archive\Live Archive\Debug\link.4220-cvtres.read.1.tlog
D:\Osama\Programming\Live Archive\Live Archive\Debug\link.4220-cvtres.write.1.tlog
D:\Osama\Programming\Live Archive\Live Archive\Debug\link.4220-rc.read.1.tlog
D:\Osama\Programming\Live Archive\Live Archive\Debug\link.4220-rc.write.1.tlog
D:\Osama\Programming\Live Archive\Live Archive\Debug\link.4220.read.1.tlog
D:\Osama\Programming\Live Archive\Live Archive\Debug\link.4220.write.1.tlog
D:\Osama\Programming\Live Archive\Live Archive\Debug\link.4540-cvtres.read.1.tlog
D:\Osama\Programming\Live Archive\Live Archive\Debug\link.4540-cvtres.write.1.tlog
D:\Osama\Programming\Live Archive\Live Archive\Debug\link.4540-rc.read.1.tlog
D:\Osama\Programming\Live Archive\Live Archive\Debug\link.4540-rc.write.1.tlog
D:\Osama\Programming\Live Archive\Live Archive\Debug\link.4540.read.1.tlog
D:\Osama\Programming\Live Archive\Live Archive\Debug\link.4540.write.1.tlog
D:\Osama\Programming\Live Archive\Live Archive\Debug\link.4964-cvtres.read.1.tlog
D:\Osama\Programming\Live Archive\Live Archive\Debug\link.4964-cvtres.write.1.tlog
D:\Osama\Programming\Live Archive\Live Archive\Debug\link.4964-rc.read.1.tlog
D:\Osama\Programming\Live Archive\Live Archive\Debug\link.4964-rc.write.1.tlog
D:\Osama\Programming\Live Archive\Live Archive\Debug\link.4964.read.1.tlog
D:\Osama\Programming\Live Archive\Live Archive\Debug\link.4964.write.1.tlog
D:\Osama\Programming\Live Archive\Live Archive\Debug\link.5168-cvtres.read.1.tlog
D:\Osama\Programming\Live Archive\Live Archive\Debug\link.5168-cvtres.write.1.tlog
D:\Osama\Programming\Live Archive\Live Archive\Debug\link.5168-rc.read.1.tlog
D:\Osama\Programming\Live Archive\Live Archive\Debug\link.5168-rc.write.1.tlog
D:\Osama\Programming\Live Archive\Live Archive\Debug\link.5168.read.1.tlog
D:\Osama\Programming\Live Archive\Live Archive\Debug\link.5168.write.1.tlog
D:\Osama\Programming\Live Archive\Live Archive\Debug\link.5184-cvtres.read.1.tlog
D:\Osama\Programming\Live Archive\Live Archive\Debug\link.5184-cvtres.write.1.tlog
D:\Osama\Programming\Live Archive\Live Archive\Debug\link.5184-rc.read.1.tlog
D:\Osama\Programming\Live Archive\Live Archive\Debug\link.5184-rc.write.1.tlog
D:\Osama\Programming\Live Archive\Live Archive\Debug\link.5184.read.1.tlog
D:\Osama\Programming\Live Archive\Live Archive\Debug\link.5184.write.1.tlog
D:\Osama\Programming\Live Archive\Live Archive\Debug\link.5312-cvtres.read.1.tlog
D:\Osama\Programming\Live Archive\Live Archive\Debug\link.5312-cvtres.write.1.tlog
D:\Osama\Programming\Live Archive\Live Archive\Debug\link.5312-rc.read.1.tlog
D:\Osama\Programming\Live Archive\Live Archive\Debug\link.5312-rc.write.1.tlog
D:\Osama\Programming\Live Archive\Live Archive\Debug\link.5312.read.1.tlog
D:\Osama\Programming\Live Archive\Live Archive\Debug\link.5312.write.1.tlog
D:\Osama\Programming\Live Archive\Live Archive\Debug\link.5336-cvtres.read.1.tlog
D:\Osama\Programming\Live Archive\Live Archive\Debug\link.5336-cvtres.write.1.tlog
D:\Osama\Programming\Live Archive\Live Archive\Debug\link.5336-rc.read.1.tlog
D:\Osama\Programming\Live Archive\Live Archive\Debug\link.5336-rc.write.1.tlog
D:\Osama\Programming\Live Archive\Live Archive\Debug\link.5336.read.1.tlog
D:\Osama\Programming\Live Archive\Live Archive\Debug\link.5336.write.1.tlog
D:\Osama\Programming\Live Archive\Live Archive\Debug\link.5460-cvtres.read.1.tlog
D:\Osama\Programming\Live Archive\Live Archive\Debug\link.5460-cvtres.write.1.tlog
D:\Osama\Programming\Live Archive\Live Archive\Debug\link.5460-rc.read.1.tlog
D:\Osama\Programming\Live Archive\Live Archive\Debug\link.5460-rc.write.1.tlog
D:\Osama\Programming\Live Archive\Live Archive\Debug\link.5460.read.1.tlog
D:\Osama\Programming\Live Archive\Live Archive\Debug\link.5460.write.1.tlog
D:\Osama\Programming\Live Archive\Live Archive\Debug\link.5504-cvtres.read.1.tlog
D:\Osama\Programming\Live Archive\Live Archive\Debug\link.5504-cvtres.write.1.tlog
D:\Osama\Programming\Live Archive\Live Archive\Debug\link.5504-rc.read.1.tlog
D:\Osama\Programming\Live Archive\Live Archive\Debug\link.5504-rc.write.1.tlog
D:\Osama\Programming\Live Archive\Live Archive\Debug\link.5504.read.1.tlog
D:\Osama\Programming\Live Archive\Live Archive\Debug\link.5504.write.1.tlog
D:\Osama\Programming\Live Archive\Live Archive\Debug\link.5528-cvtres.read.1.tlog
D:\Osama\Programming\Live Archive\Live Archive\Debug\link.5528-cvtres.write.1.tlog
D:\Osama\Programming\Live Archive\Live Archive\Debug\link.5528-rc.read.1.tlog
D:\Osama\Programming\Live Archive\Live Archive\Debug\link.5528-rc.write.1.tlog
D:\Osama\Programming\Live Archive\Live Archive\Debug\link.5528.read.1.tlog
D:\Osama\Programming\Live Archive\Live Archive\Debug\link.5528.write.1.tlog
D:\Osama\Programming\Live Archive\Live Archive\Debug\link.5880-cvtres.read.1.tlog
D:\Osama\Programming\Live Archive\Live Archive\Debug\link.5880-cvtres.write.1.tlog
D:\Osama\Programming\Live Archive\Live Archive\Debug\link.5880-rc.read.1.tlog
D:\Osama\Programming\Live Archive\Live Archive\Debug\link.5880-rc.write.1.tlog
D:\Osama\Programming\Live Archive\Live Archive\Debug\link.5880.read.1.tlog
D:\Osama\Programming\Live Archive\Live Archive\Debug\link.5880.write.1.tlog
D:\Osama\Programming\Live Archive\Live Archive\Debug\link.5884-cvtres.read.1.tlog
D:\Osama\Programming\Live Archive\Live Archive\Debug\link.5884-cvtres.write.1.tlog
D:\Osama\Programming\Live Archive\Live Archive\Debug\link.5884-rc.read.1.tlog
D:\Osama\Programming\Live Archive\Live Archive\Debug\link.5884-rc.write.1.tlog
D:\Osama\Programming\Live Archive\Live Archive\Debug\link.5884.read.1.tlog
D:\Osama\Programming\Live Archive\Live Archive\Debug\link.5884.write.1.tlog
D:\Osama\Programming\Live Archive\Live Archive\Debug\link.6152-cvtres.read.1.tlog
D:\Osama\Programming\Live Archive\Live Archive\Debug\link.6152-cvtres.write.1.tlog
D:\Osama\Programming\Live Archive\Live Archive\Debug\link.6152-rc.read.1.tlog
D:\Osama\Programming\Live Archive\Live Archive\Debug\link.6152-rc.write.1.tlog
D:\Osama\Programming\Live Archive\Live Archive\Debug\link.6152.read.1.tlog
D:\Osama\Programming\Live Archive\Live Archive\Debug\link.6152.write.1.tlog
D:\Osama\Programming\Live Archive\Live Archive\Debug\link.6220-cvtres.read.1.tlog
D:\Osama\Programming\Live Archive\Live Archive\Debug\link.6220-cvtres.write.1.tlog
D:\Osama\Programming\Live Archive\Live Archive\Debug\link.6220-rc.read.1.tlog
D:\Osama\Programming\Live Archive\Live Archive\Debug\link.6220-rc.write.1.tlog
D:\Osama\Programming\Live Archive\Live Archive\Debug\link.6220.read.1.tlog
D:\Osama\Programming\Live Archive\Live Archive\Debug\link.6220.write.1.tlog
D:\Osama\Programming\Live Archive\Live Archive\Debug\link.6520-cvtres.read.1.tlog
D:\Osama\Programming\Live Archive\Live Archive\Debug\link.6520-cvtres.write.1.tlog
D:\Osama\Programming\Live Archive\Live Archive\Debug\link.6520-rc.read.1.tlog
D:\Osama\Programming\Live Archive\Live Archive\Debug\link.6520-rc.write.1.tlog
D:\Osama\Programming\Live Archive\Live Archive\Debug\link.6520.read.1.tlog
D:\Osama\Programming\Live Archive\Live Archive\Debug\link.6520.write.1.tlog
D:\Osama\Programming\Live Archive\Live Archive\Debug\link.6656-cvtres.read.1.tlog
D:\Osama\Programming\Live Archive\Live Archive\Debug\link.6656-cvtres.write.1.tlog
D:\Osama\Programming\Live Archive\Live Archive\Debug\link.6656-rc.read.1.tlog
D:\Osama\Programming\Live Archive\Live Archive\Debug\link.6656-rc.write.1.tlog
D:\Osama\Programming\Live Archive\Live Archive\Debug\link.6656.read.1.tlog
D:\Osama\Programming\Live Archive\Live Archive\Debug\link.6656.write.1.tlog
D:\Osama\Programming\Live Archive\Live Archive\Debug\link.6712-cvtres.read.1.tlog
D:\Osama\Programming\Live Archive\Live Archive\Debug\link.6712-cvtres.write.1.tlog
D:\Osama\Programming\Live Archive\Live Archive\Debug\link.6712-rc.read.1.tlog
D:\Osama\Programming\Live Archive\Live Archive\Debug\link.6712-rc.write.1.tlog
D:\Osama\Programming\Live Archive\Live Archive\Debug\link.6712.read.1.tlog
D:\Osama\Programming\Live Archive\Live Archive\Debug\link.6712.write.1.tlog
D:\Osama\Programming\Live Archive\Live Archive\Debug\link.6760-cvtres.read.1.tlog
D:\Osama\Programming\Live Archive\Live Archive\Debug\link.6760-cvtres.write.1.tlog
D:\Osama\Programming\Live Archive\Live Archive\Debug\link.6760-rc.read.1.tlog
D:\Osama\Programming\Live Archive\Live Archive\Debug\link.6760-rc.write.1.tlog
D:\Osama\Programming\Live Archive\Live Archive\Debug\link.6760.read.1.tlog
D:\Osama\Programming\Live Archive\Live Archive\Debug\link.6760.write.1.tlog
D:\Osama\Programming\Live Archive\Live Archive\Debug\link.6784-cvtres.read.1.tlog
D:\Osama\Programming\Live Archive\Live Archive\Debug\link.6784-cvtres.write.1.tlog
D:\Osama\Programming\Live Archive\Live Archive\Debug\link.6784-rc.read.1.tlog
D:\Osama\Programming\Live Archive\Live Archive\Debug\link.6784-rc.write.1.tlog
D:\Osama\Programming\Live Archive\Live Archive\Debug\link.6784.read.1.tlog
D:\Osama\Programming\Live Archive\Live Archive\Debug\link.6784.write.1.tlog
D:\Osama\Programming\Live Archive\Live Archive\Debug\link.6792-cvtres.read.1.tlog
D:\Osama\Programming\Live Archive\Live Archive\Debug\link.6792-cvtres.write.1.tlog
D:\Osama\Programming\Live Archive\Live Archive\Debug\link.6792-rc.read.1.tlog
D:\Osama\Programming\Live Archive\Live Archive\Debug\link.6792-rc.write.1.tlog
D:\Osama\Programming\Live Archive\Live Archive\Debug\link.6792.read.1.tlog
D:\Osama\Programming\Live Archive\Live Archive\Debug\link.6792.write.1.tlog
D:\Osama\Programming\Live Archive\Live Archive\Debug\link.6936-cvtres.read.1.tlog
D:\Osama\Programming\Live Archive\Live Archive\Debug\link.6936-cvtres.write.1.tlog
D:\Osama\Programming\Live Archive\Live Archive\Debug\link.6936-rc.read.1.tlog
D:\Osama\Programming\Live Archive\Live Archive\Debug\link.6936-rc.write.1.tlog
D:\Osama\Programming\Live Archive\Live Archive\Debug\link.6936.read.1.tlog
D:\Osama\Programming\Live Archive\Live Archive\Debug\link.6936.write.1.tlog
D:\Osama\Programming\Live Archive\Live Archive\Debug\link.command.1.tlog
D:\Osama\Programming\Live Archive\Live Archive\Debug\link.read.1.tlog
D:\Osama\Programming\Live Archive\Live Archive\Debug\link.write.1.tlog
D:\Osama\Programming\Live Archive\Live Archive\Debug\vc110.idb
D:\Osama\Programming\Live Archive\Live Archive\Debug\vc110.pdb
D:\Osama\Programming\Live Archive\Debug\Live Archive.pdb
D:\Osama\Programming\Live Archive\Debug\Live Archive.exe
D:\Osama\Programming\Live Archive\Debug\Live Archive.ilk
