Build started 19-Sep-14 10:57:08 PM.
     1>Project "D:\Osama\Programming\Online-Judges-Solutions\Live Archive\Live Archive\Live Archive.vcxproj" on node 2 (Build target(s)).
     1>ClCompile:
         C:\Program Files (x86)\Microsoft Visual Studio 11.0\VC\bin\CL.exe /c /ZI /nologo /W3 /WX- /Od /Oy- /D WIN32 /D _DEBUG /D _CONSOLE /D _UNICODE /D UNICODE /Gm /EHsc /RTC1 /MDd /GS /fp:precise /Zc:wchar_t /Zc:forScope /Fo"Debug\\" /Fd"Debug\vc110.pdb" /Gd /TP /analyze- /errorReport:prompt Virology.cpp
         Virology.cpp
     1>d:\osama\programming\online-judges-solutions\live archive\live archive\virology.cpp(30): warning C4800: 'int' : forcing value to bool 'true' or 'false' (performance warning)
     1>d:\osama\programming\online-judges-solutions\live archive\live archive\virology.cpp(107): warning C4996: 'freopen': This function or variable may be unsafe. Consider using freopen_s instead. To disable deprecation, use _CRT_SECURE_NO_WARNINGS. See online help for details.
                 c:\program files (x86)\microsoft visual studio 11.0\vc\include\stdio.h(233) : see declaration of 'freopen'
       Link:
         C:\Program Files (x86)\Microsoft Visual Studio 11.0\VC\bin\link.exe /ERRORREPORT:PROMPT /OUT:"D:\Osama\Programming\Online-Judges-Solutions\Live Archive\Debug\Live Archive.exe" /INCREMENTAL /NOLOGO pthreadVC2.lib kernel32.lib user32.lib gdi32.lib winspool.lib comdlg32.lib advapi32.lib shell32.lib ole32.lib oleaut32.lib uuid.lib odbc32.lib odbccp32.lib /MANIFEST /MANIFESTUAC:"level='asInvoker' uiAccess='false'" /manifest:embed /DEBUG /PDB:"D:\Osama\Programming\Online-Judges-Solutions\Live Archive\Debug\Live Archive.pdb" /SUBSYSTEM:CONSOLE /TLBID:1 /DYNAMICBASE /NXCOMPAT /IMPLIB:"D:\Osama\Programming\Online-Judges-Solutions\Live Archive\Debug\Live Archive.lib" /MACHINE:X86 "Debug\Adjacent Bit Counts.obj"
         "Debug\Anti Brute Force Lock.obj"
         "Debug\Balancing the Scale.obj"
         Debug\Balls.obj
         "Debug\Browsing History.obj"
         "Debug\Card Trick.obj"
         "Debug\Cellphone Typing.obj"
         Debug\Chomp.obj
         Debug\Count.obj
         "Debug\Different Digits.obj"
         "Debug\DNA Sequences.obj"
         Debug\Eleven.obj
         Debug\Entmoot.obj
         "Debug\Equal Sum Partitions.obj"
         "Debug\Hailstone HOTPO.obj"
         "Debug\Horrible Quiz.obj"
         "Debug\Hours and Minutes.obj"
         "Debug\Identify the Number.obj"
         "Debug\Infinite monkey theorem.obj"
         "Debug\Interval Product.obj"
         "Debug\Islands in the Data Stream.obj"
         "Debug\Joy of the Cylinder Game.obj"
         "Debug\Log Books.obj"
         "Debug\Making Decisions.obj"
         "Debug\Minimal Backgammon.obj"
         Debug\Multikill.obj
         Debug\Mystery.obj
         "Debug\No Name.obj"
         "Debug\Normalized Form.obj"
         "Debug\Pasti Pas.obj"
         Debug\Pearls.obj
         "Debug\Perfect Matching.obj"
         "Debug\Playing With Stones.obj"
         "Debug\Robots on Ice.obj"
         "Debug\Route Redundancy.obj"
         "Debug\Slim Span.obj"
         "Debug\The Doors.obj"
         "Debug\The Double HeLiX.obj"
         "Debug\The King's Ups and Downs.obj"
         "Debug\The Next Permutation.obj"
         "Debug\The Rascal Triangle.obj"
         Debug\Triangle.obj
         Debug\Virology.obj
         "Debug\Von Neumann's Fly.obj"
         "Debug\Zeros and Ones.obj"
         Live Archive.vcxproj -> D:\Osama\Programming\Online-Judges-Solutions\Live Archive\Debug\Live Archive.exe
     1>Done Building Project "D:\Osama\Programming\Online-Judges-Solutions\Live Archive\Live Archive\Live Archive.vcxproj" (Build target(s)).

Build succeeded.

Time Elapsed 00:00:01.06
