1-5 6 2
2-3 1
3-5 6 4 7 8 1
4-5 2 4 3 0 1 0 0
5-3 1
6-1
7-0 0 3 0 1 0 0 0 2
8-0 0 1 0 0 0
9-2
10-1 0 0 0 0 0 0 0
11-2
12-0 3 2 1
13-2 3 1
14-2 1 4
15-6 7 1 5 2
16-1 6 2 5 3 4 7
17-4 0 0 3 2 1
18-4 3 1
19-2 3 1
20-4 1 5
21-4 6
22-4 2
23-2 4 5 1
24-0 3 0 0 2 0 0 1 0
25-7 4 3 2
26-8
27-1 2 0 4 6 5 3
28-6 3 7 1 5 0 4 2
29-3
30-1 4 2 3 5
31-1 4 3 2
32-2 4 9 7 3 8 1
33-0 0 0 1 0 0
34-0 0 0 0 0 1 0 0 0
35-1 0 0 0 0 0
36-1
37-0 0 0 1 0 0 2 3 4
38-0 3 2 1
39-3 5 4 1 2
40-1 0 0 0 0 0 0
41-7 5 3
42-0 0 0 1 0 0 0 0
43-1 4 3 5 7 2
44-0 0 0 2 1 0 0 0
45-1 0 0
46-0 0 2 1 0 0 0 0 0
47-0 1 0
48-2 1 0 0 3 4 5 6
49-0 0 0 0 1 0 0 0 0
50-3 0 2 1 4
51-1
52-2 4 1 6
53-2
54-2 0 1
55-0 2 0 0 1 0 0 0 0
56-3 0 0 1 0 0 0 2
57-0 1
58-3 2 0 0 0 0 1
59-2 5 1 3
60-1 4
61-0 5 4 2 6 3 0 0 1
62-8
63-4 9 8 1 3
64-0 0 1 2 3
65-3 2 5 4
66-2
67-3 4 1 8 9 5 6 2
68-4 2 5
69-7
70-2 0 0 0 1
71-0 3 0 0 0 0 2 1 0
72-2 1 4
73-0 2 1
74-1
75-0 2 0 1 0 0 0
76-1 2 6 3
77-7
78-7 4 1 2 5 3
79-6 8 2 5 3 4 1 7
80-1
81-3 1 0 2 0 6 5 4
82-2
83-3 6 7 1 4 2 0 5
84-1 0 2 5 6 4 0 3
85-2
86-1 0 0 0 0 0 2 0 0
87-1 2
88-2 0 3 0 1 4 0
89-4 3
90-1 2
91-0 0 1
92-0 0 1 0
93-0 3 2 1 0 0
94-4 1 3 2 5
95-0 1 2
96-5 4 1 7 8 9
97-3
98-1
99-2 1 5
100-2 1 6
