D:\OSAMA\PROGRAMMING\ONLINE-JUDGES-SOLUTIONS\CONTESTPROJECT\CONTESTPROJECT\DEBUG\1.OBJ
D:\OSAMA\PROGRAMMING\ONLINE-JUDGES-SOLUTIONS\CONTESTPROJECT\CONTESTPROJECT\DEBUG\2.OBJ
D:\OSAMA\PROGRAMMING\ONLINE-JUDGES-SOLUTIONS\CONTESTPROJECT\CONTESTPROJECT\DEBUG\3.OBJ
D:\OSAMA\PROGRAMMING\ONLINE-JUDGES-SOLUTIONS\CONTESTPROJECT\CONTESTPROJECT\DEBUG\4.OBJ
D:\OSAMA\PROGRAMMING\ONLINE-JUDGES-SOLUTIONS\CONTESTPROJECT\CONTESTPROJECT\DEBUG\5.OBJ
D:\OSAMA\PROGRAMMING\ONLINE-JUDGES-SOLUTIONS\CONTESTPROJECT\CONTESTPROJECT\DEBUG\VC110.PDB
D:\OSAMA\PROGRAMMING\ONLINE-JUDGES-SOLUTIONS\CONTESTPROJECT\DEBUG\CONTESTPROJECT.ILK
D:\OSAMA\PROGRAMMING\ONLINE-JUDGES-SOLUTIONS\CONTESTPROJECT\DEBUG\CONTESTPROJECT.EXE
D:\OSAMA\PROGRAMMING\ONLINE-JUDGES-SOLUTIONS\CONTESTPROJECT\DEBUG\CONTESTPROJECT.PDB
D:\Osama\Programming\Online-Judges-Solutions\ContestProject\ContestProject\Debug\1.obj
D:\Osama\Programming\Online-Judges-Solutions\ContestProject\ContestProject\Debug\2.obj
D:\Osama\Programming\Online-Judges-Solutions\ContestProject\ContestProject\Debug\3.obj
D:\Osama\Programming\Online-Judges-Solutions\ContestProject\ContestProject\Debug\4.obj
D:\Osama\Programming\Online-Judges-Solutions\ContestProject\ContestProject\Debug\5.obj
D:\Osama\Programming\Online-Judges-Solutions\ContestProject\ContestProject\Debug\cl.command.1.tlog
D:\Osama\Programming\Online-Judges-Solutions\ContestProject\ContestProject\Debug\CL.read.1.tlog
D:\Osama\Programming\Online-Judges-Solutions\ContestProject\ContestProject\Debug\CL.write.1.tlog
D:\Osama\Programming\Online-Judges-Solutions\ContestProject\ContestProject\Debug\link-cvtres.read.1.tlog
D:\Osama\Programming\Online-Judges-Solutions\ContestProject\ContestProject\Debug\link-cvtres.write.1.tlog
D:\Osama\Programming\Online-Judges-Solutions\ContestProject\ContestProject\Debug\link-rc.read.1.tlog
D:\Osama\Programming\Online-Judges-Solutions\ContestProject\ContestProject\Debug\link-rc.write.1.tlog
D:\Osama\Programming\Online-Judges-Solutions\ContestProject\ContestProject\Debug\link.command.1.tlog
D:\Osama\Programming\Online-Judges-Solutions\ContestProject\ContestProject\Debug\link.read.1.tlog
D:\Osama\Programming\Online-Judges-Solutions\ContestProject\ContestProject\Debug\link.write.1.tlog
D:\Osama\Programming\Online-Judges-Solutions\ContestProject\ContestProject\Debug\vc110.idb
D:\Osama\Programming\Online-Judges-Solutions\ContestProject\ContestProject\Debug\vc110.pdb
D:\Osama\Programming\Online-Judges-Solutions\ContestProject\Debug\ContestProject.pdb
D:\Osama\Programming\Online-Judges-Solutions\ContestProject\Debug\ContestProject.exe
D:\Osama\Programming\Online-Judges-Solutions\ContestProject\Debug\ContestProject.ilk
