D:\OSAMA\PROGRAMMING\CODEJAM\CODEJAM\CODEJAM\DEBUG\CURRENT.OBJ
D:\OSAMA\PROGRAMMING\CODEJAM\CODEJAM\CODEJAM\DEBUG\VC110.PDB
D:\OSAMA\PROGRAMMING\CODEJAM\CODEJAM\DEBUG\CODEJAM.ILK
D:\OSAMA\PROGRAMMING\CODEJAM\CODEJAM\DEBUG\CODEJAM.EXE
D:\OSAMA\PROGRAMMING\CODEJAM\CODEJAM\DEBUG\CODEJAM.PDB
D:\Osama\Programming\CodeJam\CodeJam\CodeJam\Debug\Current.obj
D:\Osama\Programming\CodeJam\CodeJam\CodeJam\Debug\cl.command.1.tlog
D:\Osama\Programming\CodeJam\CodeJam\CodeJam\Debug\CL.read.1.tlog
D:\Osama\Programming\CodeJam\CodeJam\CodeJam\Debug\CL.write.1.tlog
D:\Osama\Programming\CodeJam\CodeJam\CodeJam\Debug\link-cvtres.read.1.tlog
D:\Osama\Programming\CodeJam\CodeJam\CodeJam\Debug\link-cvtres.write.1.tlog
D:\Osama\Programming\CodeJam\CodeJam\CodeJam\Debug\link-rc.read.1.tlog
D:\Osama\Programming\CodeJam\CodeJam\CodeJam\Debug\link-rc.write.1.tlog
D:\Osama\Programming\CodeJam\CodeJam\CodeJam\Debug\link.1244-cvtres.read.1.tlog
D:\Osama\Programming\CodeJam\CodeJam\CodeJam\Debug\link.1244-cvtres.write.1.tlog
D:\Osama\Programming\CodeJam\CodeJam\CodeJam\Debug\link.1244-rc.read.1.tlog
D:\Osama\Programming\CodeJam\CodeJam\CodeJam\Debug\link.1244-rc.write.1.tlog
D:\Osama\Programming\CodeJam\CodeJam\CodeJam\Debug\link.1244.read.1.tlog
D:\Osama\Programming\CodeJam\CodeJam\CodeJam\Debug\link.1244.write.1.tlog
D:\Osama\Programming\CodeJam\CodeJam\CodeJam\Debug\link.3612-cvtres.read.1.tlog
D:\Osama\Programming\CodeJam\CodeJam\CodeJam\Debug\link.3612-cvtres.write.1.tlog
D:\Osama\Programming\CodeJam\CodeJam\CodeJam\Debug\link.3612-rc.read.1.tlog
D:\Osama\Programming\CodeJam\CodeJam\CodeJam\Debug\link.3612-rc.write.1.tlog
D:\Osama\Programming\CodeJam\CodeJam\CodeJam\Debug\link.3612.read.1.tlog
D:\Osama\Programming\CodeJam\CodeJam\CodeJam\Debug\link.3612.write.1.tlog
D:\Osama\Programming\CodeJam\CodeJam\CodeJam\Debug\link.5032-cvtres.read.1.tlog
D:\Osama\Programming\CodeJam\CodeJam\CodeJam\Debug\link.5032-cvtres.write.1.tlog
D:\Osama\Programming\CodeJam\CodeJam\CodeJam\Debug\link.5032-rc.read.1.tlog
D:\Osama\Programming\CodeJam\CodeJam\CodeJam\Debug\link.5032-rc.write.1.tlog
D:\Osama\Programming\CodeJam\CodeJam\CodeJam\Debug\link.5032.read.1.tlog
D:\Osama\Programming\CodeJam\CodeJam\CodeJam\Debug\link.5032.write.1.tlog
D:\Osama\Programming\CodeJam\CodeJam\CodeJam\Debug\link.5312-cvtres.read.1.tlog
D:\Osama\Programming\CodeJam\CodeJam\CodeJam\Debug\link.5312-cvtres.write.1.tlog
D:\Osama\Programming\CodeJam\CodeJam\CodeJam\Debug\link.5312-rc.read.1.tlog
D:\Osama\Programming\CodeJam\CodeJam\CodeJam\Debug\link.5312-rc.write.1.tlog
D:\Osama\Programming\CodeJam\CodeJam\CodeJam\Debug\link.5312.read.1.tlog
D:\Osama\Programming\CodeJam\CodeJam\CodeJam\Debug\link.5312.write.1.tlog
D:\Osama\Programming\CodeJam\CodeJam\CodeJam\Debug\link.6556-cvtres.read.1.tlog
D:\Osama\Programming\CodeJam\CodeJam\CodeJam\Debug\link.6556-cvtres.write.1.tlog
D:\Osama\Programming\CodeJam\CodeJam\CodeJam\Debug\link.6556-rc.read.1.tlog
D:\Osama\Programming\CodeJam\CodeJam\CodeJam\Debug\link.6556-rc.write.1.tlog
D:\Osama\Programming\CodeJam\CodeJam\CodeJam\Debug\link.6556.read.1.tlog
D:\Osama\Programming\CodeJam\CodeJam\CodeJam\Debug\link.6556.write.1.tlog
D:\Osama\Programming\CodeJam\CodeJam\CodeJam\Debug\link.6688-cvtres.read.1.tlog
D:\Osama\Programming\CodeJam\CodeJam\CodeJam\Debug\link.6688-cvtres.write.1.tlog
D:\Osama\Programming\CodeJam\CodeJam\CodeJam\Debug\link.6688-rc.read.1.tlog
D:\Osama\Programming\CodeJam\CodeJam\CodeJam\Debug\link.6688-rc.write.1.tlog
D:\Osama\Programming\CodeJam\CodeJam\CodeJam\Debug\link.6688.read.1.tlog
D:\Osama\Programming\CodeJam\CodeJam\CodeJam\Debug\link.6688.write.1.tlog
D:\Osama\Programming\CodeJam\CodeJam\CodeJam\Debug\link.6824-cvtres.read.1.tlog
D:\Osama\Programming\CodeJam\CodeJam\CodeJam\Debug\link.6824-cvtres.write.1.tlog
D:\Osama\Programming\CodeJam\CodeJam\CodeJam\Debug\link.6824-rc.read.1.tlog
D:\Osama\Programming\CodeJam\CodeJam\CodeJam\Debug\link.6824-rc.write.1.tlog
D:\Osama\Programming\CodeJam\CodeJam\CodeJam\Debug\link.6824.read.1.tlog
D:\Osama\Programming\CodeJam\CodeJam\CodeJam\Debug\link.6824.write.1.tlog
D:\Osama\Programming\CodeJam\CodeJam\CodeJam\Debug\link.command.1.tlog
D:\Osama\Programming\CodeJam\CodeJam\CodeJam\Debug\link.read.1.tlog
D:\Osama\Programming\CodeJam\CodeJam\CodeJam\Debug\link.write.1.tlog
D:\Osama\Programming\CodeJam\CodeJam\CodeJam\Debug\vc110.idb
D:\Osama\Programming\CodeJam\CodeJam\CodeJam\Debug\vc110.pdb
D:\Osama\Programming\CodeJam\CodeJam\Debug\CodeJam.pdb
D:\Osama\Programming\CodeJam\CodeJam\Debug\CodeJam.exe
D:\Osama\Programming\CodeJam\CodeJam\Debug\CodeJam.ilk
