916443284
239221049
722392448
904121501
292366923
751265870
848004223
758258325
375387247
231581316
323220589
878935882
325775745
379075362
384469003
503644785
807953323
401137392
333089460
553176254
119162536
600770979
180472698
77968976
461320968
880402482
819508662
551179732
881279857
358907684
762025151
889962648
853342281
732814495
57662339
0
489773318
575803174
929801983
534163209
122315668
393741748
239047850
400137058
306142105
649557050
30948034
702031422
4226382
586263208
206421592
476272189
981825825
381743257
744224871
240812145
636948279
516924394
614431000
10198250
830573700
510783403
80148300
319506352
803227719
444951604
561569081
268581141
810363810
468341959
553992240
155156848
3141540
301109826
754494102
810571480
726269284
150362193
272180923
824223017
427056600
80628401
979700042
724834774
550202907
130275678
510506815
188177769
504066695
725965963
721172352
484111038
469490948
423557750
672743092
516636517
965855941
539765588
316682672
650785583
