D:\OSAMA\PROGRAMMING\SPOJ\SPOJ\DEBUG\PHILOSOPHERS STONE.OBJ
D:\OSAMA\PROGRAMMING\SPOJ\SPOJ\DEBUG\PRIME GENERATOR.OBJ
D:\OSAMA\PROGRAMMING\SPOJ\SPOJ\DEBUG\QUERY ON TREE 2.OBJ
D:\OSAMA\PROGRAMMING\SPOJ\SPOJ\DEBUG\RECTANGLES.OBJ
D:\OSAMA\PROGRAMMING\SPOJ\SPOJ\DEBUG\REMOVE THE STRING.OBJ
D:\OSAMA\PROGRAMMING\SPOJ\SPOJ\DEBUG\RENT YOUR AIRPLANE AND MAKE MONEY.OBJ
D:\OSAMA\PROGRAMMING\SPOJ\SPOJ\DEBUG\ROAD NETWORK.OBJ
D:\OSAMA\PROGRAMMING\SPOJ\SPOJ\DEBUG\SCUBA DIVER.OBJ
D:\OSAMA\PROGRAMMING\SPOJ\SPOJ\DEBUG\SORTING BANK ACCOUNTS.OBJ
D:\OSAMA\PROGRAMMING\SPOJ\SPOJ\DEBUG\SQUARE FREE.OBJ
D:\OSAMA\PROGRAMMING\SPOJ\SPOJ\DEBUG\STABLE MARRIAGE PROBLEM.OBJ
D:\OSAMA\PROGRAMMING\SPOJ\SPOJ\DEBUG\THE CATS AND THE MOUSE.OBJ
D:\OSAMA\PROGRAMMING\SPOJ\SPOJ\DEBUG\THE FULL NAME.OBJ
D:\OSAMA\PROGRAMMING\SPOJ\SPOJ\DEBUG\THE NEXT PALINDROME.OBJ
D:\OSAMA\PROGRAMMING\SPOJ\SPOJ\DEBUG\THE SHORTEST PATH.OBJ
D:\OSAMA\PROGRAMMING\SPOJ\SPOJ\DEBUG\TOTAL FLOW.OBJ
D:\OSAMA\PROGRAMMING\SPOJ\SPOJ\DEBUG\TOURIST.OBJ
D:\OSAMA\PROGRAMMING\SPOJ\SPOJ\DEBUG\TOWER OF BABYLON.OBJ
D:\OSAMA\PROGRAMMING\SPOJ\SPOJ\DEBUG\TRIP.OBJ
D:\OSAMA\PROGRAMMING\SPOJ\SPOJ\DEBUG\YODANESS LEVEL.OBJ
D:\OSAMA\PROGRAMMING\SPOJ\SPOJ\DEBUG\FISHMONGER.OBJ
D:\OSAMA\PROGRAMMING\SPOJ\SPOJ\DEBUG\HE IS OFFSIDE!.OBJ
D:\OSAMA\PROGRAMMING\SPOJ\SPOJ\DEBUG\HORRIBLE QUERIES.OBJ
D:\OSAMA\PROGRAMMING\SPOJ\SPOJ\DEBUG\JAVA VS C++.OBJ
D:\OSAMA\PROGRAMMING\SPOJ\SPOJ\DEBUG\K-QUERY.OBJ
D:\OSAMA\PROGRAMMING\SPOJ\SPOJ\DEBUG\KEY TASK.OBJ
D:\OSAMA\PROGRAMMING\SPOJ\SPOJ\DEBUG\LARGEST RECTANGLE IN A HISTOGRAM.OBJ
D:\OSAMA\PROGRAMMING\SPOJ\SPOJ\DEBUG\LASER PHONES.OBJ
D:\OSAMA\PROGRAMMING\SPOJ\SPOJ\DEBUG\LAST DIGIT.OBJ
D:\OSAMA\PROGRAMMING\SPOJ\SPOJ\DEBUG\LIFE, THE UNIVERSE, AND EVERYTHING.OBJ
D:\OSAMA\PROGRAMMING\SPOJ\SPOJ\DEBUG\LIGHT SWITCHING.OBJ
D:\OSAMA\PROGRAMMING\SPOJ\SPOJ\DEBUG\LONGEST PATH IN A TREE.OBJ
D:\OSAMA\PROGRAMMING\SPOJ\SPOJ\DEBUG\LOWEST COMMON ANCESTOR.OBJ
D:\OSAMA\PROGRAMMING\SPOJ\SPOJ\DEBUG\MAXIMUM SUM.OBJ
D:\OSAMA\PROGRAMMING\SPOJ\SPOJ\DEBUG\MEDIUM FACTORIZATION.OBJ
D:\OSAMA\PROGRAMMING\SPOJ\SPOJ\DEBUG\MINIMUM ROTATIONS.OBJ
D:\OSAMA\PROGRAMMING\SPOJ\SPOJ\DEBUG\MULTIPLES OF 3.OBJ
D:\OSAMA\PROGRAMMING\SPOJ\SPOJ\DEBUG\NONNEGATIVE PARTIAL SUMS.OBJ
D:\OSAMA\PROGRAMMING\SPOJ\SPOJ\DEBUG\NUMBER OF COMMON DIVISORS.OBJ
D:\OSAMA\PROGRAMMING\SPOJ\SPOJ\DEBUG\PERIOD.OBJ
D:\OSAMA\PROGRAMMING\SPOJ\SPOJ\DEBUG\ABCDEF.OBJ
D:\OSAMA\PROGRAMMING\SPOJ\SPOJ\DEBUG\AGGRESSIVE COWS.OBJ
D:\OSAMA\PROGRAMMING\SPOJ\SPOJ\DEBUG\BITMAP.OBJ
D:\OSAMA\PROGRAMMING\SPOJ\SPOJ\DEBUG\BRACKETS.OBJ
D:\OSAMA\PROGRAMMING\SPOJ\SPOJ\DEBUG\BYTELANDIAN BLINGORS NETWORK.OBJ
D:\OSAMA\PROGRAMMING\SPOJ\SPOJ\DEBUG\BYTELANDIAN GOLD COINS.OBJ
D:\OSAMA\PROGRAMMING\SPOJ\SPOJ\DEBUG\CAN YOU ANSWER THESE QUERIES I.OBJ
D:\OSAMA\PROGRAMMING\SPOJ\SPOJ\DEBUG\CAN YOU ANSWER THESE QUERIES III.OBJ
D:\OSAMA\PROGRAMMING\SPOJ\SPOJ\DEBUG\CAN YOU ANSWER THESE QUERIES V.OBJ
D:\OSAMA\PROGRAMMING\SPOJ\SPOJ\DEBUG\CARD TRICK.OBJ
D:\OSAMA\PROGRAMMING\SPOJ\SPOJ\DEBUG\COBBLED STREETS.OBJ
D:\OSAMA\PROGRAMMING\SPOJ\SPOJ\DEBUG\COCONUT.OBJ
D:\OSAMA\PROGRAMMING\SPOJ\SPOJ\DEBUG\COUNT ON CANTOR.OBJ
D:\OSAMA\PROGRAMMING\SPOJ\SPOJ\DEBUG\D-QUERY.OBJ
D:\OSAMA\PROGRAMMING\SPOJ\SPOJ\DEBUG\DIGGER OCTAVES.OBJ
D:\OSAMA\PROGRAMMING\SPOJ\SPOJ\DEBUG\DISTINCT SUBSEQUENCES.OBJ
D:\OSAMA\PROGRAMMING\SPOJ\SPOJ\DEBUG\DISTINCT SUBSTRINGS.OBJ
D:\OSAMA\PROGRAMMING\SPOJ\SPOJ\DEBUG\FACTORIAL.OBJ
D:\OSAMA\PROGRAMMING\SPOJ\SPOJ\DEBUG\FIND STRING ROOTS.OBJ
D:\OSAMA\PROGRAMMING\SPOJ\SPOJ\DEBUG\FIND THE CLONES.OBJ
D:\OSAMA\PROGRAMMING\SPOJ\SPOJ\DEBUG\106 MILES TO CHICAGO.OBJ
D:\OSAMA\PROGRAMMING\SPOJ\SPOJ\DEBUG\4 VALUES WHOSE SUM IS 0.OBJ
D:\OSAMA\PROGRAMMING\SPOJ\SPOJ\DEBUG\A NEEDLE IN THE HAYSTACK.OBJ
D:\OSAMA\PROGRAMMING\SPOJ\SPOJ\DEBUG\VC110.PDB
D:\OSAMA\PROGRAMMING\SPOJ\SPOJ\DEBUG\LOWEST COMMON ANCESTOR(SPARSE TABLE).OBJ
D:\OSAMA\PROGRAMMING\SPOJ\SPOJ\DEBUG\QUERY ON TREE.OBJ
D:\OSAMA\PROGRAMMING\SPOJ\SPOJ\DEBUG\DISTINCT INCREASING SUBSEQUENCES.OBJ
D:\OSAMA\PROGRAMMING\SPOJ\SPOJ\DEBUG\INCREASING SUBSEQUENCES.OBJ
D:\OSAMA\PROGRAMMING\SPOJ\SPOJ\DEBUG\PALINDROMES.OBJ
D:\OSAMA\PROGRAMMING\SPOJ\SPOJ\DEBUG\LONGEST COMMON SUBSTRING.OBJ
D:\OSAMA\PROGRAMMING\SPOJ\SPOJ\DEBUG\GLASS BEADS.OBJ
D:\OSAMA\PROGRAMMING\SPOJ\SPOJ\DEBUG\SELFISH CITIES.OBJ
D:\OSAMA\PROGRAMMING\SPOJ\SPOJ\DEBUG\DUNGEON OF DEATH.OBJ
D:\OSAMA\PROGRAMMING\SPOJ\SPOJ\DEBUG\POTHOLERS.OBJ
D:\OSAMA\PROGRAMMING\SPOJ\SPOJ\DEBUG\REMEMBER THE A LA MODE!.OBJ
D:\OSAMA\PROGRAMMING\SPOJ\SPOJ\DEBUG\MUDDY FIELDS.OBJ
D:\OSAMA\PROGRAMMING\SPOJ\SPOJ\DEBUG\ANGELS AND DEVILS.OBJ
D:\OSAMA\PROGRAMMING\SPOJ\SPOJ\DEBUG\DNA LABORATORY.OBJ
D:\OSAMA\PROGRAMMING\SPOJ\SPOJ\DEBUG\STRING PROBLEM.OBJ
D:\OSAMA\PROGRAMMING\SPOJ\SPOJ\DEBUG\SUBSET SUMS.OBJ
D:\OSAMA\PROGRAMMING\SPOJ\DEBUG\SPOJ.ILK
D:\OSAMA\PROGRAMMING\SPOJ\DEBUG\SPOJ.EXE
D:\OSAMA\PROGRAMMING\SPOJ\DEBUG\SPOJ.PDB
D:\Osama\Programming\SPOJ\SPOJ\Debug\106 Miles to Chicago.obj
D:\Osama\Programming\SPOJ\SPOJ\Debug\4 values whose sum is 0.obj
D:\Osama\Programming\SPOJ\SPOJ\Debug\A Needle in the Haystack.obj
D:\Osama\Programming\SPOJ\SPOJ\Debug\ABCDEF.obj
D:\Osama\Programming\SPOJ\SPOJ\Debug\Aggressive cows.obj
D:\Osama\Programming\SPOJ\SPOJ\Debug\Angels and Devils.obj
D:\Osama\Programming\SPOJ\SPOJ\Debug\Bitmap.obj
D:\Osama\Programming\SPOJ\SPOJ\Debug\Brackets.obj
D:\Osama\Programming\SPOJ\SPOJ\Debug\Bytelandian Blingors Network.obj
D:\Osama\Programming\SPOJ\SPOJ\Debug\Bytelandian gold coins.obj
D:\Osama\Programming\SPOJ\SPOJ\Debug\Can you answer these queries I.obj
D:\Osama\Programming\SPOJ\SPOJ\Debug\Can you answer these queries III.obj
D:\Osama\Programming\SPOJ\SPOJ\Debug\Can you answer these queries V.obj
D:\Osama\Programming\SPOJ\SPOJ\Debug\Card Trick.obj
D:\Osama\Programming\SPOJ\SPOJ\Debug\Cobbled streets.obj
D:\Osama\Programming\SPOJ\SPOJ\Debug\Coconut.obj
D:\Osama\Programming\SPOJ\SPOJ\Debug\Count on Cantor.obj
D:\Osama\Programming\SPOJ\SPOJ\Debug\D-query.obj
D:\Osama\Programming\SPOJ\SPOJ\Debug\Digger Octaves.obj
D:\Osama\Programming\SPOJ\SPOJ\Debug\Distinct Increasing Subsequences.obj
D:\Osama\Programming\SPOJ\SPOJ\Debug\Distinct Subsequences.obj
D:\Osama\Programming\SPOJ\SPOJ\Debug\Distinct Substrings.obj
D:\Osama\Programming\SPOJ\SPOJ\Debug\DNA Laboratory.obj
D:\Osama\Programming\SPOJ\SPOJ\Debug\Dungeon of Death.obj
D:\Osama\Programming\SPOJ\SPOJ\Debug\Factorial.obj
D:\Osama\Programming\SPOJ\SPOJ\Debug\Find String Roots.obj
D:\Osama\Programming\SPOJ\SPOJ\Debug\Find the Clones.obj
D:\Osama\Programming\SPOJ\SPOJ\Debug\Fishmonger.obj
D:\Osama\Programming\SPOJ\SPOJ\Debug\Glass Beads.obj
D:\Osama\Programming\SPOJ\SPOJ\Debug\He is offside!.obj
D:\Osama\Programming\SPOJ\SPOJ\Debug\Horrible Queries.obj
D:\Osama\Programming\SPOJ\SPOJ\Debug\Increasing Subsequences.obj
D:\Osama\Programming\SPOJ\SPOJ\Debug\Java vs C++.obj
D:\Osama\Programming\SPOJ\SPOJ\Debug\K-Query.obj
D:\Osama\Programming\SPOJ\SPOJ\Debug\Key Task.obj
D:\Osama\Programming\SPOJ\SPOJ\Debug\Largest Rectangle in a Histogram.obj
D:\Osama\Programming\SPOJ\SPOJ\Debug\Laser Phones.obj
D:\Osama\Programming\SPOJ\SPOJ\Debug\Last Digit.obj
D:\Osama\Programming\SPOJ\SPOJ\Debug\Life, the Universe, and Everything.obj
D:\Osama\Programming\SPOJ\SPOJ\Debug\Light Switching.obj
D:\Osama\Programming\SPOJ\SPOJ\Debug\Longest Common Substring.obj
D:\Osama\Programming\SPOJ\SPOJ\Debug\Longest path in a tree.obj
D:\Osama\Programming\SPOJ\SPOJ\Debug\Lowest Common Ancestor(Sparse Table).obj
D:\Osama\Programming\SPOJ\SPOJ\Debug\Lowest Common Ancestor.obj
D:\Osama\Programming\SPOJ\SPOJ\Debug\Maximum Sum.obj
D:\Osama\Programming\SPOJ\SPOJ\Debug\Medium Factorization.obj
D:\Osama\Programming\SPOJ\SPOJ\Debug\Minimum Rotations.obj
D:\Osama\Programming\SPOJ\SPOJ\Debug\Muddy Fields.obj
D:\Osama\Programming\SPOJ\SPOJ\Debug\Multiples of 3.obj
D:\Osama\Programming\SPOJ\SPOJ\Debug\Nonnegative Partial Sums.obj
D:\Osama\Programming\SPOJ\SPOJ\Debug\Number of common divisors.obj
D:\Osama\Programming\SPOJ\SPOJ\Debug\Palindromes.obj
D:\Osama\Programming\SPOJ\SPOJ\Debug\Period.obj
D:\Osama\Programming\SPOJ\SPOJ\Debug\Philosophers Stone.obj
D:\Osama\Programming\SPOJ\SPOJ\Debug\Potholers.obj
D:\Osama\Programming\SPOJ\SPOJ\Debug\Prime Generator.obj
D:\Osama\Programming\SPOJ\SPOJ\Debug\Query on Tree 2.obj
D:\Osama\Programming\SPOJ\SPOJ\Debug\Query on Tree.obj
D:\Osama\Programming\SPOJ\SPOJ\Debug\Rectangles.obj
D:\Osama\Programming\SPOJ\SPOJ\Debug\Remember the A La Mode!.obj
D:\Osama\Programming\SPOJ\SPOJ\Debug\Remove The String.obj
D:\Osama\Programming\SPOJ\SPOJ\Debug\Rent your airplane and make money.obj
D:\Osama\Programming\SPOJ\SPOJ\Debug\Road Network.obj
D:\Osama\Programming\SPOJ\SPOJ\Debug\Scuba diver.obj
D:\Osama\Programming\SPOJ\SPOJ\Debug\Selfish Cities.obj
D:\Osama\Programming\SPOJ\SPOJ\Debug\Sorting Bank Accounts.obj
D:\Osama\Programming\SPOJ\SPOJ\Debug\Square Free.obj
D:\Osama\Programming\SPOJ\SPOJ\Debug\Stable Marriage Problem.obj
D:\Osama\Programming\SPOJ\SPOJ\Debug\String problem.obj
D:\Osama\Programming\SPOJ\SPOJ\Debug\Subset Sums.obj
D:\Osama\Programming\SPOJ\SPOJ\Debug\The Cats and the Mouse.obj
D:\Osama\Programming\SPOJ\SPOJ\Debug\The Full Name.obj
D:\Osama\Programming\SPOJ\SPOJ\Debug\The Next Palindrome.obj
D:\Osama\Programming\SPOJ\SPOJ\Debug\The Shortest Path.obj
D:\Osama\Programming\SPOJ\SPOJ\Debug\Total Flow.obj
D:\Osama\Programming\SPOJ\SPOJ\Debug\Tourist.obj
D:\Osama\Programming\SPOJ\SPOJ\Debug\Tower of Babylon.obj
D:\Osama\Programming\SPOJ\SPOJ\Debug\Trip.obj
D:\Osama\Programming\SPOJ\SPOJ\Debug\Yodaness Level.obj
D:\Osama\Programming\SPOJ\SPOJ\Debug\cl.command.1.tlog
D:\Osama\Programming\SPOJ\SPOJ\Debug\CL.read.1.tlog
D:\Osama\Programming\SPOJ\SPOJ\Debug\CL.write.1.tlog
D:\Osama\Programming\SPOJ\SPOJ\Debug\link-cvtres.read.1.tlog
D:\Osama\Programming\SPOJ\SPOJ\Debug\link-cvtres.write.1.tlog
D:\Osama\Programming\SPOJ\SPOJ\Debug\link-rc.read.1.tlog
D:\Osama\Programming\SPOJ\SPOJ\Debug\link-rc.write.1.tlog
D:\Osama\Programming\SPOJ\SPOJ\Debug\link.1300-cvtres.read.1.tlog
D:\Osama\Programming\SPOJ\SPOJ\Debug\link.1300-cvtres.write.1.tlog
D:\Osama\Programming\SPOJ\SPOJ\Debug\link.1300-rc.read.1.tlog
D:\Osama\Programming\SPOJ\SPOJ\Debug\link.1300-rc.write.1.tlog
D:\Osama\Programming\SPOJ\SPOJ\Debug\link.1300.read.1.tlog
D:\Osama\Programming\SPOJ\SPOJ\Debug\link.1300.write.1.tlog
D:\Osama\Programming\SPOJ\SPOJ\Debug\link.1336-cvtres.read.1.tlog
D:\Osama\Programming\SPOJ\SPOJ\Debug\link.1336-cvtres.write.1.tlog
D:\Osama\Programming\SPOJ\SPOJ\Debug\link.1336-rc.read.1.tlog
D:\Osama\Programming\SPOJ\SPOJ\Debug\link.1336-rc.write.1.tlog
D:\Osama\Programming\SPOJ\SPOJ\Debug\link.1336.read.1.tlog
D:\Osama\Programming\SPOJ\SPOJ\Debug\link.1336.write.1.tlog
D:\Osama\Programming\SPOJ\SPOJ\Debug\link.1356-cvtres.read.1.tlog
D:\Osama\Programming\SPOJ\SPOJ\Debug\link.1356-cvtres.write.1.tlog
D:\Osama\Programming\SPOJ\SPOJ\Debug\link.1356-rc.read.1.tlog
D:\Osama\Programming\SPOJ\SPOJ\Debug\link.1356-rc.write.1.tlog
D:\Osama\Programming\SPOJ\SPOJ\Debug\link.1356.read.1.tlog
D:\Osama\Programming\SPOJ\SPOJ\Debug\link.1356.write.1.tlog
D:\Osama\Programming\SPOJ\SPOJ\Debug\link.1360-cvtres.read.1.tlog
D:\Osama\Programming\SPOJ\SPOJ\Debug\link.1360-cvtres.write.1.tlog
D:\Osama\Programming\SPOJ\SPOJ\Debug\link.1360-rc.read.1.tlog
D:\Osama\Programming\SPOJ\SPOJ\Debug\link.1360-rc.write.1.tlog
D:\Osama\Programming\SPOJ\SPOJ\Debug\link.1360.read.1.tlog
D:\Osama\Programming\SPOJ\SPOJ\Debug\link.1360.write.1.tlog
D:\Osama\Programming\SPOJ\SPOJ\Debug\link.1516-cvtres.read.1.tlog
D:\Osama\Programming\SPOJ\SPOJ\Debug\link.1516-cvtres.write.1.tlog
D:\Osama\Programming\SPOJ\SPOJ\Debug\link.1516-rc.read.1.tlog
D:\Osama\Programming\SPOJ\SPOJ\Debug\link.1516-rc.write.1.tlog
D:\Osama\Programming\SPOJ\SPOJ\Debug\link.1516.read.1.tlog
D:\Osama\Programming\SPOJ\SPOJ\Debug\link.1516.write.1.tlog
D:\Osama\Programming\SPOJ\SPOJ\Debug\link.2124-cvtres.read.1.tlog
D:\Osama\Programming\SPOJ\SPOJ\Debug\link.2124-cvtres.write.1.tlog
D:\Osama\Programming\SPOJ\SPOJ\Debug\link.2124-rc.read.1.tlog
D:\Osama\Programming\SPOJ\SPOJ\Debug\link.2124-rc.write.1.tlog
D:\Osama\Programming\SPOJ\SPOJ\Debug\link.2124.read.1.tlog
D:\Osama\Programming\SPOJ\SPOJ\Debug\link.2124.write.1.tlog
D:\Osama\Programming\SPOJ\SPOJ\Debug\link.2196-cvtres.read.1.tlog
D:\Osama\Programming\SPOJ\SPOJ\Debug\link.2196-cvtres.write.1.tlog
D:\Osama\Programming\SPOJ\SPOJ\Debug\link.2196-rc.read.1.tlog
D:\Osama\Programming\SPOJ\SPOJ\Debug\link.2196-rc.write.1.tlog
D:\Osama\Programming\SPOJ\SPOJ\Debug\link.2196.read.1.tlog
D:\Osama\Programming\SPOJ\SPOJ\Debug\link.2196.write.1.tlog
D:\Osama\Programming\SPOJ\SPOJ\Debug\link.2300-cvtres.read.1.tlog
D:\Osama\Programming\SPOJ\SPOJ\Debug\link.2300-cvtres.write.1.tlog
D:\Osama\Programming\SPOJ\SPOJ\Debug\link.2300-rc.read.1.tlog
D:\Osama\Programming\SPOJ\SPOJ\Debug\link.2300-rc.write.1.tlog
D:\Osama\Programming\SPOJ\SPOJ\Debug\link.2300.read.1.tlog
D:\Osama\Programming\SPOJ\SPOJ\Debug\link.2300.write.1.tlog
D:\Osama\Programming\SPOJ\SPOJ\Debug\link.2372-cvtres.read.1.tlog
D:\Osama\Programming\SPOJ\SPOJ\Debug\link.2372-cvtres.write.1.tlog
D:\Osama\Programming\SPOJ\SPOJ\Debug\link.2372-rc.read.1.tlog
D:\Osama\Programming\SPOJ\SPOJ\Debug\link.2372-rc.write.1.tlog
D:\Osama\Programming\SPOJ\SPOJ\Debug\link.2372.read.1.tlog
D:\Osama\Programming\SPOJ\SPOJ\Debug\link.2372.write.1.tlog
D:\Osama\Programming\SPOJ\SPOJ\Debug\link.2452-cvtres.read.1.tlog
D:\Osama\Programming\SPOJ\SPOJ\Debug\link.2452-cvtres.write.1.tlog
D:\Osama\Programming\SPOJ\SPOJ\Debug\link.2452-rc.read.1.tlog
D:\Osama\Programming\SPOJ\SPOJ\Debug\link.2452-rc.write.1.tlog
D:\Osama\Programming\SPOJ\SPOJ\Debug\link.2452.read.1.tlog
D:\Osama\Programming\SPOJ\SPOJ\Debug\link.2452.write.1.tlog
D:\Osama\Programming\SPOJ\SPOJ\Debug\link.2576-cvtres.read.1.tlog
D:\Osama\Programming\SPOJ\SPOJ\Debug\link.2576-cvtres.write.1.tlog
D:\Osama\Programming\SPOJ\SPOJ\Debug\link.2576-rc.read.1.tlog
D:\Osama\Programming\SPOJ\SPOJ\Debug\link.2576-rc.write.1.tlog
D:\Osama\Programming\SPOJ\SPOJ\Debug\link.2576.read.1.tlog
D:\Osama\Programming\SPOJ\SPOJ\Debug\link.2576.write.1.tlog
D:\Osama\Programming\SPOJ\SPOJ\Debug\link.268-cvtres.read.1.tlog
D:\Osama\Programming\SPOJ\SPOJ\Debug\link.268-cvtres.write.1.tlog
D:\Osama\Programming\SPOJ\SPOJ\Debug\link.268-rc.read.1.tlog
D:\Osama\Programming\SPOJ\SPOJ\Debug\link.268-rc.write.1.tlog
D:\Osama\Programming\SPOJ\SPOJ\Debug\link.268.read.1.tlog
D:\Osama\Programming\SPOJ\SPOJ\Debug\link.268.write.1.tlog
D:\Osama\Programming\SPOJ\SPOJ\Debug\link.2816-cvtres.read.1.tlog
D:\Osama\Programming\SPOJ\SPOJ\Debug\link.2816-cvtres.write.1.tlog
D:\Osama\Programming\SPOJ\SPOJ\Debug\link.2816-rc.read.1.tlog
D:\Osama\Programming\SPOJ\SPOJ\Debug\link.2816-rc.write.1.tlog
D:\Osama\Programming\SPOJ\SPOJ\Debug\link.2816.read.1.tlog
D:\Osama\Programming\SPOJ\SPOJ\Debug\link.2816.write.1.tlog
D:\Osama\Programming\SPOJ\SPOJ\Debug\link.2880-cvtres.read.1.tlog
D:\Osama\Programming\SPOJ\SPOJ\Debug\link.2880-cvtres.write.1.tlog
D:\Osama\Programming\SPOJ\SPOJ\Debug\link.2880-rc.read.1.tlog
D:\Osama\Programming\SPOJ\SPOJ\Debug\link.2880-rc.write.1.tlog
D:\Osama\Programming\SPOJ\SPOJ\Debug\link.2880.read.1.tlog
D:\Osama\Programming\SPOJ\SPOJ\Debug\link.2880.write.1.tlog
D:\Osama\Programming\SPOJ\SPOJ\Debug\link.3012-cvtres.read.1.tlog
D:\Osama\Programming\SPOJ\SPOJ\Debug\link.3012-cvtres.write.1.tlog
D:\Osama\Programming\SPOJ\SPOJ\Debug\link.3012-rc.read.1.tlog
D:\Osama\Programming\SPOJ\SPOJ\Debug\link.3012-rc.write.1.tlog
D:\Osama\Programming\SPOJ\SPOJ\Debug\link.3012.read.1.tlog
D:\Osama\Programming\SPOJ\SPOJ\Debug\link.3012.write.1.tlog
D:\Osama\Programming\SPOJ\SPOJ\Debug\link.3028-cvtres.read.1.tlog
D:\Osama\Programming\SPOJ\SPOJ\Debug\link.3028-cvtres.write.1.tlog
D:\Osama\Programming\SPOJ\SPOJ\Debug\link.3028-rc.read.1.tlog
D:\Osama\Programming\SPOJ\SPOJ\Debug\link.3028-rc.write.1.tlog
D:\Osama\Programming\SPOJ\SPOJ\Debug\link.3028.read.1.tlog
D:\Osama\Programming\SPOJ\SPOJ\Debug\link.3028.write.1.tlog
D:\Osama\Programming\SPOJ\SPOJ\Debug\link.3144-cvtres.read.1.tlog
D:\Osama\Programming\SPOJ\SPOJ\Debug\link.3144-cvtres.write.1.tlog
D:\Osama\Programming\SPOJ\SPOJ\Debug\link.3144-rc.read.1.tlog
D:\Osama\Programming\SPOJ\SPOJ\Debug\link.3144-rc.write.1.tlog
D:\Osama\Programming\SPOJ\SPOJ\Debug\link.3144.read.1.tlog
D:\Osama\Programming\SPOJ\SPOJ\Debug\link.3144.write.1.tlog
D:\Osama\Programming\SPOJ\SPOJ\Debug\link.3200-cvtres.read.1.tlog
D:\Osama\Programming\SPOJ\SPOJ\Debug\link.3200-cvtres.write.1.tlog
D:\Osama\Programming\SPOJ\SPOJ\Debug\link.3200-rc.read.1.tlog
D:\Osama\Programming\SPOJ\SPOJ\Debug\link.3200-rc.write.1.tlog
D:\Osama\Programming\SPOJ\SPOJ\Debug\link.3200.read.1.tlog
D:\Osama\Programming\SPOJ\SPOJ\Debug\link.3200.write.1.tlog
D:\Osama\Programming\SPOJ\SPOJ\Debug\link.3248-cvtres.read.1.tlog
D:\Osama\Programming\SPOJ\SPOJ\Debug\link.3248-cvtres.write.1.tlog
D:\Osama\Programming\SPOJ\SPOJ\Debug\link.3248-rc.read.1.tlog
D:\Osama\Programming\SPOJ\SPOJ\Debug\link.3248-rc.write.1.tlog
D:\Osama\Programming\SPOJ\SPOJ\Debug\link.3248.read.1.tlog
D:\Osama\Programming\SPOJ\SPOJ\Debug\link.3248.write.1.tlog
D:\Osama\Programming\SPOJ\SPOJ\Debug\link.3264-cvtres.read.1.tlog
D:\Osama\Programming\SPOJ\SPOJ\Debug\link.3264-cvtres.write.1.tlog
D:\Osama\Programming\SPOJ\SPOJ\Debug\link.3264-rc.read.1.tlog
D:\Osama\Programming\SPOJ\SPOJ\Debug\link.3264-rc.write.1.tlog
D:\Osama\Programming\SPOJ\SPOJ\Debug\link.3264.read.1.tlog
D:\Osama\Programming\SPOJ\SPOJ\Debug\link.3264.write.1.tlog
D:\Osama\Programming\SPOJ\SPOJ\Debug\link.3276-cvtres.read.1.tlog
D:\Osama\Programming\SPOJ\SPOJ\Debug\link.3276-cvtres.write.1.tlog
D:\Osama\Programming\SPOJ\SPOJ\Debug\link.3276-rc.read.1.tlog
D:\Osama\Programming\SPOJ\SPOJ\Debug\link.3276-rc.write.1.tlog
D:\Osama\Programming\SPOJ\SPOJ\Debug\link.3276.read.1.tlog
D:\Osama\Programming\SPOJ\SPOJ\Debug\link.3276.write.1.tlog
D:\Osama\Programming\SPOJ\SPOJ\Debug\link.3320-cvtres.read.1.tlog
D:\Osama\Programming\SPOJ\SPOJ\Debug\link.3320-cvtres.write.1.tlog
D:\Osama\Programming\SPOJ\SPOJ\Debug\link.3320-rc.read.1.tlog
D:\Osama\Programming\SPOJ\SPOJ\Debug\link.3320-rc.write.1.tlog
D:\Osama\Programming\SPOJ\SPOJ\Debug\link.3320.read.1.tlog
D:\Osama\Programming\SPOJ\SPOJ\Debug\link.3320.write.1.tlog
D:\Osama\Programming\SPOJ\SPOJ\Debug\link.3540-cvtres.read.1.tlog
D:\Osama\Programming\SPOJ\SPOJ\Debug\link.3540-cvtres.write.1.tlog
D:\Osama\Programming\SPOJ\SPOJ\Debug\link.3540-rc.read.1.tlog
D:\Osama\Programming\SPOJ\SPOJ\Debug\link.3540-rc.write.1.tlog
D:\Osama\Programming\SPOJ\SPOJ\Debug\link.3540.read.1.tlog
D:\Osama\Programming\SPOJ\SPOJ\Debug\link.3540.write.1.tlog
D:\Osama\Programming\SPOJ\SPOJ\Debug\link.3608-cvtres.read.1.tlog
D:\Osama\Programming\SPOJ\SPOJ\Debug\link.3608-cvtres.write.1.tlog
D:\Osama\Programming\SPOJ\SPOJ\Debug\link.3608-rc.read.1.tlog
D:\Osama\Programming\SPOJ\SPOJ\Debug\link.3608-rc.write.1.tlog
D:\Osama\Programming\SPOJ\SPOJ\Debug\link.3608.read.1.tlog
D:\Osama\Programming\SPOJ\SPOJ\Debug\link.3608.write.1.tlog
D:\Osama\Programming\SPOJ\SPOJ\Debug\link.364-cvtres.read.1.tlog
D:\Osama\Programming\SPOJ\SPOJ\Debug\link.364-cvtres.write.1.tlog
D:\Osama\Programming\SPOJ\SPOJ\Debug\link.364-rc.read.1.tlog
D:\Osama\Programming\SPOJ\SPOJ\Debug\link.364-rc.write.1.tlog
D:\Osama\Programming\SPOJ\SPOJ\Debug\link.364.read.1.tlog
D:\Osama\Programming\SPOJ\SPOJ\Debug\link.364.write.1.tlog
D:\Osama\Programming\SPOJ\SPOJ\Debug\link.3688-cvtres.read.1.tlog
D:\Osama\Programming\SPOJ\SPOJ\Debug\link.3688-cvtres.write.1.tlog
D:\Osama\Programming\SPOJ\SPOJ\Debug\link.3688-rc.read.1.tlog
D:\Osama\Programming\SPOJ\SPOJ\Debug\link.3688-rc.write.1.tlog
D:\Osama\Programming\SPOJ\SPOJ\Debug\link.3688.read.1.tlog
D:\Osama\Programming\SPOJ\SPOJ\Debug\link.3688.write.1.tlog
D:\Osama\Programming\SPOJ\SPOJ\Debug\link.3856-cvtres.read.1.tlog
D:\Osama\Programming\SPOJ\SPOJ\Debug\link.3856-cvtres.write.1.tlog
D:\Osama\Programming\SPOJ\SPOJ\Debug\link.3856-rc.read.1.tlog
D:\Osama\Programming\SPOJ\SPOJ\Debug\link.3856-rc.write.1.tlog
D:\Osama\Programming\SPOJ\SPOJ\Debug\link.3856.read.1.tlog
D:\Osama\Programming\SPOJ\SPOJ\Debug\link.3856.write.1.tlog
D:\Osama\Programming\SPOJ\SPOJ\Debug\link.3928-cvtres.read.1.tlog
D:\Osama\Programming\SPOJ\SPOJ\Debug\link.3928-cvtres.write.1.tlog
D:\Osama\Programming\SPOJ\SPOJ\Debug\link.3928-rc.read.1.tlog
D:\Osama\Programming\SPOJ\SPOJ\Debug\link.3928-rc.write.1.tlog
D:\Osama\Programming\SPOJ\SPOJ\Debug\link.3928.read.1.tlog
D:\Osama\Programming\SPOJ\SPOJ\Debug\link.3928.write.1.tlog
D:\Osama\Programming\SPOJ\SPOJ\Debug\link.3956-cvtres.read.1.tlog
D:\Osama\Programming\SPOJ\SPOJ\Debug\link.3956-cvtres.write.1.tlog
D:\Osama\Programming\SPOJ\SPOJ\Debug\link.3956-rc.read.1.tlog
D:\Osama\Programming\SPOJ\SPOJ\Debug\link.3956-rc.write.1.tlog
D:\Osama\Programming\SPOJ\SPOJ\Debug\link.3956.read.1.tlog
D:\Osama\Programming\SPOJ\SPOJ\Debug\link.3956.write.1.tlog
D:\Osama\Programming\SPOJ\SPOJ\Debug\link.4080-cvtres.read.1.tlog
D:\Osama\Programming\SPOJ\SPOJ\Debug\link.4080-cvtres.write.1.tlog
D:\Osama\Programming\SPOJ\SPOJ\Debug\link.4080-rc.read.1.tlog
D:\Osama\Programming\SPOJ\SPOJ\Debug\link.4080-rc.write.1.tlog
D:\Osama\Programming\SPOJ\SPOJ\Debug\link.4080.read.1.tlog
D:\Osama\Programming\SPOJ\SPOJ\Debug\link.4080.write.1.tlog
D:\Osama\Programming\SPOJ\SPOJ\Debug\link.4204-cvtres.read.1.tlog
D:\Osama\Programming\SPOJ\SPOJ\Debug\link.4204-cvtres.write.1.tlog
D:\Osama\Programming\SPOJ\SPOJ\Debug\link.4204-rc.read.1.tlog
D:\Osama\Programming\SPOJ\SPOJ\Debug\link.4204-rc.write.1.tlog
D:\Osama\Programming\SPOJ\SPOJ\Debug\link.4204.read.1.tlog
D:\Osama\Programming\SPOJ\SPOJ\Debug\link.4204.write.1.tlog
D:\Osama\Programming\SPOJ\SPOJ\Debug\link.4292-cvtres.read.1.tlog
D:\Osama\Programming\SPOJ\SPOJ\Debug\link.4292-cvtres.write.1.tlog
D:\Osama\Programming\SPOJ\SPOJ\Debug\link.4292-rc.read.1.tlog
D:\Osama\Programming\SPOJ\SPOJ\Debug\link.4292-rc.write.1.tlog
D:\Osama\Programming\SPOJ\SPOJ\Debug\link.4292.read.1.tlog
D:\Osama\Programming\SPOJ\SPOJ\Debug\link.4292.write.1.tlog
D:\Osama\Programming\SPOJ\SPOJ\Debug\link.4300-cvtres.read.1.tlog
D:\Osama\Programming\SPOJ\SPOJ\Debug\link.4300-cvtres.write.1.tlog
D:\Osama\Programming\SPOJ\SPOJ\Debug\link.4300-rc.read.1.tlog
D:\Osama\Programming\SPOJ\SPOJ\Debug\link.4300-rc.write.1.tlog
D:\Osama\Programming\SPOJ\SPOJ\Debug\link.4300.read.1.tlog
D:\Osama\Programming\SPOJ\SPOJ\Debug\link.4300.write.1.tlog
D:\Osama\Programming\SPOJ\SPOJ\Debug\link.4316-cvtres.read.1.tlog
D:\Osama\Programming\SPOJ\SPOJ\Debug\link.4316-cvtres.write.1.tlog
D:\Osama\Programming\SPOJ\SPOJ\Debug\link.4316-rc.read.1.tlog
D:\Osama\Programming\SPOJ\SPOJ\Debug\link.4316-rc.write.1.tlog
D:\Osama\Programming\SPOJ\SPOJ\Debug\link.4316.read.1.tlog
D:\Osama\Programming\SPOJ\SPOJ\Debug\link.4316.write.1.tlog
D:\Osama\Programming\SPOJ\SPOJ\Debug\link.4396-cvtres.read.1.tlog
D:\Osama\Programming\SPOJ\SPOJ\Debug\link.4396-cvtres.write.1.tlog
D:\Osama\Programming\SPOJ\SPOJ\Debug\link.4396-rc.read.1.tlog
D:\Osama\Programming\SPOJ\SPOJ\Debug\link.4396-rc.write.1.tlog
D:\Osama\Programming\SPOJ\SPOJ\Debug\link.4396.read.1.tlog
D:\Osama\Programming\SPOJ\SPOJ\Debug\link.4396.write.1.tlog
D:\Osama\Programming\SPOJ\SPOJ\Debug\link.4452-cvtres.read.1.tlog
D:\Osama\Programming\SPOJ\SPOJ\Debug\link.4452-cvtres.write.1.tlog
D:\Osama\Programming\SPOJ\SPOJ\Debug\link.4452-rc.read.1.tlog
D:\Osama\Programming\SPOJ\SPOJ\Debug\link.4452-rc.write.1.tlog
D:\Osama\Programming\SPOJ\SPOJ\Debug\link.4452.read.1.tlog
D:\Osama\Programming\SPOJ\SPOJ\Debug\link.4452.write.1.tlog
D:\Osama\Programming\SPOJ\SPOJ\Debug\link.4456-cvtres.read.1.tlog
D:\Osama\Programming\SPOJ\SPOJ\Debug\link.4456-cvtres.write.1.tlog
D:\Osama\Programming\SPOJ\SPOJ\Debug\link.4456-rc.read.1.tlog
D:\Osama\Programming\SPOJ\SPOJ\Debug\link.4456-rc.write.1.tlog
D:\Osama\Programming\SPOJ\SPOJ\Debug\link.4456.read.1.tlog
D:\Osama\Programming\SPOJ\SPOJ\Debug\link.4456.write.1.tlog
D:\Osama\Programming\SPOJ\SPOJ\Debug\link.4508-cvtres.read.1.tlog
D:\Osama\Programming\SPOJ\SPOJ\Debug\link.4508-cvtres.write.1.tlog
D:\Osama\Programming\SPOJ\SPOJ\Debug\link.4508-rc.read.1.tlog
D:\Osama\Programming\SPOJ\SPOJ\Debug\link.4508-rc.write.1.tlog
D:\Osama\Programming\SPOJ\SPOJ\Debug\link.4508.read.1.tlog
D:\Osama\Programming\SPOJ\SPOJ\Debug\link.4508.write.1.tlog
D:\Osama\Programming\SPOJ\SPOJ\Debug\link.4524-cvtres.read.1.tlog
D:\Osama\Programming\SPOJ\SPOJ\Debug\link.4524-cvtres.write.1.tlog
D:\Osama\Programming\SPOJ\SPOJ\Debug\link.4524-rc.read.1.tlog
D:\Osama\Programming\SPOJ\SPOJ\Debug\link.4524-rc.write.1.tlog
D:\Osama\Programming\SPOJ\SPOJ\Debug\link.4524.read.1.tlog
D:\Osama\Programming\SPOJ\SPOJ\Debug\link.4524.write.1.tlog
D:\Osama\Programming\SPOJ\SPOJ\Debug\link.4540-cvtres.read.1.tlog
D:\Osama\Programming\SPOJ\SPOJ\Debug\link.4540-cvtres.write.1.tlog
D:\Osama\Programming\SPOJ\SPOJ\Debug\link.4540-rc.read.1.tlog
D:\Osama\Programming\SPOJ\SPOJ\Debug\link.4540-rc.write.1.tlog
D:\Osama\Programming\SPOJ\SPOJ\Debug\link.4540.read.1.tlog
D:\Osama\Programming\SPOJ\SPOJ\Debug\link.4540.write.1.tlog
D:\Osama\Programming\SPOJ\SPOJ\Debug\link.4596-cvtres.read.1.tlog
D:\Osama\Programming\SPOJ\SPOJ\Debug\link.4596-cvtres.write.1.tlog
D:\Osama\Programming\SPOJ\SPOJ\Debug\link.4596-rc.read.1.tlog
D:\Osama\Programming\SPOJ\SPOJ\Debug\link.4596-rc.write.1.tlog
D:\Osama\Programming\SPOJ\SPOJ\Debug\link.4596.read.1.tlog
D:\Osama\Programming\SPOJ\SPOJ\Debug\link.4596.write.1.tlog
D:\Osama\Programming\SPOJ\SPOJ\Debug\link.4684-cvtres.read.1.tlog
D:\Osama\Programming\SPOJ\SPOJ\Debug\link.4684-cvtres.write.1.tlog
D:\Osama\Programming\SPOJ\SPOJ\Debug\link.4684-rc.read.1.tlog
D:\Osama\Programming\SPOJ\SPOJ\Debug\link.4684-rc.write.1.tlog
D:\Osama\Programming\SPOJ\SPOJ\Debug\link.4684.read.1.tlog
D:\Osama\Programming\SPOJ\SPOJ\Debug\link.4684.write.1.tlog
D:\Osama\Programming\SPOJ\SPOJ\Debug\link.480-cvtres.read.1.tlog
D:\Osama\Programming\SPOJ\SPOJ\Debug\link.480-cvtres.write.1.tlog
D:\Osama\Programming\SPOJ\SPOJ\Debug\link.480-rc.read.1.tlog
D:\Osama\Programming\SPOJ\SPOJ\Debug\link.480-rc.write.1.tlog
D:\Osama\Programming\SPOJ\SPOJ\Debug\link.480.read.1.tlog
D:\Osama\Programming\SPOJ\SPOJ\Debug\link.480.write.1.tlog
D:\Osama\Programming\SPOJ\SPOJ\Debug\link.4824-cvtres.read.1.tlog
D:\Osama\Programming\SPOJ\SPOJ\Debug\link.4824-cvtres.write.1.tlog
D:\Osama\Programming\SPOJ\SPOJ\Debug\link.4824-rc.read.1.tlog
D:\Osama\Programming\SPOJ\SPOJ\Debug\link.4824-rc.write.1.tlog
D:\Osama\Programming\SPOJ\SPOJ\Debug\link.4824.read.1.tlog
D:\Osama\Programming\SPOJ\SPOJ\Debug\link.4824.write.1.tlog
D:\Osama\Programming\SPOJ\SPOJ\Debug\link.4844-cvtres.read.1.tlog
D:\Osama\Programming\SPOJ\SPOJ\Debug\link.4844-cvtres.write.1.tlog
D:\Osama\Programming\SPOJ\SPOJ\Debug\link.4844-rc.read.1.tlog
D:\Osama\Programming\SPOJ\SPOJ\Debug\link.4844-rc.write.1.tlog
D:\Osama\Programming\SPOJ\SPOJ\Debug\link.4844.read.1.tlog
D:\Osama\Programming\SPOJ\SPOJ\Debug\link.4844.write.1.tlog
D:\Osama\Programming\SPOJ\SPOJ\Debug\link.4920-cvtres.read.1.tlog
D:\Osama\Programming\SPOJ\SPOJ\Debug\link.4920-cvtres.write.1.tlog
D:\Osama\Programming\SPOJ\SPOJ\Debug\link.4920-rc.read.1.tlog
D:\Osama\Programming\SPOJ\SPOJ\Debug\link.4920-rc.write.1.tlog
D:\Osama\Programming\SPOJ\SPOJ\Debug\link.4920.read.1.tlog
D:\Osama\Programming\SPOJ\SPOJ\Debug\link.4920.write.1.tlog
D:\Osama\Programming\SPOJ\SPOJ\Debug\link.4984-cvtres.read.1.tlog
D:\Osama\Programming\SPOJ\SPOJ\Debug\link.4984-cvtres.write.1.tlog
D:\Osama\Programming\SPOJ\SPOJ\Debug\link.4984-rc.read.1.tlog
D:\Osama\Programming\SPOJ\SPOJ\Debug\link.4984-rc.write.1.tlog
D:\Osama\Programming\SPOJ\SPOJ\Debug\link.4984.read.1.tlog
D:\Osama\Programming\SPOJ\SPOJ\Debug\link.4984.write.1.tlog
D:\Osama\Programming\SPOJ\SPOJ\Debug\link.5052-cvtres.read.1.tlog
D:\Osama\Programming\SPOJ\SPOJ\Debug\link.5052-cvtres.write.1.tlog
D:\Osama\Programming\SPOJ\SPOJ\Debug\link.5052-rc.read.1.tlog
D:\Osama\Programming\SPOJ\SPOJ\Debug\link.5052-rc.write.1.tlog
D:\Osama\Programming\SPOJ\SPOJ\Debug\link.5052.read.1.tlog
D:\Osama\Programming\SPOJ\SPOJ\Debug\link.5052.write.1.tlog
D:\Osama\Programming\SPOJ\SPOJ\Debug\link.5112-cvtres.read.1.tlog
D:\Osama\Programming\SPOJ\SPOJ\Debug\link.5112-cvtres.write.1.tlog
D:\Osama\Programming\SPOJ\SPOJ\Debug\link.5112-rc.read.1.tlog
D:\Osama\Programming\SPOJ\SPOJ\Debug\link.5112-rc.write.1.tlog
D:\Osama\Programming\SPOJ\SPOJ\Debug\link.5112.read.1.tlog
D:\Osama\Programming\SPOJ\SPOJ\Debug\link.5112.write.1.tlog
D:\Osama\Programming\SPOJ\SPOJ\Debug\link.5228-cvtres.read.1.tlog
D:\Osama\Programming\SPOJ\SPOJ\Debug\link.5228-cvtres.write.1.tlog
D:\Osama\Programming\SPOJ\SPOJ\Debug\link.5228-rc.read.1.tlog
D:\Osama\Programming\SPOJ\SPOJ\Debug\link.5228-rc.write.1.tlog
D:\Osama\Programming\SPOJ\SPOJ\Debug\link.5228.read.1.tlog
D:\Osama\Programming\SPOJ\SPOJ\Debug\link.5228.write.1.tlog
D:\Osama\Programming\SPOJ\SPOJ\Debug\link.5248-cvtres.read.1.tlog
D:\Osama\Programming\SPOJ\SPOJ\Debug\link.5248-cvtres.write.1.tlog
D:\Osama\Programming\SPOJ\SPOJ\Debug\link.5248-rc.read.1.tlog
D:\Osama\Programming\SPOJ\SPOJ\Debug\link.5248-rc.write.1.tlog
D:\Osama\Programming\SPOJ\SPOJ\Debug\link.5248.read.1.tlog
D:\Osama\Programming\SPOJ\SPOJ\Debug\link.5248.write.1.tlog
D:\Osama\Programming\SPOJ\SPOJ\Debug\link.5316-cvtres.read.1.tlog
D:\Osama\Programming\SPOJ\SPOJ\Debug\link.5316-cvtres.write.1.tlog
D:\Osama\Programming\SPOJ\SPOJ\Debug\link.5316-rc.read.1.tlog
D:\Osama\Programming\SPOJ\SPOJ\Debug\link.5316-rc.write.1.tlog
D:\Osama\Programming\SPOJ\SPOJ\Debug\link.5316.read.1.tlog
D:\Osama\Programming\SPOJ\SPOJ\Debug\link.5316.write.1.tlog
D:\Osama\Programming\SPOJ\SPOJ\Debug\link.5372-cvtres.read.1.tlog
D:\Osama\Programming\SPOJ\SPOJ\Debug\link.5372-cvtres.write.1.tlog
D:\Osama\Programming\SPOJ\SPOJ\Debug\link.5372-rc.read.1.tlog
D:\Osama\Programming\SPOJ\SPOJ\Debug\link.5372-rc.write.1.tlog
D:\Osama\Programming\SPOJ\SPOJ\Debug\link.5372.read.1.tlog
D:\Osama\Programming\SPOJ\SPOJ\Debug\link.5372.write.1.tlog
D:\Osama\Programming\SPOJ\SPOJ\Debug\link.5400-cvtres.read.1.tlog
D:\Osama\Programming\SPOJ\SPOJ\Debug\link.5400-cvtres.write.1.tlog
D:\Osama\Programming\SPOJ\SPOJ\Debug\link.5400-rc.read.1.tlog
D:\Osama\Programming\SPOJ\SPOJ\Debug\link.5400-rc.write.1.tlog
D:\Osama\Programming\SPOJ\SPOJ\Debug\link.5400.read.1.tlog
D:\Osama\Programming\SPOJ\SPOJ\Debug\link.5400.write.1.tlog
D:\Osama\Programming\SPOJ\SPOJ\Debug\link.5420-cvtres.read.1.tlog
D:\Osama\Programming\SPOJ\SPOJ\Debug\link.5420-cvtres.write.1.tlog
D:\Osama\Programming\SPOJ\SPOJ\Debug\link.5420-rc.read.1.tlog
D:\Osama\Programming\SPOJ\SPOJ\Debug\link.5420-rc.write.1.tlog
D:\Osama\Programming\SPOJ\SPOJ\Debug\link.5420.read.1.tlog
D:\Osama\Programming\SPOJ\SPOJ\Debug\link.5420.write.1.tlog
D:\Osama\Programming\SPOJ\SPOJ\Debug\link.5432-cvtres.read.1.tlog
D:\Osama\Programming\SPOJ\SPOJ\Debug\link.5432-cvtres.write.1.tlog
D:\Osama\Programming\SPOJ\SPOJ\Debug\link.5432-rc.read.1.tlog
D:\Osama\Programming\SPOJ\SPOJ\Debug\link.5432-rc.write.1.tlog
D:\Osama\Programming\SPOJ\SPOJ\Debug\link.5432.read.1.tlog
D:\Osama\Programming\SPOJ\SPOJ\Debug\link.5432.write.1.tlog
D:\Osama\Programming\SPOJ\SPOJ\Debug\link.5492-cvtres.read.1.tlog
D:\Osama\Programming\SPOJ\SPOJ\Debug\link.5492-cvtres.write.1.tlog
D:\Osama\Programming\SPOJ\SPOJ\Debug\link.5492-rc.read.1.tlog
D:\Osama\Programming\SPOJ\SPOJ\Debug\link.5492-rc.write.1.tlog
D:\Osama\Programming\SPOJ\SPOJ\Debug\link.5492.read.1.tlog
D:\Osama\Programming\SPOJ\SPOJ\Debug\link.5492.write.1.tlog
D:\Osama\Programming\SPOJ\SPOJ\Debug\link.5504-cvtres.read.1.tlog
D:\Osama\Programming\SPOJ\SPOJ\Debug\link.5504-cvtres.write.1.tlog
D:\Osama\Programming\SPOJ\SPOJ\Debug\link.5504-rc.read.1.tlog
D:\Osama\Programming\SPOJ\SPOJ\Debug\link.5504-rc.write.1.tlog
D:\Osama\Programming\SPOJ\SPOJ\Debug\link.5504.read.1.tlog
D:\Osama\Programming\SPOJ\SPOJ\Debug\link.5504.write.1.tlog
D:\Osama\Programming\SPOJ\SPOJ\Debug\link.5536-cvtres.read.1.tlog
D:\Osama\Programming\SPOJ\SPOJ\Debug\link.5536-cvtres.write.1.tlog
D:\Osama\Programming\SPOJ\SPOJ\Debug\link.5536-rc.read.1.tlog
D:\Osama\Programming\SPOJ\SPOJ\Debug\link.5536-rc.write.1.tlog
D:\Osama\Programming\SPOJ\SPOJ\Debug\link.5536.read.1.tlog
D:\Osama\Programming\SPOJ\SPOJ\Debug\link.5536.write.1.tlog
D:\Osama\Programming\SPOJ\SPOJ\Debug\link.5640-cvtres.read.1.tlog
D:\Osama\Programming\SPOJ\SPOJ\Debug\link.5640-cvtres.write.1.tlog
D:\Osama\Programming\SPOJ\SPOJ\Debug\link.5640-rc.read.1.tlog
D:\Osama\Programming\SPOJ\SPOJ\Debug\link.5640-rc.write.1.tlog
D:\Osama\Programming\SPOJ\SPOJ\Debug\link.5640.read.1.tlog
D:\Osama\Programming\SPOJ\SPOJ\Debug\link.5640.write.1.tlog
D:\Osama\Programming\SPOJ\SPOJ\Debug\link.5676-cvtres.read.1.tlog
D:\Osama\Programming\SPOJ\SPOJ\Debug\link.5676-cvtres.write.1.tlog
D:\Osama\Programming\SPOJ\SPOJ\Debug\link.5676-rc.read.1.tlog
D:\Osama\Programming\SPOJ\SPOJ\Debug\link.5676-rc.write.1.tlog
D:\Osama\Programming\SPOJ\SPOJ\Debug\link.5676.read.1.tlog
D:\Osama\Programming\SPOJ\SPOJ\Debug\link.5676.write.1.tlog
D:\Osama\Programming\SPOJ\SPOJ\Debug\link.5708-cvtres.read.1.tlog
D:\Osama\Programming\SPOJ\SPOJ\Debug\link.5708-cvtres.write.1.tlog
D:\Osama\Programming\SPOJ\SPOJ\Debug\link.5708-rc.read.1.tlog
D:\Osama\Programming\SPOJ\SPOJ\Debug\link.5708-rc.write.1.tlog
D:\Osama\Programming\SPOJ\SPOJ\Debug\link.5708.read.1.tlog
D:\Osama\Programming\SPOJ\SPOJ\Debug\link.5708.write.1.tlog
D:\Osama\Programming\SPOJ\SPOJ\Debug\link.5772-cvtres.read.1.tlog
D:\Osama\Programming\SPOJ\SPOJ\Debug\link.5772-cvtres.write.1.tlog
D:\Osama\Programming\SPOJ\SPOJ\Debug\link.5772-rc.read.1.tlog
D:\Osama\Programming\SPOJ\SPOJ\Debug\link.5772-rc.write.1.tlog
D:\Osama\Programming\SPOJ\SPOJ\Debug\link.5772.read.1.tlog
D:\Osama\Programming\SPOJ\SPOJ\Debug\link.5772.write.1.tlog
D:\Osama\Programming\SPOJ\SPOJ\Debug\link.5788-cvtres.read.1.tlog
D:\Osama\Programming\SPOJ\SPOJ\Debug\link.5788-cvtres.write.1.tlog
D:\Osama\Programming\SPOJ\SPOJ\Debug\link.5788-rc.read.1.tlog
D:\Osama\Programming\SPOJ\SPOJ\Debug\link.5788-rc.write.1.tlog
D:\Osama\Programming\SPOJ\SPOJ\Debug\link.5788.read.1.tlog
D:\Osama\Programming\SPOJ\SPOJ\Debug\link.5788.write.1.tlog
D:\Osama\Programming\SPOJ\SPOJ\Debug\link.5852-cvtres.read.1.tlog
D:\Osama\Programming\SPOJ\SPOJ\Debug\link.5852-cvtres.write.1.tlog
D:\Osama\Programming\SPOJ\SPOJ\Debug\link.5852-rc.read.1.tlog
D:\Osama\Programming\SPOJ\SPOJ\Debug\link.5852-rc.write.1.tlog
D:\Osama\Programming\SPOJ\SPOJ\Debug\link.5852.read.1.tlog
D:\Osama\Programming\SPOJ\SPOJ\Debug\link.5852.write.1.tlog
D:\Osama\Programming\SPOJ\SPOJ\Debug\link.5884-cvtres.read.1.tlog
D:\Osama\Programming\SPOJ\SPOJ\Debug\link.5884-cvtres.write.1.tlog
D:\Osama\Programming\SPOJ\SPOJ\Debug\link.5884-rc.read.1.tlog
D:\Osama\Programming\SPOJ\SPOJ\Debug\link.5884-rc.write.1.tlog
D:\Osama\Programming\SPOJ\SPOJ\Debug\link.5884.read.1.tlog
D:\Osama\Programming\SPOJ\SPOJ\Debug\link.5884.write.1.tlog
D:\Osama\Programming\SPOJ\SPOJ\Debug\link.5908-cvtres.read.1.tlog
D:\Osama\Programming\SPOJ\SPOJ\Debug\link.5908-cvtres.write.1.tlog
D:\Osama\Programming\SPOJ\SPOJ\Debug\link.5908-rc.read.1.tlog
D:\Osama\Programming\SPOJ\SPOJ\Debug\link.5908-rc.write.1.tlog
D:\Osama\Programming\SPOJ\SPOJ\Debug\link.5908.read.1.tlog
D:\Osama\Programming\SPOJ\SPOJ\Debug\link.5908.write.1.tlog
D:\Osama\Programming\SPOJ\SPOJ\Debug\link.5964-cvtres.read.1.tlog
D:\Osama\Programming\SPOJ\SPOJ\Debug\link.5964-cvtres.write.1.tlog
D:\Osama\Programming\SPOJ\SPOJ\Debug\link.5964-rc.read.1.tlog
D:\Osama\Programming\SPOJ\SPOJ\Debug\link.5964-rc.write.1.tlog
D:\Osama\Programming\SPOJ\SPOJ\Debug\link.5964.read.1.tlog
D:\Osama\Programming\SPOJ\SPOJ\Debug\link.5964.write.1.tlog
D:\Osama\Programming\SPOJ\SPOJ\Debug\link.5976-cvtres.read.1.tlog
D:\Osama\Programming\SPOJ\SPOJ\Debug\link.5976-cvtres.write.1.tlog
D:\Osama\Programming\SPOJ\SPOJ\Debug\link.5976-rc.read.1.tlog
D:\Osama\Programming\SPOJ\SPOJ\Debug\link.5976-rc.write.1.tlog
D:\Osama\Programming\SPOJ\SPOJ\Debug\link.5976.read.1.tlog
D:\Osama\Programming\SPOJ\SPOJ\Debug\link.5976.write.1.tlog
D:\Osama\Programming\SPOJ\SPOJ\Debug\link.5984-cvtres.read.1.tlog
D:\Osama\Programming\SPOJ\SPOJ\Debug\link.5984-cvtres.write.1.tlog
D:\Osama\Programming\SPOJ\SPOJ\Debug\link.5984-rc.read.1.tlog
D:\Osama\Programming\SPOJ\SPOJ\Debug\link.5984-rc.write.1.tlog
D:\Osama\Programming\SPOJ\SPOJ\Debug\link.5984.read.1.tlog
D:\Osama\Programming\SPOJ\SPOJ\Debug\link.5984.write.1.tlog
D:\Osama\Programming\SPOJ\SPOJ\Debug\link.6004-cvtres.read.1.tlog
D:\Osama\Programming\SPOJ\SPOJ\Debug\link.6004-cvtres.write.1.tlog
D:\Osama\Programming\SPOJ\SPOJ\Debug\link.6004-rc.read.1.tlog
D:\Osama\Programming\SPOJ\SPOJ\Debug\link.6004-rc.write.1.tlog
D:\Osama\Programming\SPOJ\SPOJ\Debug\link.6004.read.1.tlog
D:\Osama\Programming\SPOJ\SPOJ\Debug\link.6004.write.1.tlog
D:\Osama\Programming\SPOJ\SPOJ\Debug\link.6044-cvtres.read.1.tlog
D:\Osama\Programming\SPOJ\SPOJ\Debug\link.6044-cvtres.write.1.tlog
D:\Osama\Programming\SPOJ\SPOJ\Debug\link.6044-rc.read.1.tlog
D:\Osama\Programming\SPOJ\SPOJ\Debug\link.6044-rc.write.1.tlog
D:\Osama\Programming\SPOJ\SPOJ\Debug\link.6044.read.1.tlog
D:\Osama\Programming\SPOJ\SPOJ\Debug\link.6044.write.1.tlog
D:\Osama\Programming\SPOJ\SPOJ\Debug\link.6088-cvtres.read.1.tlog
D:\Osama\Programming\SPOJ\SPOJ\Debug\link.6088-cvtres.write.1.tlog
D:\Osama\Programming\SPOJ\SPOJ\Debug\link.6088-rc.read.1.tlog
D:\Osama\Programming\SPOJ\SPOJ\Debug\link.6088-rc.write.1.tlog
D:\Osama\Programming\SPOJ\SPOJ\Debug\link.6088.read.1.tlog
D:\Osama\Programming\SPOJ\SPOJ\Debug\link.6088.write.1.tlog
D:\Osama\Programming\SPOJ\SPOJ\Debug\link.6116-cvtres.read.1.tlog
D:\Osama\Programming\SPOJ\SPOJ\Debug\link.6116-cvtres.write.1.tlog
D:\Osama\Programming\SPOJ\SPOJ\Debug\link.6116-rc.read.1.tlog
D:\Osama\Programming\SPOJ\SPOJ\Debug\link.6116-rc.write.1.tlog
D:\Osama\Programming\SPOJ\SPOJ\Debug\link.6116.read.1.tlog
D:\Osama\Programming\SPOJ\SPOJ\Debug\link.6116.write.1.tlog
D:\Osama\Programming\SPOJ\SPOJ\Debug\link.6180-cvtres.read.1.tlog
D:\Osama\Programming\SPOJ\SPOJ\Debug\link.6180-cvtres.write.1.tlog
D:\Osama\Programming\SPOJ\SPOJ\Debug\link.6180-rc.read.1.tlog
D:\Osama\Programming\SPOJ\SPOJ\Debug\link.6180-rc.write.1.tlog
D:\Osama\Programming\SPOJ\SPOJ\Debug\link.6180.read.1.tlog
D:\Osama\Programming\SPOJ\SPOJ\Debug\link.6180.write.1.tlog
D:\Osama\Programming\SPOJ\SPOJ\Debug\link.6188-cvtres.read.1.tlog
D:\Osama\Programming\SPOJ\SPOJ\Debug\link.6188-cvtres.write.1.tlog
D:\Osama\Programming\SPOJ\SPOJ\Debug\link.6188-rc.read.1.tlog
D:\Osama\Programming\SPOJ\SPOJ\Debug\link.6188-rc.write.1.tlog
D:\Osama\Programming\SPOJ\SPOJ\Debug\link.6188.read.1.tlog
D:\Osama\Programming\SPOJ\SPOJ\Debug\link.6188.write.1.tlog
D:\Osama\Programming\SPOJ\SPOJ\Debug\link.6196-cvtres.read.1.tlog
D:\Osama\Programming\SPOJ\SPOJ\Debug\link.6196-cvtres.write.1.tlog
D:\Osama\Programming\SPOJ\SPOJ\Debug\link.6196-rc.read.1.tlog
D:\Osama\Programming\SPOJ\SPOJ\Debug\link.6196-rc.write.1.tlog
D:\Osama\Programming\SPOJ\SPOJ\Debug\link.6196.read.1.tlog
D:\Osama\Programming\SPOJ\SPOJ\Debug\link.6196.write.1.tlog
D:\Osama\Programming\SPOJ\SPOJ\Debug\link.6228-cvtres.read.1.tlog
D:\Osama\Programming\SPOJ\SPOJ\Debug\link.6228-cvtres.write.1.tlog
D:\Osama\Programming\SPOJ\SPOJ\Debug\link.6228-rc.read.1.tlog
D:\Osama\Programming\SPOJ\SPOJ\Debug\link.6228-rc.write.1.tlog
D:\Osama\Programming\SPOJ\SPOJ\Debug\link.6228.read.1.tlog
D:\Osama\Programming\SPOJ\SPOJ\Debug\link.6228.write.1.tlog
D:\Osama\Programming\SPOJ\SPOJ\Debug\link.6236-cvtres.read.1.tlog
D:\Osama\Programming\SPOJ\SPOJ\Debug\link.6236-cvtres.write.1.tlog
D:\Osama\Programming\SPOJ\SPOJ\Debug\link.6236-rc.read.1.tlog
D:\Osama\Programming\SPOJ\SPOJ\Debug\link.6236-rc.write.1.tlog
D:\Osama\Programming\SPOJ\SPOJ\Debug\link.6236.read.1.tlog
D:\Osama\Programming\SPOJ\SPOJ\Debug\link.6236.write.1.tlog
D:\Osama\Programming\SPOJ\SPOJ\Debug\link.6252-cvtres.read.1.tlog
D:\Osama\Programming\SPOJ\SPOJ\Debug\link.6252-cvtres.write.1.tlog
D:\Osama\Programming\SPOJ\SPOJ\Debug\link.6252-rc.read.1.tlog
D:\Osama\Programming\SPOJ\SPOJ\Debug\link.6252-rc.write.1.tlog
D:\Osama\Programming\SPOJ\SPOJ\Debug\link.6252.read.1.tlog
D:\Osama\Programming\SPOJ\SPOJ\Debug\link.6252.write.1.tlog
D:\Osama\Programming\SPOJ\SPOJ\Debug\link.6328-cvtres.read.1.tlog
D:\Osama\Programming\SPOJ\SPOJ\Debug\link.6328-cvtres.write.1.tlog
D:\Osama\Programming\SPOJ\SPOJ\Debug\link.6328-rc.read.1.tlog
D:\Osama\Programming\SPOJ\SPOJ\Debug\link.6328-rc.write.1.tlog
D:\Osama\Programming\SPOJ\SPOJ\Debug\link.6328.read.1.tlog
D:\Osama\Programming\SPOJ\SPOJ\Debug\link.6328.write.1.tlog
D:\Osama\Programming\SPOJ\SPOJ\Debug\link.6336-cvtres.read.1.tlog
D:\Osama\Programming\SPOJ\SPOJ\Debug\link.6336-cvtres.write.1.tlog
D:\Osama\Programming\SPOJ\SPOJ\Debug\link.6336-rc.read.1.tlog
D:\Osama\Programming\SPOJ\SPOJ\Debug\link.6336-rc.write.1.tlog
D:\Osama\Programming\SPOJ\SPOJ\Debug\link.6336.read.1.tlog
D:\Osama\Programming\SPOJ\SPOJ\Debug\link.6336.write.1.tlog
D:\Osama\Programming\SPOJ\SPOJ\Debug\link.6364-cvtres.read.1.tlog
D:\Osama\Programming\SPOJ\SPOJ\Debug\link.6364-cvtres.write.1.tlog
D:\Osama\Programming\SPOJ\SPOJ\Debug\link.6364-rc.read.1.tlog
D:\Osama\Programming\SPOJ\SPOJ\Debug\link.6364-rc.write.1.tlog
D:\Osama\Programming\SPOJ\SPOJ\Debug\link.6364.read.1.tlog
D:\Osama\Programming\SPOJ\SPOJ\Debug\link.6364.write.1.tlog
D:\Osama\Programming\SPOJ\SPOJ\Debug\link.6384-cvtres.read.1.tlog
D:\Osama\Programming\SPOJ\SPOJ\Debug\link.6384-cvtres.write.1.tlog
D:\Osama\Programming\SPOJ\SPOJ\Debug\link.6384-rc.read.1.tlog
D:\Osama\Programming\SPOJ\SPOJ\Debug\link.6384-rc.write.1.tlog
D:\Osama\Programming\SPOJ\SPOJ\Debug\link.6384.read.1.tlog
D:\Osama\Programming\SPOJ\SPOJ\Debug\link.6384.write.1.tlog
D:\Osama\Programming\SPOJ\SPOJ\Debug\link.6408-cvtres.read.1.tlog
D:\Osama\Programming\SPOJ\SPOJ\Debug\link.6408-cvtres.write.1.tlog
D:\Osama\Programming\SPOJ\SPOJ\Debug\link.6408-rc.read.1.tlog
D:\Osama\Programming\SPOJ\SPOJ\Debug\link.6408-rc.write.1.tlog
D:\Osama\Programming\SPOJ\SPOJ\Debug\link.6408.read.1.tlog
D:\Osama\Programming\SPOJ\SPOJ\Debug\link.6408.write.1.tlog
D:\Osama\Programming\SPOJ\SPOJ\Debug\link.6424-cvtres.read.1.tlog
D:\Osama\Programming\SPOJ\SPOJ\Debug\link.6424-cvtres.write.1.tlog
D:\Osama\Programming\SPOJ\SPOJ\Debug\link.6424-rc.read.1.tlog
D:\Osama\Programming\SPOJ\SPOJ\Debug\link.6424-rc.write.1.tlog
D:\Osama\Programming\SPOJ\SPOJ\Debug\link.6424.read.1.tlog
D:\Osama\Programming\SPOJ\SPOJ\Debug\link.6424.write.1.tlog
D:\Osama\Programming\SPOJ\SPOJ\Debug\link.6428-cvtres.read.1.tlog
D:\Osama\Programming\SPOJ\SPOJ\Debug\link.6428-cvtres.write.1.tlog
D:\Osama\Programming\SPOJ\SPOJ\Debug\link.6428-rc.read.1.tlog
D:\Osama\Programming\SPOJ\SPOJ\Debug\link.6428-rc.write.1.tlog
D:\Osama\Programming\SPOJ\SPOJ\Debug\link.6428.read.1.tlog
D:\Osama\Programming\SPOJ\SPOJ\Debug\link.6428.write.1.tlog
D:\Osama\Programming\SPOJ\SPOJ\Debug\link.6472-cvtres.read.1.tlog
D:\Osama\Programming\SPOJ\SPOJ\Debug\link.6472-cvtres.write.1.tlog
D:\Osama\Programming\SPOJ\SPOJ\Debug\link.6472-rc.read.1.tlog
D:\Osama\Programming\SPOJ\SPOJ\Debug\link.6472-rc.write.1.tlog
D:\Osama\Programming\SPOJ\SPOJ\Debug\link.6472.read.1.tlog
D:\Osama\Programming\SPOJ\SPOJ\Debug\link.6472.write.1.tlog
D:\Osama\Programming\SPOJ\SPOJ\Debug\link.6476-cvtres.read.1.tlog
D:\Osama\Programming\SPOJ\SPOJ\Debug\link.6476-cvtres.write.1.tlog
D:\Osama\Programming\SPOJ\SPOJ\Debug\link.6476-rc.read.1.tlog
D:\Osama\Programming\SPOJ\SPOJ\Debug\link.6476-rc.write.1.tlog
D:\Osama\Programming\SPOJ\SPOJ\Debug\link.6476.read.1.tlog
D:\Osama\Programming\SPOJ\SPOJ\Debug\link.6476.write.1.tlog
D:\Osama\Programming\SPOJ\SPOJ\Debug\link.6508-cvtres.read.1.tlog
D:\Osama\Programming\SPOJ\SPOJ\Debug\link.6508-cvtres.write.1.tlog
D:\Osama\Programming\SPOJ\SPOJ\Debug\link.6508-rc.read.1.tlog
D:\Osama\Programming\SPOJ\SPOJ\Debug\link.6508-rc.write.1.tlog
D:\Osama\Programming\SPOJ\SPOJ\Debug\link.6508.read.1.tlog
D:\Osama\Programming\SPOJ\SPOJ\Debug\link.6508.write.1.tlog
D:\Osama\Programming\SPOJ\SPOJ\Debug\link.6568-cvtres.read.1.tlog
D:\Osama\Programming\SPOJ\SPOJ\Debug\link.6568-cvtres.write.1.tlog
D:\Osama\Programming\SPOJ\SPOJ\Debug\link.6568-rc.read.1.tlog
D:\Osama\Programming\SPOJ\SPOJ\Debug\link.6568-rc.write.1.tlog
D:\Osama\Programming\SPOJ\SPOJ\Debug\link.6568.read.1.tlog
D:\Osama\Programming\SPOJ\SPOJ\Debug\link.6568.write.1.tlog
D:\Osama\Programming\SPOJ\SPOJ\Debug\link.6592-cvtres.read.1.tlog
D:\Osama\Programming\SPOJ\SPOJ\Debug\link.6592-cvtres.write.1.tlog
D:\Osama\Programming\SPOJ\SPOJ\Debug\link.6592-rc.read.1.tlog
D:\Osama\Programming\SPOJ\SPOJ\Debug\link.6592-rc.write.1.tlog
D:\Osama\Programming\SPOJ\SPOJ\Debug\link.6592.read.1.tlog
D:\Osama\Programming\SPOJ\SPOJ\Debug\link.6592.write.1.tlog
D:\Osama\Programming\SPOJ\SPOJ\Debug\link.6632-cvtres.read.1.tlog
D:\Osama\Programming\SPOJ\SPOJ\Debug\link.6632-cvtres.write.1.tlog
D:\Osama\Programming\SPOJ\SPOJ\Debug\link.6632-rc.read.1.tlog
D:\Osama\Programming\SPOJ\SPOJ\Debug\link.6632-rc.write.1.tlog
D:\Osama\Programming\SPOJ\SPOJ\Debug\link.6632.read.1.tlog
D:\Osama\Programming\SPOJ\SPOJ\Debug\link.6632.write.1.tlog
D:\Osama\Programming\SPOJ\SPOJ\Debug\link.6636-cvtres.read.1.tlog
D:\Osama\Programming\SPOJ\SPOJ\Debug\link.6636-cvtres.write.1.tlog
D:\Osama\Programming\SPOJ\SPOJ\Debug\link.6636-rc.read.1.tlog
D:\Osama\Programming\SPOJ\SPOJ\Debug\link.6636-rc.write.1.tlog
D:\Osama\Programming\SPOJ\SPOJ\Debug\link.6636.read.1.tlog
D:\Osama\Programming\SPOJ\SPOJ\Debug\link.6636.write.1.tlog
D:\Osama\Programming\SPOJ\SPOJ\Debug\link.6664-cvtres.read.1.tlog
D:\Osama\Programming\SPOJ\SPOJ\Debug\link.6664-cvtres.write.1.tlog
D:\Osama\Programming\SPOJ\SPOJ\Debug\link.6664-rc.read.1.tlog
D:\Osama\Programming\SPOJ\SPOJ\Debug\link.6664-rc.write.1.tlog
D:\Osama\Programming\SPOJ\SPOJ\Debug\link.6664.read.1.tlog
D:\Osama\Programming\SPOJ\SPOJ\Debug\link.6664.write.1.tlog
D:\Osama\Programming\SPOJ\SPOJ\Debug\link.6724-cvtres.read.1.tlog
D:\Osama\Programming\SPOJ\SPOJ\Debug\link.6724-cvtres.write.1.tlog
D:\Osama\Programming\SPOJ\SPOJ\Debug\link.6724-rc.read.1.tlog
D:\Osama\Programming\SPOJ\SPOJ\Debug\link.6724-rc.write.1.tlog
D:\Osama\Programming\SPOJ\SPOJ\Debug\link.6724.read.1.tlog
D:\Osama\Programming\SPOJ\SPOJ\Debug\link.6724.write.1.tlog
D:\Osama\Programming\SPOJ\SPOJ\Debug\link.6740-cvtres.read.1.tlog
D:\Osama\Programming\SPOJ\SPOJ\Debug\link.6740-cvtres.write.1.tlog
D:\Osama\Programming\SPOJ\SPOJ\Debug\link.6740-rc.read.1.tlog
D:\Osama\Programming\SPOJ\SPOJ\Debug\link.6740-rc.write.1.tlog
D:\Osama\Programming\SPOJ\SPOJ\Debug\link.6740.read.1.tlog
D:\Osama\Programming\SPOJ\SPOJ\Debug\link.6740.write.1.tlog
D:\Osama\Programming\SPOJ\SPOJ\Debug\link.6768-cvtres.read.1.tlog
D:\Osama\Programming\SPOJ\SPOJ\Debug\link.6768-cvtres.write.1.tlog
D:\Osama\Programming\SPOJ\SPOJ\Debug\link.6768-rc.read.1.tlog
D:\Osama\Programming\SPOJ\SPOJ\Debug\link.6768-rc.write.1.tlog
D:\Osama\Programming\SPOJ\SPOJ\Debug\link.6768.read.1.tlog
D:\Osama\Programming\SPOJ\SPOJ\Debug\link.6768.write.1.tlog
D:\Osama\Programming\SPOJ\SPOJ\Debug\link.6780-cvtres.read.1.tlog
D:\Osama\Programming\SPOJ\SPOJ\Debug\link.6780-cvtres.write.1.tlog
D:\Osama\Programming\SPOJ\SPOJ\Debug\link.6780-rc.read.1.tlog
D:\Osama\Programming\SPOJ\SPOJ\Debug\link.6780-rc.write.1.tlog
D:\Osama\Programming\SPOJ\SPOJ\Debug\link.6780.read.1.tlog
D:\Osama\Programming\SPOJ\SPOJ\Debug\link.6780.write.1.tlog
D:\Osama\Programming\SPOJ\SPOJ\Debug\link.6788-cvtres.read.1.tlog
D:\Osama\Programming\SPOJ\SPOJ\Debug\link.6788-cvtres.write.1.tlog
D:\Osama\Programming\SPOJ\SPOJ\Debug\link.6788-rc.read.1.tlog
D:\Osama\Programming\SPOJ\SPOJ\Debug\link.6788-rc.write.1.tlog
D:\Osama\Programming\SPOJ\SPOJ\Debug\link.6788.read.1.tlog
D:\Osama\Programming\SPOJ\SPOJ\Debug\link.6788.write.1.tlog
D:\Osama\Programming\SPOJ\SPOJ\Debug\link.6860-cvtres.read.1.tlog
D:\Osama\Programming\SPOJ\SPOJ\Debug\link.6860-cvtres.write.1.tlog
D:\Osama\Programming\SPOJ\SPOJ\Debug\link.6860-rc.read.1.tlog
D:\Osama\Programming\SPOJ\SPOJ\Debug\link.6860-rc.write.1.tlog
D:\Osama\Programming\SPOJ\SPOJ\Debug\link.6860.read.1.tlog
D:\Osama\Programming\SPOJ\SPOJ\Debug\link.6860.write.1.tlog
D:\Osama\Programming\SPOJ\SPOJ\Debug\link.6884-cvtres.read.1.tlog
D:\Osama\Programming\SPOJ\SPOJ\Debug\link.6884-cvtres.write.1.tlog
D:\Osama\Programming\SPOJ\SPOJ\Debug\link.6884-rc.read.1.tlog
D:\Osama\Programming\SPOJ\SPOJ\Debug\link.6884-rc.write.1.tlog
D:\Osama\Programming\SPOJ\SPOJ\Debug\link.6884.read.1.tlog
D:\Osama\Programming\SPOJ\SPOJ\Debug\link.6884.write.1.tlog
D:\Osama\Programming\SPOJ\SPOJ\Debug\link.6900-cvtres.read.1.tlog
D:\Osama\Programming\SPOJ\SPOJ\Debug\link.6900-cvtres.write.1.tlog
D:\Osama\Programming\SPOJ\SPOJ\Debug\link.6900-rc.read.1.tlog
D:\Osama\Programming\SPOJ\SPOJ\Debug\link.6900-rc.write.1.tlog
D:\Osama\Programming\SPOJ\SPOJ\Debug\link.6900.read.1.tlog
D:\Osama\Programming\SPOJ\SPOJ\Debug\link.6900.write.1.tlog
D:\Osama\Programming\SPOJ\SPOJ\Debug\link.6932-cvtres.read.1.tlog
D:\Osama\Programming\SPOJ\SPOJ\Debug\link.6932-cvtres.write.1.tlog
D:\Osama\Programming\SPOJ\SPOJ\Debug\link.6932-rc.read.1.tlog
D:\Osama\Programming\SPOJ\SPOJ\Debug\link.6932-rc.write.1.tlog
D:\Osama\Programming\SPOJ\SPOJ\Debug\link.6932.read.1.tlog
D:\Osama\Programming\SPOJ\SPOJ\Debug\link.6932.write.1.tlog
D:\Osama\Programming\SPOJ\SPOJ\Debug\link.6992-cvtres.read.1.tlog
D:\Osama\Programming\SPOJ\SPOJ\Debug\link.6992-cvtres.write.1.tlog
D:\Osama\Programming\SPOJ\SPOJ\Debug\link.6992-rc.read.1.tlog
D:\Osama\Programming\SPOJ\SPOJ\Debug\link.6992-rc.write.1.tlog
D:\Osama\Programming\SPOJ\SPOJ\Debug\link.6992.read.1.tlog
D:\Osama\Programming\SPOJ\SPOJ\Debug\link.6992.write.1.tlog
D:\Osama\Programming\SPOJ\SPOJ\Debug\link.7000-cvtres.read.1.tlog
D:\Osama\Programming\SPOJ\SPOJ\Debug\link.7000-cvtres.write.1.tlog
D:\Osama\Programming\SPOJ\SPOJ\Debug\link.7000-rc.read.1.tlog
D:\Osama\Programming\SPOJ\SPOJ\Debug\link.7000-rc.write.1.tlog
D:\Osama\Programming\SPOJ\SPOJ\Debug\link.7000.read.1.tlog
D:\Osama\Programming\SPOJ\SPOJ\Debug\link.7000.write.1.tlog
D:\Osama\Programming\SPOJ\SPOJ\Debug\link.7136-cvtres.read.1.tlog
D:\Osama\Programming\SPOJ\SPOJ\Debug\link.7136-cvtres.write.1.tlog
D:\Osama\Programming\SPOJ\SPOJ\Debug\link.7136-rc.read.1.tlog
D:\Osama\Programming\SPOJ\SPOJ\Debug\link.7136-rc.write.1.tlog
D:\Osama\Programming\SPOJ\SPOJ\Debug\link.7136.read.1.tlog
D:\Osama\Programming\SPOJ\SPOJ\Debug\link.7136.write.1.tlog
D:\Osama\Programming\SPOJ\SPOJ\Debug\link.7160-cvtres.read.1.tlog
D:\Osama\Programming\SPOJ\SPOJ\Debug\link.7160-cvtres.write.1.tlog
D:\Osama\Programming\SPOJ\SPOJ\Debug\link.7160-rc.read.1.tlog
D:\Osama\Programming\SPOJ\SPOJ\Debug\link.7160-rc.write.1.tlog
D:\Osama\Programming\SPOJ\SPOJ\Debug\link.7160.read.1.tlog
D:\Osama\Programming\SPOJ\SPOJ\Debug\link.7160.write.1.tlog
D:\Osama\Programming\SPOJ\SPOJ\Debug\link.7176-cvtres.read.1.tlog
D:\Osama\Programming\SPOJ\SPOJ\Debug\link.7176-cvtres.write.1.tlog
D:\Osama\Programming\SPOJ\SPOJ\Debug\link.7176-rc.read.1.tlog
D:\Osama\Programming\SPOJ\SPOJ\Debug\link.7176-rc.write.1.tlog
D:\Osama\Programming\SPOJ\SPOJ\Debug\link.7176.read.1.tlog
D:\Osama\Programming\SPOJ\SPOJ\Debug\link.7176.write.1.tlog
D:\Osama\Programming\SPOJ\SPOJ\Debug\link.7396-cvtres.read.1.tlog
D:\Osama\Programming\SPOJ\SPOJ\Debug\link.7396-cvtres.write.1.tlog
D:\Osama\Programming\SPOJ\SPOJ\Debug\link.7396-rc.read.1.tlog
D:\Osama\Programming\SPOJ\SPOJ\Debug\link.7396-rc.write.1.tlog
D:\Osama\Programming\SPOJ\SPOJ\Debug\link.7396.read.1.tlog
D:\Osama\Programming\SPOJ\SPOJ\Debug\link.7396.write.1.tlog
D:\Osama\Programming\SPOJ\SPOJ\Debug\link.7420-cvtres.read.1.tlog
D:\Osama\Programming\SPOJ\SPOJ\Debug\link.7420-cvtres.write.1.tlog
D:\Osama\Programming\SPOJ\SPOJ\Debug\link.7420-rc.read.1.tlog
D:\Osama\Programming\SPOJ\SPOJ\Debug\link.7420-rc.write.1.tlog
D:\Osama\Programming\SPOJ\SPOJ\Debug\link.7420.read.1.tlog
D:\Osama\Programming\SPOJ\SPOJ\Debug\link.7420.write.1.tlog
D:\Osama\Programming\SPOJ\SPOJ\Debug\link.7436-cvtres.read.1.tlog
D:\Osama\Programming\SPOJ\SPOJ\Debug\link.7436-cvtres.write.1.tlog
D:\Osama\Programming\SPOJ\SPOJ\Debug\link.7436-rc.read.1.tlog
D:\Osama\Programming\SPOJ\SPOJ\Debug\link.7436-rc.write.1.tlog
D:\Osama\Programming\SPOJ\SPOJ\Debug\link.7436.read.1.tlog
D:\Osama\Programming\SPOJ\SPOJ\Debug\link.7436.write.1.tlog
D:\Osama\Programming\SPOJ\SPOJ\Debug\link.7492-cvtres.read.1.tlog
D:\Osama\Programming\SPOJ\SPOJ\Debug\link.7492-cvtres.write.1.tlog
D:\Osama\Programming\SPOJ\SPOJ\Debug\link.7492-rc.read.1.tlog
D:\Osama\Programming\SPOJ\SPOJ\Debug\link.7492-rc.write.1.tlog
D:\Osama\Programming\SPOJ\SPOJ\Debug\link.7492.read.1.tlog
D:\Osama\Programming\SPOJ\SPOJ\Debug\link.7492.write.1.tlog
D:\Osama\Programming\SPOJ\SPOJ\Debug\link.7540-cvtres.read.1.tlog
D:\Osama\Programming\SPOJ\SPOJ\Debug\link.7540-cvtres.write.1.tlog
D:\Osama\Programming\SPOJ\SPOJ\Debug\link.7540-rc.read.1.tlog
D:\Osama\Programming\SPOJ\SPOJ\Debug\link.7540-rc.write.1.tlog
D:\Osama\Programming\SPOJ\SPOJ\Debug\link.7540.read.1.tlog
D:\Osama\Programming\SPOJ\SPOJ\Debug\link.7540.write.1.tlog
D:\Osama\Programming\SPOJ\SPOJ\Debug\link.7596-cvtres.read.1.tlog
D:\Osama\Programming\SPOJ\SPOJ\Debug\link.7596-cvtres.write.1.tlog
D:\Osama\Programming\SPOJ\SPOJ\Debug\link.7596-rc.read.1.tlog
D:\Osama\Programming\SPOJ\SPOJ\Debug\link.7596-rc.write.1.tlog
D:\Osama\Programming\SPOJ\SPOJ\Debug\link.7596.read.1.tlog
D:\Osama\Programming\SPOJ\SPOJ\Debug\link.7596.write.1.tlog
D:\Osama\Programming\SPOJ\SPOJ\Debug\link.7656-cvtres.read.1.tlog
D:\Osama\Programming\SPOJ\SPOJ\Debug\link.7656-cvtres.write.1.tlog
D:\Osama\Programming\SPOJ\SPOJ\Debug\link.7656-rc.read.1.tlog
D:\Osama\Programming\SPOJ\SPOJ\Debug\link.7656-rc.write.1.tlog
D:\Osama\Programming\SPOJ\SPOJ\Debug\link.7656.read.1.tlog
D:\Osama\Programming\SPOJ\SPOJ\Debug\link.7656.write.1.tlog
D:\Osama\Programming\SPOJ\SPOJ\Debug\link.7780-cvtres.read.1.tlog
D:\Osama\Programming\SPOJ\SPOJ\Debug\link.7780-cvtres.write.1.tlog
D:\Osama\Programming\SPOJ\SPOJ\Debug\link.7780-rc.read.1.tlog
D:\Osama\Programming\SPOJ\SPOJ\Debug\link.7780-rc.write.1.tlog
D:\Osama\Programming\SPOJ\SPOJ\Debug\link.7780.read.1.tlog
D:\Osama\Programming\SPOJ\SPOJ\Debug\link.7780.write.1.tlog
D:\Osama\Programming\SPOJ\SPOJ\Debug\link.7872-cvtres.read.1.tlog
D:\Osama\Programming\SPOJ\SPOJ\Debug\link.7872-cvtres.write.1.tlog
D:\Osama\Programming\SPOJ\SPOJ\Debug\link.7872-rc.read.1.tlog
D:\Osama\Programming\SPOJ\SPOJ\Debug\link.7872-rc.write.1.tlog
D:\Osama\Programming\SPOJ\SPOJ\Debug\link.7872.read.1.tlog
D:\Osama\Programming\SPOJ\SPOJ\Debug\link.7872.write.1.tlog
D:\Osama\Programming\SPOJ\SPOJ\Debug\link.788-cvtres.read.1.tlog
D:\Osama\Programming\SPOJ\SPOJ\Debug\link.788-cvtres.write.1.tlog
D:\Osama\Programming\SPOJ\SPOJ\Debug\link.788-rc.read.1.tlog
D:\Osama\Programming\SPOJ\SPOJ\Debug\link.788-rc.write.1.tlog
D:\Osama\Programming\SPOJ\SPOJ\Debug\link.788.read.1.tlog
D:\Osama\Programming\SPOJ\SPOJ\Debug\link.788.write.1.tlog
D:\Osama\Programming\SPOJ\SPOJ\Debug\link.8028-cvtres.read.1.tlog
D:\Osama\Programming\SPOJ\SPOJ\Debug\link.8028-cvtres.write.1.tlog
D:\Osama\Programming\SPOJ\SPOJ\Debug\link.8028-rc.read.1.tlog
D:\Osama\Programming\SPOJ\SPOJ\Debug\link.8028-rc.write.1.tlog
D:\Osama\Programming\SPOJ\SPOJ\Debug\link.8028.read.1.tlog
D:\Osama\Programming\SPOJ\SPOJ\Debug\link.8028.write.1.tlog
D:\Osama\Programming\SPOJ\SPOJ\Debug\link.8076-cvtres.read.1.tlog
D:\Osama\Programming\SPOJ\SPOJ\Debug\link.8076-cvtres.write.1.tlog
D:\Osama\Programming\SPOJ\SPOJ\Debug\link.8076-rc.read.1.tlog
D:\Osama\Programming\SPOJ\SPOJ\Debug\link.8076-rc.write.1.tlog
D:\Osama\Programming\SPOJ\SPOJ\Debug\link.8076.read.1.tlog
D:\Osama\Programming\SPOJ\SPOJ\Debug\link.8076.write.1.tlog
D:\Osama\Programming\SPOJ\SPOJ\Debug\link.8108-cvtres.read.1.tlog
D:\Osama\Programming\SPOJ\SPOJ\Debug\link.8108-cvtres.write.1.tlog
D:\Osama\Programming\SPOJ\SPOJ\Debug\link.8108-rc.read.1.tlog
D:\Osama\Programming\SPOJ\SPOJ\Debug\link.8108-rc.write.1.tlog
D:\Osama\Programming\SPOJ\SPOJ\Debug\link.8108.read.1.tlog
D:\Osama\Programming\SPOJ\SPOJ\Debug\link.8108.write.1.tlog
D:\Osama\Programming\SPOJ\SPOJ\Debug\link.command.1.tlog
D:\Osama\Programming\SPOJ\SPOJ\Debug\link.read.1.tlog
D:\Osama\Programming\SPOJ\SPOJ\Debug\link.write.1.tlog
D:\Osama\Programming\SPOJ\SPOJ\Debug\vc110.idb
D:\Osama\Programming\SPOJ\SPOJ\Debug\vc110.pdb
D:\Osama\Programming\SPOJ\Debug\SPOJ.pdb
D:\Osama\Programming\SPOJ\Debug\SPOJ.exe
D:\Osama\Programming\SPOJ\Debug\SPOJ.ilk
