  0 1
  1 1
  2 2
  3 1
  4 4
  5 6
  6 4
  7 1
  8 8
  9 28
 10 56
 11 70
 12 56
 13 28
 14 8
 15 1
 16 16
 17 120
 18 560
 19 1820
 20 4368
 21 8008
 22 11440
 23 12870
 24 11440
 25 8008
 26 4368
 27 1820
 28 560
 29 120
 30 16
 31 1
 32 32
 33 496
 34 4960
 35 35960
 36 201376
 37 906192
 38 3365856
 39 10518300
 40 28048800
 41 64512240
 42 129024480
 43 225792840
 44 347373600
 45 471435600
 46 565722720
 47 601080390
 48 565722720
 49 471435600
 50 347373600
 51 225792840
 52 129024480
 53 64512240
 54 28048800
 55 10518300
 56 3365856
 57 906192
 58 201376
 59 35960
 60 4960
 61 496
 62 32
 63 1
 64 64
 65 2016
 66 41664
 67 635376
 68 7624512
 69 74974368
 70 621216192
 71 4426165368
 72 27540584512
 73 151473214816
 74 743595781824
 75 3284214703056
 76 13136858812224
 77 47855699958816
 78 159518999862720
 79 488526937079580
 80 1379370175283520
 81 3601688791018080
 82 8719878125622720
 83 19619725782651120
 84 41107996877935680
 85 80347448443237920
 86 146721427591999680
 87 250649105469666120
 88 401038568751465792
 89 601557853127198688
 90 846636978475316672
 91 1118770292985239888
 92 1388818294740297792
 93 1620288010530347424
 94 1777090076065542336
 95 1832624140942590534
 96 1777090076065542336
 97 1620288010530347424
 98 1388818294740297792
 99 1118770292985239888
100 846636978475316672
101 601557853127198688
102 401038568751465792
103 250649105469666120
104 146721427591999680
105 80347448443237920
106 41107996877935680
107 19619725782651120
108 8719878125622720
109 3601688791018080
110 1379370175283520
111 488526937079580
112 159518999862720
113 47855699958816
114 13136858812224
115 3284214703056
116 743595781824
117 151473214816
118 27540584512
119 4426165368
120 621216192
121 74974368
122 7624512
123 635376
124 41664
125 2016
126 64
127 1
