D:\OSAMA\PROGRAMMING\UVA PROBLEMS\UVA\UVA\DEBUG\TRANSPORTATION SYSTEM.OBJ
D:\OSAMA\PROGRAMMING\UVA PROBLEMS\UVA\UVA\DEBUG\TRAVEL IN DESERT.OBJ
D:\OSAMA\PROGRAMMING\UVA PROBLEMS\UVA\UVA\DEBUG\TREE SUMMING.OBJ
D:\OSAMA\PROGRAMMING\UVA PROBLEMS\UVA\UVA\DEBUG\TROUBLE OF 13-DOTS.OBJ
D:\OSAMA\PROGRAMMING\UVA PROBLEMS\UVA\UVA\DEBUG\TWIN PRIMES.OBJ
D:\OSAMA\PROGRAMMING\UVA PROBLEMS\UVA\UVA\DEBUG\UBIQUITOUS RELIGIONS.OBJ
D:\OSAMA\PROGRAMMING\UVA PROBLEMS\UVA\UVA\DEBUG\ULTRA-QUICKSORT.OBJ
D:\OSAMA\PROGRAMMING\UVA PROBLEMS\UVA\UVA\DEBUG\UNIDIRECTIONAL TSP.OBJ
D:\OSAMA\PROGRAMMING\UVA PROBLEMS\UVA\UVA\DEBUG\VACATION.OBJ
D:\OSAMA\PROGRAMMING\UVA PROBLEMS\UVA\UVA\DEBUG\VERTEX.OBJ
D:\OSAMA\PROGRAMMING\UVA PROBLEMS\UVA\UVA\DEBUG\VIRTUAL FRIENDS.OBJ
D:\OSAMA\PROGRAMMING\UVA PROBLEMS\UVA\UVA\DEBUG\VIRUS.OBJ
D:\OSAMA\PROGRAMMING\UVA PROBLEMS\UVA\UVA\DEBUG\WE SHIP CHEAP.OBJ
D:\OSAMA\PROGRAMMING\UVA PROBLEMS\UVA\UVA\DEBUG\WHAT GOES UP.OBJ
D:\OSAMA\PROGRAMMING\UVA PROBLEMS\UVA\UVA\DEBUG\WORD INDEX.OBJ
D:\OSAMA\PROGRAMMING\UVA PROBLEMS\UVA\UVA\DEBUG\WORD LENGTH AND FREQUENCY.OBJ
D:\OSAMA\PROGRAMMING\UVA PROBLEMS\UVA\UVA\DEBUG\WORD TRANSFORMATION.OBJ
D:\OSAMA\PROGRAMMING\UVA PROBLEMS\UVA\UVA\DEBUG\WORK REDUCTION.OBJ
D:\OSAMA\PROGRAMMING\UVA PROBLEMS\UVA\UVA\DEBUG\WORMHOLES.OBJ
D:\OSAMA\PROGRAMMING\UVA PROBLEMS\UVA\UVA\DEBUG\XYZZY.OBJ
D:\OSAMA\PROGRAMMING\UVA PROBLEMS\UVA\UVA\DEBUG\SWITCH THE LIGHTS.OBJ
D:\OSAMA\PROGRAMMING\UVA PROBLEMS\UVA\UVA\DEBUG\TAKE THE LAND.OBJ
D:\OSAMA\PROGRAMMING\UVA PROBLEMS\UVA\UVA\DEBUG\TEAMS.OBJ
D:\OSAMA\PROGRAMMING\UVA PROBLEMS\UVA\UVA\DEBUG\TESTING THE CATCHER.OBJ
D:\OSAMA\PROGRAMMING\UVA PROBLEMS\UVA\UVA\DEBUG\THE BUG SENSOR PROBLEM.OBJ
D:\OSAMA\PROGRAMMING\UVA PROBLEMS\UVA\UVA\DEBUG\THE JACKPOT.OBJ
D:\OSAMA\PROGRAMMING\UVA PROBLEMS\UVA\UVA\DEBUG\THE NECKLACE.OBJ
D:\OSAMA\PROGRAMMING\UVA PROBLEMS\UVA\UVA\DEBUG\THE ORC ATTACK.OBJ
D:\OSAMA\PROGRAMMING\UVA PROBLEMS\UVA\UVA\DEBUG\THE SUPER POWERS.OBJ
D:\OSAMA\PROGRAMMING\UVA PROBLEMS\UVA\UVA\DEBUG\THE SUSPECTS.OBJ
D:\OSAMA\PROGRAMMING\UVA PROBLEMS\UVA\UVA\DEBUG\THE TOURIST GUIDE.OBJ
D:\OSAMA\PROGRAMMING\UVA PROBLEMS\UVA\UVA\DEBUG\THE TREASURE HUNT.OBJ
D:\OSAMA\PROGRAMMING\UVA PROBLEMS\UVA\UVA\DEBUG\THE TWIN TOWERS.OBJ
D:\OSAMA\PROGRAMMING\UVA PROBLEMS\UVA\UVA\DEBUG\THREE-SQUARE.OBJ
D:\OSAMA\PROGRAMMING\UVA PROBLEMS\UVA\UVA\DEBUG\THUNDER MOUNTAIN.OBJ
D:\OSAMA\PROGRAMMING\UVA PROBLEMS\UVA\UVA\DEBUG\TO CARRY OR NOT TO CARRY.OBJ
D:\OSAMA\PROGRAMMING\UVA PROBLEMS\UVA\UVA\DEBUG\TOWER OF BABYLON.OBJ
D:\OSAMA\PROGRAMMING\UVA PROBLEMS\UVA\UVA\DEBUG\TOWER OF CUBES.OBJ
D:\OSAMA\PROGRAMMING\UVA PROBLEMS\UVA\UVA\DEBUG\TRAFFIC FLOW.OBJ
D:\OSAMA\PROGRAMMING\UVA PROBLEMS\UVA\UVA\DEBUG\TRAINSORTING.OBJ
D:\OSAMA\PROGRAMMING\UVA PROBLEMS\UVA\UVA\DEBUG\REVERSE PRIME.OBJ
D:\OSAMA\PROGRAMMING\UVA PROBLEMS\UVA\UVA\DEBUG\SABOTAGE.OBJ
D:\OSAMA\PROGRAMMING\UVA PROBLEMS\UVA\UVA\DEBUG\SAFE SALUTATIONS.OBJ
D:\OSAMA\PROGRAMMING\UVA PROBLEMS\UVA\UVA\DEBUG\SCARECROW.OBJ
D:\OSAMA\PROGRAMMING\UVA PROBLEMS\UVA\UVA\DEBUG\SCHEDULING LECTURES.OBJ
D:\OSAMA\PROGRAMMING\UVA PROBLEMS\UVA\UVA\DEBUG\SENDING EMAIL.OBJ
D:\OSAMA\PROGRAMMING\UVA PROBLEMS\UVA\UVA\DEBUG\SHOEMAKER'S PROBLEM.OBJ
D:\OSAMA\PROGRAMMING\UVA PROBLEMS\UVA\UVA\DEBUG\SHOPAHOLIC.OBJ
D:\OSAMA\PROGRAMMING\UVA PROBLEMS\UVA\UVA\DEBUG\SIMPLIFYING FRACTIONS.OBJ
D:\OSAMA\PROGRAMMING\UVA PROBLEMS\UVA\UVA\DEBUG\SIMPLY EMIRP.OBJ
D:\OSAMA\PROGRAMMING\UVA PROBLEMS\UVA\UVA\DEBUG\SQUARE SUMS.OBJ
D:\OSAMA\PROGRAMMING\UVA PROBLEMS\UVA\UVA\DEBUG\SQUARES.OBJ
D:\OSAMA\PROGRAMMING\UVA PROBLEMS\UVA\UVA\DEBUG\STICKS.OBJ
D:\OSAMA\PROGRAMMING\UVA PROBLEMS\UVA\UVA\DEBUG\STRATEGIC DEFENSE INITIATIVE.OBJ
D:\OSAMA\PROGRAMMING\UVA PROBLEMS\UVA\UVA\DEBUG\STRING DISTANCE AND TRANSFORM PROCESS.OBJ
D:\OSAMA\PROGRAMMING\UVA PROBLEMS\UVA\UVA\DEBUG\STRING TO PALINDROME.OBJ
D:\OSAMA\PROGRAMMING\UVA PROBLEMS\UVA\UVA\DEBUG\STRINGS.OBJ
D:\OSAMA\PROGRAMMING\UVA PROBLEMS\UVA\UVA\DEBUG\SUM OF CONSECUTIVE PRIME NUMBERS.OBJ
D:\OSAMA\PROGRAMMING\UVA PROBLEMS\UVA\UVA\DEBUG\SUM OF DIFFERENT PRIMES.OBJ
D:\OSAMA\PROGRAMMING\UVA PROBLEMS\UVA\UVA\DEBUG\SUPERSALE.OBJ
D:\OSAMA\PROGRAMMING\UVA PROBLEMS\UVA\UVA\DEBUG\MINIMUM TRANSPORT COST.OBJ
D:\OSAMA\PROGRAMMING\UVA PROBLEMS\UVA\UVA\DEBUG\MOLIU NUMBER GENERATOR.OBJ
D:\OSAMA\PROGRAMMING\UVA PROBLEMS\UVA\UVA\DEBUG\MPI MAELSTROM.OBJ
D:\OSAMA\PROGRAMMING\UVA PROBLEMS\UVA\UVA\DEBUG\MURCIA'S SKYLINE.OBJ
D:\OSAMA\PROGRAMMING\UVA PROBLEMS\UVA\UVA\DEBUG\NATURE.OBJ
D:\OSAMA\PROGRAMMING\UVA PROBLEMS\UVA\UVA\DEBUG\NON-STOP TRAVEL.OBJ
D:\OSAMA\PROGRAMMING\UVA PROBLEMS\UVA\UVA\DEBUG\NUMBERING PATHS.OBJ
D:\OSAMA\PROGRAMMING\UVA PROBLEMS\UVA\UVA\DEBUG\NUTS AND BOLTS.OBJ
D:\OSAMA\PROGRAMMING\UVA PROBLEMS\UVA\UVA\DEBUG\OPTIMAL ARRAY MULTIPLICATION SEQUENCE.OBJ
D:\OSAMA\PROGRAMMING\UVA PROBLEMS\UVA\UVA\DEBUG\ORDERING.OBJ
D:\OSAMA\PROGRAMMING\UVA PROBLEMS\UVA\UVA\DEBUG\PAGE HOPPING.OBJ
D:\OSAMA\PROGRAMMING\UVA PROBLEMS\UVA\UVA\DEBUG\PALINDROME AGAIN.OBJ
D:\OSAMA\PROGRAMMING\UVA PROBLEMS\UVA\UVA\DEBUG\PALINDROMIC SUBSEQUENCE.OBJ
D:\OSAMA\PROGRAMMING\UVA PROBLEMS\UVA\UVA\DEBUG\PASSWORD SEARCH.OBJ
D:\OSAMA\PROGRAMMING\UVA PROBLEMS\UVA\UVA\DEBUG\PASSWORDS.OBJ
D:\OSAMA\PROGRAMMING\UVA PROBLEMS\UVA\UVA\DEBUG\PERMUTATION.OBJ
D:\OSAMA\PROGRAMMING\UVA PROBLEMS\UVA\UVA\DEBUG\POWER TRANSMISSION.OBJ
D:\OSAMA\PROGRAMMING\UVA PROBLEMS\UVA\UVA\DEBUG\POWERSTRINGS.OBJ
D:\OSAMA\PROGRAMMING\UVA PROBLEMS\UVA\UVA\DEBUG\RANSOM NOTE.OBJ
D:\OSAMA\PROGRAMMING\UVA PROBLEMS\UVA\UVA\DEBUG\RE-CONNECTING COMPUTER SITES.OBJ
D:\OSAMA\PROGRAMMING\UVA PROBLEMS\UVA\UVA\DEBUG\K-TH NUMBER.OBJ
D:\OSAMA\PROGRAMMING\UVA PROBLEMS\UVA\UVA\DEBUG\KNIGHT TOUR.OBJ
D:\OSAMA\PROGRAMMING\UVA PROBLEMS\UVA\UVA\DEBUG\LARGEST BLOCK.OBJ
D:\OSAMA\PROGRAMMING\UVA PROBLEMS\UVA\UVA\DEBUG\LARGEST PRIME DIVISOR.OBJ
D:\OSAMA\PROGRAMMING\UVA PROBLEMS\UVA\UVA\DEBUG\LARGEST SUBMATRIX.OBJ
D:\OSAMA\PROGRAMMING\UVA PROBLEMS\UVA\UVA\DEBUG\LCM CARDINALITY.OBJ
D:\OSAMA\PROGRAMMING\UVA PROBLEMS\UVA\UVA\DEBUG\LCM.OBJ
D:\OSAMA\PROGRAMMING\UVA PROBLEMS\UVA\UVA\DEBUG\LET ME COUNT THE WAYS.OBJ
D:\OSAMA\PROGRAMMING\UVA PROBLEMS\UVA\UVA\DEBUG\LIFE FORMS.OBJ
D:\OSAMA\PROGRAMMING\UVA PROBLEMS\UVA\UVA\DEBUG\LONGEST COMMON SUBSEQUENCE.OBJ
D:\OSAMA\PROGRAMMING\UVA PROBLEMS\UVA\UVA\DEBUG\LONGEST MATCH.OBJ
D:\OSAMA\PROGRAMMING\UVA PROBLEMS\UVA\UVA\DEBUG\LONGEST PATHS.OBJ
D:\OSAMA\PROGRAMMING\UVA PROBLEMS\UVA\UVA\DEBUG\LUGGAGE.OBJ
D:\OSAMA\PROGRAMMING\UVA PROBLEMS\UVA\UVA\DEBUG\MAKE PALINDROME.OBJ
D:\OSAMA\PROGRAMMING\UVA PROBLEMS\UVA\UVA\DEBUG\MARCH OF THE PENGUINS.OBJ
D:\OSAMA\PROGRAMMING\UVA PROBLEMS\UVA\UVA\DEBUG\MAXIMUM SUM (II).OBJ
D:\OSAMA\PROGRAMMING\UVA PROBLEMS\UVA\UVA\DEBUG\MAXIMUM SUM ON A TORUS.OBJ
D:\OSAMA\PROGRAMMING\UVA PROBLEMS\UVA\UVA\DEBUG\MAZE TRAVERSAL.OBJ
D:\OSAMA\PROGRAMMING\UVA PROBLEMS\UVA\UVA\DEBUG\MEETING PROF. MIGUEL...OBJ
D:\OSAMA\PROGRAMMING\UVA PROBLEMS\UVA\UVA\DEBUG\MEMORY OVERFLOW.OBJ
D:\OSAMA\PROGRAMMING\UVA PROBLEMS\UVA\UVA\DEBUG\HEAVY CARGO.OBJ
D:\OSAMA\PROGRAMMING\UVA PROBLEMS\UVA\UVA\DEBUG\HEAVY CYCLE EDGES.OBJ
D:\OSAMA\PROGRAMMING\UVA PROBLEMS\UVA\UVA\DEBUG\HIGHWAYS.OBJ
D:\OSAMA\PROGRAMMING\UVA PROBLEMS\UVA\UVA\DEBUG\HIPPITY HOPSCOTCH.OBJ
D:\OSAMA\PROGRAMMING\UVA PROBLEMS\UVA\UVA\DEBUG\HISTORY GRADING.OBJ
D:\OSAMA\PROGRAMMING\UVA PROBLEMS\UVA\UVA\DEBUG\HOMEWORK CHECKER.OBJ
D:\OSAMA\PROGRAMMING\UVA PROBLEMS\UVA\UVA\DEBUG\HOW DO YOU ADD.OBJ
D:\OSAMA\PROGRAMMING\UVA PROBLEMS\UVA\UVA\DEBUG\HOW MANY DEPENDENCIES.OBJ
D:\OSAMA\PROGRAMMING\UVA PROBLEMS\UVA\UVA\DEBUG\HOW MANY PIECES OF LAND.OBJ
D:\OSAMA\PROGRAMMING\UVA PROBLEMS\UVA\UVA\DEBUG\I LOVE STRINGS!!.OBJ
D:\OSAMA\PROGRAMMING\UVA PROBLEMS\UVA\UVA\DEBUG\IDENTIFYING CONCURRENT EVENTS.OBJ
D:\OSAMA\PROGRAMMING\UVA PROBLEMS\UVA\UVA\DEBUG\IGNORING DIGITS.OBJ
D:\OSAMA\PROGRAMMING\UVA PROBLEMS\UVA\UVA\DEBUG\INGENUOUS CUBRENCY.OBJ
D:\OSAMA\PROGRAMMING\UVA PROBLEMS\UVA\UVA\DEBUG\INTELLECTUAL PROPERTY.OBJ
D:\OSAMA\PROGRAMMING\UVA PROBLEMS\UVA\UVA\DEBUG\INTERNET BANDWIDTH.OBJ
D:\OSAMA\PROGRAMMING\UVA PROBLEMS\UVA\UVA\DEBUG\INTERSTAR TRANSPORT.OBJ
D:\OSAMA\PROGRAMMING\UVA PROBLEMS\UVA\UVA\DEBUG\INVITATION CARDS.OBJ
D:\OSAMA\PROGRAMMING\UVA PROBLEMS\UVA\UVA\DEBUG\IS IT A TREE.OBJ
D:\OSAMA\PROGRAMMING\UVA PROBLEMS\UVA\UVA\DEBUG\JUGS.OBJ
D:\OSAMA\PROGRAMMING\UVA PROBLEMS\UVA\UVA\DEBUG\JUMPING CHAMPION.OBJ
D:\OSAMA\PROGRAMMING\UVA PROBLEMS\UVA\UVA\DEBUG\FIRE STATION.OBJ
D:\OSAMA\PROGRAMMING\UVA PROBLEMS\UVA\UVA\DEBUG\FIRETRUCK.OBJ
D:\OSAMA\PROGRAMMING\UVA PROBLEMS\UVA\UVA\DEBUG\FLEA CIRCUS.OBJ
D:\OSAMA\PROGRAMMING\UVA PROBLEMS\UVA\UVA\DEBUG\FLIGHT PLANNER.OBJ
D:\OSAMA\PROGRAMMING\UVA PROBLEMS\UVA\UVA\DEBUG\FOLLOWING ORDERS.OBJ
D:\OSAMA\PROGRAMMING\UVA PROBLEMS\UVA\UVA\DEBUG\FORESTS.OBJ
D:\OSAMA\PROGRAMMING\UVA PROBLEMS\UVA\UVA\DEBUG\FRECKLES.OBJ
D:\OSAMA\PROGRAMMING\UVA PROBLEMS\UVA\UVA\DEBUG\FREQUENT SUBSTRINGS.OBJ
D:\OSAMA\PROGRAMMING\UVA PROBLEMS\UVA\UVA\DEBUG\FREQUENT VALUES.OBJ
D:\OSAMA\PROGRAMMING\UVA PROBLEMS\UVA\UVA\DEBUG\FRIENDS.OBJ
D:\OSAMA\PROGRAMMING\UVA PROBLEMS\UVA\UVA\DEBUG\FROGGER.OBJ
D:\OSAMA\PROGRAMMING\UVA PROBLEMS\UVA\UVA\DEBUG\FROSH WEEK.OBJ
D:\OSAMA\PROGRAMMING\UVA PROBLEMS\UVA\UVA\DEBUG\GAME OF SUM.OBJ
D:\OSAMA\PROGRAMMING\UVA PROBLEMS\UVA\UVA\DEBUG\GATTACA.OBJ
D:\OSAMA\PROGRAMMING\UVA PROBLEMS\UVA\UVA\DEBUG\GETTING IN LINE.OBJ
D:\OSAMA\PROGRAMMING\UVA PROBLEMS\UVA\UVA\DEBUG\GOLDBACH AND EULER.OBJ
D:\OSAMA\PROGRAMMING\UVA PROBLEMS\UVA\UVA\DEBUG\GRAPH COLORING.OBJ
D:\OSAMA\PROGRAMMING\UVA PROBLEMS\UVA\UVA\DEBUG\GREATEST K-PALINDROME SUBSTRING.OBJ
D:\OSAMA\PROGRAMMING\UVA PROBLEMS\UVA\UVA\DEBUG\GUN FIGHT.OBJ
D:\OSAMA\PROGRAMMING\UVA PROBLEMS\UVA\UVA\DEBUG\HAPPY 12.OBJ
D:\OSAMA\PROGRAMMING\UVA PROBLEMS\UVA\UVA\DEBUG\DIVING FOR GOLD.OBJ
D:\OSAMA\PROGRAMMING\UVA PROBLEMS\UVA\UVA\DEBUG\DIVISOR GAME.OBJ
D:\OSAMA\PROGRAMMING\UVA PROBLEMS\UVA\UVA\DEBUG\DNA SEQUENCING.OBJ
D:\OSAMA\PROGRAMMING\UVA PROBLEMS\UVA\UVA\DEBUG\DO YOUR OWN HOMEWORK.OBJ
D:\OSAMA\PROGRAMMING\UVA PROBLEMS\UVA\UVA\DEBUG\DOLLARS.OBJ
D:\OSAMA\PROGRAMMING\UVA PROBLEMS\UVA\UVA\DEBUG\DOMINATOR.OBJ
D:\OSAMA\PROGRAMMING\UVA PROBLEMS\UVA\UVA\DEBUG\DOMINOS.OBJ
D:\OSAMA\PROGRAMMING\UVA PROBLEMS\UVA\UVA\DEBUG\DRIVING RANGE.OBJ
D:\OSAMA\PROGRAMMING\UVA PROBLEMS\UVA\UVA\DEBUG\DYING TREE.OBJ
D:\OSAMA\PROGRAMMING\UVA PROBLEMS\UVA\UVA\DEBUG\DYNAMIC FROG.OBJ
D:\OSAMA\PROGRAMMING\UVA PROBLEMS\UVA\UVA\DEBUG\E-COINS.OBJ
D:\OSAMA\PROGRAMMING\UVA PROBLEMS\UVA\UVA\DEBUG\ENCHANTED FOREST.OBJ
D:\OSAMA\PROGRAMMING\UVA PROBLEMS\UVA\UVA\DEBUG\ETRUSCAN WARRIORS NEVER PLAY CHESS.OBJ
D:\OSAMA\PROGRAMMING\UVA PROBLEMS\UVA\UVA\DEBUG\EULER CIRCUIT.OBJ
D:\OSAMA\PROGRAMMING\UVA PROBLEMS\UVA\UVA\DEBUG\EXCUSES, EXCUSES!.OBJ
D:\OSAMA\PROGRAMMING\UVA PROBLEMS\UVA\UVA\DEBUG\EXPENSIVE SUBWAY.OBJ
D:\OSAMA\PROGRAMMING\UVA PROBLEMS\UVA\UVA\DEBUG\EXTEND TO PALINDROME.OBJ
D:\OSAMA\PROGRAMMING\UVA PROBLEMS\UVA\UVA\DEBUG\FACTORS AND MULTIPLES.OBJ
D:\OSAMA\PROGRAMMING\UVA PROBLEMS\UVA\UVA\DEBUG\FILL.OBJ
D:\OSAMA\PROGRAMMING\UVA PROBLEMS\UVA\UVA\DEBUG\FIND THE MULTIPLE.OBJ
D:\OSAMA\PROGRAMMING\UVA PROBLEMS\UVA\UVA\DEBUG\CARDS.OBJ
D:\OSAMA\PROGRAMMING\UVA PROBLEMS\UVA\UVA\DEBUG\CHOOSE AND DIVIDE.OBJ
D:\OSAMA\PROGRAMMING\UVA PROBLEMS\UVA\UVA\DEBUG\CLAW DECOMPOSITION.OBJ
D:\OSAMA\PROGRAMMING\UVA PROBLEMS\UVA\UVA\DEBUG\COIN CHANGE.OBJ
D:\OSAMA\PROGRAMMING\UVA PROBLEMS\UVA\UVA\DEBUG\COLLECTING BEEPERS.OBJ
D:\OSAMA\PROGRAMMING\UVA PROBLEMS\UVA\UVA\DEBUG\COME AND GO.OBJ
D:\OSAMA\PROGRAMMING\UVA PROBLEMS\UVA\UVA\DEBUG\COMMANDOS.OBJ
D:\OSAMA\PROGRAMMING\UVA PROBLEMS\UVA\UVA\DEBUG\COMPOUND WORDS.OBJ
D:\OSAMA\PROGRAMMING\UVA PROBLEMS\UVA\UVA\DEBUG\COMPROMISE.OBJ
D:\OSAMA\PROGRAMMING\UVA PROBLEMS\UVA\UVA\DEBUG\CONNECT THE CAMPUS.OBJ
D:\OSAMA\PROGRAMMING\UVA PROBLEMS\UVA\UVA\DEBUG\CONTINENTS.OBJ
D:\OSAMA\PROGRAMMING\UVA PROBLEMS\UVA\UVA\DEBUG\CONTOUR PAINTING.OBJ
D:\OSAMA\PROGRAMMING\UVA PROBLEMS\UVA\UVA\DEBUG\COPYING BOOKS.OBJ
D:\OSAMA\PROGRAMMING\UVA PROBLEMS\UVA\UVA\DEBUG\CREATING PALINDROME.OBJ
D:\OSAMA\PROGRAMMING\UVA PROBLEMS\UVA\UVA\DEBUG\CRITICAL LINKS.OBJ
D:\OSAMA\PROGRAMMING\UVA PROBLEMS\UVA\UVA\DEBUG\CUTTING STICKS.OBJ
D:\OSAMA\PROGRAMMING\UVA PROBLEMS\UVA\UVA\DEBUG\DATA FLOW.OBJ
D:\OSAMA\PROGRAMMING\UVA PROBLEMS\UVA\UVA\DEBUG\DIJKSTRA, DIJKSTRA.OBJ
D:\OSAMA\PROGRAMMING\UVA PROBLEMS\UVA\UVA\DEBUG\DISTINCT SUBSTRING.OBJ
D:\OSAMA\PROGRAMMING\UVA PROBLEMS\UVA\UVA\DEBUG\DIVIDING COINS.OBJ
D:\OSAMA\PROGRAMMING\UVA PROBLEMS\UVA\UVA\DEBUG\ANAGRAMMATIC PRIMES.OBJ
D:\OSAMA\PROGRAMMING\UVA PROBLEMS\UVA\UVA\DEBUG\ANTI BRUTE FORCE LOCK.OBJ
D:\OSAMA\PROGRAMMING\UVA PROBLEMS\UVA\UVA\DEBUG\ANTIMONOTONICITY.OBJ
D:\OSAMA\PROGRAMMING\UVA PROBLEMS\UVA\UVA\DEBUG\ANTS.OBJ
D:\OSAMA\PROGRAMMING\UVA PROBLEMS\UVA\UVA\DEBUG\ARBITRAGE.OBJ
D:\OSAMA\PROGRAMMING\UVA PROBLEMS\UVA\UVA\DEBUG\ARCTIC NETWORK.OBJ
D:\OSAMA\PROGRAMMING\UVA PROBLEMS\UVA\UVA\DEBUG\ASTERIX AND OBELIX.OBJ
D:\OSAMA\PROGRAMMING\UVA PROBLEMS\UVA\UVA\DEBUG\AUDIOPHOBIA.OBJ
D:\OSAMA\PROGRAMMING\UVA PROBLEMS\UVA\UVA\DEBUG\AVOIDING YOUR BOSS.OBJ
D:\OSAMA\PROGRAMMING\UVA PROBLEMS\UVA\UVA\DEBUG\BEST COMPRESSION EVER.OBJ
D:\OSAMA\PROGRAMMING\UVA PROBLEMS\UVA\UVA\DEBUG\BICOLORING.OBJ
D:\OSAMA\PROGRAMMING\UVA PROBLEMS\UVA\UVA\DEBUG\BINARY SEARCH TREE.OBJ
D:\OSAMA\PROGRAMMING\UVA PROBLEMS\UVA\UVA\DEBUG\BINOMIAL SHOWDOWN.OBJ
D:\OSAMA\PROGRAMMING\UVA PROBLEMS\UVA\UVA\DEBUG\BINOMIAL THEOREM.OBJ
D:\OSAMA\PROGRAMMING\UVA PROBLEMS\UVA\UVA\DEBUG\BLACK AND WHITE PAINTING.OBJ
D:\OSAMA\PROGRAMMING\UVA PROBLEMS\UVA\UVA\DEBUG\BLOCK VOTING.OBJ
D:\OSAMA\PROGRAMMING\UVA PROBLEMS\UVA\UVA\DEBUG\BOXES.OBJ
D:\OSAMA\PROGRAMMING\UVA PROBLEMS\UVA\UVA\DEBUG\BUBBLES AND BUCKETS.OBJ
D:\OSAMA\PROGRAMMING\UVA PROBLEMS\UVA\UVA\DEBUG\BUS DRIVER PROBLEM.OBJ
D:\OSAMA\PROGRAMMING\UVA PROBLEMS\UVA\UVA\DEBUG\CAMEL TRADING.OBJ
D:\OSAMA\PROGRAMMING\UVA PROBLEMS\UVA\UVA\DEBUG\05-2 RENDEZVOUS.OBJ
D:\OSAMA\PROGRAMMING\UVA PROBLEMS\UVA\UVA\DEBUG\10199 - TOURIST GUIDE.OBJ
D:\OSAMA\PROGRAMMING\UVA PROBLEMS\UVA\UVA\DEBUG\A MULTIPLICATION GAME.OBJ
D:\OSAMA\PROGRAMMING\UVA PROBLEMS\UVA\UVA\DEBUG\A PLUG FOR UNIX.OBJ
D:\OSAMA\PROGRAMMING\UVA PROBLEMS\UVA\UVA\DEBUG\ADD ALL.OBJ
D:\OSAMA\PROGRAMMING\UVA PROBLEMS\UVA\UVA\DEBUG\AHOY, PIRATES!.OBJ
D:\OSAMA\PROGRAMMING\UVA PROBLEMS\UVA\UVA\DEBUG\AIRLINE COMPARISON.OBJ
D:\OSAMA\PROGRAMMING\UVA PROBLEMS\UVA\UVA\DEBUG\AIRPORTS.OBJ
D:\OSAMA\PROGRAMMING\UVA PROBLEMS\UVA\UVA\DEBUG\ALASKA.OBJ
D:\OSAMA\PROGRAMMING\UVA PROBLEMS\UVA\UVA\DEBUG\ALL ROADS LEAD WHERE.OBJ
D:\OSAMA\PROGRAMMING\UVA PROBLEMS\UVA\UVA\DEBUG\ALMOST PRIME NUMBERS.OBJ
D:\OSAMA\PROGRAMMING\UVA PROBLEMS\UVA\UVA\DEBUG\ALWAYS LATE.OBJ
D:\OSAMA\PROGRAMMING\UVA PROBLEMS\UVA\UVA\DEBUG\VC110.PDB
D:\OSAMA\PROGRAMMING\UVA PROBLEMS\UVA\UVA\DEBUG\PARSE.OBJ
D:\OSAMA\PROGRAMMING\UVA PROBLEMS\UVA\UVA\DEBUG\GUESS NUMBERS.OBJ
D:\OSAMA\PROGRAMMING\UVA PROBLEMS\UVA\UVA\DEBUG\REMOTELAND.OBJ
D:\OSAMA\PROGRAMMING\UVA PROBLEMS\UVA\UVA\DEBUG\ARRANGING HEAPS.OBJ
D:\OSAMA\PROGRAMMING\UVA PROBLEMS\UVA\UVA\DEBUG\BIGGER IS BETTER.OBJ
D:\OSAMA\PROGRAMMING\UVA PROBLEMS\UVA\UVA\DEBUG\FAST FOOD.OBJ
D:\OSAMA\PROGRAMMING\UVA PROBLEMS\UVA\UVA\DEBUG\LOVELY HINT.OBJ
D:\OSAMA\PROGRAMMING\UVA PROBLEMS\UVA\UVA\DEBUG\GONE FISHING.OBJ
D:\Osama\Programming\UVA Problems\UVA\UVA\Debug\05-2 Rendezvous.obj
D:\Osama\Programming\UVA Problems\UVA\UVA\Debug\10199 - Tourist Guide.obj
D:\Osama\Programming\UVA Problems\UVA\UVA\Debug\A Multiplication Game.obj
D:\Osama\Programming\UVA Problems\UVA\UVA\Debug\A Plug for UNIX.obj
D:\Osama\Programming\UVA Problems\UVA\UVA\Debug\Add All.obj
D:\Osama\Programming\UVA Problems\UVA\UVA\Debug\Ahoy, Pirates!.obj
D:\Osama\Programming\UVA Problems\UVA\UVA\Debug\Airline Comparison.obj
D:\Osama\Programming\UVA Problems\UVA\UVA\Debug\Airports.obj
D:\Osama\Programming\UVA Problems\UVA\UVA\Debug\Alaska.obj
D:\Osama\Programming\UVA Problems\UVA\UVA\Debug\All Roads Lead Where.obj
D:\Osama\Programming\UVA Problems\UVA\UVA\Debug\Almost Prime Numbers.obj
D:\Osama\Programming\UVA Problems\UVA\UVA\Debug\Always Late.obj
D:\Osama\Programming\UVA Problems\UVA\UVA\Debug\Anagrammatic Primes.obj
D:\Osama\Programming\UVA Problems\UVA\UVA\Debug\Anti Brute Force Lock.obj
D:\Osama\Programming\UVA Problems\UVA\UVA\Debug\Antimonotonicity.obj
D:\Osama\Programming\UVA Problems\UVA\UVA\Debug\Ants.obj
D:\Osama\Programming\UVA Problems\UVA\UVA\Debug\Arbitrage.obj
D:\Osama\Programming\UVA Problems\UVA\UVA\Debug\Arctic Network.obj
D:\Osama\Programming\UVA Problems\UVA\UVA\Debug\Arranging Heaps.obj
D:\Osama\Programming\UVA Problems\UVA\UVA\Debug\Asterix and Obelix.obj
D:\Osama\Programming\UVA Problems\UVA\UVA\Debug\Audiophobia.obj
D:\Osama\Programming\UVA Problems\UVA\UVA\Debug\Avoiding Your Boss.obj
D:\Osama\Programming\UVA Problems\UVA\UVA\Debug\Best Compression Ever.obj
D:\Osama\Programming\UVA Problems\UVA\UVA\Debug\Bicoloring.obj
D:\Osama\Programming\UVA Problems\UVA\UVA\Debug\Bigger is Better.obj
D:\Osama\Programming\UVA Problems\UVA\UVA\Debug\Binary Search Tree.obj
D:\Osama\Programming\UVA Problems\UVA\UVA\Debug\Binomial Showdown.obj
D:\Osama\Programming\UVA Problems\UVA\UVA\Debug\Binomial Theorem.obj
D:\Osama\Programming\UVA Problems\UVA\UVA\Debug\Black and white painting.obj
D:\Osama\Programming\UVA Problems\UVA\UVA\Debug\Block Voting.obj
D:\Osama\Programming\UVA Problems\UVA\UVA\Debug\Boxes.obj
D:\Osama\Programming\UVA Problems\UVA\UVA\Debug\Bubbles and Buckets.obj
D:\Osama\Programming\UVA Problems\UVA\UVA\Debug\Bus Driver Problem.obj
D:\Osama\Programming\UVA Problems\UVA\UVA\Debug\Camel Trading.obj
D:\Osama\Programming\UVA Problems\UVA\UVA\Debug\Cards.obj
D:\Osama\Programming\UVA Problems\UVA\UVA\Debug\Choose and Divide.obj
D:\Osama\Programming\UVA Problems\UVA\UVA\Debug\Claw Decomposition.obj
D:\Osama\Programming\UVA Problems\UVA\UVA\Debug\Coin Change.obj
D:\Osama\Programming\UVA Problems\UVA\UVA\Debug\Collecting Beepers.obj
D:\Osama\Programming\UVA Problems\UVA\UVA\Debug\Come and Go.obj
D:\Osama\Programming\UVA Problems\UVA\UVA\Debug\Commandos.obj
D:\Osama\Programming\UVA Problems\UVA\UVA\Debug\Compound Words.obj
D:\Osama\Programming\UVA Problems\UVA\UVA\Debug\Compromise.obj
D:\Osama\Programming\UVA Problems\UVA\UVA\Debug\Connect the Campus.obj
D:\Osama\Programming\UVA Problems\UVA\UVA\Debug\Continents.obj
D:\Osama\Programming\UVA Problems\UVA\UVA\Debug\Contour Painting.obj
D:\Osama\Programming\UVA Problems\UVA\UVA\Debug\Copying Books.obj
D:\Osama\Programming\UVA Problems\UVA\UVA\Debug\Creating Palindrome.obj
D:\Osama\Programming\UVA Problems\UVA\UVA\Debug\Critical Links.obj
D:\Osama\Programming\UVA Problems\UVA\UVA\Debug\Cutting Sticks.obj
D:\Osama\Programming\UVA Problems\UVA\UVA\Debug\Data Flow.obj
D:\Osama\Programming\UVA Problems\UVA\UVA\Debug\Dijkstra, Dijkstra.obj
D:\Osama\Programming\UVA Problems\UVA\UVA\Debug\Distinct Substring.obj
D:\Osama\Programming\UVA Problems\UVA\UVA\Debug\Dividing Coins.obj
D:\Osama\Programming\UVA Problems\UVA\UVA\Debug\Diving for Gold.obj
D:\Osama\Programming\UVA Problems\UVA\UVA\Debug\Divisor Game.obj
D:\Osama\Programming\UVA Problems\UVA\UVA\Debug\DNA Sequencing.obj
D:\Osama\Programming\UVA Problems\UVA\UVA\Debug\Do Your Own Homework.obj
D:\Osama\Programming\UVA Problems\UVA\UVA\Debug\Dollars.obj
D:\Osama\Programming\UVA Problems\UVA\UVA\Debug\Dominator.obj
D:\Osama\Programming\UVA Problems\UVA\UVA\Debug\Dominos.obj
D:\Osama\Programming\UVA Problems\UVA\UVA\Debug\Driving Range.obj
D:\Osama\Programming\UVA Problems\UVA\UVA\Debug\Dying Tree.obj
D:\Osama\Programming\UVA Problems\UVA\UVA\Debug\Dynamic Frog.obj
D:\Osama\Programming\UVA Problems\UVA\UVA\Debug\e-coins.obj
D:\Osama\Programming\UVA Problems\UVA\UVA\Debug\Enchanted Forest.obj
D:\Osama\Programming\UVA Problems\UVA\UVA\Debug\Etruscan Warriors Never Play Chess.obj
D:\Osama\Programming\UVA Problems\UVA\UVA\Debug\Euler Circuit.obj
D:\Osama\Programming\UVA Problems\UVA\UVA\Debug\Excuses, Excuses!.obj
D:\Osama\Programming\UVA Problems\UVA\UVA\Debug\Expensive subway.obj
D:\Osama\Programming\UVA Problems\UVA\UVA\Debug\Extend to Palindrome.obj
D:\Osama\Programming\UVA Problems\UVA\UVA\Debug\Factors and Multiples.obj
D:\Osama\Programming\UVA Problems\UVA\UVA\Debug\Fast Food.obj
D:\Osama\Programming\UVA Problems\UVA\UVA\Debug\Fill.obj
D:\Osama\Programming\UVA Problems\UVA\UVA\Debug\Find The Multiple.obj
D:\Osama\Programming\UVA Problems\UVA\UVA\Debug\Fire Station.obj
D:\Osama\Programming\UVA Problems\UVA\UVA\Debug\Firetruck.obj
D:\Osama\Programming\UVA Problems\UVA\UVA\Debug\Flea circus.obj
D:\Osama\Programming\UVA Problems\UVA\UVA\Debug\Flight Planner.obj
D:\Osama\Programming\UVA Problems\UVA\UVA\Debug\Following Orders.obj
D:\Osama\Programming\UVA Problems\UVA\UVA\Debug\Forests.obj
D:\Osama\Programming\UVA Problems\UVA\UVA\Debug\Freckles.obj
D:\Osama\Programming\UVA Problems\UVA\UVA\Debug\Frequent Substrings.obj
D:\Osama\Programming\UVA Problems\UVA\UVA\Debug\Frequent Values.obj
D:\Osama\Programming\UVA Problems\UVA\UVA\Debug\Friends.obj
D:\Osama\Programming\UVA Problems\UVA\UVA\Debug\Frogger.obj
D:\Osama\Programming\UVA Problems\UVA\UVA\Debug\Frosh Week.obj
D:\Osama\Programming\UVA Problems\UVA\UVA\Debug\Game of Sum.obj
D:\Osama\Programming\UVA Problems\UVA\UVA\Debug\GATTACA.obj
D:\Osama\Programming\UVA Problems\UVA\UVA\Debug\Getting in Line.obj
D:\Osama\Programming\UVA Problems\UVA\UVA\Debug\Goldbach and Euler.obj
D:\Osama\Programming\UVA Problems\UVA\UVA\Debug\Gone Fishing.obj
D:\Osama\Programming\UVA Problems\UVA\UVA\Debug\Graph Coloring.obj
D:\Osama\Programming\UVA Problems\UVA\UVA\Debug\Greatest K-Palindrome Substring.obj
D:\Osama\Programming\UVA Problems\UVA\UVA\Debug\Guess Numbers.obj
D:\Osama\Programming\UVA Problems\UVA\UVA\Debug\Gun Fight.obj
D:\Osama\Programming\UVA Problems\UVA\UVA\Debug\Happy 12.obj
D:\Osama\Programming\UVA Problems\UVA\UVA\Debug\Heavy Cargo.obj
D:\Osama\Programming\UVA Problems\UVA\UVA\Debug\Heavy Cycle Edges.obj
D:\Osama\Programming\UVA Problems\UVA\UVA\Debug\Highways.obj
D:\Osama\Programming\UVA Problems\UVA\UVA\Debug\Hippity Hopscotch.obj
D:\Osama\Programming\UVA Problems\UVA\UVA\Debug\History Grading.obj
D:\Osama\Programming\UVA Problems\UVA\UVA\Debug\Homework Checker.obj
D:\Osama\Programming\UVA Problems\UVA\UVA\Debug\How do you add.obj
D:\Osama\Programming\UVA Problems\UVA\UVA\Debug\How Many Dependencies.obj
D:\Osama\Programming\UVA Problems\UVA\UVA\Debug\How Many Pieces of Land.obj
D:\Osama\Programming\UVA Problems\UVA\UVA\Debug\I Love Strings!!.obj
D:\Osama\Programming\UVA Problems\UVA\UVA\Debug\Identifying Concurrent Events.obj
D:\Osama\Programming\UVA Problems\UVA\UVA\Debug\Ignoring Digits.obj
D:\Osama\Programming\UVA Problems\UVA\UVA\Debug\Ingenuous Cubrency.obj
D:\Osama\Programming\UVA Problems\UVA\UVA\Debug\Intellectual Property.obj
D:\Osama\Programming\UVA Problems\UVA\UVA\Debug\Internet Bandwidth.obj
D:\Osama\Programming\UVA Problems\UVA\UVA\Debug\Interstar Transport.obj
D:\Osama\Programming\UVA Problems\UVA\UVA\Debug\Invitation Cards.obj
D:\Osama\Programming\UVA Problems\UVA\UVA\Debug\Is It A Tree.obj
D:\Osama\Programming\UVA Problems\UVA\UVA\Debug\Jugs.obj
D:\Osama\Programming\UVA Problems\UVA\UVA\Debug\Jumping Champion.obj
D:\Osama\Programming\UVA Problems\UVA\UVA\Debug\K-th Number.obj
D:\Osama\Programming\UVA Problems\UVA\UVA\Debug\Knight Tour.obj
D:\Osama\Programming\UVA Problems\UVA\UVA\Debug\Largest Block.obj
D:\Osama\Programming\UVA Problems\UVA\UVA\Debug\Largest Prime Divisor.obj
D:\Osama\Programming\UVA Problems\UVA\UVA\Debug\Largest Submatrix.obj
D:\Osama\Programming\UVA Problems\UVA\UVA\Debug\LCM Cardinality.obj
D:\Osama\Programming\UVA Problems\UVA\UVA\Debug\LCM.obj
D:\Osama\Programming\UVA Problems\UVA\UVA\Debug\Let Me Count The Ways.obj
D:\Osama\Programming\UVA Problems\UVA\UVA\Debug\Life Forms.obj
D:\Osama\Programming\UVA Problems\UVA\UVA\Debug\Longest Common Subsequence.obj
D:\Osama\Programming\UVA Problems\UVA\UVA\Debug\Longest Match.obj
D:\Osama\Programming\UVA Problems\UVA\UVA\Debug\Longest Paths.obj
D:\Osama\Programming\UVA Problems\UVA\UVA\Debug\Lovely Hint.obj
D:\Osama\Programming\UVA Problems\UVA\UVA\Debug\Luggage.obj
D:\Osama\Programming\UVA Problems\UVA\UVA\Debug\Make Palindrome.obj
D:\Osama\Programming\UVA Problems\UVA\UVA\Debug\March of the Penguins.obj
D:\Osama\Programming\UVA Problems\UVA\UVA\Debug\Maximum Sum (II).obj
D:\Osama\Programming\UVA Problems\UVA\UVA\Debug\Maximum sum on a torus.obj
D:\Osama\Programming\UVA Problems\UVA\UVA\Debug\Maze Traversal.obj
D:\Osama\Programming\UVA Problems\UVA\UVA\Debug\Meeting Prof. Miguel...obj
D:\Osama\Programming\UVA Problems\UVA\UVA\Debug\Memory Overflow.obj
D:\Osama\Programming\UVA Problems\UVA\UVA\Debug\Minimum Transport Cost.obj
D:\Osama\Programming\UVA Problems\UVA\UVA\Debug\Moliu Number Generator.obj
D:\Osama\Programming\UVA Problems\UVA\UVA\Debug\MPI Maelstrom.obj
D:\Osama\Programming\UVA Problems\UVA\UVA\Debug\Murcia's Skyline.obj
D:\Osama\Programming\UVA Problems\UVA\UVA\Debug\Nature.obj
D:\Osama\Programming\UVA Problems\UVA\UVA\Debug\Non-Stop Travel.obj
D:\Osama\Programming\UVA Problems\UVA\UVA\Debug\Numbering Paths.obj
D:\Osama\Programming\UVA Problems\UVA\UVA\Debug\Nuts and Bolts.obj
D:\Osama\Programming\UVA Problems\UVA\UVA\Debug\Optimal Array Multiplication Sequence.obj
D:\Osama\Programming\UVA Problems\UVA\UVA\Debug\Ordering.obj
D:\Osama\Programming\UVA Problems\UVA\UVA\Debug\Page Hopping.obj
D:\Osama\Programming\UVA Problems\UVA\UVA\Debug\Palindrome Again.obj
D:\Osama\Programming\UVA Problems\UVA\UVA\Debug\Palindromic Subsequence.obj
D:\Osama\Programming\UVA Problems\UVA\UVA\Debug\Parse.obj
D:\Osama\Programming\UVA Problems\UVA\UVA\Debug\Password Search.obj
D:\Osama\Programming\UVA Problems\UVA\UVA\Debug\Passwords.obj
D:\Osama\Programming\UVA Problems\UVA\UVA\Debug\Permutation.obj
D:\Osama\Programming\UVA Problems\UVA\UVA\Debug\Power Transmission.obj
D:\Osama\Programming\UVA Problems\UVA\UVA\Debug\PowerStrings.obj
D:\Osama\Programming\UVA Problems\UVA\UVA\Debug\Ransom Note.obj
D:\Osama\Programming\UVA Problems\UVA\UVA\Debug\Re-connecting Computer Sites.obj
D:\Osama\Programming\UVA Problems\UVA\UVA\Debug\Remoteland.obj
D:\Osama\Programming\UVA Problems\UVA\UVA\Debug\Reverse Prime.obj
D:\Osama\Programming\UVA Problems\UVA\UVA\Debug\Sabotage.obj
D:\Osama\Programming\UVA Problems\UVA\UVA\Debug\Safe Salutations.obj
D:\Osama\Programming\UVA Problems\UVA\UVA\Debug\Scarecrow.obj
D:\Osama\Programming\UVA Problems\UVA\UVA\Debug\Scheduling Lectures.obj
D:\Osama\Programming\UVA Problems\UVA\UVA\Debug\Sending email.obj
D:\Osama\Programming\UVA Problems\UVA\UVA\Debug\Shoemaker's Problem.obj
D:\Osama\Programming\UVA Problems\UVA\UVA\Debug\Shopaholic.obj
D:\Osama\Programming\UVA Problems\UVA\UVA\Debug\Simplifying Fractions.obj
D:\Osama\Programming\UVA Problems\UVA\UVA\Debug\Simply Emirp.obj
D:\Osama\Programming\UVA Problems\UVA\UVA\Debug\Square Sums.obj
D:\Osama\Programming\UVA Problems\UVA\UVA\Debug\Squares.obj
D:\Osama\Programming\UVA Problems\UVA\UVA\Debug\Sticks.obj
D:\Osama\Programming\UVA Problems\UVA\UVA\Debug\Strategic Defense Initiative.obj
D:\Osama\Programming\UVA Problems\UVA\UVA\Debug\String Distance and Transform Process.obj
D:\Osama\Programming\UVA Problems\UVA\UVA\Debug\String to Palindrome.obj
D:\Osama\Programming\UVA Problems\UVA\UVA\Debug\Strings.obj
D:\Osama\Programming\UVA Problems\UVA\UVA\Debug\Sum of Consecutive Prime Numbers.obj
D:\Osama\Programming\UVA Problems\UVA\UVA\Debug\Sum of Different Primes.obj
D:\Osama\Programming\UVA Problems\UVA\UVA\Debug\SuperSale.obj
D:\Osama\Programming\UVA Problems\UVA\UVA\Debug\Switch The Lights.obj
D:\Osama\Programming\UVA Problems\UVA\UVA\Debug\Take the Land.obj
D:\Osama\Programming\UVA Problems\UVA\UVA\Debug\Teams.obj
D:\Osama\Programming\UVA Problems\UVA\UVA\Debug\Testing the CATCHER.obj
D:\Osama\Programming\UVA Problems\UVA\UVA\Debug\The Bug Sensor Problem.obj
D:\Osama\Programming\UVA Problems\UVA\UVA\Debug\The jackpot.obj
D:\Osama\Programming\UVA Problems\UVA\UVA\Debug\The Necklace.obj
D:\Osama\Programming\UVA Problems\UVA\UVA\Debug\The Orc Attack.obj
D:\Osama\Programming\UVA Problems\UVA\UVA\Debug\The Super Powers.obj
D:\Osama\Programming\UVA Problems\UVA\UVA\Debug\The Suspects.obj
D:\Osama\Programming\UVA Problems\UVA\UVA\Debug\The Tourist Guide.obj
D:\Osama\Programming\UVA Problems\UVA\UVA\Debug\The Treasure Hunt.obj
D:\Osama\Programming\UVA Problems\UVA\UVA\Debug\The Twin Towers.obj
D:\Osama\Programming\UVA Problems\UVA\UVA\Debug\Three-square.obj
D:\Osama\Programming\UVA Problems\UVA\UVA\Debug\Thunder Mountain.obj
D:\Osama\Programming\UVA Problems\UVA\UVA\Debug\To Carry or not to Carry.obj
D:\Osama\Programming\UVA Problems\UVA\UVA\Debug\Tower of Babylon.obj
D:\Osama\Programming\UVA Problems\UVA\UVA\Debug\Tower of Cubes.obj
D:\Osama\Programming\UVA Problems\UVA\UVA\Debug\Traffic Flow.obj
D:\Osama\Programming\UVA Problems\UVA\UVA\Debug\Trainsorting.obj
D:\Osama\Programming\UVA Problems\UVA\UVA\Debug\Transportation system.obj
D:\Osama\Programming\UVA Problems\UVA\UVA\Debug\Travel in Desert.obj
D:\Osama\Programming\UVA Problems\UVA\UVA\Debug\Tree Summing.obj
D:\Osama\Programming\UVA Problems\UVA\UVA\Debug\Trouble of 13-Dots.obj
D:\Osama\Programming\UVA Problems\UVA\UVA\Debug\Twin Primes.obj
D:\Osama\Programming\UVA Problems\UVA\UVA\Debug\Ubiquitous Religions.obj
D:\Osama\Programming\UVA Problems\UVA\UVA\Debug\Ultra-QuickSort.obj
D:\Osama\Programming\UVA Problems\UVA\UVA\Debug\Unidirectional TSP.obj
D:\Osama\Programming\UVA Problems\UVA\UVA\Debug\Vacation.obj
D:\Osama\Programming\UVA Problems\UVA\UVA\Debug\Vertex.obj
D:\Osama\Programming\UVA Problems\UVA\UVA\Debug\Virtual Friends.obj
D:\Osama\Programming\UVA Problems\UVA\UVA\Debug\Virus.obj
D:\Osama\Programming\UVA Problems\UVA\UVA\Debug\We Ship Cheap.obj
D:\Osama\Programming\UVA Problems\UVA\UVA\Debug\What Goes Up.obj
D:\Osama\Programming\UVA Problems\UVA\UVA\Debug\Word Index.obj
D:\Osama\Programming\UVA Problems\UVA\UVA\Debug\Word Length and Frequency.obj
D:\Osama\Programming\UVA Problems\UVA\UVA\Debug\Word Transformation.obj
D:\Osama\Programming\UVA Problems\UVA\UVA\Debug\Work Reduction.obj
D:\Osama\Programming\UVA Problems\UVA\UVA\Debug\Wormholes.obj
D:\Osama\Programming\UVA Problems\UVA\UVA\Debug\XYZZY.obj
D:\Osama\Programming\UVA Problems\UVA\UVA\Debug\cl.command.1.tlog
D:\Osama\Programming\UVA Problems\UVA\UVA\Debug\CL.read.1.tlog
D:\Osama\Programming\UVA Problems\UVA\UVA\Debug\CL.write.1.tlog
D:\Osama\Programming\UVA Problems\UVA\UVA\Debug\link-cvtres.read.1.tlog
D:\Osama\Programming\UVA Problems\UVA\UVA\Debug\link-cvtres.write.1.tlog
D:\Osama\Programming\UVA Problems\UVA\UVA\Debug\link-rc.read.1.tlog
D:\Osama\Programming\UVA Problems\UVA\UVA\Debug\link-rc.write.1.tlog
D:\Osama\Programming\UVA Problems\UVA\UVA\Debug\link.1572-cvtres.read.1.tlog
D:\Osama\Programming\UVA Problems\UVA\UVA\Debug\link.1572-cvtres.write.1.tlog
D:\Osama\Programming\UVA Problems\UVA\UVA\Debug\link.1572-rc.read.1.tlog
D:\Osama\Programming\UVA Problems\UVA\UVA\Debug\link.1572-rc.write.1.tlog
D:\Osama\Programming\UVA Problems\UVA\UVA\Debug\link.1572.read.1.tlog
D:\Osama\Programming\UVA Problems\UVA\UVA\Debug\link.1572.write.1.tlog
D:\Osama\Programming\UVA Problems\UVA\UVA\Debug\link.1916-cvtres.read.1.tlog
D:\Osama\Programming\UVA Problems\UVA\UVA\Debug\link.1916-cvtres.write.1.tlog
D:\Osama\Programming\UVA Problems\UVA\UVA\Debug\link.1916-rc.read.1.tlog
D:\Osama\Programming\UVA Problems\UVA\UVA\Debug\link.1916-rc.write.1.tlog
D:\Osama\Programming\UVA Problems\UVA\UVA\Debug\link.1916.read.1.tlog
D:\Osama\Programming\UVA Problems\UVA\UVA\Debug\link.1916.write.1.tlog
D:\Osama\Programming\UVA Problems\UVA\UVA\Debug\link.1956-cvtres.read.1.tlog
D:\Osama\Programming\UVA Problems\UVA\UVA\Debug\link.1956-cvtres.write.1.tlog
D:\Osama\Programming\UVA Problems\UVA\UVA\Debug\link.1956-rc.read.1.tlog
D:\Osama\Programming\UVA Problems\UVA\UVA\Debug\link.1956-rc.write.1.tlog
D:\Osama\Programming\UVA Problems\UVA\UVA\Debug\link.1956.read.1.tlog
D:\Osama\Programming\UVA Problems\UVA\UVA\Debug\link.1956.write.1.tlog
D:\Osama\Programming\UVA Problems\UVA\UVA\Debug\link.2244-cvtres.read.1.tlog
D:\Osama\Programming\UVA Problems\UVA\UVA\Debug\link.2244-cvtres.write.1.tlog
D:\Osama\Programming\UVA Problems\UVA\UVA\Debug\link.2244-rc.read.1.tlog
D:\Osama\Programming\UVA Problems\UVA\UVA\Debug\link.2244-rc.write.1.tlog
D:\Osama\Programming\UVA Problems\UVA\UVA\Debug\link.2244.read.1.tlog
D:\Osama\Programming\UVA Problems\UVA\UVA\Debug\link.2244.write.1.tlog
D:\Osama\Programming\UVA Problems\UVA\UVA\Debug\link.3672-cvtres.read.1.tlog
D:\Osama\Programming\UVA Problems\UVA\UVA\Debug\link.3672-cvtres.write.1.tlog
D:\Osama\Programming\UVA Problems\UVA\UVA\Debug\link.3672-rc.read.1.tlog
D:\Osama\Programming\UVA Problems\UVA\UVA\Debug\link.3672-rc.write.1.tlog
D:\Osama\Programming\UVA Problems\UVA\UVA\Debug\link.3672.read.1.tlog
D:\Osama\Programming\UVA Problems\UVA\UVA\Debug\link.3672.write.1.tlog
D:\Osama\Programming\UVA Problems\UVA\UVA\Debug\link.4036-cvtres.read.1.tlog
D:\Osama\Programming\UVA Problems\UVA\UVA\Debug\link.4036-cvtres.write.1.tlog
D:\Osama\Programming\UVA Problems\UVA\UVA\Debug\link.4036-rc.read.1.tlog
D:\Osama\Programming\UVA Problems\UVA\UVA\Debug\link.4036-rc.write.1.tlog
D:\Osama\Programming\UVA Problems\UVA\UVA\Debug\link.4036.read.1.tlog
D:\Osama\Programming\UVA Problems\UVA\UVA\Debug\link.4036.write.1.tlog
D:\Osama\Programming\UVA Problems\UVA\UVA\Debug\link.5096-cvtres.read.1.tlog
D:\Osama\Programming\UVA Problems\UVA\UVA\Debug\link.5096-cvtres.write.1.tlog
D:\Osama\Programming\UVA Problems\UVA\UVA\Debug\link.5096-rc.read.1.tlog
D:\Osama\Programming\UVA Problems\UVA\UVA\Debug\link.5096-rc.write.1.tlog
D:\Osama\Programming\UVA Problems\UVA\UVA\Debug\link.5096.read.1.tlog
D:\Osama\Programming\UVA Problems\UVA\UVA\Debug\link.5096.write.1.tlog
D:\Osama\Programming\UVA Problems\UVA\UVA\Debug\link.5136-cvtres.read.1.tlog
D:\Osama\Programming\UVA Problems\UVA\UVA\Debug\link.5136-cvtres.write.1.tlog
D:\Osama\Programming\UVA Problems\UVA\UVA\Debug\link.5136-rc.read.1.tlog
D:\Osama\Programming\UVA Problems\UVA\UVA\Debug\link.5136-rc.write.1.tlog
D:\Osama\Programming\UVA Problems\UVA\UVA\Debug\link.5136.read.1.tlog
D:\Osama\Programming\UVA Problems\UVA\UVA\Debug\link.5136.write.1.tlog
D:\Osama\Programming\UVA Problems\UVA\UVA\Debug\link.5448-cvtres.read.1.tlog
D:\Osama\Programming\UVA Problems\UVA\UVA\Debug\link.5448-cvtres.write.1.tlog
D:\Osama\Programming\UVA Problems\UVA\UVA\Debug\link.5448-rc.read.1.tlog
D:\Osama\Programming\UVA Problems\UVA\UVA\Debug\link.5448-rc.write.1.tlog
D:\Osama\Programming\UVA Problems\UVA\UVA\Debug\link.5448.read.1.tlog
D:\Osama\Programming\UVA Problems\UVA\UVA\Debug\link.5448.write.1.tlog
D:\Osama\Programming\UVA Problems\UVA\UVA\Debug\link.5792-cvtres.read.1.tlog
D:\Osama\Programming\UVA Problems\UVA\UVA\Debug\link.5792-cvtres.write.1.tlog
D:\Osama\Programming\UVA Problems\UVA\UVA\Debug\link.5792-rc.read.1.tlog
D:\Osama\Programming\UVA Problems\UVA\UVA\Debug\link.5792-rc.write.1.tlog
D:\Osama\Programming\UVA Problems\UVA\UVA\Debug\link.5792.read.1.tlog
D:\Osama\Programming\UVA Problems\UVA\UVA\Debug\link.5792.write.1.tlog
D:\Osama\Programming\UVA Problems\UVA\UVA\Debug\link.5980-cvtres.read.1.tlog
D:\Osama\Programming\UVA Problems\UVA\UVA\Debug\link.5980-cvtres.write.1.tlog
D:\Osama\Programming\UVA Problems\UVA\UVA\Debug\link.5980-rc.read.1.tlog
D:\Osama\Programming\UVA Problems\UVA\UVA\Debug\link.5980-rc.write.1.tlog
D:\Osama\Programming\UVA Problems\UVA\UVA\Debug\link.5980.read.1.tlog
D:\Osama\Programming\UVA Problems\UVA\UVA\Debug\link.5980.write.1.tlog
D:\Osama\Programming\UVA Problems\UVA\UVA\Debug\link.6208-cvtres.read.1.tlog
D:\Osama\Programming\UVA Problems\UVA\UVA\Debug\link.6208-cvtres.write.1.tlog
D:\Osama\Programming\UVA Problems\UVA\UVA\Debug\link.6208-rc.read.1.tlog
D:\Osama\Programming\UVA Problems\UVA\UVA\Debug\link.6208-rc.write.1.tlog
D:\Osama\Programming\UVA Problems\UVA\UVA\Debug\link.6208.read.1.tlog
D:\Osama\Programming\UVA Problems\UVA\UVA\Debug\link.6208.write.1.tlog
D:\Osama\Programming\UVA Problems\UVA\UVA\Debug\link.636-cvtres.read.1.tlog
D:\Osama\Programming\UVA Problems\UVA\UVA\Debug\link.636-cvtres.write.1.tlog
D:\Osama\Programming\UVA Problems\UVA\UVA\Debug\link.636-rc.read.1.tlog
D:\Osama\Programming\UVA Problems\UVA\UVA\Debug\link.636-rc.write.1.tlog
D:\Osama\Programming\UVA Problems\UVA\UVA\Debug\link.636.read.1.tlog
D:\Osama\Programming\UVA Problems\UVA\UVA\Debug\link.636.write.1.tlog
D:\Osama\Programming\UVA Problems\UVA\UVA\Debug\link.6804-cvtres.read.1.tlog
D:\Osama\Programming\UVA Problems\UVA\UVA\Debug\link.6804-cvtres.write.1.tlog
D:\Osama\Programming\UVA Problems\UVA\UVA\Debug\link.6804-rc.read.1.tlog
D:\Osama\Programming\UVA Problems\UVA\UVA\Debug\link.6804-rc.write.1.tlog
D:\Osama\Programming\UVA Problems\UVA\UVA\Debug\link.6804.read.1.tlog
D:\Osama\Programming\UVA Problems\UVA\UVA\Debug\link.6804.write.1.tlog
D:\Osama\Programming\UVA Problems\UVA\UVA\Debug\link.6820-cvtres.read.1.tlog
D:\Osama\Programming\UVA Problems\UVA\UVA\Debug\link.6820-cvtres.write.1.tlog
D:\Osama\Programming\UVA Problems\UVA\UVA\Debug\link.6820-rc.read.1.tlog
D:\Osama\Programming\UVA Problems\UVA\UVA\Debug\link.6820-rc.write.1.tlog
D:\Osama\Programming\UVA Problems\UVA\UVA\Debug\link.6820.read.1.tlog
D:\Osama\Programming\UVA Problems\UVA\UVA\Debug\link.6820.write.1.tlog
D:\Osama\Programming\UVA Problems\UVA\UVA\Debug\link.6996-cvtres.read.1.tlog
D:\Osama\Programming\UVA Problems\UVA\UVA\Debug\link.6996-cvtres.write.1.tlog
D:\Osama\Programming\UVA Problems\UVA\UVA\Debug\link.6996-rc.read.1.tlog
D:\Osama\Programming\UVA Problems\UVA\UVA\Debug\link.6996-rc.write.1.tlog
D:\Osama\Programming\UVA Problems\UVA\UVA\Debug\link.6996.read.1.tlog
D:\Osama\Programming\UVA Problems\UVA\UVA\Debug\link.6996.write.1.tlog
D:\Osama\Programming\UVA Problems\UVA\UVA\Debug\link.7008-cvtres.read.1.tlog
D:\Osama\Programming\UVA Problems\UVA\UVA\Debug\link.7008-cvtres.write.1.tlog
D:\Osama\Programming\UVA Problems\UVA\UVA\Debug\link.7008-rc.read.1.tlog
D:\Osama\Programming\UVA Problems\UVA\UVA\Debug\link.7008-rc.write.1.tlog
D:\Osama\Programming\UVA Problems\UVA\UVA\Debug\link.7008.read.1.tlog
D:\Osama\Programming\UVA Problems\UVA\UVA\Debug\link.7008.write.1.tlog
D:\Osama\Programming\UVA Problems\UVA\UVA\Debug\link.7156-cvtres.read.1.tlog
D:\Osama\Programming\UVA Problems\UVA\UVA\Debug\link.7156-cvtres.write.1.tlog
D:\Osama\Programming\UVA Problems\UVA\UVA\Debug\link.7156-rc.read.1.tlog
D:\Osama\Programming\UVA Problems\UVA\UVA\Debug\link.7156-rc.write.1.tlog
D:\Osama\Programming\UVA Problems\UVA\UVA\Debug\link.7156.read.1.tlog
D:\Osama\Programming\UVA Problems\UVA\UVA\Debug\link.7156.write.1.tlog
D:\Osama\Programming\UVA Problems\UVA\UVA\Debug\link.7412-cvtres.read.1.tlog
D:\Osama\Programming\UVA Problems\UVA\UVA\Debug\link.7412-cvtres.write.1.tlog
D:\Osama\Programming\UVA Problems\UVA\UVA\Debug\link.7412-rc.read.1.tlog
D:\Osama\Programming\UVA Problems\UVA\UVA\Debug\link.7412-rc.write.1.tlog
D:\Osama\Programming\UVA Problems\UVA\UVA\Debug\link.7412.read.1.tlog
D:\Osama\Programming\UVA Problems\UVA\UVA\Debug\link.7412.write.1.tlog
D:\Osama\Programming\UVA Problems\UVA\UVA\Debug\link.command.1.tlog
D:\Osama\Programming\UVA Problems\UVA\UVA\Debug\link.read.1.tlog
D:\Osama\Programming\UVA Problems\UVA\UVA\Debug\link.write.1.tlog
D:\Osama\Programming\UVA Problems\UVA\UVA\Debug\vc110.idb
D:\Osama\Programming\UVA Problems\UVA\UVA\Debug\vc110.pdb
D:\Osama\Programming\UVA Problems\UVA\Debug\UVA.pdb
