C:\USERS\OSAMA\DOCUMENTS\VISUAL STUDIO 2012\PROJECTS\CONTEST\CONTEST\DEBUG\CONTEST.OBJ
C:\USERS\OSAMA\DOCUMENTS\VISUAL STUDIO 2012\PROJECTS\CONTEST\CONTEST\DEBUG\VC110.PDB
C:\USERS\OSAMA\DOCUMENTS\VISUAL STUDIO 2012\PROJECTS\CONTEST\DEBUG\CONTEST.ILK
C:\USERS\OSAMA\DOCUMENTS\VISUAL STUDIO 2012\PROJECTS\CONTEST\DEBUG\CONTEST.EXE
C:\USERS\OSAMA\DOCUMENTS\VISUAL STUDIO 2012\PROJECTS\CONTEST\DEBUG\CONTEST.PDB
C:\Users\Osama\Documents\Visual Studio 2012\Projects\Contest\Contest\Debug\cl.command.1.tlog
C:\Users\Osama\Documents\Visual Studio 2012\Projects\Contest\Contest\Debug\CL.read.1.tlog
C:\Users\Osama\Documents\Visual Studio 2012\Projects\Contest\Contest\Debug\CL.write.1.tlog
C:\Users\Osama\Documents\Visual Studio 2012\Projects\Contest\Contest\Debug\link-cvtres.read.1.tlog
C:\Users\Osama\Documents\Visual Studio 2012\Projects\Contest\Contest\Debug\link-cvtres.write.1.tlog
C:\Users\Osama\Documents\Visual Studio 2012\Projects\Contest\Contest\Debug\link-rc.read.1.tlog
C:\Users\Osama\Documents\Visual Studio 2012\Projects\Contest\Contest\Debug\link-rc.write.1.tlog
C:\Users\Osama\Documents\Visual Studio 2012\Projects\Contest\Contest\Debug\link.1044-cvtres.read.1.tlog
C:\Users\Osama\Documents\Visual Studio 2012\Projects\Contest\Contest\Debug\link.1044-cvtres.write.1.tlog
C:\Users\Osama\Documents\Visual Studio 2012\Projects\Contest\Contest\Debug\link.1044-rc.read.1.tlog
C:\Users\Osama\Documents\Visual Studio 2012\Projects\Contest\Contest\Debug\link.1044-rc.write.1.tlog
C:\Users\Osama\Documents\Visual Studio 2012\Projects\Contest\Contest\Debug\link.1044.read.1.tlog
C:\Users\Osama\Documents\Visual Studio 2012\Projects\Contest\Contest\Debug\link.1044.write.1.tlog
C:\Users\Osama\Documents\Visual Studio 2012\Projects\Contest\Contest\Debug\link.1132-cvtres.read.1.tlog
C:\Users\Osama\Documents\Visual Studio 2012\Projects\Contest\Contest\Debug\link.1132-cvtres.write.1.tlog
C:\Users\Osama\Documents\Visual Studio 2012\Projects\Contest\Contest\Debug\link.1132-rc.read.1.tlog
C:\Users\Osama\Documents\Visual Studio 2012\Projects\Contest\Contest\Debug\link.1132-rc.write.1.tlog
C:\Users\Osama\Documents\Visual Studio 2012\Projects\Contest\Contest\Debug\link.1132.read.1.tlog
C:\Users\Osama\Documents\Visual Studio 2012\Projects\Contest\Contest\Debug\link.1132.write.1.tlog
C:\Users\Osama\Documents\Visual Studio 2012\Projects\Contest\Contest\Debug\link.1200-cvtres.read.1.tlog
C:\Users\Osama\Documents\Visual Studio 2012\Projects\Contest\Contest\Debug\link.1200-cvtres.write.1.tlog
C:\Users\Osama\Documents\Visual Studio 2012\Projects\Contest\Contest\Debug\link.1200-rc.read.1.tlog
C:\Users\Osama\Documents\Visual Studio 2012\Projects\Contest\Contest\Debug\link.1200-rc.write.1.tlog
C:\Users\Osama\Documents\Visual Studio 2012\Projects\Contest\Contest\Debug\link.1200.read.1.tlog
C:\Users\Osama\Documents\Visual Studio 2012\Projects\Contest\Contest\Debug\link.1200.write.1.tlog
C:\Users\Osama\Documents\Visual Studio 2012\Projects\Contest\Contest\Debug\link.1436-cvtres.read.1.tlog
C:\Users\Osama\Documents\Visual Studio 2012\Projects\Contest\Contest\Debug\link.1436-cvtres.write.1.tlog
C:\Users\Osama\Documents\Visual Studio 2012\Projects\Contest\Contest\Debug\link.1436-rc.read.1.tlog
C:\Users\Osama\Documents\Visual Studio 2012\Projects\Contest\Contest\Debug\link.1436-rc.write.1.tlog
C:\Users\Osama\Documents\Visual Studio 2012\Projects\Contest\Contest\Debug\link.1436.read.1.tlog
C:\Users\Osama\Documents\Visual Studio 2012\Projects\Contest\Contest\Debug\link.1436.write.1.tlog
C:\Users\Osama\Documents\Visual Studio 2012\Projects\Contest\Contest\Debug\link.1488-cvtres.read.1.tlog
C:\Users\Osama\Documents\Visual Studio 2012\Projects\Contest\Contest\Debug\link.1488-cvtres.write.1.tlog
C:\Users\Osama\Documents\Visual Studio 2012\Projects\Contest\Contest\Debug\link.1488-rc.read.1.tlog
C:\Users\Osama\Documents\Visual Studio 2012\Projects\Contest\Contest\Debug\link.1488-rc.write.1.tlog
C:\Users\Osama\Documents\Visual Studio 2012\Projects\Contest\Contest\Debug\link.1488.read.1.tlog
C:\Users\Osama\Documents\Visual Studio 2012\Projects\Contest\Contest\Debug\link.1488.write.1.tlog
C:\Users\Osama\Documents\Visual Studio 2012\Projects\Contest\Contest\Debug\link.1704-cvtres.read.1.tlog
C:\Users\Osama\Documents\Visual Studio 2012\Projects\Contest\Contest\Debug\link.1704-cvtres.write.1.tlog
C:\Users\Osama\Documents\Visual Studio 2012\Projects\Contest\Contest\Debug\link.1704-rc.read.1.tlog
C:\Users\Osama\Documents\Visual Studio 2012\Projects\Contest\Contest\Debug\link.1704-rc.write.1.tlog
C:\Users\Osama\Documents\Visual Studio 2012\Projects\Contest\Contest\Debug\link.1704.read.1.tlog
C:\Users\Osama\Documents\Visual Studio 2012\Projects\Contest\Contest\Debug\link.1704.write.1.tlog
C:\Users\Osama\Documents\Visual Studio 2012\Projects\Contest\Contest\Debug\link.1712-cvtres.read.1.tlog
C:\Users\Osama\Documents\Visual Studio 2012\Projects\Contest\Contest\Debug\link.1712-cvtres.write.1.tlog
C:\Users\Osama\Documents\Visual Studio 2012\Projects\Contest\Contest\Debug\link.1712-rc.read.1.tlog
C:\Users\Osama\Documents\Visual Studio 2012\Projects\Contest\Contest\Debug\link.1712-rc.write.1.tlog
C:\Users\Osama\Documents\Visual Studio 2012\Projects\Contest\Contest\Debug\link.1712.read.1.tlog
C:\Users\Osama\Documents\Visual Studio 2012\Projects\Contest\Contest\Debug\link.1712.write.1.tlog
C:\Users\Osama\Documents\Visual Studio 2012\Projects\Contest\Contest\Debug\link.1724-cvtres.read.1.tlog
C:\Users\Osama\Documents\Visual Studio 2012\Projects\Contest\Contest\Debug\link.1724-cvtres.write.1.tlog
C:\Users\Osama\Documents\Visual Studio 2012\Projects\Contest\Contest\Debug\link.1724-rc.read.1.tlog
C:\Users\Osama\Documents\Visual Studio 2012\Projects\Contest\Contest\Debug\link.1724-rc.write.1.tlog
C:\Users\Osama\Documents\Visual Studio 2012\Projects\Contest\Contest\Debug\link.1724.read.1.tlog
C:\Users\Osama\Documents\Visual Studio 2012\Projects\Contest\Contest\Debug\link.1724.write.1.tlog
C:\Users\Osama\Documents\Visual Studio 2012\Projects\Contest\Contest\Debug\link.1784-cvtres.read.1.tlog
C:\Users\Osama\Documents\Visual Studio 2012\Projects\Contest\Contest\Debug\link.1784-cvtres.write.1.tlog
C:\Users\Osama\Documents\Visual Studio 2012\Projects\Contest\Contest\Debug\link.1784-rc.read.1.tlog
C:\Users\Osama\Documents\Visual Studio 2012\Projects\Contest\Contest\Debug\link.1784-rc.write.1.tlog
C:\Users\Osama\Documents\Visual Studio 2012\Projects\Contest\Contest\Debug\link.1784.read.1.tlog
C:\Users\Osama\Documents\Visual Studio 2012\Projects\Contest\Contest\Debug\link.1784.write.1.tlog
C:\Users\Osama\Documents\Visual Studio 2012\Projects\Contest\Contest\Debug\link.1920-cvtres.read.1.tlog
C:\Users\Osama\Documents\Visual Studio 2012\Projects\Contest\Contest\Debug\link.1920-cvtres.write.1.tlog
C:\Users\Osama\Documents\Visual Studio 2012\Projects\Contest\Contest\Debug\link.1920-rc.read.1.tlog
C:\Users\Osama\Documents\Visual Studio 2012\Projects\Contest\Contest\Debug\link.1920-rc.write.1.tlog
C:\Users\Osama\Documents\Visual Studio 2012\Projects\Contest\Contest\Debug\link.1920.read.1.tlog
C:\Users\Osama\Documents\Visual Studio 2012\Projects\Contest\Contest\Debug\link.1920.write.1.tlog
C:\Users\Osama\Documents\Visual Studio 2012\Projects\Contest\Contest\Debug\link.1996-cvtres.read.1.tlog
C:\Users\Osama\Documents\Visual Studio 2012\Projects\Contest\Contest\Debug\link.1996-cvtres.write.1.tlog
C:\Users\Osama\Documents\Visual Studio 2012\Projects\Contest\Contest\Debug\link.1996-rc.read.1.tlog
C:\Users\Osama\Documents\Visual Studio 2012\Projects\Contest\Contest\Debug\link.1996-rc.write.1.tlog
C:\Users\Osama\Documents\Visual Studio 2012\Projects\Contest\Contest\Debug\link.1996.read.1.tlog
C:\Users\Osama\Documents\Visual Studio 2012\Projects\Contest\Contest\Debug\link.1996.write.1.tlog
C:\Users\Osama\Documents\Visual Studio 2012\Projects\Contest\Contest\Debug\link.2128-cvtres.read.1.tlog
C:\Users\Osama\Documents\Visual Studio 2012\Projects\Contest\Contest\Debug\link.2128-cvtres.write.1.tlog
C:\Users\Osama\Documents\Visual Studio 2012\Projects\Contest\Contest\Debug\link.2128-rc.read.1.tlog
C:\Users\Osama\Documents\Visual Studio 2012\Projects\Contest\Contest\Debug\link.2128-rc.write.1.tlog
C:\Users\Osama\Documents\Visual Studio 2012\Projects\Contest\Contest\Debug\link.2128.read.1.tlog
C:\Users\Osama\Documents\Visual Studio 2012\Projects\Contest\Contest\Debug\link.2128.write.1.tlog
C:\Users\Osama\Documents\Visual Studio 2012\Projects\Contest\Contest\Debug\link.228-cvtres.read.1.tlog
C:\Users\Osama\Documents\Visual Studio 2012\Projects\Contest\Contest\Debug\link.228-cvtres.write.1.tlog
C:\Users\Osama\Documents\Visual Studio 2012\Projects\Contest\Contest\Debug\link.228-rc.read.1.tlog
C:\Users\Osama\Documents\Visual Studio 2012\Projects\Contest\Contest\Debug\link.228-rc.write.1.tlog
C:\Users\Osama\Documents\Visual Studio 2012\Projects\Contest\Contest\Debug\link.228.read.1.tlog
C:\Users\Osama\Documents\Visual Studio 2012\Projects\Contest\Contest\Debug\link.228.write.1.tlog
C:\Users\Osama\Documents\Visual Studio 2012\Projects\Contest\Contest\Debug\link.2332-cvtres.read.1.tlog
C:\Users\Osama\Documents\Visual Studio 2012\Projects\Contest\Contest\Debug\link.2332-cvtres.write.1.tlog
C:\Users\Osama\Documents\Visual Studio 2012\Projects\Contest\Contest\Debug\link.2332-rc.read.1.tlog
C:\Users\Osama\Documents\Visual Studio 2012\Projects\Contest\Contest\Debug\link.2332-rc.write.1.tlog
C:\Users\Osama\Documents\Visual Studio 2012\Projects\Contest\Contest\Debug\link.2332.read.1.tlog
C:\Users\Osama\Documents\Visual Studio 2012\Projects\Contest\Contest\Debug\link.2332.write.1.tlog
C:\Users\Osama\Documents\Visual Studio 2012\Projects\Contest\Contest\Debug\link.2336-cvtres.read.1.tlog
C:\Users\Osama\Documents\Visual Studio 2012\Projects\Contest\Contest\Debug\link.2336-cvtres.write.1.tlog
C:\Users\Osama\Documents\Visual Studio 2012\Projects\Contest\Contest\Debug\link.2336-rc.read.1.tlog
C:\Users\Osama\Documents\Visual Studio 2012\Projects\Contest\Contest\Debug\link.2336-rc.write.1.tlog
C:\Users\Osama\Documents\Visual Studio 2012\Projects\Contest\Contest\Debug\link.2336.read.1.tlog
C:\Users\Osama\Documents\Visual Studio 2012\Projects\Contest\Contest\Debug\link.2336.write.1.tlog
C:\Users\Osama\Documents\Visual Studio 2012\Projects\Contest\Contest\Debug\link.2388-cvtres.read.1.tlog
C:\Users\Osama\Documents\Visual Studio 2012\Projects\Contest\Contest\Debug\link.2388-cvtres.write.1.tlog
C:\Users\Osama\Documents\Visual Studio 2012\Projects\Contest\Contest\Debug\link.2388-rc.read.1.tlog
C:\Users\Osama\Documents\Visual Studio 2012\Projects\Contest\Contest\Debug\link.2388-rc.write.1.tlog
C:\Users\Osama\Documents\Visual Studio 2012\Projects\Contest\Contest\Debug\link.2388.read.1.tlog
C:\Users\Osama\Documents\Visual Studio 2012\Projects\Contest\Contest\Debug\link.2388.write.1.tlog
C:\Users\Osama\Documents\Visual Studio 2012\Projects\Contest\Contest\Debug\link.2696-cvtres.read.1.tlog
C:\Users\Osama\Documents\Visual Studio 2012\Projects\Contest\Contest\Debug\link.2696-cvtres.write.1.tlog
C:\Users\Osama\Documents\Visual Studio 2012\Projects\Contest\Contest\Debug\link.2696-rc.read.1.tlog
C:\Users\Osama\Documents\Visual Studio 2012\Projects\Contest\Contest\Debug\link.2696-rc.write.1.tlog
C:\Users\Osama\Documents\Visual Studio 2012\Projects\Contest\Contest\Debug\link.2696.read.1.tlog
C:\Users\Osama\Documents\Visual Studio 2012\Projects\Contest\Contest\Debug\link.2696.write.1.tlog
C:\Users\Osama\Documents\Visual Studio 2012\Projects\Contest\Contest\Debug\link.2816-cvtres.read.1.tlog
C:\Users\Osama\Documents\Visual Studio 2012\Projects\Contest\Contest\Debug\link.2816-cvtres.write.1.tlog
C:\Users\Osama\Documents\Visual Studio 2012\Projects\Contest\Contest\Debug\link.2816-rc.read.1.tlog
C:\Users\Osama\Documents\Visual Studio 2012\Projects\Contest\Contest\Debug\link.2816-rc.write.1.tlog
C:\Users\Osama\Documents\Visual Studio 2012\Projects\Contest\Contest\Debug\link.2816.read.1.tlog
C:\Users\Osama\Documents\Visual Studio 2012\Projects\Contest\Contest\Debug\link.2816.write.1.tlog
C:\Users\Osama\Documents\Visual Studio 2012\Projects\Contest\Contest\Debug\link.2980-cvtres.read.1.tlog
C:\Users\Osama\Documents\Visual Studio 2012\Projects\Contest\Contest\Debug\link.2980-cvtres.write.1.tlog
C:\Users\Osama\Documents\Visual Studio 2012\Projects\Contest\Contest\Debug\link.2980-rc.read.1.tlog
C:\Users\Osama\Documents\Visual Studio 2012\Projects\Contest\Contest\Debug\link.2980-rc.write.1.tlog
C:\Users\Osama\Documents\Visual Studio 2012\Projects\Contest\Contest\Debug\link.2980.read.1.tlog
C:\Users\Osama\Documents\Visual Studio 2012\Projects\Contest\Contest\Debug\link.2980.write.1.tlog
C:\Users\Osama\Documents\Visual Studio 2012\Projects\Contest\Contest\Debug\link.3024-cvtres.read.1.tlog
C:\Users\Osama\Documents\Visual Studio 2012\Projects\Contest\Contest\Debug\link.3024-cvtres.write.1.tlog
C:\Users\Osama\Documents\Visual Studio 2012\Projects\Contest\Contest\Debug\link.3024-rc.read.1.tlog
C:\Users\Osama\Documents\Visual Studio 2012\Projects\Contest\Contest\Debug\link.3024-rc.write.1.tlog
C:\Users\Osama\Documents\Visual Studio 2012\Projects\Contest\Contest\Debug\link.3024.read.1.tlog
C:\Users\Osama\Documents\Visual Studio 2012\Projects\Contest\Contest\Debug\link.3024.write.1.tlog
C:\Users\Osama\Documents\Visual Studio 2012\Projects\Contest\Contest\Debug\link.3068-cvtres.read.1.tlog
C:\Users\Osama\Documents\Visual Studio 2012\Projects\Contest\Contest\Debug\link.3068-cvtres.write.1.tlog
C:\Users\Osama\Documents\Visual Studio 2012\Projects\Contest\Contest\Debug\link.3068-rc.read.1.tlog
C:\Users\Osama\Documents\Visual Studio 2012\Projects\Contest\Contest\Debug\link.3068-rc.write.1.tlog
C:\Users\Osama\Documents\Visual Studio 2012\Projects\Contest\Contest\Debug\link.3068.read.1.tlog
C:\Users\Osama\Documents\Visual Studio 2012\Projects\Contest\Contest\Debug\link.3068.write.1.tlog
C:\Users\Osama\Documents\Visual Studio 2012\Projects\Contest\Contest\Debug\link.3096-cvtres.read.1.tlog
C:\Users\Osama\Documents\Visual Studio 2012\Projects\Contest\Contest\Debug\link.3096-cvtres.write.1.tlog
C:\Users\Osama\Documents\Visual Studio 2012\Projects\Contest\Contest\Debug\link.3096-rc.read.1.tlog
C:\Users\Osama\Documents\Visual Studio 2012\Projects\Contest\Contest\Debug\link.3096-rc.write.1.tlog
C:\Users\Osama\Documents\Visual Studio 2012\Projects\Contest\Contest\Debug\link.3096.read.1.tlog
C:\Users\Osama\Documents\Visual Studio 2012\Projects\Contest\Contest\Debug\link.3096.write.1.tlog
C:\Users\Osama\Documents\Visual Studio 2012\Projects\Contest\Contest\Debug\link.3168-cvtres.read.1.tlog
C:\Users\Osama\Documents\Visual Studio 2012\Projects\Contest\Contest\Debug\link.3168-cvtres.write.1.tlog
C:\Users\Osama\Documents\Visual Studio 2012\Projects\Contest\Contest\Debug\link.3168-rc.read.1.tlog
C:\Users\Osama\Documents\Visual Studio 2012\Projects\Contest\Contest\Debug\link.3168-rc.write.1.tlog
C:\Users\Osama\Documents\Visual Studio 2012\Projects\Contest\Contest\Debug\link.3168.read.1.tlog
C:\Users\Osama\Documents\Visual Studio 2012\Projects\Contest\Contest\Debug\link.3168.write.1.tlog
C:\Users\Osama\Documents\Visual Studio 2012\Projects\Contest\Contest\Debug\link.3188-cvtres.read.1.tlog
C:\Users\Osama\Documents\Visual Studio 2012\Projects\Contest\Contest\Debug\link.3188-cvtres.write.1.tlog
C:\Users\Osama\Documents\Visual Studio 2012\Projects\Contest\Contest\Debug\link.3188-rc.read.1.tlog
C:\Users\Osama\Documents\Visual Studio 2012\Projects\Contest\Contest\Debug\link.3188-rc.write.1.tlog
C:\Users\Osama\Documents\Visual Studio 2012\Projects\Contest\Contest\Debug\link.3188.read.1.tlog
C:\Users\Osama\Documents\Visual Studio 2012\Projects\Contest\Contest\Debug\link.3188.write.1.tlog
C:\Users\Osama\Documents\Visual Studio 2012\Projects\Contest\Contest\Debug\link.3216-cvtres.read.1.tlog
C:\Users\Osama\Documents\Visual Studio 2012\Projects\Contest\Contest\Debug\link.3216-cvtres.write.1.tlog
C:\Users\Osama\Documents\Visual Studio 2012\Projects\Contest\Contest\Debug\link.3216-rc.read.1.tlog
C:\Users\Osama\Documents\Visual Studio 2012\Projects\Contest\Contest\Debug\link.3216-rc.write.1.tlog
C:\Users\Osama\Documents\Visual Studio 2012\Projects\Contest\Contest\Debug\link.3216.read.1.tlog
C:\Users\Osama\Documents\Visual Studio 2012\Projects\Contest\Contest\Debug\link.3216.write.1.tlog
C:\Users\Osama\Documents\Visual Studio 2012\Projects\Contest\Contest\Debug\link.3248-cvtres.read.1.tlog
C:\Users\Osama\Documents\Visual Studio 2012\Projects\Contest\Contest\Debug\link.3248-cvtres.write.1.tlog
C:\Users\Osama\Documents\Visual Studio 2012\Projects\Contest\Contest\Debug\link.3248-rc.read.1.tlog
C:\Users\Osama\Documents\Visual Studio 2012\Projects\Contest\Contest\Debug\link.3248-rc.write.1.tlog
C:\Users\Osama\Documents\Visual Studio 2012\Projects\Contest\Contest\Debug\link.3248.read.1.tlog
C:\Users\Osama\Documents\Visual Studio 2012\Projects\Contest\Contest\Debug\link.3248.write.1.tlog
C:\Users\Osama\Documents\Visual Studio 2012\Projects\Contest\Contest\Debug\link.3252-cvtres.read.1.tlog
C:\Users\Osama\Documents\Visual Studio 2012\Projects\Contest\Contest\Debug\link.3252-cvtres.write.1.tlog
C:\Users\Osama\Documents\Visual Studio 2012\Projects\Contest\Contest\Debug\link.3252-rc.read.1.tlog
C:\Users\Osama\Documents\Visual Studio 2012\Projects\Contest\Contest\Debug\link.3252-rc.write.1.tlog
C:\Users\Osama\Documents\Visual Studio 2012\Projects\Contest\Contest\Debug\link.3252.read.1.tlog
C:\Users\Osama\Documents\Visual Studio 2012\Projects\Contest\Contest\Debug\link.3252.write.1.tlog
C:\Users\Osama\Documents\Visual Studio 2012\Projects\Contest\Contest\Debug\link.3712-cvtres.read.1.tlog
C:\Users\Osama\Documents\Visual Studio 2012\Projects\Contest\Contest\Debug\link.3712-cvtres.write.1.tlog
C:\Users\Osama\Documents\Visual Studio 2012\Projects\Contest\Contest\Debug\link.3712-rc.read.1.tlog
C:\Users\Osama\Documents\Visual Studio 2012\Projects\Contest\Contest\Debug\link.3712-rc.write.1.tlog
C:\Users\Osama\Documents\Visual Studio 2012\Projects\Contest\Contest\Debug\link.3712.read.1.tlog
C:\Users\Osama\Documents\Visual Studio 2012\Projects\Contest\Contest\Debug\link.3712.write.1.tlog
C:\Users\Osama\Documents\Visual Studio 2012\Projects\Contest\Contest\Debug\link.3776-cvtres.read.1.tlog
C:\Users\Osama\Documents\Visual Studio 2012\Projects\Contest\Contest\Debug\link.3776-cvtres.write.1.tlog
C:\Users\Osama\Documents\Visual Studio 2012\Projects\Contest\Contest\Debug\link.3776-rc.read.1.tlog
C:\Users\Osama\Documents\Visual Studio 2012\Projects\Contest\Contest\Debug\link.3776-rc.write.1.tlog
C:\Users\Osama\Documents\Visual Studio 2012\Projects\Contest\Contest\Debug\link.3776.read.1.tlog
C:\Users\Osama\Documents\Visual Studio 2012\Projects\Contest\Contest\Debug\link.3776.write.1.tlog
C:\Users\Osama\Documents\Visual Studio 2012\Projects\Contest\Contest\Debug\link.3816-cvtres.read.1.tlog
C:\Users\Osama\Documents\Visual Studio 2012\Projects\Contest\Contest\Debug\link.3816-cvtres.write.1.tlog
C:\Users\Osama\Documents\Visual Studio 2012\Projects\Contest\Contest\Debug\link.3816-rc.read.1.tlog
C:\Users\Osama\Documents\Visual Studio 2012\Projects\Contest\Contest\Debug\link.3816-rc.write.1.tlog
C:\Users\Osama\Documents\Visual Studio 2012\Projects\Contest\Contest\Debug\link.3816.read.1.tlog
C:\Users\Osama\Documents\Visual Studio 2012\Projects\Contest\Contest\Debug\link.3816.write.1.tlog
C:\Users\Osama\Documents\Visual Studio 2012\Projects\Contest\Contest\Debug\link.3840-cvtres.read.1.tlog
C:\Users\Osama\Documents\Visual Studio 2012\Projects\Contest\Contest\Debug\link.3840-cvtres.write.1.tlog
C:\Users\Osama\Documents\Visual Studio 2012\Projects\Contest\Contest\Debug\link.3840-rc.read.1.tlog
C:\Users\Osama\Documents\Visual Studio 2012\Projects\Contest\Contest\Debug\link.3840-rc.write.1.tlog
C:\Users\Osama\Documents\Visual Studio 2012\Projects\Contest\Contest\Debug\link.3840.read.1.tlog
C:\Users\Osama\Documents\Visual Studio 2012\Projects\Contest\Contest\Debug\link.3840.write.1.tlog
C:\Users\Osama\Documents\Visual Studio 2012\Projects\Contest\Contest\Debug\link.3844-cvtres.read.1.tlog
C:\Users\Osama\Documents\Visual Studio 2012\Projects\Contest\Contest\Debug\link.3844-cvtres.write.1.tlog
C:\Users\Osama\Documents\Visual Studio 2012\Projects\Contest\Contest\Debug\link.3844-rc.read.1.tlog
C:\Users\Osama\Documents\Visual Studio 2012\Projects\Contest\Contest\Debug\link.3844-rc.write.1.tlog
C:\Users\Osama\Documents\Visual Studio 2012\Projects\Contest\Contest\Debug\link.3844.read.1.tlog
C:\Users\Osama\Documents\Visual Studio 2012\Projects\Contest\Contest\Debug\link.3844.write.1.tlog
C:\Users\Osama\Documents\Visual Studio 2012\Projects\Contest\Contest\Debug\link.3876-cvtres.read.1.tlog
C:\Users\Osama\Documents\Visual Studio 2012\Projects\Contest\Contest\Debug\link.3876-cvtres.write.1.tlog
C:\Users\Osama\Documents\Visual Studio 2012\Projects\Contest\Contest\Debug\link.3876-rc.read.1.tlog
C:\Users\Osama\Documents\Visual Studio 2012\Projects\Contest\Contest\Debug\link.3876-rc.write.1.tlog
C:\Users\Osama\Documents\Visual Studio 2012\Projects\Contest\Contest\Debug\link.3876.read.1.tlog
C:\Users\Osama\Documents\Visual Studio 2012\Projects\Contest\Contest\Debug\link.3876.write.1.tlog
C:\Users\Osama\Documents\Visual Studio 2012\Projects\Contest\Contest\Debug\link.3900-cvtres.read.1.tlog
C:\Users\Osama\Documents\Visual Studio 2012\Projects\Contest\Contest\Debug\link.3900-cvtres.write.1.tlog
C:\Users\Osama\Documents\Visual Studio 2012\Projects\Contest\Contest\Debug\link.3900-rc.read.1.tlog
C:\Users\Osama\Documents\Visual Studio 2012\Projects\Contest\Contest\Debug\link.3900-rc.write.1.tlog
C:\Users\Osama\Documents\Visual Studio 2012\Projects\Contest\Contest\Debug\link.3900.read.1.tlog
C:\Users\Osama\Documents\Visual Studio 2012\Projects\Contest\Contest\Debug\link.3900.write.1.tlog
C:\Users\Osama\Documents\Visual Studio 2012\Projects\Contest\Contest\Debug\link.392-cvtres.read.1.tlog
C:\Users\Osama\Documents\Visual Studio 2012\Projects\Contest\Contest\Debug\link.392-cvtres.write.1.tlog
C:\Users\Osama\Documents\Visual Studio 2012\Projects\Contest\Contest\Debug\link.392-rc.read.1.tlog
C:\Users\Osama\Documents\Visual Studio 2012\Projects\Contest\Contest\Debug\link.392-rc.write.1.tlog
C:\Users\Osama\Documents\Visual Studio 2012\Projects\Contest\Contest\Debug\link.392.read.1.tlog
C:\Users\Osama\Documents\Visual Studio 2012\Projects\Contest\Contest\Debug\link.392.write.1.tlog
C:\Users\Osama\Documents\Visual Studio 2012\Projects\Contest\Contest\Debug\link.4052-cvtres.read.1.tlog
C:\Users\Osama\Documents\Visual Studio 2012\Projects\Contest\Contest\Debug\link.4052-cvtres.write.1.tlog
C:\Users\Osama\Documents\Visual Studio 2012\Projects\Contest\Contest\Debug\link.4052-rc.read.1.tlog
C:\Users\Osama\Documents\Visual Studio 2012\Projects\Contest\Contest\Debug\link.4052-rc.write.1.tlog
C:\Users\Osama\Documents\Visual Studio 2012\Projects\Contest\Contest\Debug\link.4052.read.1.tlog
C:\Users\Osama\Documents\Visual Studio 2012\Projects\Contest\Contest\Debug\link.4052.write.1.tlog
C:\Users\Osama\Documents\Visual Studio 2012\Projects\Contest\Contest\Debug\link.408-cvtres.read.1.tlog
C:\Users\Osama\Documents\Visual Studio 2012\Projects\Contest\Contest\Debug\link.408-cvtres.write.1.tlog
C:\Users\Osama\Documents\Visual Studio 2012\Projects\Contest\Contest\Debug\link.408-rc.read.1.tlog
C:\Users\Osama\Documents\Visual Studio 2012\Projects\Contest\Contest\Debug\link.408-rc.write.1.tlog
C:\Users\Osama\Documents\Visual Studio 2012\Projects\Contest\Contest\Debug\link.408.read.1.tlog
C:\Users\Osama\Documents\Visual Studio 2012\Projects\Contest\Contest\Debug\link.408.write.1.tlog
C:\Users\Osama\Documents\Visual Studio 2012\Projects\Contest\Contest\Debug\link.4080-cvtres.read.1.tlog
C:\Users\Osama\Documents\Visual Studio 2012\Projects\Contest\Contest\Debug\link.4080-cvtres.write.1.tlog
C:\Users\Osama\Documents\Visual Studio 2012\Projects\Contest\Contest\Debug\link.4080-rc.read.1.tlog
C:\Users\Osama\Documents\Visual Studio 2012\Projects\Contest\Contest\Debug\link.4080-rc.write.1.tlog
C:\Users\Osama\Documents\Visual Studio 2012\Projects\Contest\Contest\Debug\link.4080.read.1.tlog
C:\Users\Osama\Documents\Visual Studio 2012\Projects\Contest\Contest\Debug\link.4080.write.1.tlog
C:\Users\Osama\Documents\Visual Studio 2012\Projects\Contest\Contest\Debug\link.4164-cvtres.read.1.tlog
C:\Users\Osama\Documents\Visual Studio 2012\Projects\Contest\Contest\Debug\link.4164-cvtres.write.1.tlog
C:\Users\Osama\Documents\Visual Studio 2012\Projects\Contest\Contest\Debug\link.4164-rc.read.1.tlog
C:\Users\Osama\Documents\Visual Studio 2012\Projects\Contest\Contest\Debug\link.4164-rc.write.1.tlog
C:\Users\Osama\Documents\Visual Studio 2012\Projects\Contest\Contest\Debug\link.4164.read.1.tlog
C:\Users\Osama\Documents\Visual Studio 2012\Projects\Contest\Contest\Debug\link.4164.write.1.tlog
C:\Users\Osama\Documents\Visual Studio 2012\Projects\Contest\Contest\Debug\link.4228-cvtres.read.1.tlog
C:\Users\Osama\Documents\Visual Studio 2012\Projects\Contest\Contest\Debug\link.4228-cvtres.write.1.tlog
C:\Users\Osama\Documents\Visual Studio 2012\Projects\Contest\Contest\Debug\link.4228-rc.read.1.tlog
C:\Users\Osama\Documents\Visual Studio 2012\Projects\Contest\Contest\Debug\link.4228-rc.write.1.tlog
C:\Users\Osama\Documents\Visual Studio 2012\Projects\Contest\Contest\Debug\link.4228.read.1.tlog
C:\Users\Osama\Documents\Visual Studio 2012\Projects\Contest\Contest\Debug\link.4228.write.1.tlog
C:\Users\Osama\Documents\Visual Studio 2012\Projects\Contest\Contest\Debug\link.4412-cvtres.read.1.tlog
C:\Users\Osama\Documents\Visual Studio 2012\Projects\Contest\Contest\Debug\link.4412-cvtres.write.1.tlog
C:\Users\Osama\Documents\Visual Studio 2012\Projects\Contest\Contest\Debug\link.4412-rc.read.1.tlog
C:\Users\Osama\Documents\Visual Studio 2012\Projects\Contest\Contest\Debug\link.4412-rc.write.1.tlog
C:\Users\Osama\Documents\Visual Studio 2012\Projects\Contest\Contest\Debug\link.4412.read.1.tlog
C:\Users\Osama\Documents\Visual Studio 2012\Projects\Contest\Contest\Debug\link.4412.write.1.tlog
C:\Users\Osama\Documents\Visual Studio 2012\Projects\Contest\Contest\Debug\link.4420-cvtres.read.1.tlog
C:\Users\Osama\Documents\Visual Studio 2012\Projects\Contest\Contest\Debug\link.4420-cvtres.write.1.tlog
C:\Users\Osama\Documents\Visual Studio 2012\Projects\Contest\Contest\Debug\link.4420-rc.read.1.tlog
C:\Users\Osama\Documents\Visual Studio 2012\Projects\Contest\Contest\Debug\link.4420-rc.write.1.tlog
C:\Users\Osama\Documents\Visual Studio 2012\Projects\Contest\Contest\Debug\link.4420.read.1.tlog
C:\Users\Osama\Documents\Visual Studio 2012\Projects\Contest\Contest\Debug\link.4420.write.1.tlog
C:\Users\Osama\Documents\Visual Studio 2012\Projects\Contest\Contest\Debug\link.4560-cvtres.read.1.tlog
C:\Users\Osama\Documents\Visual Studio 2012\Projects\Contest\Contest\Debug\link.4560-cvtres.write.1.tlog
C:\Users\Osama\Documents\Visual Studio 2012\Projects\Contest\Contest\Debug\link.4560-rc.read.1.tlog
C:\Users\Osama\Documents\Visual Studio 2012\Projects\Contest\Contest\Debug\link.4560-rc.write.1.tlog
C:\Users\Osama\Documents\Visual Studio 2012\Projects\Contest\Contest\Debug\link.4560.read.1.tlog
C:\Users\Osama\Documents\Visual Studio 2012\Projects\Contest\Contest\Debug\link.4560.write.1.tlog
C:\Users\Osama\Documents\Visual Studio 2012\Projects\Contest\Contest\Debug\link.4760-cvtres.read.1.tlog
C:\Users\Osama\Documents\Visual Studio 2012\Projects\Contest\Contest\Debug\link.4760-cvtres.write.1.tlog
C:\Users\Osama\Documents\Visual Studio 2012\Projects\Contest\Contest\Debug\link.4760-rc.read.1.tlog
C:\Users\Osama\Documents\Visual Studio 2012\Projects\Contest\Contest\Debug\link.4760-rc.write.1.tlog
C:\Users\Osama\Documents\Visual Studio 2012\Projects\Contest\Contest\Debug\link.4760.read.1.tlog
C:\Users\Osama\Documents\Visual Studio 2012\Projects\Contest\Contest\Debug\link.4760.write.1.tlog
C:\Users\Osama\Documents\Visual Studio 2012\Projects\Contest\Contest\Debug\link.4776-cvtres.read.1.tlog
C:\Users\Osama\Documents\Visual Studio 2012\Projects\Contest\Contest\Debug\link.4776-cvtres.write.1.tlog
C:\Users\Osama\Documents\Visual Studio 2012\Projects\Contest\Contest\Debug\link.4776-rc.read.1.tlog
C:\Users\Osama\Documents\Visual Studio 2012\Projects\Contest\Contest\Debug\link.4776-rc.write.1.tlog
C:\Users\Osama\Documents\Visual Studio 2012\Projects\Contest\Contest\Debug\link.4776.read.1.tlog
C:\Users\Osama\Documents\Visual Studio 2012\Projects\Contest\Contest\Debug\link.4776.write.1.tlog
C:\Users\Osama\Documents\Visual Studio 2012\Projects\Contest\Contest\Debug\link.4808-cvtres.read.1.tlog
C:\Users\Osama\Documents\Visual Studio 2012\Projects\Contest\Contest\Debug\link.4808-cvtres.write.1.tlog
C:\Users\Osama\Documents\Visual Studio 2012\Projects\Contest\Contest\Debug\link.4808-rc.read.1.tlog
C:\Users\Osama\Documents\Visual Studio 2012\Projects\Contest\Contest\Debug\link.4808-rc.write.1.tlog
C:\Users\Osama\Documents\Visual Studio 2012\Projects\Contest\Contest\Debug\link.4808.read.1.tlog
C:\Users\Osama\Documents\Visual Studio 2012\Projects\Contest\Contest\Debug\link.4808.write.1.tlog
C:\Users\Osama\Documents\Visual Studio 2012\Projects\Contest\Contest\Debug\link.4832-cvtres.read.1.tlog
C:\Users\Osama\Documents\Visual Studio 2012\Projects\Contest\Contest\Debug\link.4832-cvtres.write.1.tlog
C:\Users\Osama\Documents\Visual Studio 2012\Projects\Contest\Contest\Debug\link.4832-rc.read.1.tlog
C:\Users\Osama\Documents\Visual Studio 2012\Projects\Contest\Contest\Debug\link.4832-rc.write.1.tlog
C:\Users\Osama\Documents\Visual Studio 2012\Projects\Contest\Contest\Debug\link.4832.read.1.tlog
C:\Users\Osama\Documents\Visual Studio 2012\Projects\Contest\Contest\Debug\link.4832.write.1.tlog
C:\Users\Osama\Documents\Visual Studio 2012\Projects\Contest\Contest\Debug\link.4864-cvtres.read.1.tlog
C:\Users\Osama\Documents\Visual Studio 2012\Projects\Contest\Contest\Debug\link.4864-cvtres.write.1.tlog
C:\Users\Osama\Documents\Visual Studio 2012\Projects\Contest\Contest\Debug\link.4864-rc.read.1.tlog
C:\Users\Osama\Documents\Visual Studio 2012\Projects\Contest\Contest\Debug\link.4864-rc.write.1.tlog
C:\Users\Osama\Documents\Visual Studio 2012\Projects\Contest\Contest\Debug\link.4864.read.1.tlog
C:\Users\Osama\Documents\Visual Studio 2012\Projects\Contest\Contest\Debug\link.4864.write.1.tlog
C:\Users\Osama\Documents\Visual Studio 2012\Projects\Contest\Contest\Debug\link.4904-cvtres.read.1.tlog
C:\Users\Osama\Documents\Visual Studio 2012\Projects\Contest\Contest\Debug\link.4904-cvtres.write.1.tlog
C:\Users\Osama\Documents\Visual Studio 2012\Projects\Contest\Contest\Debug\link.4904-rc.read.1.tlog
C:\Users\Osama\Documents\Visual Studio 2012\Projects\Contest\Contest\Debug\link.4904-rc.write.1.tlog
C:\Users\Osama\Documents\Visual Studio 2012\Projects\Contest\Contest\Debug\link.4904.read.1.tlog
C:\Users\Osama\Documents\Visual Studio 2012\Projects\Contest\Contest\Debug\link.4904.write.1.tlog
C:\Users\Osama\Documents\Visual Studio 2012\Projects\Contest\Contest\Debug\link.4912-cvtres.read.1.tlog
C:\Users\Osama\Documents\Visual Studio 2012\Projects\Contest\Contest\Debug\link.4912-cvtres.write.1.tlog
C:\Users\Osama\Documents\Visual Studio 2012\Projects\Contest\Contest\Debug\link.4912-rc.read.1.tlog
C:\Users\Osama\Documents\Visual Studio 2012\Projects\Contest\Contest\Debug\link.4912-rc.write.1.tlog
C:\Users\Osama\Documents\Visual Studio 2012\Projects\Contest\Contest\Debug\link.4912.read.1.tlog
C:\Users\Osama\Documents\Visual Studio 2012\Projects\Contest\Contest\Debug\link.4912.write.1.tlog
C:\Users\Osama\Documents\Visual Studio 2012\Projects\Contest\Contest\Debug\link.4956-cvtres.read.1.tlog
C:\Users\Osama\Documents\Visual Studio 2012\Projects\Contest\Contest\Debug\link.4956-cvtres.write.1.tlog
C:\Users\Osama\Documents\Visual Studio 2012\Projects\Contest\Contest\Debug\link.4956-rc.read.1.tlog
C:\Users\Osama\Documents\Visual Studio 2012\Projects\Contest\Contest\Debug\link.4956-rc.write.1.tlog
C:\Users\Osama\Documents\Visual Studio 2012\Projects\Contest\Contest\Debug\link.4956.read.1.tlog
C:\Users\Osama\Documents\Visual Studio 2012\Projects\Contest\Contest\Debug\link.4956.write.1.tlog
C:\Users\Osama\Documents\Visual Studio 2012\Projects\Contest\Contest\Debug\link.5008-cvtres.read.1.tlog
C:\Users\Osama\Documents\Visual Studio 2012\Projects\Contest\Contest\Debug\link.5008-cvtres.write.1.tlog
C:\Users\Osama\Documents\Visual Studio 2012\Projects\Contest\Contest\Debug\link.5008-rc.read.1.tlog
C:\Users\Osama\Documents\Visual Studio 2012\Projects\Contest\Contest\Debug\link.5008-rc.write.1.tlog
C:\Users\Osama\Documents\Visual Studio 2012\Projects\Contest\Contest\Debug\link.5008.read.1.tlog
C:\Users\Osama\Documents\Visual Studio 2012\Projects\Contest\Contest\Debug\link.5008.write.1.tlog
C:\Users\Osama\Documents\Visual Studio 2012\Projects\Contest\Contest\Debug\link.5016-cvtres.read.1.tlog
C:\Users\Osama\Documents\Visual Studio 2012\Projects\Contest\Contest\Debug\link.5016-cvtres.write.1.tlog
C:\Users\Osama\Documents\Visual Studio 2012\Projects\Contest\Contest\Debug\link.5016-rc.read.1.tlog
C:\Users\Osama\Documents\Visual Studio 2012\Projects\Contest\Contest\Debug\link.5016-rc.write.1.tlog
C:\Users\Osama\Documents\Visual Studio 2012\Projects\Contest\Contest\Debug\link.5016.read.1.tlog
C:\Users\Osama\Documents\Visual Studio 2012\Projects\Contest\Contest\Debug\link.5016.write.1.tlog
C:\Users\Osama\Documents\Visual Studio 2012\Projects\Contest\Contest\Debug\link.5068-cvtres.read.1.tlog
C:\Users\Osama\Documents\Visual Studio 2012\Projects\Contest\Contest\Debug\link.5068-cvtres.write.1.tlog
C:\Users\Osama\Documents\Visual Studio 2012\Projects\Contest\Contest\Debug\link.5068-rc.read.1.tlog
C:\Users\Osama\Documents\Visual Studio 2012\Projects\Contest\Contest\Debug\link.5068-rc.write.1.tlog
C:\Users\Osama\Documents\Visual Studio 2012\Projects\Contest\Contest\Debug\link.5068.read.1.tlog
C:\Users\Osama\Documents\Visual Studio 2012\Projects\Contest\Contest\Debug\link.5068.write.1.tlog
C:\Users\Osama\Documents\Visual Studio 2012\Projects\Contest\Contest\Debug\link.5124-cvtres.read.1.tlog
C:\Users\Osama\Documents\Visual Studio 2012\Projects\Contest\Contest\Debug\link.5124-cvtres.write.1.tlog
C:\Users\Osama\Documents\Visual Studio 2012\Projects\Contest\Contest\Debug\link.5124-rc.read.1.tlog
C:\Users\Osama\Documents\Visual Studio 2012\Projects\Contest\Contest\Debug\link.5124-rc.write.1.tlog
C:\Users\Osama\Documents\Visual Studio 2012\Projects\Contest\Contest\Debug\link.5124.read.1.tlog
C:\Users\Osama\Documents\Visual Studio 2012\Projects\Contest\Contest\Debug\link.5124.write.1.tlog
C:\Users\Osama\Documents\Visual Studio 2012\Projects\Contest\Contest\Debug\link.5140-cvtres.read.1.tlog
C:\Users\Osama\Documents\Visual Studio 2012\Projects\Contest\Contest\Debug\link.5140-cvtres.write.1.tlog
C:\Users\Osama\Documents\Visual Studio 2012\Projects\Contest\Contest\Debug\link.5140-rc.read.1.tlog
C:\Users\Osama\Documents\Visual Studio 2012\Projects\Contest\Contest\Debug\link.5140-rc.write.1.tlog
C:\Users\Osama\Documents\Visual Studio 2012\Projects\Contest\Contest\Debug\link.5140.read.1.tlog
C:\Users\Osama\Documents\Visual Studio 2012\Projects\Contest\Contest\Debug\link.5140.write.1.tlog
C:\Users\Osama\Documents\Visual Studio 2012\Projects\Contest\Contest\Debug\link.5144-cvtres.read.1.tlog
C:\Users\Osama\Documents\Visual Studio 2012\Projects\Contest\Contest\Debug\link.5144-cvtres.write.1.tlog
C:\Users\Osama\Documents\Visual Studio 2012\Projects\Contest\Contest\Debug\link.5144-rc.read.1.tlog
C:\Users\Osama\Documents\Visual Studio 2012\Projects\Contest\Contest\Debug\link.5144-rc.write.1.tlog
C:\Users\Osama\Documents\Visual Studio 2012\Projects\Contest\Contest\Debug\link.5144.read.1.tlog
C:\Users\Osama\Documents\Visual Studio 2012\Projects\Contest\Contest\Debug\link.5144.write.1.tlog
C:\Users\Osama\Documents\Visual Studio 2012\Projects\Contest\Contest\Debug\link.5152-cvtres.read.1.tlog
C:\Users\Osama\Documents\Visual Studio 2012\Projects\Contest\Contest\Debug\link.5152-cvtres.write.1.tlog
C:\Users\Osama\Documents\Visual Studio 2012\Projects\Contest\Contest\Debug\link.5152-rc.read.1.tlog
C:\Users\Osama\Documents\Visual Studio 2012\Projects\Contest\Contest\Debug\link.5152-rc.write.1.tlog
C:\Users\Osama\Documents\Visual Studio 2012\Projects\Contest\Contest\Debug\link.5152.read.1.tlog
C:\Users\Osama\Documents\Visual Studio 2012\Projects\Contest\Contest\Debug\link.5152.write.1.tlog
C:\Users\Osama\Documents\Visual Studio 2012\Projects\Contest\Contest\Debug\link.5172-cvtres.read.1.tlog
C:\Users\Osama\Documents\Visual Studio 2012\Projects\Contest\Contest\Debug\link.5172-cvtres.write.1.tlog
C:\Users\Osama\Documents\Visual Studio 2012\Projects\Contest\Contest\Debug\link.5172-rc.read.1.tlog
C:\Users\Osama\Documents\Visual Studio 2012\Projects\Contest\Contest\Debug\link.5172-rc.write.1.tlog
C:\Users\Osama\Documents\Visual Studio 2012\Projects\Contest\Contest\Debug\link.5172.read.1.tlog
C:\Users\Osama\Documents\Visual Studio 2012\Projects\Contest\Contest\Debug\link.5172.write.1.tlog
C:\Users\Osama\Documents\Visual Studio 2012\Projects\Contest\Contest\Debug\link.5196-cvtres.read.1.tlog
C:\Users\Osama\Documents\Visual Studio 2012\Projects\Contest\Contest\Debug\link.5196-cvtres.write.1.tlog
C:\Users\Osama\Documents\Visual Studio 2012\Projects\Contest\Contest\Debug\link.5196-rc.read.1.tlog
C:\Users\Osama\Documents\Visual Studio 2012\Projects\Contest\Contest\Debug\link.5196-rc.write.1.tlog
C:\Users\Osama\Documents\Visual Studio 2012\Projects\Contest\Contest\Debug\link.5196.read.1.tlog
C:\Users\Osama\Documents\Visual Studio 2012\Projects\Contest\Contest\Debug\link.5196.write.1.tlog
C:\Users\Osama\Documents\Visual Studio 2012\Projects\Contest\Contest\Debug\link.5208-cvtres.read.1.tlog
C:\Users\Osama\Documents\Visual Studio 2012\Projects\Contest\Contest\Debug\link.5208-cvtres.write.1.tlog
C:\Users\Osama\Documents\Visual Studio 2012\Projects\Contest\Contest\Debug\link.5208-rc.read.1.tlog
C:\Users\Osama\Documents\Visual Studio 2012\Projects\Contest\Contest\Debug\link.5208-rc.write.1.tlog
C:\Users\Osama\Documents\Visual Studio 2012\Projects\Contest\Contest\Debug\link.5208.read.1.tlog
C:\Users\Osama\Documents\Visual Studio 2012\Projects\Contest\Contest\Debug\link.5208.write.1.tlog
C:\Users\Osama\Documents\Visual Studio 2012\Projects\Contest\Contest\Debug\link.5224-cvtres.read.1.tlog
C:\Users\Osama\Documents\Visual Studio 2012\Projects\Contest\Contest\Debug\link.5224-cvtres.write.1.tlog
C:\Users\Osama\Documents\Visual Studio 2012\Projects\Contest\Contest\Debug\link.5224-rc.read.1.tlog
C:\Users\Osama\Documents\Visual Studio 2012\Projects\Contest\Contest\Debug\link.5224-rc.write.1.tlog
C:\Users\Osama\Documents\Visual Studio 2012\Projects\Contest\Contest\Debug\link.5224.read.1.tlog
C:\Users\Osama\Documents\Visual Studio 2012\Projects\Contest\Contest\Debug\link.5224.write.1.tlog
C:\Users\Osama\Documents\Visual Studio 2012\Projects\Contest\Contest\Debug\link.5248-cvtres.read.1.tlog
C:\Users\Osama\Documents\Visual Studio 2012\Projects\Contest\Contest\Debug\link.5248-cvtres.write.1.tlog
C:\Users\Osama\Documents\Visual Studio 2012\Projects\Contest\Contest\Debug\link.5248-rc.read.1.tlog
C:\Users\Osama\Documents\Visual Studio 2012\Projects\Contest\Contest\Debug\link.5248-rc.write.1.tlog
C:\Users\Osama\Documents\Visual Studio 2012\Projects\Contest\Contest\Debug\link.5248.read.1.tlog
C:\Users\Osama\Documents\Visual Studio 2012\Projects\Contest\Contest\Debug\link.5248.write.1.tlog
C:\Users\Osama\Documents\Visual Studio 2012\Projects\Contest\Contest\Debug\link.5276-cvtres.read.1.tlog
C:\Users\Osama\Documents\Visual Studio 2012\Projects\Contest\Contest\Debug\link.5276-cvtres.write.1.tlog
C:\Users\Osama\Documents\Visual Studio 2012\Projects\Contest\Contest\Debug\link.5276-rc.read.1.tlog
C:\Users\Osama\Documents\Visual Studio 2012\Projects\Contest\Contest\Debug\link.5276-rc.write.1.tlog
C:\Users\Osama\Documents\Visual Studio 2012\Projects\Contest\Contest\Debug\link.5276.read.1.tlog
C:\Users\Osama\Documents\Visual Studio 2012\Projects\Contest\Contest\Debug\link.5276.write.1.tlog
C:\Users\Osama\Documents\Visual Studio 2012\Projects\Contest\Contest\Debug\link.5292-cvtres.read.1.tlog
C:\Users\Osama\Documents\Visual Studio 2012\Projects\Contest\Contest\Debug\link.5292-cvtres.write.1.tlog
C:\Users\Osama\Documents\Visual Studio 2012\Projects\Contest\Contest\Debug\link.5292-rc.read.1.tlog
C:\Users\Osama\Documents\Visual Studio 2012\Projects\Contest\Contest\Debug\link.5292-rc.write.1.tlog
C:\Users\Osama\Documents\Visual Studio 2012\Projects\Contest\Contest\Debug\link.5292.read.1.tlog
C:\Users\Osama\Documents\Visual Studio 2012\Projects\Contest\Contest\Debug\link.5292.write.1.tlog
C:\Users\Osama\Documents\Visual Studio 2012\Projects\Contest\Contest\Debug\link.5312-cvtres.read.1.tlog
C:\Users\Osama\Documents\Visual Studio 2012\Projects\Contest\Contest\Debug\link.5312-cvtres.write.1.tlog
C:\Users\Osama\Documents\Visual Studio 2012\Projects\Contest\Contest\Debug\link.5312-rc.read.1.tlog
C:\Users\Osama\Documents\Visual Studio 2012\Projects\Contest\Contest\Debug\link.5312-rc.write.1.tlog
C:\Users\Osama\Documents\Visual Studio 2012\Projects\Contest\Contest\Debug\link.5312.read.1.tlog
C:\Users\Osama\Documents\Visual Studio 2012\Projects\Contest\Contest\Debug\link.5312.write.1.tlog
C:\Users\Osama\Documents\Visual Studio 2012\Projects\Contest\Contest\Debug\link.5360-cvtres.read.1.tlog
C:\Users\Osama\Documents\Visual Studio 2012\Projects\Contest\Contest\Debug\link.5360-cvtres.write.1.tlog
C:\Users\Osama\Documents\Visual Studio 2012\Projects\Contest\Contest\Debug\link.5360-rc.read.1.tlog
C:\Users\Osama\Documents\Visual Studio 2012\Projects\Contest\Contest\Debug\link.5360-rc.write.1.tlog
C:\Users\Osama\Documents\Visual Studio 2012\Projects\Contest\Contest\Debug\link.5360.read.1.tlog
C:\Users\Osama\Documents\Visual Studio 2012\Projects\Contest\Contest\Debug\link.5360.write.1.tlog
C:\Users\Osama\Documents\Visual Studio 2012\Projects\Contest\Contest\Debug\link.5372-cvtres.read.1.tlog
C:\Users\Osama\Documents\Visual Studio 2012\Projects\Contest\Contest\Debug\link.5372-cvtres.write.1.tlog
C:\Users\Osama\Documents\Visual Studio 2012\Projects\Contest\Contest\Debug\link.5372-rc.read.1.tlog
C:\Users\Osama\Documents\Visual Studio 2012\Projects\Contest\Contest\Debug\link.5372-rc.write.1.tlog
C:\Users\Osama\Documents\Visual Studio 2012\Projects\Contest\Contest\Debug\link.5372.read.1.tlog
C:\Users\Osama\Documents\Visual Studio 2012\Projects\Contest\Contest\Debug\link.5372.write.1.tlog
C:\Users\Osama\Documents\Visual Studio 2012\Projects\Contest\Contest\Debug\link.5380-cvtres.read.1.tlog
C:\Users\Osama\Documents\Visual Studio 2012\Projects\Contest\Contest\Debug\link.5380-cvtres.write.1.tlog
C:\Users\Osama\Documents\Visual Studio 2012\Projects\Contest\Contest\Debug\link.5380-rc.read.1.tlog
C:\Users\Osama\Documents\Visual Studio 2012\Projects\Contest\Contest\Debug\link.5380-rc.write.1.tlog
C:\Users\Osama\Documents\Visual Studio 2012\Projects\Contest\Contest\Debug\link.5380.read.1.tlog
C:\Users\Osama\Documents\Visual Studio 2012\Projects\Contest\Contest\Debug\link.5380.write.1.tlog
C:\Users\Osama\Documents\Visual Studio 2012\Projects\Contest\Contest\Debug\link.5384-cvtres.read.1.tlog
C:\Users\Osama\Documents\Visual Studio 2012\Projects\Contest\Contest\Debug\link.5384-cvtres.write.1.tlog
C:\Users\Osama\Documents\Visual Studio 2012\Projects\Contest\Contest\Debug\link.5384-rc.read.1.tlog
C:\Users\Osama\Documents\Visual Studio 2012\Projects\Contest\Contest\Debug\link.5384-rc.write.1.tlog
C:\Users\Osama\Documents\Visual Studio 2012\Projects\Contest\Contest\Debug\link.5384.read.1.tlog
C:\Users\Osama\Documents\Visual Studio 2012\Projects\Contest\Contest\Debug\link.5384.write.1.tlog
C:\Users\Osama\Documents\Visual Studio 2012\Projects\Contest\Contest\Debug\link.5400-cvtres.read.1.tlog
C:\Users\Osama\Documents\Visual Studio 2012\Projects\Contest\Contest\Debug\link.5400-cvtres.write.1.tlog
C:\Users\Osama\Documents\Visual Studio 2012\Projects\Contest\Contest\Debug\link.5400-rc.read.1.tlog
C:\Users\Osama\Documents\Visual Studio 2012\Projects\Contest\Contest\Debug\link.5400-rc.write.1.tlog
C:\Users\Osama\Documents\Visual Studio 2012\Projects\Contest\Contest\Debug\link.5400.read.1.tlog
C:\Users\Osama\Documents\Visual Studio 2012\Projects\Contest\Contest\Debug\link.5400.write.1.tlog
C:\Users\Osama\Documents\Visual Studio 2012\Projects\Contest\Contest\Debug\link.5508-cvtres.read.1.tlog
C:\Users\Osama\Documents\Visual Studio 2012\Projects\Contest\Contest\Debug\link.5508-cvtres.write.1.tlog
C:\Users\Osama\Documents\Visual Studio 2012\Projects\Contest\Contest\Debug\link.5508-rc.read.1.tlog
C:\Users\Osama\Documents\Visual Studio 2012\Projects\Contest\Contest\Debug\link.5508-rc.write.1.tlog
C:\Users\Osama\Documents\Visual Studio 2012\Projects\Contest\Contest\Debug\link.5508.read.1.tlog
C:\Users\Osama\Documents\Visual Studio 2012\Projects\Contest\Contest\Debug\link.5508.write.1.tlog
C:\Users\Osama\Documents\Visual Studio 2012\Projects\Contest\Contest\Debug\link.5592-cvtres.read.1.tlog
C:\Users\Osama\Documents\Visual Studio 2012\Projects\Contest\Contest\Debug\link.5592-cvtres.write.1.tlog
C:\Users\Osama\Documents\Visual Studio 2012\Projects\Contest\Contest\Debug\link.5592-rc.read.1.tlog
C:\Users\Osama\Documents\Visual Studio 2012\Projects\Contest\Contest\Debug\link.5592-rc.write.1.tlog
C:\Users\Osama\Documents\Visual Studio 2012\Projects\Contest\Contest\Debug\link.5592.read.1.tlog
C:\Users\Osama\Documents\Visual Studio 2012\Projects\Contest\Contest\Debug\link.5592.write.1.tlog
C:\Users\Osama\Documents\Visual Studio 2012\Projects\Contest\Contest\Debug\link.5628-cvtres.read.1.tlog
C:\Users\Osama\Documents\Visual Studio 2012\Projects\Contest\Contest\Debug\link.5628-cvtres.write.1.tlog
C:\Users\Osama\Documents\Visual Studio 2012\Projects\Contest\Contest\Debug\link.5628-rc.read.1.tlog
C:\Users\Osama\Documents\Visual Studio 2012\Projects\Contest\Contest\Debug\link.5628-rc.write.1.tlog
C:\Users\Osama\Documents\Visual Studio 2012\Projects\Contest\Contest\Debug\link.5628.read.1.tlog
C:\Users\Osama\Documents\Visual Studio 2012\Projects\Contest\Contest\Debug\link.5628.write.1.tlog
C:\Users\Osama\Documents\Visual Studio 2012\Projects\Contest\Contest\Debug\link.5684-cvtres.read.1.tlog
C:\Users\Osama\Documents\Visual Studio 2012\Projects\Contest\Contest\Debug\link.5684-cvtres.write.1.tlog
C:\Users\Osama\Documents\Visual Studio 2012\Projects\Contest\Contest\Debug\link.5684-rc.read.1.tlog
C:\Users\Osama\Documents\Visual Studio 2012\Projects\Contest\Contest\Debug\link.5684-rc.write.1.tlog
C:\Users\Osama\Documents\Visual Studio 2012\Projects\Contest\Contest\Debug\link.5684.read.1.tlog
C:\Users\Osama\Documents\Visual Studio 2012\Projects\Contest\Contest\Debug\link.5684.write.1.tlog
C:\Users\Osama\Documents\Visual Studio 2012\Projects\Contest\Contest\Debug\link.5708-cvtres.read.1.tlog
C:\Users\Osama\Documents\Visual Studio 2012\Projects\Contest\Contest\Debug\link.5708-cvtres.write.1.tlog
C:\Users\Osama\Documents\Visual Studio 2012\Projects\Contest\Contest\Debug\link.5708-rc.read.1.tlog
C:\Users\Osama\Documents\Visual Studio 2012\Projects\Contest\Contest\Debug\link.5708-rc.write.1.tlog
C:\Users\Osama\Documents\Visual Studio 2012\Projects\Contest\Contest\Debug\link.5708.read.1.tlog
C:\Users\Osama\Documents\Visual Studio 2012\Projects\Contest\Contest\Debug\link.5708.write.1.tlog
C:\Users\Osama\Documents\Visual Studio 2012\Projects\Contest\Contest\Debug\link.5760-cvtres.read.1.tlog
C:\Users\Osama\Documents\Visual Studio 2012\Projects\Contest\Contest\Debug\link.5760-cvtres.write.1.tlog
C:\Users\Osama\Documents\Visual Studio 2012\Projects\Contest\Contest\Debug\link.5760-rc.read.1.tlog
C:\Users\Osama\Documents\Visual Studio 2012\Projects\Contest\Contest\Debug\link.5760-rc.write.1.tlog
C:\Users\Osama\Documents\Visual Studio 2012\Projects\Contest\Contest\Debug\link.5760.read.1.tlog
C:\Users\Osama\Documents\Visual Studio 2012\Projects\Contest\Contest\Debug\link.5760.write.1.tlog
C:\Users\Osama\Documents\Visual Studio 2012\Projects\Contest\Contest\Debug\link.5784-cvtres.read.1.tlog
C:\Users\Osama\Documents\Visual Studio 2012\Projects\Contest\Contest\Debug\link.5784-cvtres.write.1.tlog
C:\Users\Osama\Documents\Visual Studio 2012\Projects\Contest\Contest\Debug\link.5784-rc.read.1.tlog
C:\Users\Osama\Documents\Visual Studio 2012\Projects\Contest\Contest\Debug\link.5784-rc.write.1.tlog
C:\Users\Osama\Documents\Visual Studio 2012\Projects\Contest\Contest\Debug\link.5784.read.1.tlog
C:\Users\Osama\Documents\Visual Studio 2012\Projects\Contest\Contest\Debug\link.5784.write.1.tlog
C:\Users\Osama\Documents\Visual Studio 2012\Projects\Contest\Contest\Debug\link.5800-cvtres.read.1.tlog
C:\Users\Osama\Documents\Visual Studio 2012\Projects\Contest\Contest\Debug\link.5800-cvtres.write.1.tlog
C:\Users\Osama\Documents\Visual Studio 2012\Projects\Contest\Contest\Debug\link.5800-rc.read.1.tlog
C:\Users\Osama\Documents\Visual Studio 2012\Projects\Contest\Contest\Debug\link.5800-rc.write.1.tlog
C:\Users\Osama\Documents\Visual Studio 2012\Projects\Contest\Contest\Debug\link.5800.read.1.tlog
C:\Users\Osama\Documents\Visual Studio 2012\Projects\Contest\Contest\Debug\link.5800.write.1.tlog
C:\Users\Osama\Documents\Visual Studio 2012\Projects\Contest\Contest\Debug\link.5860-cvtres.read.1.tlog
C:\Users\Osama\Documents\Visual Studio 2012\Projects\Contest\Contest\Debug\link.5860-cvtres.write.1.tlog
C:\Users\Osama\Documents\Visual Studio 2012\Projects\Contest\Contest\Debug\link.5860-rc.read.1.tlog
C:\Users\Osama\Documents\Visual Studio 2012\Projects\Contest\Contest\Debug\link.5860-rc.write.1.tlog
C:\Users\Osama\Documents\Visual Studio 2012\Projects\Contest\Contest\Debug\link.5860.read.1.tlog
C:\Users\Osama\Documents\Visual Studio 2012\Projects\Contest\Contest\Debug\link.5860.write.1.tlog
C:\Users\Osama\Documents\Visual Studio 2012\Projects\Contest\Contest\Debug\link.5864-cvtres.read.1.tlog
C:\Users\Osama\Documents\Visual Studio 2012\Projects\Contest\Contest\Debug\link.5864-cvtres.write.1.tlog
C:\Users\Osama\Documents\Visual Studio 2012\Projects\Contest\Contest\Debug\link.5864-rc.read.1.tlog
C:\Users\Osama\Documents\Visual Studio 2012\Projects\Contest\Contest\Debug\link.5864-rc.write.1.tlog
C:\Users\Osama\Documents\Visual Studio 2012\Projects\Contest\Contest\Debug\link.5864.read.1.tlog
C:\Users\Osama\Documents\Visual Studio 2012\Projects\Contest\Contest\Debug\link.5864.write.1.tlog
C:\Users\Osama\Documents\Visual Studio 2012\Projects\Contest\Contest\Debug\link.5888-cvtres.read.1.tlog
C:\Users\Osama\Documents\Visual Studio 2012\Projects\Contest\Contest\Debug\link.5888-cvtres.write.1.tlog
C:\Users\Osama\Documents\Visual Studio 2012\Projects\Contest\Contest\Debug\link.5888-rc.read.1.tlog
C:\Users\Osama\Documents\Visual Studio 2012\Projects\Contest\Contest\Debug\link.5888-rc.write.1.tlog
C:\Users\Osama\Documents\Visual Studio 2012\Projects\Contest\Contest\Debug\link.5888.read.1.tlog
C:\Users\Osama\Documents\Visual Studio 2012\Projects\Contest\Contest\Debug\link.5888.write.1.tlog
C:\Users\Osama\Documents\Visual Studio 2012\Projects\Contest\Contest\Debug\link.5912-cvtres.read.1.tlog
C:\Users\Osama\Documents\Visual Studio 2012\Projects\Contest\Contest\Debug\link.5912-cvtres.write.1.tlog
C:\Users\Osama\Documents\Visual Studio 2012\Projects\Contest\Contest\Debug\link.5912-rc.read.1.tlog
C:\Users\Osama\Documents\Visual Studio 2012\Projects\Contest\Contest\Debug\link.5912-rc.write.1.tlog
C:\Users\Osama\Documents\Visual Studio 2012\Projects\Contest\Contest\Debug\link.5912.read.1.tlog
C:\Users\Osama\Documents\Visual Studio 2012\Projects\Contest\Contest\Debug\link.5912.write.1.tlog
C:\Users\Osama\Documents\Visual Studio 2012\Projects\Contest\Contest\Debug\link.5932-cvtres.read.1.tlog
C:\Users\Osama\Documents\Visual Studio 2012\Projects\Contest\Contest\Debug\link.5932-cvtres.write.1.tlog
C:\Users\Osama\Documents\Visual Studio 2012\Projects\Contest\Contest\Debug\link.5932-rc.read.1.tlog
C:\Users\Osama\Documents\Visual Studio 2012\Projects\Contest\Contest\Debug\link.5932-rc.write.1.tlog
C:\Users\Osama\Documents\Visual Studio 2012\Projects\Contest\Contest\Debug\link.5932.read.1.tlog
C:\Users\Osama\Documents\Visual Studio 2012\Projects\Contest\Contest\Debug\link.5932.write.1.tlog
C:\Users\Osama\Documents\Visual Studio 2012\Projects\Contest\Contest\Debug\link.5944-cvtres.read.1.tlog
C:\Users\Osama\Documents\Visual Studio 2012\Projects\Contest\Contest\Debug\link.5944-cvtres.write.1.tlog
C:\Users\Osama\Documents\Visual Studio 2012\Projects\Contest\Contest\Debug\link.5944-rc.read.1.tlog
C:\Users\Osama\Documents\Visual Studio 2012\Projects\Contest\Contest\Debug\link.5944-rc.write.1.tlog
C:\Users\Osama\Documents\Visual Studio 2012\Projects\Contest\Contest\Debug\link.5944.read.1.tlog
C:\Users\Osama\Documents\Visual Studio 2012\Projects\Contest\Contest\Debug\link.5944.write.1.tlog
C:\Users\Osama\Documents\Visual Studio 2012\Projects\Contest\Contest\Debug\link.5988-cvtres.read.1.tlog
C:\Users\Osama\Documents\Visual Studio 2012\Projects\Contest\Contest\Debug\link.5988-cvtres.write.1.tlog
C:\Users\Osama\Documents\Visual Studio 2012\Projects\Contest\Contest\Debug\link.5988-rc.read.1.tlog
C:\Users\Osama\Documents\Visual Studio 2012\Projects\Contest\Contest\Debug\link.5988-rc.write.1.tlog
C:\Users\Osama\Documents\Visual Studio 2012\Projects\Contest\Contest\Debug\link.5988.read.1.tlog
C:\Users\Osama\Documents\Visual Studio 2012\Projects\Contest\Contest\Debug\link.5988.write.1.tlog
C:\Users\Osama\Documents\Visual Studio 2012\Projects\Contest\Contest\Debug\link.6016-cvtres.read.1.tlog
C:\Users\Osama\Documents\Visual Studio 2012\Projects\Contest\Contest\Debug\link.6016-cvtres.write.1.tlog
C:\Users\Osama\Documents\Visual Studio 2012\Projects\Contest\Contest\Debug\link.6016-rc.read.1.tlog
C:\Users\Osama\Documents\Visual Studio 2012\Projects\Contest\Contest\Debug\link.6016-rc.write.1.tlog
C:\Users\Osama\Documents\Visual Studio 2012\Projects\Contest\Contest\Debug\link.6016.read.1.tlog
C:\Users\Osama\Documents\Visual Studio 2012\Projects\Contest\Contest\Debug\link.6016.write.1.tlog
C:\Users\Osama\Documents\Visual Studio 2012\Projects\Contest\Contest\Debug\link.6020-cvtres.read.1.tlog
C:\Users\Osama\Documents\Visual Studio 2012\Projects\Contest\Contest\Debug\link.6020-cvtres.write.1.tlog
C:\Users\Osama\Documents\Visual Studio 2012\Projects\Contest\Contest\Debug\link.6020-rc.read.1.tlog
C:\Users\Osama\Documents\Visual Studio 2012\Projects\Contest\Contest\Debug\link.6020-rc.write.1.tlog
C:\Users\Osama\Documents\Visual Studio 2012\Projects\Contest\Contest\Debug\link.6020.read.1.tlog
C:\Users\Osama\Documents\Visual Studio 2012\Projects\Contest\Contest\Debug\link.6020.write.1.tlog
C:\Users\Osama\Documents\Visual Studio 2012\Projects\Contest\Contest\Debug\link.6108-cvtres.read.1.tlog
C:\Users\Osama\Documents\Visual Studio 2012\Projects\Contest\Contest\Debug\link.6108-cvtres.write.1.tlog
C:\Users\Osama\Documents\Visual Studio 2012\Projects\Contest\Contest\Debug\link.6108-rc.read.1.tlog
C:\Users\Osama\Documents\Visual Studio 2012\Projects\Contest\Contest\Debug\link.6108-rc.write.1.tlog
C:\Users\Osama\Documents\Visual Studio 2012\Projects\Contest\Contest\Debug\link.6108.read.1.tlog
C:\Users\Osama\Documents\Visual Studio 2012\Projects\Contest\Contest\Debug\link.6108.write.1.tlog
C:\Users\Osama\Documents\Visual Studio 2012\Projects\Contest\Contest\Debug\link.6112-cvtres.read.1.tlog
C:\Users\Osama\Documents\Visual Studio 2012\Projects\Contest\Contest\Debug\link.6112-cvtres.write.1.tlog
C:\Users\Osama\Documents\Visual Studio 2012\Projects\Contest\Contest\Debug\link.6112-rc.read.1.tlog
C:\Users\Osama\Documents\Visual Studio 2012\Projects\Contest\Contest\Debug\link.6112-rc.write.1.tlog
C:\Users\Osama\Documents\Visual Studio 2012\Projects\Contest\Contest\Debug\link.6112.read.1.tlog
C:\Users\Osama\Documents\Visual Studio 2012\Projects\Contest\Contest\Debug\link.6112.write.1.tlog
C:\Users\Osama\Documents\Visual Studio 2012\Projects\Contest\Contest\Debug\link.612-cvtres.read.1.tlog
C:\Users\Osama\Documents\Visual Studio 2012\Projects\Contest\Contest\Debug\link.612-cvtres.write.1.tlog
C:\Users\Osama\Documents\Visual Studio 2012\Projects\Contest\Contest\Debug\link.612-rc.read.1.tlog
C:\Users\Osama\Documents\Visual Studio 2012\Projects\Contest\Contest\Debug\link.612-rc.write.1.tlog
C:\Users\Osama\Documents\Visual Studio 2012\Projects\Contest\Contest\Debug\link.612.read.1.tlog
C:\Users\Osama\Documents\Visual Studio 2012\Projects\Contest\Contest\Debug\link.612.write.1.tlog
C:\Users\Osama\Documents\Visual Studio 2012\Projects\Contest\Contest\Debug\link.6192-cvtres.read.1.tlog
C:\Users\Osama\Documents\Visual Studio 2012\Projects\Contest\Contest\Debug\link.6192-cvtres.write.1.tlog
C:\Users\Osama\Documents\Visual Studio 2012\Projects\Contest\Contest\Debug\link.6192-rc.read.1.tlog
C:\Users\Osama\Documents\Visual Studio 2012\Projects\Contest\Contest\Debug\link.6192-rc.write.1.tlog
C:\Users\Osama\Documents\Visual Studio 2012\Projects\Contest\Contest\Debug\link.6192.read.1.tlog
C:\Users\Osama\Documents\Visual Studio 2012\Projects\Contest\Contest\Debug\link.6192.write.1.tlog
C:\Users\Osama\Documents\Visual Studio 2012\Projects\Contest\Contest\Debug\link.6220-cvtres.read.1.tlog
C:\Users\Osama\Documents\Visual Studio 2012\Projects\Contest\Contest\Debug\link.6220-cvtres.write.1.tlog
C:\Users\Osama\Documents\Visual Studio 2012\Projects\Contest\Contest\Debug\link.6220-rc.read.1.tlog
C:\Users\Osama\Documents\Visual Studio 2012\Projects\Contest\Contest\Debug\link.6220-rc.write.1.tlog
C:\Users\Osama\Documents\Visual Studio 2012\Projects\Contest\Contest\Debug\link.6220.read.1.tlog
C:\Users\Osama\Documents\Visual Studio 2012\Projects\Contest\Contest\Debug\link.6220.write.1.tlog
C:\Users\Osama\Documents\Visual Studio 2012\Projects\Contest\Contest\Debug\link.6228-cvtres.read.1.tlog
C:\Users\Osama\Documents\Visual Studio 2012\Projects\Contest\Contest\Debug\link.6228-cvtres.write.1.tlog
C:\Users\Osama\Documents\Visual Studio 2012\Projects\Contest\Contest\Debug\link.6228-rc.read.1.tlog
C:\Users\Osama\Documents\Visual Studio 2012\Projects\Contest\Contest\Debug\link.6228-rc.write.1.tlog
C:\Users\Osama\Documents\Visual Studio 2012\Projects\Contest\Contest\Debug\link.6228.read.1.tlog
C:\Users\Osama\Documents\Visual Studio 2012\Projects\Contest\Contest\Debug\link.6228.write.1.tlog
C:\Users\Osama\Documents\Visual Studio 2012\Projects\Contest\Contest\Debug\link.6244-cvtres.read.1.tlog
C:\Users\Osama\Documents\Visual Studio 2012\Projects\Contest\Contest\Debug\link.6244-cvtres.write.1.tlog
C:\Users\Osama\Documents\Visual Studio 2012\Projects\Contest\Contest\Debug\link.6244-rc.read.1.tlog
C:\Users\Osama\Documents\Visual Studio 2012\Projects\Contest\Contest\Debug\link.6244-rc.write.1.tlog
C:\Users\Osama\Documents\Visual Studio 2012\Projects\Contest\Contest\Debug\link.6244.read.1.tlog
C:\Users\Osama\Documents\Visual Studio 2012\Projects\Contest\Contest\Debug\link.6244.write.1.tlog
C:\Users\Osama\Documents\Visual Studio 2012\Projects\Contest\Contest\Debug\link.6288-cvtres.read.1.tlog
C:\Users\Osama\Documents\Visual Studio 2012\Projects\Contest\Contest\Debug\link.6288-cvtres.write.1.tlog
C:\Users\Osama\Documents\Visual Studio 2012\Projects\Contest\Contest\Debug\link.6288-rc.read.1.tlog
C:\Users\Osama\Documents\Visual Studio 2012\Projects\Contest\Contest\Debug\link.6288-rc.write.1.tlog
C:\Users\Osama\Documents\Visual Studio 2012\Projects\Contest\Contest\Debug\link.6288.read.1.tlog
C:\Users\Osama\Documents\Visual Studio 2012\Projects\Contest\Contest\Debug\link.6288.write.1.tlog
C:\Users\Osama\Documents\Visual Studio 2012\Projects\Contest\Contest\Debug\link.6456-cvtres.read.1.tlog
C:\Users\Osama\Documents\Visual Studio 2012\Projects\Contest\Contest\Debug\link.6456-cvtres.write.1.tlog
C:\Users\Osama\Documents\Visual Studio 2012\Projects\Contest\Contest\Debug\link.6456-rc.read.1.tlog
C:\Users\Osama\Documents\Visual Studio 2012\Projects\Contest\Contest\Debug\link.6456-rc.write.1.tlog
C:\Users\Osama\Documents\Visual Studio 2012\Projects\Contest\Contest\Debug\link.6456.read.1.tlog
C:\Users\Osama\Documents\Visual Studio 2012\Projects\Contest\Contest\Debug\link.6456.write.1.tlog
C:\Users\Osama\Documents\Visual Studio 2012\Projects\Contest\Contest\Debug\link.6488-cvtres.read.1.tlog
C:\Users\Osama\Documents\Visual Studio 2012\Projects\Contest\Contest\Debug\link.6488-cvtres.write.1.tlog
C:\Users\Osama\Documents\Visual Studio 2012\Projects\Contest\Contest\Debug\link.6488-rc.read.1.tlog
C:\Users\Osama\Documents\Visual Studio 2012\Projects\Contest\Contest\Debug\link.6488-rc.write.1.tlog
C:\Users\Osama\Documents\Visual Studio 2012\Projects\Contest\Contest\Debug\link.6488.read.1.tlog
C:\Users\Osama\Documents\Visual Studio 2012\Projects\Contest\Contest\Debug\link.6488.write.1.tlog
C:\Users\Osama\Documents\Visual Studio 2012\Projects\Contest\Contest\Debug\link.6508-cvtres.read.1.tlog
C:\Users\Osama\Documents\Visual Studio 2012\Projects\Contest\Contest\Debug\link.6508-cvtres.write.1.tlog
C:\Users\Osama\Documents\Visual Studio 2012\Projects\Contest\Contest\Debug\link.6508-rc.read.1.tlog
C:\Users\Osama\Documents\Visual Studio 2012\Projects\Contest\Contest\Debug\link.6508-rc.write.1.tlog
C:\Users\Osama\Documents\Visual Studio 2012\Projects\Contest\Contest\Debug\link.6508.read.1.tlog
C:\Users\Osama\Documents\Visual Studio 2012\Projects\Contest\Contest\Debug\link.6508.write.1.tlog
C:\Users\Osama\Documents\Visual Studio 2012\Projects\Contest\Contest\Debug\link.6512-cvtres.read.1.tlog
C:\Users\Osama\Documents\Visual Studio 2012\Projects\Contest\Contest\Debug\link.6512-cvtres.write.1.tlog
C:\Users\Osama\Documents\Visual Studio 2012\Projects\Contest\Contest\Debug\link.6512-rc.read.1.tlog
C:\Users\Osama\Documents\Visual Studio 2012\Projects\Contest\Contest\Debug\link.6512-rc.write.1.tlog
C:\Users\Osama\Documents\Visual Studio 2012\Projects\Contest\Contest\Debug\link.6512.read.1.tlog
C:\Users\Osama\Documents\Visual Studio 2012\Projects\Contest\Contest\Debug\link.6512.write.1.tlog
C:\Users\Osama\Documents\Visual Studio 2012\Projects\Contest\Contest\Debug\link.6528-cvtres.read.1.tlog
C:\Users\Osama\Documents\Visual Studio 2012\Projects\Contest\Contest\Debug\link.6528-cvtres.write.1.tlog
C:\Users\Osama\Documents\Visual Studio 2012\Projects\Contest\Contest\Debug\link.6528-rc.read.1.tlog
C:\Users\Osama\Documents\Visual Studio 2012\Projects\Contest\Contest\Debug\link.6528-rc.write.1.tlog
C:\Users\Osama\Documents\Visual Studio 2012\Projects\Contest\Contest\Debug\link.6528.read.1.tlog
C:\Users\Osama\Documents\Visual Studio 2012\Projects\Contest\Contest\Debug\link.6528.write.1.tlog
C:\Users\Osama\Documents\Visual Studio 2012\Projects\Contest\Contest\Debug\link.6540-cvtres.read.1.tlog
C:\Users\Osama\Documents\Visual Studio 2012\Projects\Contest\Contest\Debug\link.6540-cvtres.write.1.tlog
C:\Users\Osama\Documents\Visual Studio 2012\Projects\Contest\Contest\Debug\link.6540-rc.read.1.tlog
C:\Users\Osama\Documents\Visual Studio 2012\Projects\Contest\Contest\Debug\link.6540-rc.write.1.tlog
C:\Users\Osama\Documents\Visual Studio 2012\Projects\Contest\Contest\Debug\link.6540.read.1.tlog
C:\Users\Osama\Documents\Visual Studio 2012\Projects\Contest\Contest\Debug\link.6540.write.1.tlog
C:\Users\Osama\Documents\Visual Studio 2012\Projects\Contest\Contest\Debug\link.6544-cvtres.read.1.tlog
C:\Users\Osama\Documents\Visual Studio 2012\Projects\Contest\Contest\Debug\link.6544-cvtres.write.1.tlog
C:\Users\Osama\Documents\Visual Studio 2012\Projects\Contest\Contest\Debug\link.6544-rc.read.1.tlog
C:\Users\Osama\Documents\Visual Studio 2012\Projects\Contest\Contest\Debug\link.6544-rc.write.1.tlog
C:\Users\Osama\Documents\Visual Studio 2012\Projects\Contest\Contest\Debug\link.6544.read.1.tlog
C:\Users\Osama\Documents\Visual Studio 2012\Projects\Contest\Contest\Debug\link.6544.write.1.tlog
C:\Users\Osama\Documents\Visual Studio 2012\Projects\Contest\Contest\Debug\link.6588-cvtres.read.1.tlog
C:\Users\Osama\Documents\Visual Studio 2012\Projects\Contest\Contest\Debug\link.6588-cvtres.write.1.tlog
C:\Users\Osama\Documents\Visual Studio 2012\Projects\Contest\Contest\Debug\link.6588-rc.read.1.tlog
C:\Users\Osama\Documents\Visual Studio 2012\Projects\Contest\Contest\Debug\link.6588-rc.write.1.tlog
C:\Users\Osama\Documents\Visual Studio 2012\Projects\Contest\Contest\Debug\link.6588.read.1.tlog
C:\Users\Osama\Documents\Visual Studio 2012\Projects\Contest\Contest\Debug\link.6588.write.1.tlog
C:\Users\Osama\Documents\Visual Studio 2012\Projects\Contest\Contest\Debug\link.6632-cvtres.read.1.tlog
C:\Users\Osama\Documents\Visual Studio 2012\Projects\Contest\Contest\Debug\link.6632-cvtres.write.1.tlog
C:\Users\Osama\Documents\Visual Studio 2012\Projects\Contest\Contest\Debug\link.6632-rc.read.1.tlog
C:\Users\Osama\Documents\Visual Studio 2012\Projects\Contest\Contest\Debug\link.6632-rc.write.1.tlog
C:\Users\Osama\Documents\Visual Studio 2012\Projects\Contest\Contest\Debug\link.6632.read.1.tlog
C:\Users\Osama\Documents\Visual Studio 2012\Projects\Contest\Contest\Debug\link.6632.write.1.tlog
C:\Users\Osama\Documents\Visual Studio 2012\Projects\Contest\Contest\Debug\link.6648-cvtres.read.1.tlog
C:\Users\Osama\Documents\Visual Studio 2012\Projects\Contest\Contest\Debug\link.6648-cvtres.write.1.tlog
C:\Users\Osama\Documents\Visual Studio 2012\Projects\Contest\Contest\Debug\link.6648-rc.read.1.tlog
C:\Users\Osama\Documents\Visual Studio 2012\Projects\Contest\Contest\Debug\link.6648-rc.write.1.tlog
C:\Users\Osama\Documents\Visual Studio 2012\Projects\Contest\Contest\Debug\link.6648.read.1.tlog
C:\Users\Osama\Documents\Visual Studio 2012\Projects\Contest\Contest\Debug\link.6648.write.1.tlog
C:\Users\Osama\Documents\Visual Studio 2012\Projects\Contest\Contest\Debug\link.6680-cvtres.read.1.tlog
C:\Users\Osama\Documents\Visual Studio 2012\Projects\Contest\Contest\Debug\link.6680-cvtres.write.1.tlog
C:\Users\Osama\Documents\Visual Studio 2012\Projects\Contest\Contest\Debug\link.6680-rc.read.1.tlog
C:\Users\Osama\Documents\Visual Studio 2012\Projects\Contest\Contest\Debug\link.6680-rc.write.1.tlog
C:\Users\Osama\Documents\Visual Studio 2012\Projects\Contest\Contest\Debug\link.6680.read.1.tlog
C:\Users\Osama\Documents\Visual Studio 2012\Projects\Contest\Contest\Debug\link.6680.write.1.tlog
C:\Users\Osama\Documents\Visual Studio 2012\Projects\Contest\Contest\Debug\link.6740-cvtres.read.1.tlog
C:\Users\Osama\Documents\Visual Studio 2012\Projects\Contest\Contest\Debug\link.6740-cvtres.write.1.tlog
C:\Users\Osama\Documents\Visual Studio 2012\Projects\Contest\Contest\Debug\link.6740-rc.read.1.tlog
C:\Users\Osama\Documents\Visual Studio 2012\Projects\Contest\Contest\Debug\link.6740-rc.write.1.tlog
C:\Users\Osama\Documents\Visual Studio 2012\Projects\Contest\Contest\Debug\link.6740.read.1.tlog
C:\Users\Osama\Documents\Visual Studio 2012\Projects\Contest\Contest\Debug\link.6740.write.1.tlog
C:\Users\Osama\Documents\Visual Studio 2012\Projects\Contest\Contest\Debug\link.6764-cvtres.read.1.tlog
C:\Users\Osama\Documents\Visual Studio 2012\Projects\Contest\Contest\Debug\link.6764-cvtres.write.1.tlog
C:\Users\Osama\Documents\Visual Studio 2012\Projects\Contest\Contest\Debug\link.6764-rc.read.1.tlog
C:\Users\Osama\Documents\Visual Studio 2012\Projects\Contest\Contest\Debug\link.6764-rc.write.1.tlog
C:\Users\Osama\Documents\Visual Studio 2012\Projects\Contest\Contest\Debug\link.6764.read.1.tlog
C:\Users\Osama\Documents\Visual Studio 2012\Projects\Contest\Contest\Debug\link.6764.write.1.tlog
C:\Users\Osama\Documents\Visual Studio 2012\Projects\Contest\Contest\Debug\link.6776-cvtres.read.1.tlog
C:\Users\Osama\Documents\Visual Studio 2012\Projects\Contest\Contest\Debug\link.6776-cvtres.write.1.tlog
C:\Users\Osama\Documents\Visual Studio 2012\Projects\Contest\Contest\Debug\link.6776-rc.read.1.tlog
C:\Users\Osama\Documents\Visual Studio 2012\Projects\Contest\Contest\Debug\link.6776-rc.write.1.tlog
C:\Users\Osama\Documents\Visual Studio 2012\Projects\Contest\Contest\Debug\link.6776.read.1.tlog
C:\Users\Osama\Documents\Visual Studio 2012\Projects\Contest\Contest\Debug\link.6776.write.1.tlog
C:\Users\Osama\Documents\Visual Studio 2012\Projects\Contest\Contest\Debug\link.680-cvtres.read.1.tlog
C:\Users\Osama\Documents\Visual Studio 2012\Projects\Contest\Contest\Debug\link.680-cvtres.write.1.tlog
C:\Users\Osama\Documents\Visual Studio 2012\Projects\Contest\Contest\Debug\link.680-rc.read.1.tlog
C:\Users\Osama\Documents\Visual Studio 2012\Projects\Contest\Contest\Debug\link.680-rc.write.1.tlog
C:\Users\Osama\Documents\Visual Studio 2012\Projects\Contest\Contest\Debug\link.680.read.1.tlog
C:\Users\Osama\Documents\Visual Studio 2012\Projects\Contest\Contest\Debug\link.680.write.1.tlog
C:\Users\Osama\Documents\Visual Studio 2012\Projects\Contest\Contest\Debug\link.6800-cvtres.read.1.tlog
C:\Users\Osama\Documents\Visual Studio 2012\Projects\Contest\Contest\Debug\link.6800-cvtres.write.1.tlog
C:\Users\Osama\Documents\Visual Studio 2012\Projects\Contest\Contest\Debug\link.6800-rc.read.1.tlog
C:\Users\Osama\Documents\Visual Studio 2012\Projects\Contest\Contest\Debug\link.6800-rc.write.1.tlog
C:\Users\Osama\Documents\Visual Studio 2012\Projects\Contest\Contest\Debug\link.6800.read.1.tlog
C:\Users\Osama\Documents\Visual Studio 2012\Projects\Contest\Contest\Debug\link.6800.write.1.tlog
C:\Users\Osama\Documents\Visual Studio 2012\Projects\Contest\Contest\Debug\link.6848-cvtres.read.1.tlog
C:\Users\Osama\Documents\Visual Studio 2012\Projects\Contest\Contest\Debug\link.6848-cvtres.write.1.tlog
C:\Users\Osama\Documents\Visual Studio 2012\Projects\Contest\Contest\Debug\link.6848-rc.read.1.tlog
C:\Users\Osama\Documents\Visual Studio 2012\Projects\Contest\Contest\Debug\link.6848-rc.write.1.tlog
C:\Users\Osama\Documents\Visual Studio 2012\Projects\Contest\Contest\Debug\link.6848.read.1.tlog
C:\Users\Osama\Documents\Visual Studio 2012\Projects\Contest\Contest\Debug\link.6848.write.1.tlog
C:\Users\Osama\Documents\Visual Studio 2012\Projects\Contest\Contest\Debug\link.6856-cvtres.read.1.tlog
C:\Users\Osama\Documents\Visual Studio 2012\Projects\Contest\Contest\Debug\link.6856-cvtres.write.1.tlog
C:\Users\Osama\Documents\Visual Studio 2012\Projects\Contest\Contest\Debug\link.6856-rc.read.1.tlog
C:\Users\Osama\Documents\Visual Studio 2012\Projects\Contest\Contest\Debug\link.6856-rc.write.1.tlog
C:\Users\Osama\Documents\Visual Studio 2012\Projects\Contest\Contest\Debug\link.6856.read.1.tlog
C:\Users\Osama\Documents\Visual Studio 2012\Projects\Contest\Contest\Debug\link.6856.write.1.tlog
C:\Users\Osama\Documents\Visual Studio 2012\Projects\Contest\Contest\Debug\link.6892-cvtres.read.1.tlog
C:\Users\Osama\Documents\Visual Studio 2012\Projects\Contest\Contest\Debug\link.6892-cvtres.write.1.tlog
C:\Users\Osama\Documents\Visual Studio 2012\Projects\Contest\Contest\Debug\link.6892-rc.read.1.tlog
C:\Users\Osama\Documents\Visual Studio 2012\Projects\Contest\Contest\Debug\link.6892-rc.write.1.tlog
C:\Users\Osama\Documents\Visual Studio 2012\Projects\Contest\Contest\Debug\link.6892.read.1.tlog
C:\Users\Osama\Documents\Visual Studio 2012\Projects\Contest\Contest\Debug\link.6892.write.1.tlog
C:\Users\Osama\Documents\Visual Studio 2012\Projects\Contest\Contest\Debug\link.6908-cvtres.read.1.tlog
C:\Users\Osama\Documents\Visual Studio 2012\Projects\Contest\Contest\Debug\link.6908-cvtres.write.1.tlog
C:\Users\Osama\Documents\Visual Studio 2012\Projects\Contest\Contest\Debug\link.6908-rc.read.1.tlog
C:\Users\Osama\Documents\Visual Studio 2012\Projects\Contest\Contest\Debug\link.6908-rc.write.1.tlog
C:\Users\Osama\Documents\Visual Studio 2012\Projects\Contest\Contest\Debug\link.6908.read.1.tlog
C:\Users\Osama\Documents\Visual Studio 2012\Projects\Contest\Contest\Debug\link.6908.write.1.tlog
C:\Users\Osama\Documents\Visual Studio 2012\Projects\Contest\Contest\Debug\link.692-cvtres.read.1.tlog
C:\Users\Osama\Documents\Visual Studio 2012\Projects\Contest\Contest\Debug\link.692-cvtres.write.1.tlog
C:\Users\Osama\Documents\Visual Studio 2012\Projects\Contest\Contest\Debug\link.692-rc.read.1.tlog
C:\Users\Osama\Documents\Visual Studio 2012\Projects\Contest\Contest\Debug\link.692-rc.write.1.tlog
C:\Users\Osama\Documents\Visual Studio 2012\Projects\Contest\Contest\Debug\link.692.read.1.tlog
C:\Users\Osama\Documents\Visual Studio 2012\Projects\Contest\Contest\Debug\link.692.write.1.tlog
C:\Users\Osama\Documents\Visual Studio 2012\Projects\Contest\Contest\Debug\link.6928-cvtres.read.1.tlog
C:\Users\Osama\Documents\Visual Studio 2012\Projects\Contest\Contest\Debug\link.6928-cvtres.write.1.tlog
C:\Users\Osama\Documents\Visual Studio 2012\Projects\Contest\Contest\Debug\link.6928-rc.read.1.tlog
C:\Users\Osama\Documents\Visual Studio 2012\Projects\Contest\Contest\Debug\link.6928-rc.write.1.tlog
C:\Users\Osama\Documents\Visual Studio 2012\Projects\Contest\Contest\Debug\link.6928.read.1.tlog
C:\Users\Osama\Documents\Visual Studio 2012\Projects\Contest\Contest\Debug\link.6928.write.1.tlog
C:\Users\Osama\Documents\Visual Studio 2012\Projects\Contest\Contest\Debug\link.7036-cvtres.read.1.tlog
C:\Users\Osama\Documents\Visual Studio 2012\Projects\Contest\Contest\Debug\link.7036-cvtres.write.1.tlog
C:\Users\Osama\Documents\Visual Studio 2012\Projects\Contest\Contest\Debug\link.7036-rc.read.1.tlog
C:\Users\Osama\Documents\Visual Studio 2012\Projects\Contest\Contest\Debug\link.7036-rc.write.1.tlog
C:\Users\Osama\Documents\Visual Studio 2012\Projects\Contest\Contest\Debug\link.7036.read.1.tlog
C:\Users\Osama\Documents\Visual Studio 2012\Projects\Contest\Contest\Debug\link.7036.write.1.tlog
C:\Users\Osama\Documents\Visual Studio 2012\Projects\Contest\Contest\Debug\link.7064-cvtres.read.1.tlog
C:\Users\Osama\Documents\Visual Studio 2012\Projects\Contest\Contest\Debug\link.7064-cvtres.write.1.tlog
C:\Users\Osama\Documents\Visual Studio 2012\Projects\Contest\Contest\Debug\link.7064-rc.read.1.tlog
C:\Users\Osama\Documents\Visual Studio 2012\Projects\Contest\Contest\Debug\link.7064-rc.write.1.tlog
C:\Users\Osama\Documents\Visual Studio 2012\Projects\Contest\Contest\Debug\link.7064.read.1.tlog
C:\Users\Osama\Documents\Visual Studio 2012\Projects\Contest\Contest\Debug\link.7064.write.1.tlog
C:\Users\Osama\Documents\Visual Studio 2012\Projects\Contest\Contest\Debug\link.7072-cvtres.read.1.tlog
C:\Users\Osama\Documents\Visual Studio 2012\Projects\Contest\Contest\Debug\link.7072-cvtres.write.1.tlog
C:\Users\Osama\Documents\Visual Studio 2012\Projects\Contest\Contest\Debug\link.7072-rc.read.1.tlog
C:\Users\Osama\Documents\Visual Studio 2012\Projects\Contest\Contest\Debug\link.7072-rc.write.1.tlog
C:\Users\Osama\Documents\Visual Studio 2012\Projects\Contest\Contest\Debug\link.7072.read.1.tlog
C:\Users\Osama\Documents\Visual Studio 2012\Projects\Contest\Contest\Debug\link.7072.write.1.tlog
C:\Users\Osama\Documents\Visual Studio 2012\Projects\Contest\Contest\Debug\link.720-cvtres.read.1.tlog
C:\Users\Osama\Documents\Visual Studio 2012\Projects\Contest\Contest\Debug\link.720-cvtres.write.1.tlog
C:\Users\Osama\Documents\Visual Studio 2012\Projects\Contest\Contest\Debug\link.720-rc.read.1.tlog
C:\Users\Osama\Documents\Visual Studio 2012\Projects\Contest\Contest\Debug\link.720-rc.write.1.tlog
C:\Users\Osama\Documents\Visual Studio 2012\Projects\Contest\Contest\Debug\link.720.read.1.tlog
C:\Users\Osama\Documents\Visual Studio 2012\Projects\Contest\Contest\Debug\link.720.write.1.tlog
C:\Users\Osama\Documents\Visual Studio 2012\Projects\Contest\Contest\Debug\link.7356-cvtres.read.1.tlog
C:\Users\Osama\Documents\Visual Studio 2012\Projects\Contest\Contest\Debug\link.7356-cvtres.write.1.tlog
C:\Users\Osama\Documents\Visual Studio 2012\Projects\Contest\Contest\Debug\link.7356-rc.read.1.tlog
C:\Users\Osama\Documents\Visual Studio 2012\Projects\Contest\Contest\Debug\link.7356-rc.write.1.tlog
C:\Users\Osama\Documents\Visual Studio 2012\Projects\Contest\Contest\Debug\link.7356.read.1.tlog
C:\Users\Osama\Documents\Visual Studio 2012\Projects\Contest\Contest\Debug\link.7356.write.1.tlog
C:\Users\Osama\Documents\Visual Studio 2012\Projects\Contest\Contest\Debug\link.7452-cvtres.read.1.tlog
C:\Users\Osama\Documents\Visual Studio 2012\Projects\Contest\Contest\Debug\link.7452-cvtres.write.1.tlog
C:\Users\Osama\Documents\Visual Studio 2012\Projects\Contest\Contest\Debug\link.7452-rc.read.1.tlog
C:\Users\Osama\Documents\Visual Studio 2012\Projects\Contest\Contest\Debug\link.7452-rc.write.1.tlog
C:\Users\Osama\Documents\Visual Studio 2012\Projects\Contest\Contest\Debug\link.7452.read.1.tlog
C:\Users\Osama\Documents\Visual Studio 2012\Projects\Contest\Contest\Debug\link.7452.write.1.tlog
C:\Users\Osama\Documents\Visual Studio 2012\Projects\Contest\Contest\Debug\link.764-cvtres.read.1.tlog
C:\Users\Osama\Documents\Visual Studio 2012\Projects\Contest\Contest\Debug\link.764-cvtres.write.1.tlog
C:\Users\Osama\Documents\Visual Studio 2012\Projects\Contest\Contest\Debug\link.764-rc.read.1.tlog
C:\Users\Osama\Documents\Visual Studio 2012\Projects\Contest\Contest\Debug\link.764-rc.write.1.tlog
C:\Users\Osama\Documents\Visual Studio 2012\Projects\Contest\Contest\Debug\link.764.read.1.tlog
C:\Users\Osama\Documents\Visual Studio 2012\Projects\Contest\Contest\Debug\link.764.write.1.tlog
C:\Users\Osama\Documents\Visual Studio 2012\Projects\Contest\Contest\Debug\link.7972-cvtres.read.1.tlog
C:\Users\Osama\Documents\Visual Studio 2012\Projects\Contest\Contest\Debug\link.7972-cvtres.write.1.tlog
C:\Users\Osama\Documents\Visual Studio 2012\Projects\Contest\Contest\Debug\link.7972-rc.read.1.tlog
C:\Users\Osama\Documents\Visual Studio 2012\Projects\Contest\Contest\Debug\link.7972-rc.write.1.tlog
C:\Users\Osama\Documents\Visual Studio 2012\Projects\Contest\Contest\Debug\link.7972.read.1.tlog
C:\Users\Osama\Documents\Visual Studio 2012\Projects\Contest\Contest\Debug\link.7972.write.1.tlog
C:\Users\Osama\Documents\Visual Studio 2012\Projects\Contest\Contest\Debug\link.840-cvtres.read.1.tlog
C:\Users\Osama\Documents\Visual Studio 2012\Projects\Contest\Contest\Debug\link.840-cvtres.write.1.tlog
C:\Users\Osama\Documents\Visual Studio 2012\Projects\Contest\Contest\Debug\link.840-rc.read.1.tlog
C:\Users\Osama\Documents\Visual Studio 2012\Projects\Contest\Contest\Debug\link.840-rc.write.1.tlog
C:\Users\Osama\Documents\Visual Studio 2012\Projects\Contest\Contest\Debug\link.840.read.1.tlog
C:\Users\Osama\Documents\Visual Studio 2012\Projects\Contest\Contest\Debug\link.840.write.1.tlog
C:\Users\Osama\Documents\Visual Studio 2012\Projects\Contest\Contest\Debug\link.852-cvtres.read.1.tlog
C:\Users\Osama\Documents\Visual Studio 2012\Projects\Contest\Contest\Debug\link.852-cvtres.write.1.tlog
C:\Users\Osama\Documents\Visual Studio 2012\Projects\Contest\Contest\Debug\link.852-rc.read.1.tlog
C:\Users\Osama\Documents\Visual Studio 2012\Projects\Contest\Contest\Debug\link.852-rc.write.1.tlog
C:\Users\Osama\Documents\Visual Studio 2012\Projects\Contest\Contest\Debug\link.852.read.1.tlog
C:\Users\Osama\Documents\Visual Studio 2012\Projects\Contest\Contest\Debug\link.852.write.1.tlog
C:\Users\Osama\Documents\Visual Studio 2012\Projects\Contest\Contest\Debug\link.876-cvtres.read.1.tlog
C:\Users\Osama\Documents\Visual Studio 2012\Projects\Contest\Contest\Debug\link.876-cvtres.write.1.tlog
C:\Users\Osama\Documents\Visual Studio 2012\Projects\Contest\Contest\Debug\link.876-rc.read.1.tlog
C:\Users\Osama\Documents\Visual Studio 2012\Projects\Contest\Contest\Debug\link.876-rc.write.1.tlog
C:\Users\Osama\Documents\Visual Studio 2012\Projects\Contest\Contest\Debug\link.876.read.1.tlog
C:\Users\Osama\Documents\Visual Studio 2012\Projects\Contest\Contest\Debug\link.876.write.1.tlog
C:\Users\Osama\Documents\Visual Studio 2012\Projects\Contest\Contest\Debug\link.880-cvtres.read.1.tlog
C:\Users\Osama\Documents\Visual Studio 2012\Projects\Contest\Contest\Debug\link.880-cvtres.write.1.tlog
C:\Users\Osama\Documents\Visual Studio 2012\Projects\Contest\Contest\Debug\link.880-rc.read.1.tlog
C:\Users\Osama\Documents\Visual Studio 2012\Projects\Contest\Contest\Debug\link.880-rc.write.1.tlog
C:\Users\Osama\Documents\Visual Studio 2012\Projects\Contest\Contest\Debug\link.880.read.1.tlog
C:\Users\Osama\Documents\Visual Studio 2012\Projects\Contest\Contest\Debug\link.880.write.1.tlog
C:\Users\Osama\Documents\Visual Studio 2012\Projects\Contest\Contest\Debug\link.964-cvtres.read.1.tlog
C:\Users\Osama\Documents\Visual Studio 2012\Projects\Contest\Contest\Debug\link.964-cvtres.write.1.tlog
C:\Users\Osama\Documents\Visual Studio 2012\Projects\Contest\Contest\Debug\link.964-rc.read.1.tlog
C:\Users\Osama\Documents\Visual Studio 2012\Projects\Contest\Contest\Debug\link.964-rc.write.1.tlog
C:\Users\Osama\Documents\Visual Studio 2012\Projects\Contest\Contest\Debug\link.964.read.1.tlog
C:\Users\Osama\Documents\Visual Studio 2012\Projects\Contest\Contest\Debug\link.964.write.1.tlog
C:\Users\Osama\Documents\Visual Studio 2012\Projects\Contest\Contest\Debug\link.command.1.tlog
C:\Users\Osama\Documents\Visual Studio 2012\Projects\Contest\Contest\Debug\link.read.1.tlog
C:\Users\Osama\Documents\Visual Studio 2012\Projects\Contest\Contest\Debug\link.write.1.tlog
C:\Users\Osama\Documents\Visual Studio 2012\Projects\Contest\Contest\Debug\vc110.idb
C:\Users\Osama\Documents\Visual Studio 2012\Projects\Contest\Contest\Debug\vc110.pdb
C:\Users\Osama\Documents\Visual Studio 2012\Projects\Contest\Debug\Contest.pdb
C:\Users\Osama\Documents\Visual Studio 2012\Projects\Contest\Debug\Contest.exe
C:\Users\Osama\Documents\Visual Studio 2012\Projects\Contest\Debug\Contest.ilk
