C:\USERS\OSAMA\DOCUMENTS\VISUAL STUDIO 2012\PROJECTS\CODEFORCES\CODEFORCES\DEBUG\RIGHT TRIANGLES.OBJ
C:\USERS\OSAMA\DOCUMENTS\VISUAL STUDIO 2012\PROJECTS\CODEFORCES\CODEFORCES\DEBUG\ROMA AND CHANGING SIGNS.OBJ
C:\USERS\OSAMA\DOCUMENTS\VISUAL STUDIO 2012\PROJECTS\CODEFORCES\CODEFORCES\DEBUG\ROUNDS.OBJ
C:\USERS\OSAMA\DOCUMENTS\VISUAL STUDIO 2012\PROJECTS\CODEFORCES\CODEFORCES\DEBUG\SEREJA AND ALGORITHM.OBJ
C:\USERS\OSAMA\DOCUMENTS\VISUAL STUDIO 2012\PROJECTS\CODEFORCES\CODEFORCES\DEBUG\SEREJA AND COAT RACK.OBJ
C:\USERS\OSAMA\DOCUMENTS\VISUAL STUDIO 2012\PROJECTS\CODEFORCES\CODEFORCES\DEBUG\SEREJA AND SUFFIXES.OBJ
C:\USERS\OSAMA\DOCUMENTS\VISUAL STUDIO 2012\PROJECTS\CODEFORCES\CODEFORCES\DEBUG\SEREJA AND THE ARRANGEMENT OF NUMBERS.OBJ
C:\USERS\OSAMA\DOCUMENTS\VISUAL STUDIO 2012\PROJECTS\CODEFORCES\CODEFORCES\DEBUG\SEREJA ANS ANAGRAMS.OBJ
C:\USERS\OSAMA\DOCUMENTS\VISUAL STUDIO 2012\PROJECTS\CODEFORCES\CODEFORCES\DEBUG\STRING TRANSFORMATION.OBJ
C:\USERS\OSAMA\DOCUMENTS\VISUAL STUDIO 2012\PROJECTS\CODEFORCES\CODEFORCES\DEBUG\TEST.OBJ
C:\USERS\OSAMA\DOCUMENTS\VISUAL STUDIO 2012\PROJECTS\CODEFORCES\CODEFORCES\DEBUG\THE WORLD IS A THEATRE.OBJ
C:\USERS\OSAMA\DOCUMENTS\VISUAL STUDIO 2012\PROJECTS\CODEFORCES\CODEFORCES\DEBUG\TREE-STRING PROBLEM.OBJ
C:\USERS\OSAMA\DOCUMENTS\VISUAL STUDIO 2012\PROJECTS\CODEFORCES\CODEFORCES\DEBUG\WATERMELON.OBJ
C:\USERS\OSAMA\DOCUMENTS\VISUAL STUDIO 2012\PROJECTS\CODEFORCES\CODEFORCES\DEBUG\WRITING A SONG.OBJ
C:\USERS\OSAMA\DOCUMENTS\VISUAL STUDIO 2012\PROJECTS\CODEFORCES\CODEFORCES\DEBUG\XENIA AND HAMMING.OBJ
C:\USERS\OSAMA\DOCUMENTS\VISUAL STUDIO 2012\PROJECTS\CODEFORCES\CODEFORCES\DEBUG\_A.OBJ
C:\USERS\OSAMA\DOCUMENTS\VISUAL STUDIO 2012\PROJECTS\CODEFORCES\CODEFORCES\DEBUG\_B.OBJ
C:\USERS\OSAMA\DOCUMENTS\VISUAL STUDIO 2012\PROJECTS\CODEFORCES\CODEFORCES\DEBUG\_C.OBJ
C:\USERS\OSAMA\DOCUMENTS\VISUAL STUDIO 2012\PROJECTS\CODEFORCES\CODEFORCES\DEBUG\_D.OBJ
C:\USERS\OSAMA\DOCUMENTS\VISUAL STUDIO 2012\PROJECTS\CODEFORCES\CODEFORCES\DEBUG\_E.OBJ
C:\USERS\OSAMA\DOCUMENTS\VISUAL STUDIO 2012\PROJECTS\CODEFORCES\CODEFORCES\DEBUG\HUNGRY SEQUENCE.OBJ
C:\USERS\OSAMA\DOCUMENTS\VISUAL STUDIO 2012\PROJECTS\CODEFORCES\CODEFORCES\DEBUG\KNIGHT TOURNAMENT.OBJ
C:\USERS\OSAMA\DOCUMENTS\VISUAL STUDIO 2012\PROJECTS\CODEFORCES\CODEFORCES\DEBUG\LINE.OBJ
C:\USERS\OSAMA\DOCUMENTS\VISUAL STUDIO 2012\PROJECTS\CODEFORCES\CODEFORCES\DEBUG\LITTLE ELEPHANT AND INTERVAL.OBJ
C:\USERS\OSAMA\DOCUMENTS\VISUAL STUDIO 2012\PROJECTS\CODEFORCES\CODEFORCES\DEBUG\LITTLE ELEPHANT AND MAGIC SQUARE.OBJ
C:\USERS\OSAMA\DOCUMENTS\VISUAL STUDIO 2012\PROJECTS\CODEFORCES\CODEFORCES\DEBUG\LONGEST REGULAR BRACKET SEQUENCE.OBJ
C:\USERS\OSAMA\DOCUMENTS\VISUAL STUDIO 2012\PROJECTS\CODEFORCES\CODEFORCES\DEBUG\LUCKY PROBABILITY.OBJ
C:\USERS\OSAMA\DOCUMENTS\VISUAL STUDIO 2012\PROJECTS\CODEFORCES\CODEFORCES\DEBUG\LUCKY STRING.OBJ
C:\USERS\OSAMA\DOCUMENTS\VISUAL STUDIO 2012\PROJECTS\CODEFORCES\CODEFORCES\DEBUG\LUCKY SUM OF DIGITS.OBJ
C:\USERS\OSAMA\DOCUMENTS\VISUAL STUDIO 2012\PROJECTS\CODEFORCES\CODEFORCES\DEBUG\LUCKY TREE.OBJ
C:\USERS\OSAMA\DOCUMENTS\VISUAL STUDIO 2012\PROJECTS\CODEFORCES\CODEFORCES\DEBUG\MAGIC FIVE.OBJ
C:\USERS\OSAMA\DOCUMENTS\VISUAL STUDIO 2012\PROJECTS\CODEFORCES\CODEFORCES\DEBUG\MAXIM AND RESTAURANT.OBJ
C:\USERS\OSAMA\DOCUMENTS\VISUAL STUDIO 2012\PROJECTS\CODEFORCES\CODEFORCES\DEBUG\MONITOR.OBJ
C:\USERS\OSAMA\DOCUMENTS\VISUAL STUDIO 2012\PROJECTS\CODEFORCES\CODEFORCES\DEBUG\NEARLY LUCKY NUMBER.OBJ
C:\USERS\OSAMA\DOCUMENTS\VISUAL STUDIO 2012\PROJECTS\CODEFORCES\CODEFORCES\DEBUG\PASSWORD.OBJ
C:\USERS\OSAMA\DOCUMENTS\VISUAL STUDIO 2012\PROJECTS\CODEFORCES\CODEFORCES\DEBUG\PERMUTATIONS.OBJ
C:\USERS\OSAMA\DOCUMENTS\VISUAL STUDIO 2012\PROJECTS\CODEFORCES\CODEFORCES\DEBUG\PETR-HASH.OBJ
C:\USERS\OSAMA\DOCUMENTS\VISUAL STUDIO 2012\PROJECTS\CODEFORCES\CODEFORCES\DEBUG\POCKET BOOK.OBJ
C:\USERS\OSAMA\DOCUMENTS\VISUAL STUDIO 2012\PROJECTS\CODEFORCES\CODEFORCES\DEBUG\POINTS.OBJ
C:\USERS\OSAMA\DOCUMENTS\VISUAL STUDIO 2012\PROJECTS\CODEFORCES\CODEFORCES\DEBUG\QUANTITY OF STRINGS.OBJ
C:\USERS\OSAMA\DOCUMENTS\VISUAL STUDIO 2012\PROJECTS\CODEFORCES\CODEFORCES\DEBUG\A. SNOW FOOTPRINTS.OBJ
C:\USERS\OSAMA\DOCUMENTS\VISUAL STUDIO 2012\PROJECTS\CODEFORCES\CODEFORCES\DEBUG\ANOTHER PROBLEM ON STRINGS.OBJ
C:\USERS\OSAMA\DOCUMENTS\VISUAL STUDIO 2012\PROJECTS\CODEFORCES\CODEFORCES\DEBUG\BASKETBALL TEAM.OBJ
C:\USERS\OSAMA\DOCUMENTS\VISUAL STUDIO 2012\PROJECTS\CODEFORCES\CODEFORCES\DEBUG\BIG MAXIMUM SUM.OBJ
C:\USERS\OSAMA\DOCUMENTS\VISUAL STUDIO 2012\PROJECTS\CODEFORCES\CODEFORCES\DEBUG\CAMELS.OBJ
C:\USERS\OSAMA\DOCUMENTS\VISUAL STUDIO 2012\PROJECTS\CODEFORCES\CODEFORCES\DEBUG\CHOOSING SYMBOL PAIRS.OBJ
C:\USERS\OSAMA\DOCUMENTS\VISUAL STUDIO 2012\PROJECTS\CODEFORCES\CODEFORCES\DEBUG\CIPHER.OBJ
C:\USERS\OSAMA\DOCUMENTS\VISUAL STUDIO 2012\PROJECTS\CODEFORCES\CODEFORCES\DEBUG\CYCLES.OBJ
C:\USERS\OSAMA\DOCUMENTS\VISUAL STUDIO 2012\PROJECTS\CODEFORCES\CODEFORCES\DEBUG\DIMA AND SEQUENCE.OBJ
C:\USERS\OSAMA\DOCUMENTS\VISUAL STUDIO 2012\PROJECTS\CODEFORCES\CODEFORCES\DEBUG\DIMA AND TWO SEQUENCES.OBJ
C:\USERS\OSAMA\DOCUMENTS\VISUAL STUDIO 2012\PROJECTS\CODEFORCES\CODEFORCES\DEBUG\FLIPPING GAME.OBJ
C:\USERS\OSAMA\DOCUMENTS\VISUAL STUDIO 2012\PROJECTS\CODEFORCES\CODEFORCES\DEBUG\GAMES WITH RECTANGLE.OBJ
C:\USERS\OSAMA\DOCUMENTS\VISUAL STUDIO 2012\PROJECTS\CODEFORCES\CODEFORCES\DEBUG\GREG AND ARRAY.OBJ
C:\USERS\OSAMA\DOCUMENTS\VISUAL STUDIO 2012\PROJECTS\CODEFORCES\CODEFORCES\DEBUG\HEXADECIMAL'S NUMBERS.OBJ
C:\USERS\OSAMA\DOCUMENTS\VISUAL STUDIO 2012\PROJECTS\CODEFORCES\CODEFORCES\DEBUG\VC110.PDB
C:\USERS\OSAMA\DOCUMENTS\VISUAL STUDIO 2012\PROJECTS\CODEFORCES\CODEFORCES\DEBUG\GOOD SUBSTRINGS.OBJ
C:\USERS\OSAMA\DOCUMENTS\VISUAL STUDIO 2012\PROJECTS\CODEFORCES\CODEFORCES\DEBUG\INNA AND SEQUENCE.OBJ
C:\Users\Osama\Documents\Visual Studio 2012\Projects\CodeForces\CodeForces\Debug\A. Snow Footprints.obj
C:\Users\Osama\Documents\Visual Studio 2012\Projects\CodeForces\CodeForces\Debug\Another Problem on Strings.obj
C:\Users\Osama\Documents\Visual Studio 2012\Projects\CodeForces\CodeForces\Debug\Basketball Team.obj
C:\Users\Osama\Documents\Visual Studio 2012\Projects\CodeForces\CodeForces\Debug\Big Maximum Sum.obj
C:\Users\Osama\Documents\Visual Studio 2012\Projects\CodeForces\CodeForces\Debug\Camels.obj
C:\Users\Osama\Documents\Visual Studio 2012\Projects\CodeForces\CodeForces\Debug\Choosing Symbol Pairs.obj
C:\Users\Osama\Documents\Visual Studio 2012\Projects\CodeForces\CodeForces\Debug\Cipher.obj
C:\Users\Osama\Documents\Visual Studio 2012\Projects\CodeForces\CodeForces\Debug\Cycles.obj
C:\Users\Osama\Documents\Visual Studio 2012\Projects\CodeForces\CodeForces\Debug\Dima and Sequence.obj
C:\Users\Osama\Documents\Visual Studio 2012\Projects\CodeForces\CodeForces\Debug\Dima and Two Sequences.obj
C:\Users\Osama\Documents\Visual Studio 2012\Projects\CodeForces\CodeForces\Debug\Flipping Game.obj
C:\Users\Osama\Documents\Visual Studio 2012\Projects\CodeForces\CodeForces\Debug\Games with Rectangle.obj
C:\Users\Osama\Documents\Visual Studio 2012\Projects\CodeForces\CodeForces\Debug\Good Substrings.obj
C:\Users\Osama\Documents\Visual Studio 2012\Projects\CodeForces\CodeForces\Debug\Greg and Array.obj
C:\Users\Osama\Documents\Visual Studio 2012\Projects\CodeForces\CodeForces\Debug\Hexadecimal's Numbers.obj
C:\Users\Osama\Documents\Visual Studio 2012\Projects\CodeForces\CodeForces\Debug\Hungry Sequence.obj
C:\Users\Osama\Documents\Visual Studio 2012\Projects\CodeForces\CodeForces\Debug\Inna and Sequence.obj
C:\Users\Osama\Documents\Visual Studio 2012\Projects\CodeForces\CodeForces\Debug\Knight Tournament.obj
C:\Users\Osama\Documents\Visual Studio 2012\Projects\CodeForces\CodeForces\Debug\Line.obj
C:\Users\Osama\Documents\Visual Studio 2012\Projects\CodeForces\CodeForces\Debug\Little Elephant and Interval.obj
C:\Users\Osama\Documents\Visual Studio 2012\Projects\CodeForces\CodeForces\Debug\Little Elephant and Magic Square.obj
C:\Users\Osama\Documents\Visual Studio 2012\Projects\CodeForces\CodeForces\Debug\Longest Regular Bracket Sequence.obj
C:\Users\Osama\Documents\Visual Studio 2012\Projects\CodeForces\CodeForces\Debug\Lucky Probability.obj
C:\Users\Osama\Documents\Visual Studio 2012\Projects\CodeForces\CodeForces\Debug\Lucky String.obj
C:\Users\Osama\Documents\Visual Studio 2012\Projects\CodeForces\CodeForces\Debug\Lucky Sum of Digits.obj
C:\Users\Osama\Documents\Visual Studio 2012\Projects\CodeForces\CodeForces\Debug\Lucky Tree.obj
C:\Users\Osama\Documents\Visual Studio 2012\Projects\CodeForces\CodeForces\Debug\Magic Five.obj
C:\Users\Osama\Documents\Visual Studio 2012\Projects\CodeForces\CodeForces\Debug\Maxim and Restaurant.obj
C:\Users\Osama\Documents\Visual Studio 2012\Projects\CodeForces\CodeForces\Debug\Monitor.obj
C:\Users\Osama\Documents\Visual Studio 2012\Projects\CodeForces\CodeForces\Debug\Nearly Lucky Number.obj
C:\Users\Osama\Documents\Visual Studio 2012\Projects\CodeForces\CodeForces\Debug\Password.obj
C:\Users\Osama\Documents\Visual Studio 2012\Projects\CodeForces\CodeForces\Debug\Permutations.obj
C:\Users\Osama\Documents\Visual Studio 2012\Projects\CodeForces\CodeForces\Debug\Petr-Hash.obj
C:\Users\Osama\Documents\Visual Studio 2012\Projects\CodeForces\CodeForces\Debug\Pocket Book.obj
C:\Users\Osama\Documents\Visual Studio 2012\Projects\CodeForces\CodeForces\Debug\Points.obj
C:\Users\Osama\Documents\Visual Studio 2012\Projects\CodeForces\CodeForces\Debug\Quantity of Strings.obj
C:\Users\Osama\Documents\Visual Studio 2012\Projects\CodeForces\CodeForces\Debug\Right Triangles.obj
C:\Users\Osama\Documents\Visual Studio 2012\Projects\CodeForces\CodeForces\Debug\Roma and Changing Signs.obj
C:\Users\Osama\Documents\Visual Studio 2012\Projects\CodeForces\CodeForces\Debug\Rounds.obj
C:\Users\Osama\Documents\Visual Studio 2012\Projects\CodeForces\CodeForces\Debug\Sereja and Algorithm.obj
C:\Users\Osama\Documents\Visual Studio 2012\Projects\CodeForces\CodeForces\Debug\Sereja and Coat Rack.obj
C:\Users\Osama\Documents\Visual Studio 2012\Projects\CodeForces\CodeForces\Debug\Sereja and Suffixes.obj
C:\Users\Osama\Documents\Visual Studio 2012\Projects\CodeForces\CodeForces\Debug\Sereja and the Arrangement of Numbers.obj
C:\Users\Osama\Documents\Visual Studio 2012\Projects\CodeForces\CodeForces\Debug\Sereja ans Anagrams.obj
C:\Users\Osama\Documents\Visual Studio 2012\Projects\CodeForces\CodeForces\Debug\String Transformation.obj
C:\Users\Osama\Documents\Visual Studio 2012\Projects\CodeForces\CodeForces\Debug\Test.obj
C:\Users\Osama\Documents\Visual Studio 2012\Projects\CodeForces\CodeForces\Debug\The World is a Theatre.obj
C:\Users\Osama\Documents\Visual Studio 2012\Projects\CodeForces\CodeForces\Debug\Tree-String Problem.obj
C:\Users\Osama\Documents\Visual Studio 2012\Projects\CodeForces\CodeForces\Debug\Watermelon.obj
C:\Users\Osama\Documents\Visual Studio 2012\Projects\CodeForces\CodeForces\Debug\Writing a Song.obj
C:\Users\Osama\Documents\Visual Studio 2012\Projects\CodeForces\CodeForces\Debug\Xenia and Hamming.obj
C:\Users\Osama\Documents\Visual Studio 2012\Projects\CodeForces\CodeForces\Debug\_A.obj
C:\Users\Osama\Documents\Visual Studio 2012\Projects\CodeForces\CodeForces\Debug\_B.obj
C:\Users\Osama\Documents\Visual Studio 2012\Projects\CodeForces\CodeForces\Debug\_C.obj
C:\Users\Osama\Documents\Visual Studio 2012\Projects\CodeForces\CodeForces\Debug\_D.obj
C:\Users\Osama\Documents\Visual Studio 2012\Projects\CodeForces\CodeForces\Debug\_E.obj
C:\Users\Osama\Documents\Visual Studio 2012\Projects\CodeForces\CodeForces\Debug\cl.command.1.tlog
C:\Users\Osama\Documents\Visual Studio 2012\Projects\CodeForces\CodeForces\Debug\CL.read.1.tlog
C:\Users\Osama\Documents\Visual Studio 2012\Projects\CodeForces\CodeForces\Debug\CL.write.1.tlog
C:\Users\Osama\Documents\Visual Studio 2012\Projects\CodeForces\CodeForces\Debug\link-cvtres.read.1.tlog
C:\Users\Osama\Documents\Visual Studio 2012\Projects\CodeForces\CodeForces\Debug\link-cvtres.write.1.tlog
C:\Users\Osama\Documents\Visual Studio 2012\Projects\CodeForces\CodeForces\Debug\link-rc.read.1.tlog
C:\Users\Osama\Documents\Visual Studio 2012\Projects\CodeForces\CodeForces\Debug\link-rc.write.1.tlog
C:\Users\Osama\Documents\Visual Studio 2012\Projects\CodeForces\CodeForces\Debug\link.1036-cvtres.read.1.tlog
C:\Users\Osama\Documents\Visual Studio 2012\Projects\CodeForces\CodeForces\Debug\link.1036-cvtres.write.1.tlog
C:\Users\Osama\Documents\Visual Studio 2012\Projects\CodeForces\CodeForces\Debug\link.1036-rc.read.1.tlog
C:\Users\Osama\Documents\Visual Studio 2012\Projects\CodeForces\CodeForces\Debug\link.1036-rc.write.1.tlog
C:\Users\Osama\Documents\Visual Studio 2012\Projects\CodeForces\CodeForces\Debug\link.1036.read.1.tlog
C:\Users\Osama\Documents\Visual Studio 2012\Projects\CodeForces\CodeForces\Debug\link.1036.write.1.tlog
C:\Users\Osama\Documents\Visual Studio 2012\Projects\CodeForces\CodeForces\Debug\link.1304-cvtres.read.1.tlog
C:\Users\Osama\Documents\Visual Studio 2012\Projects\CodeForces\CodeForces\Debug\link.1304-cvtres.write.1.tlog
C:\Users\Osama\Documents\Visual Studio 2012\Projects\CodeForces\CodeForces\Debug\link.1304-rc.read.1.tlog
C:\Users\Osama\Documents\Visual Studio 2012\Projects\CodeForces\CodeForces\Debug\link.1304-rc.write.1.tlog
C:\Users\Osama\Documents\Visual Studio 2012\Projects\CodeForces\CodeForces\Debug\link.1304.read.1.tlog
C:\Users\Osama\Documents\Visual Studio 2012\Projects\CodeForces\CodeForces\Debug\link.1304.write.1.tlog
C:\Users\Osama\Documents\Visual Studio 2012\Projects\CodeForces\CodeForces\Debug\link.1368-cvtres.read.1.tlog
C:\Users\Osama\Documents\Visual Studio 2012\Projects\CodeForces\CodeForces\Debug\link.1368-cvtres.write.1.tlog
C:\Users\Osama\Documents\Visual Studio 2012\Projects\CodeForces\CodeForces\Debug\link.1368-rc.read.1.tlog
C:\Users\Osama\Documents\Visual Studio 2012\Projects\CodeForces\CodeForces\Debug\link.1368-rc.write.1.tlog
C:\Users\Osama\Documents\Visual Studio 2012\Projects\CodeForces\CodeForces\Debug\link.1368.read.1.tlog
C:\Users\Osama\Documents\Visual Studio 2012\Projects\CodeForces\CodeForces\Debug\link.1368.write.1.tlog
C:\Users\Osama\Documents\Visual Studio 2012\Projects\CodeForces\CodeForces\Debug\link.1580-cvtres.read.1.tlog
C:\Users\Osama\Documents\Visual Studio 2012\Projects\CodeForces\CodeForces\Debug\link.1580-cvtres.write.1.tlog
C:\Users\Osama\Documents\Visual Studio 2012\Projects\CodeForces\CodeForces\Debug\link.1580-rc.read.1.tlog
C:\Users\Osama\Documents\Visual Studio 2012\Projects\CodeForces\CodeForces\Debug\link.1580-rc.write.1.tlog
C:\Users\Osama\Documents\Visual Studio 2012\Projects\CodeForces\CodeForces\Debug\link.1580.read.1.tlog
C:\Users\Osama\Documents\Visual Studio 2012\Projects\CodeForces\CodeForces\Debug\link.1580.write.1.tlog
C:\Users\Osama\Documents\Visual Studio 2012\Projects\CodeForces\CodeForces\Debug\link.1768-cvtres.read.1.tlog
C:\Users\Osama\Documents\Visual Studio 2012\Projects\CodeForces\CodeForces\Debug\link.1768-cvtres.write.1.tlog
C:\Users\Osama\Documents\Visual Studio 2012\Projects\CodeForces\CodeForces\Debug\link.1768-rc.read.1.tlog
C:\Users\Osama\Documents\Visual Studio 2012\Projects\CodeForces\CodeForces\Debug\link.1768-rc.write.1.tlog
C:\Users\Osama\Documents\Visual Studio 2012\Projects\CodeForces\CodeForces\Debug\link.1768.read.1.tlog
C:\Users\Osama\Documents\Visual Studio 2012\Projects\CodeForces\CodeForces\Debug\link.1768.write.1.tlog
C:\Users\Osama\Documents\Visual Studio 2012\Projects\CodeForces\CodeForces\Debug\link.1792-cvtres.read.1.tlog
C:\Users\Osama\Documents\Visual Studio 2012\Projects\CodeForces\CodeForces\Debug\link.1792-cvtres.write.1.tlog
C:\Users\Osama\Documents\Visual Studio 2012\Projects\CodeForces\CodeForces\Debug\link.1792-rc.read.1.tlog
C:\Users\Osama\Documents\Visual Studio 2012\Projects\CodeForces\CodeForces\Debug\link.1792-rc.write.1.tlog
C:\Users\Osama\Documents\Visual Studio 2012\Projects\CodeForces\CodeForces\Debug\link.1792.read.1.tlog
C:\Users\Osama\Documents\Visual Studio 2012\Projects\CodeForces\CodeForces\Debug\link.1792.write.1.tlog
C:\Users\Osama\Documents\Visual Studio 2012\Projects\CodeForces\CodeForces\Debug\link.2136-cvtres.read.1.tlog
C:\Users\Osama\Documents\Visual Studio 2012\Projects\CodeForces\CodeForces\Debug\link.2136-cvtres.write.1.tlog
C:\Users\Osama\Documents\Visual Studio 2012\Projects\CodeForces\CodeForces\Debug\link.2136-rc.read.1.tlog
C:\Users\Osama\Documents\Visual Studio 2012\Projects\CodeForces\CodeForces\Debug\link.2136-rc.write.1.tlog
C:\Users\Osama\Documents\Visual Studio 2012\Projects\CodeForces\CodeForces\Debug\link.2136.read.1.tlog
C:\Users\Osama\Documents\Visual Studio 2012\Projects\CodeForces\CodeForces\Debug\link.2136.write.1.tlog
C:\Users\Osama\Documents\Visual Studio 2012\Projects\CodeForces\CodeForces\Debug\link.2264-cvtres.read.1.tlog
C:\Users\Osama\Documents\Visual Studio 2012\Projects\CodeForces\CodeForces\Debug\link.2264-cvtres.write.1.tlog
C:\Users\Osama\Documents\Visual Studio 2012\Projects\CodeForces\CodeForces\Debug\link.2264-rc.read.1.tlog
C:\Users\Osama\Documents\Visual Studio 2012\Projects\CodeForces\CodeForces\Debug\link.2264-rc.write.1.tlog
C:\Users\Osama\Documents\Visual Studio 2012\Projects\CodeForces\CodeForces\Debug\link.2264.read.1.tlog
C:\Users\Osama\Documents\Visual Studio 2012\Projects\CodeForces\CodeForces\Debug\link.2264.write.1.tlog
C:\Users\Osama\Documents\Visual Studio 2012\Projects\CodeForces\CodeForces\Debug\link.2496-cvtres.read.1.tlog
C:\Users\Osama\Documents\Visual Studio 2012\Projects\CodeForces\CodeForces\Debug\link.2496-cvtres.write.1.tlog
C:\Users\Osama\Documents\Visual Studio 2012\Projects\CodeForces\CodeForces\Debug\link.2496-rc.read.1.tlog
C:\Users\Osama\Documents\Visual Studio 2012\Projects\CodeForces\CodeForces\Debug\link.2496-rc.write.1.tlog
C:\Users\Osama\Documents\Visual Studio 2012\Projects\CodeForces\CodeForces\Debug\link.2496.read.1.tlog
C:\Users\Osama\Documents\Visual Studio 2012\Projects\CodeForces\CodeForces\Debug\link.2496.write.1.tlog
C:\Users\Osama\Documents\Visual Studio 2012\Projects\CodeForces\CodeForces\Debug\link.2512-cvtres.read.1.tlog
C:\Users\Osama\Documents\Visual Studio 2012\Projects\CodeForces\CodeForces\Debug\link.2512-cvtres.write.1.tlog
C:\Users\Osama\Documents\Visual Studio 2012\Projects\CodeForces\CodeForces\Debug\link.2512-rc.read.1.tlog
C:\Users\Osama\Documents\Visual Studio 2012\Projects\CodeForces\CodeForces\Debug\link.2512-rc.write.1.tlog
C:\Users\Osama\Documents\Visual Studio 2012\Projects\CodeForces\CodeForces\Debug\link.2512.read.1.tlog
C:\Users\Osama\Documents\Visual Studio 2012\Projects\CodeForces\CodeForces\Debug\link.2512.write.1.tlog
C:\Users\Osama\Documents\Visual Studio 2012\Projects\CodeForces\CodeForces\Debug\link.2608-cvtres.read.1.tlog
C:\Users\Osama\Documents\Visual Studio 2012\Projects\CodeForces\CodeForces\Debug\link.2608-cvtres.write.1.tlog
C:\Users\Osama\Documents\Visual Studio 2012\Projects\CodeForces\CodeForces\Debug\link.2608-rc.read.1.tlog
C:\Users\Osama\Documents\Visual Studio 2012\Projects\CodeForces\CodeForces\Debug\link.2608-rc.write.1.tlog
C:\Users\Osama\Documents\Visual Studio 2012\Projects\CodeForces\CodeForces\Debug\link.2608.read.1.tlog
C:\Users\Osama\Documents\Visual Studio 2012\Projects\CodeForces\CodeForces\Debug\link.2608.write.1.tlog
C:\Users\Osama\Documents\Visual Studio 2012\Projects\CodeForces\CodeForces\Debug\link.2700-cvtres.read.1.tlog
C:\Users\Osama\Documents\Visual Studio 2012\Projects\CodeForces\CodeForces\Debug\link.2700-cvtres.write.1.tlog
C:\Users\Osama\Documents\Visual Studio 2012\Projects\CodeForces\CodeForces\Debug\link.2700-rc.read.1.tlog
C:\Users\Osama\Documents\Visual Studio 2012\Projects\CodeForces\CodeForces\Debug\link.2700-rc.write.1.tlog
C:\Users\Osama\Documents\Visual Studio 2012\Projects\CodeForces\CodeForces\Debug\link.2700.read.1.tlog
C:\Users\Osama\Documents\Visual Studio 2012\Projects\CodeForces\CodeForces\Debug\link.2700.write.1.tlog
C:\Users\Osama\Documents\Visual Studio 2012\Projects\CodeForces\CodeForces\Debug\link.2920-cvtres.read.1.tlog
C:\Users\Osama\Documents\Visual Studio 2012\Projects\CodeForces\CodeForces\Debug\link.2920-cvtres.write.1.tlog
C:\Users\Osama\Documents\Visual Studio 2012\Projects\CodeForces\CodeForces\Debug\link.2920-rc.read.1.tlog
C:\Users\Osama\Documents\Visual Studio 2012\Projects\CodeForces\CodeForces\Debug\link.2920-rc.write.1.tlog
C:\Users\Osama\Documents\Visual Studio 2012\Projects\CodeForces\CodeForces\Debug\link.2920.read.1.tlog
C:\Users\Osama\Documents\Visual Studio 2012\Projects\CodeForces\CodeForces\Debug\link.2920.write.1.tlog
C:\Users\Osama\Documents\Visual Studio 2012\Projects\CodeForces\CodeForces\Debug\link.3032-cvtres.read.1.tlog
C:\Users\Osama\Documents\Visual Studio 2012\Projects\CodeForces\CodeForces\Debug\link.3032-cvtres.write.1.tlog
C:\Users\Osama\Documents\Visual Studio 2012\Projects\CodeForces\CodeForces\Debug\link.3032-rc.read.1.tlog
C:\Users\Osama\Documents\Visual Studio 2012\Projects\CodeForces\CodeForces\Debug\link.3032-rc.write.1.tlog
C:\Users\Osama\Documents\Visual Studio 2012\Projects\CodeForces\CodeForces\Debug\link.3032.read.1.tlog
C:\Users\Osama\Documents\Visual Studio 2012\Projects\CodeForces\CodeForces\Debug\link.3032.write.1.tlog
C:\Users\Osama\Documents\Visual Studio 2012\Projects\CodeForces\CodeForces\Debug\link.3080-cvtres.read.1.tlog
C:\Users\Osama\Documents\Visual Studio 2012\Projects\CodeForces\CodeForces\Debug\link.3080-cvtres.write.1.tlog
C:\Users\Osama\Documents\Visual Studio 2012\Projects\CodeForces\CodeForces\Debug\link.3080-rc.read.1.tlog
C:\Users\Osama\Documents\Visual Studio 2012\Projects\CodeForces\CodeForces\Debug\link.3080-rc.write.1.tlog
C:\Users\Osama\Documents\Visual Studio 2012\Projects\CodeForces\CodeForces\Debug\link.3080.read.1.tlog
C:\Users\Osama\Documents\Visual Studio 2012\Projects\CodeForces\CodeForces\Debug\link.3080.write.1.tlog
C:\Users\Osama\Documents\Visual Studio 2012\Projects\CodeForces\CodeForces\Debug\link.312-cvtres.read.1.tlog
C:\Users\Osama\Documents\Visual Studio 2012\Projects\CodeForces\CodeForces\Debug\link.312-cvtres.write.1.tlog
C:\Users\Osama\Documents\Visual Studio 2012\Projects\CodeForces\CodeForces\Debug\link.312-rc.read.1.tlog
C:\Users\Osama\Documents\Visual Studio 2012\Projects\CodeForces\CodeForces\Debug\link.312-rc.write.1.tlog
C:\Users\Osama\Documents\Visual Studio 2012\Projects\CodeForces\CodeForces\Debug\link.312.read.1.tlog
C:\Users\Osama\Documents\Visual Studio 2012\Projects\CodeForces\CodeForces\Debug\link.312.write.1.tlog
C:\Users\Osama\Documents\Visual Studio 2012\Projects\CodeForces\CodeForces\Debug\link.3120-cvtres.read.1.tlog
C:\Users\Osama\Documents\Visual Studio 2012\Projects\CodeForces\CodeForces\Debug\link.3120-cvtres.write.1.tlog
C:\Users\Osama\Documents\Visual Studio 2012\Projects\CodeForces\CodeForces\Debug\link.3120-rc.read.1.tlog
C:\Users\Osama\Documents\Visual Studio 2012\Projects\CodeForces\CodeForces\Debug\link.3120-rc.write.1.tlog
C:\Users\Osama\Documents\Visual Studio 2012\Projects\CodeForces\CodeForces\Debug\link.3120.read.1.tlog
C:\Users\Osama\Documents\Visual Studio 2012\Projects\CodeForces\CodeForces\Debug\link.3120.write.1.tlog
C:\Users\Osama\Documents\Visual Studio 2012\Projects\CodeForces\CodeForces\Debug\link.3124-cvtres.read.1.tlog
C:\Users\Osama\Documents\Visual Studio 2012\Projects\CodeForces\CodeForces\Debug\link.3124-cvtres.write.1.tlog
C:\Users\Osama\Documents\Visual Studio 2012\Projects\CodeForces\CodeForces\Debug\link.3124-rc.read.1.tlog
C:\Users\Osama\Documents\Visual Studio 2012\Projects\CodeForces\CodeForces\Debug\link.3124-rc.write.1.tlog
C:\Users\Osama\Documents\Visual Studio 2012\Projects\CodeForces\CodeForces\Debug\link.3124.read.1.tlog
C:\Users\Osama\Documents\Visual Studio 2012\Projects\CodeForces\CodeForces\Debug\link.3124.write.1.tlog
C:\Users\Osama\Documents\Visual Studio 2012\Projects\CodeForces\CodeForces\Debug\link.3236-cvtres.read.1.tlog
C:\Users\Osama\Documents\Visual Studio 2012\Projects\CodeForces\CodeForces\Debug\link.3236-cvtres.write.1.tlog
C:\Users\Osama\Documents\Visual Studio 2012\Projects\CodeForces\CodeForces\Debug\link.3236-rc.read.1.tlog
C:\Users\Osama\Documents\Visual Studio 2012\Projects\CodeForces\CodeForces\Debug\link.3236-rc.write.1.tlog
C:\Users\Osama\Documents\Visual Studio 2012\Projects\CodeForces\CodeForces\Debug\link.3236.read.1.tlog
C:\Users\Osama\Documents\Visual Studio 2012\Projects\CodeForces\CodeForces\Debug\link.3236.write.1.tlog
C:\Users\Osama\Documents\Visual Studio 2012\Projects\CodeForces\CodeForces\Debug\link.3276-cvtres.read.1.tlog
C:\Users\Osama\Documents\Visual Studio 2012\Projects\CodeForces\CodeForces\Debug\link.3276-cvtres.write.1.tlog
C:\Users\Osama\Documents\Visual Studio 2012\Projects\CodeForces\CodeForces\Debug\link.3276-rc.read.1.tlog
C:\Users\Osama\Documents\Visual Studio 2012\Projects\CodeForces\CodeForces\Debug\link.3276-rc.write.1.tlog
C:\Users\Osama\Documents\Visual Studio 2012\Projects\CodeForces\CodeForces\Debug\link.3276.read.1.tlog
C:\Users\Osama\Documents\Visual Studio 2012\Projects\CodeForces\CodeForces\Debug\link.3276.write.1.tlog
C:\Users\Osama\Documents\Visual Studio 2012\Projects\CodeForces\CodeForces\Debug\link.3296-cvtres.read.1.tlog
C:\Users\Osama\Documents\Visual Studio 2012\Projects\CodeForces\CodeForces\Debug\link.3296-cvtres.write.1.tlog
C:\Users\Osama\Documents\Visual Studio 2012\Projects\CodeForces\CodeForces\Debug\link.3296-rc.read.1.tlog
C:\Users\Osama\Documents\Visual Studio 2012\Projects\CodeForces\CodeForces\Debug\link.3296-rc.write.1.tlog
C:\Users\Osama\Documents\Visual Studio 2012\Projects\CodeForces\CodeForces\Debug\link.3296.read.1.tlog
C:\Users\Osama\Documents\Visual Studio 2012\Projects\CodeForces\CodeForces\Debug\link.3296.write.1.tlog
C:\Users\Osama\Documents\Visual Studio 2012\Projects\CodeForces\CodeForces\Debug\link.3364-cvtres.read.1.tlog
C:\Users\Osama\Documents\Visual Studio 2012\Projects\CodeForces\CodeForces\Debug\link.3364-cvtres.write.1.tlog
C:\Users\Osama\Documents\Visual Studio 2012\Projects\CodeForces\CodeForces\Debug\link.3364-rc.read.1.tlog
C:\Users\Osama\Documents\Visual Studio 2012\Projects\CodeForces\CodeForces\Debug\link.3364-rc.write.1.tlog
C:\Users\Osama\Documents\Visual Studio 2012\Projects\CodeForces\CodeForces\Debug\link.3364.read.1.tlog
C:\Users\Osama\Documents\Visual Studio 2012\Projects\CodeForces\CodeForces\Debug\link.3364.write.1.tlog
C:\Users\Osama\Documents\Visual Studio 2012\Projects\CodeForces\CodeForces\Debug\link.3504-cvtres.read.1.tlog
C:\Users\Osama\Documents\Visual Studio 2012\Projects\CodeForces\CodeForces\Debug\link.3504-cvtres.write.1.tlog
C:\Users\Osama\Documents\Visual Studio 2012\Projects\CodeForces\CodeForces\Debug\link.3504-rc.read.1.tlog
C:\Users\Osama\Documents\Visual Studio 2012\Projects\CodeForces\CodeForces\Debug\link.3504-rc.write.1.tlog
C:\Users\Osama\Documents\Visual Studio 2012\Projects\CodeForces\CodeForces\Debug\link.3504.read.1.tlog
C:\Users\Osama\Documents\Visual Studio 2012\Projects\CodeForces\CodeForces\Debug\link.3504.write.1.tlog
C:\Users\Osama\Documents\Visual Studio 2012\Projects\CodeForces\CodeForces\Debug\link.3568-cvtres.read.1.tlog
C:\Users\Osama\Documents\Visual Studio 2012\Projects\CodeForces\CodeForces\Debug\link.3568-cvtres.write.1.tlog
C:\Users\Osama\Documents\Visual Studio 2012\Projects\CodeForces\CodeForces\Debug\link.3568-rc.read.1.tlog
C:\Users\Osama\Documents\Visual Studio 2012\Projects\CodeForces\CodeForces\Debug\link.3568-rc.write.1.tlog
C:\Users\Osama\Documents\Visual Studio 2012\Projects\CodeForces\CodeForces\Debug\link.3568.read.1.tlog
C:\Users\Osama\Documents\Visual Studio 2012\Projects\CodeForces\CodeForces\Debug\link.3568.write.1.tlog
C:\Users\Osama\Documents\Visual Studio 2012\Projects\CodeForces\CodeForces\Debug\link.400-cvtres.read.1.tlog
C:\Users\Osama\Documents\Visual Studio 2012\Projects\CodeForces\CodeForces\Debug\link.400-cvtres.write.1.tlog
C:\Users\Osama\Documents\Visual Studio 2012\Projects\CodeForces\CodeForces\Debug\link.400-rc.read.1.tlog
C:\Users\Osama\Documents\Visual Studio 2012\Projects\CodeForces\CodeForces\Debug\link.400-rc.write.1.tlog
C:\Users\Osama\Documents\Visual Studio 2012\Projects\CodeForces\CodeForces\Debug\link.400.read.1.tlog
C:\Users\Osama\Documents\Visual Studio 2012\Projects\CodeForces\CodeForces\Debug\link.400.write.1.tlog
C:\Users\Osama\Documents\Visual Studio 2012\Projects\CodeForces\CodeForces\Debug\link.4148-cvtres.read.1.tlog
C:\Users\Osama\Documents\Visual Studio 2012\Projects\CodeForces\CodeForces\Debug\link.4148-cvtres.write.1.tlog
C:\Users\Osama\Documents\Visual Studio 2012\Projects\CodeForces\CodeForces\Debug\link.4148-rc.read.1.tlog
C:\Users\Osama\Documents\Visual Studio 2012\Projects\CodeForces\CodeForces\Debug\link.4148-rc.write.1.tlog
C:\Users\Osama\Documents\Visual Studio 2012\Projects\CodeForces\CodeForces\Debug\link.4148.read.1.tlog
C:\Users\Osama\Documents\Visual Studio 2012\Projects\CodeForces\CodeForces\Debug\link.4148.write.1.tlog
C:\Users\Osama\Documents\Visual Studio 2012\Projects\CodeForces\CodeForces\Debug\link.416-cvtres.read.1.tlog
C:\Users\Osama\Documents\Visual Studio 2012\Projects\CodeForces\CodeForces\Debug\link.416-cvtres.write.1.tlog
C:\Users\Osama\Documents\Visual Studio 2012\Projects\CodeForces\CodeForces\Debug\link.416-rc.read.1.tlog
C:\Users\Osama\Documents\Visual Studio 2012\Projects\CodeForces\CodeForces\Debug\link.416-rc.write.1.tlog
C:\Users\Osama\Documents\Visual Studio 2012\Projects\CodeForces\CodeForces\Debug\link.416.read.1.tlog
C:\Users\Osama\Documents\Visual Studio 2012\Projects\CodeForces\CodeForces\Debug\link.416.write.1.tlog
C:\Users\Osama\Documents\Visual Studio 2012\Projects\CodeForces\CodeForces\Debug\link.4504-cvtres.read.1.tlog
C:\Users\Osama\Documents\Visual Studio 2012\Projects\CodeForces\CodeForces\Debug\link.4504-cvtres.write.1.tlog
C:\Users\Osama\Documents\Visual Studio 2012\Projects\CodeForces\CodeForces\Debug\link.4504-rc.read.1.tlog
C:\Users\Osama\Documents\Visual Studio 2012\Projects\CodeForces\CodeForces\Debug\link.4504-rc.write.1.tlog
C:\Users\Osama\Documents\Visual Studio 2012\Projects\CodeForces\CodeForces\Debug\link.4504.read.1.tlog
C:\Users\Osama\Documents\Visual Studio 2012\Projects\CodeForces\CodeForces\Debug\link.4504.write.1.tlog
C:\Users\Osama\Documents\Visual Studio 2012\Projects\CodeForces\CodeForces\Debug\link.4696-cvtres.read.1.tlog
C:\Users\Osama\Documents\Visual Studio 2012\Projects\CodeForces\CodeForces\Debug\link.4696-cvtres.write.1.tlog
C:\Users\Osama\Documents\Visual Studio 2012\Projects\CodeForces\CodeForces\Debug\link.4696-rc.read.1.tlog
C:\Users\Osama\Documents\Visual Studio 2012\Projects\CodeForces\CodeForces\Debug\link.4696-rc.write.1.tlog
C:\Users\Osama\Documents\Visual Studio 2012\Projects\CodeForces\CodeForces\Debug\link.4696.read.1.tlog
C:\Users\Osama\Documents\Visual Studio 2012\Projects\CodeForces\CodeForces\Debug\link.4696.write.1.tlog
C:\Users\Osama\Documents\Visual Studio 2012\Projects\CodeForces\CodeForces\Debug\link.4768-cvtres.read.1.tlog
C:\Users\Osama\Documents\Visual Studio 2012\Projects\CodeForces\CodeForces\Debug\link.4768-cvtres.write.1.tlog
C:\Users\Osama\Documents\Visual Studio 2012\Projects\CodeForces\CodeForces\Debug\link.4768-rc.read.1.tlog
C:\Users\Osama\Documents\Visual Studio 2012\Projects\CodeForces\CodeForces\Debug\link.4768-rc.write.1.tlog
C:\Users\Osama\Documents\Visual Studio 2012\Projects\CodeForces\CodeForces\Debug\link.4768.read.1.tlog
C:\Users\Osama\Documents\Visual Studio 2012\Projects\CodeForces\CodeForces\Debug\link.4768.write.1.tlog
C:\Users\Osama\Documents\Visual Studio 2012\Projects\CodeForces\CodeForces\Debug\link.4772-cvtres.read.1.tlog
C:\Users\Osama\Documents\Visual Studio 2012\Projects\CodeForces\CodeForces\Debug\link.4772-cvtres.write.1.tlog
C:\Users\Osama\Documents\Visual Studio 2012\Projects\CodeForces\CodeForces\Debug\link.4772-rc.read.1.tlog
C:\Users\Osama\Documents\Visual Studio 2012\Projects\CodeForces\CodeForces\Debug\link.4772-rc.write.1.tlog
C:\Users\Osama\Documents\Visual Studio 2012\Projects\CodeForces\CodeForces\Debug\link.4772.read.1.tlog
C:\Users\Osama\Documents\Visual Studio 2012\Projects\CodeForces\CodeForces\Debug\link.4772.write.1.tlog
C:\Users\Osama\Documents\Visual Studio 2012\Projects\CodeForces\CodeForces\Debug\link.4816-cvtres.read.1.tlog
C:\Users\Osama\Documents\Visual Studio 2012\Projects\CodeForces\CodeForces\Debug\link.4816-cvtres.write.1.tlog
C:\Users\Osama\Documents\Visual Studio 2012\Projects\CodeForces\CodeForces\Debug\link.4816-rc.read.1.tlog
C:\Users\Osama\Documents\Visual Studio 2012\Projects\CodeForces\CodeForces\Debug\link.4816-rc.write.1.tlog
C:\Users\Osama\Documents\Visual Studio 2012\Projects\CodeForces\CodeForces\Debug\link.4816.read.1.tlog
C:\Users\Osama\Documents\Visual Studio 2012\Projects\CodeForces\CodeForces\Debug\link.4816.write.1.tlog
C:\Users\Osama\Documents\Visual Studio 2012\Projects\CodeForces\CodeForces\Debug\link.4896-cvtres.read.1.tlog
C:\Users\Osama\Documents\Visual Studio 2012\Projects\CodeForces\CodeForces\Debug\link.4896-cvtres.write.1.tlog
C:\Users\Osama\Documents\Visual Studio 2012\Projects\CodeForces\CodeForces\Debug\link.4896-rc.read.1.tlog
C:\Users\Osama\Documents\Visual Studio 2012\Projects\CodeForces\CodeForces\Debug\link.4896-rc.write.1.tlog
C:\Users\Osama\Documents\Visual Studio 2012\Projects\CodeForces\CodeForces\Debug\link.4896.read.1.tlog
C:\Users\Osama\Documents\Visual Studio 2012\Projects\CodeForces\CodeForces\Debug\link.4896.write.1.tlog
C:\Users\Osama\Documents\Visual Studio 2012\Projects\CodeForces\CodeForces\Debug\link.4984-cvtres.read.1.tlog
C:\Users\Osama\Documents\Visual Studio 2012\Projects\CodeForces\CodeForces\Debug\link.4984-cvtres.write.1.tlog
C:\Users\Osama\Documents\Visual Studio 2012\Projects\CodeForces\CodeForces\Debug\link.4984-rc.read.1.tlog
C:\Users\Osama\Documents\Visual Studio 2012\Projects\CodeForces\CodeForces\Debug\link.4984-rc.write.1.tlog
C:\Users\Osama\Documents\Visual Studio 2012\Projects\CodeForces\CodeForces\Debug\link.4984.read.1.tlog
C:\Users\Osama\Documents\Visual Studio 2012\Projects\CodeForces\CodeForces\Debug\link.4984.write.1.tlog
C:\Users\Osama\Documents\Visual Studio 2012\Projects\CodeForces\CodeForces\Debug\link.5016-cvtres.read.1.tlog
C:\Users\Osama\Documents\Visual Studio 2012\Projects\CodeForces\CodeForces\Debug\link.5016-cvtres.write.1.tlog
C:\Users\Osama\Documents\Visual Studio 2012\Projects\CodeForces\CodeForces\Debug\link.5016-rc.read.1.tlog
C:\Users\Osama\Documents\Visual Studio 2012\Projects\CodeForces\CodeForces\Debug\link.5016-rc.write.1.tlog
C:\Users\Osama\Documents\Visual Studio 2012\Projects\CodeForces\CodeForces\Debug\link.5016.read.1.tlog
C:\Users\Osama\Documents\Visual Studio 2012\Projects\CodeForces\CodeForces\Debug\link.5016.write.1.tlog
C:\Users\Osama\Documents\Visual Studio 2012\Projects\CodeForces\CodeForces\Debug\link.5152-cvtres.read.1.tlog
C:\Users\Osama\Documents\Visual Studio 2012\Projects\CodeForces\CodeForces\Debug\link.5152-cvtres.write.1.tlog
C:\Users\Osama\Documents\Visual Studio 2012\Projects\CodeForces\CodeForces\Debug\link.5152-rc.read.1.tlog
C:\Users\Osama\Documents\Visual Studio 2012\Projects\CodeForces\CodeForces\Debug\link.5152-rc.write.1.tlog
C:\Users\Osama\Documents\Visual Studio 2012\Projects\CodeForces\CodeForces\Debug\link.5152.read.1.tlog
C:\Users\Osama\Documents\Visual Studio 2012\Projects\CodeForces\CodeForces\Debug\link.5152.write.1.tlog
C:\Users\Osama\Documents\Visual Studio 2012\Projects\CodeForces\CodeForces\Debug\link.5156-cvtres.read.1.tlog
C:\Users\Osama\Documents\Visual Studio 2012\Projects\CodeForces\CodeForces\Debug\link.5156-cvtres.write.1.tlog
C:\Users\Osama\Documents\Visual Studio 2012\Projects\CodeForces\CodeForces\Debug\link.5156-rc.read.1.tlog
C:\Users\Osama\Documents\Visual Studio 2012\Projects\CodeForces\CodeForces\Debug\link.5156-rc.write.1.tlog
C:\Users\Osama\Documents\Visual Studio 2012\Projects\CodeForces\CodeForces\Debug\link.5156.read.1.tlog
C:\Users\Osama\Documents\Visual Studio 2012\Projects\CodeForces\CodeForces\Debug\link.5156.write.1.tlog
C:\Users\Osama\Documents\Visual Studio 2012\Projects\CodeForces\CodeForces\Debug\link.5328-cvtres.read.1.tlog
C:\Users\Osama\Documents\Visual Studio 2012\Projects\CodeForces\CodeForces\Debug\link.5328-cvtres.write.1.tlog
C:\Users\Osama\Documents\Visual Studio 2012\Projects\CodeForces\CodeForces\Debug\link.5328-rc.read.1.tlog
C:\Users\Osama\Documents\Visual Studio 2012\Projects\CodeForces\CodeForces\Debug\link.5328-rc.write.1.tlog
C:\Users\Osama\Documents\Visual Studio 2012\Projects\CodeForces\CodeForces\Debug\link.5328.read.1.tlog
C:\Users\Osama\Documents\Visual Studio 2012\Projects\CodeForces\CodeForces\Debug\link.5328.write.1.tlog
C:\Users\Osama\Documents\Visual Studio 2012\Projects\CodeForces\CodeForces\Debug\link.5412-cvtres.read.1.tlog
C:\Users\Osama\Documents\Visual Studio 2012\Projects\CodeForces\CodeForces\Debug\link.5412-cvtres.write.1.tlog
C:\Users\Osama\Documents\Visual Studio 2012\Projects\CodeForces\CodeForces\Debug\link.5412-rc.read.1.tlog
C:\Users\Osama\Documents\Visual Studio 2012\Projects\CodeForces\CodeForces\Debug\link.5412-rc.write.1.tlog
C:\Users\Osama\Documents\Visual Studio 2012\Projects\CodeForces\CodeForces\Debug\link.5412.read.1.tlog
C:\Users\Osama\Documents\Visual Studio 2012\Projects\CodeForces\CodeForces\Debug\link.5412.write.1.tlog
C:\Users\Osama\Documents\Visual Studio 2012\Projects\CodeForces\CodeForces\Debug\link.5500-cvtres.read.1.tlog
C:\Users\Osama\Documents\Visual Studio 2012\Projects\CodeForces\CodeForces\Debug\link.5500-cvtres.write.1.tlog
C:\Users\Osama\Documents\Visual Studio 2012\Projects\CodeForces\CodeForces\Debug\link.5500-rc.read.1.tlog
C:\Users\Osama\Documents\Visual Studio 2012\Projects\CodeForces\CodeForces\Debug\link.5500-rc.write.1.tlog
C:\Users\Osama\Documents\Visual Studio 2012\Projects\CodeForces\CodeForces\Debug\link.5500.read.1.tlog
C:\Users\Osama\Documents\Visual Studio 2012\Projects\CodeForces\CodeForces\Debug\link.5500.write.1.tlog
C:\Users\Osama\Documents\Visual Studio 2012\Projects\CodeForces\CodeForces\Debug\link.5532-cvtres.read.1.tlog
C:\Users\Osama\Documents\Visual Studio 2012\Projects\CodeForces\CodeForces\Debug\link.5532-cvtres.write.1.tlog
C:\Users\Osama\Documents\Visual Studio 2012\Projects\CodeForces\CodeForces\Debug\link.5532-rc.read.1.tlog
C:\Users\Osama\Documents\Visual Studio 2012\Projects\CodeForces\CodeForces\Debug\link.5532-rc.write.1.tlog
C:\Users\Osama\Documents\Visual Studio 2012\Projects\CodeForces\CodeForces\Debug\link.5532.read.1.tlog
C:\Users\Osama\Documents\Visual Studio 2012\Projects\CodeForces\CodeForces\Debug\link.5532.write.1.tlog
C:\Users\Osama\Documents\Visual Studio 2012\Projects\CodeForces\CodeForces\Debug\link.5652-cvtres.read.1.tlog
C:\Users\Osama\Documents\Visual Studio 2012\Projects\CodeForces\CodeForces\Debug\link.5652-cvtres.write.1.tlog
C:\Users\Osama\Documents\Visual Studio 2012\Projects\CodeForces\CodeForces\Debug\link.5652-rc.read.1.tlog
C:\Users\Osama\Documents\Visual Studio 2012\Projects\CodeForces\CodeForces\Debug\link.5652-rc.write.1.tlog
C:\Users\Osama\Documents\Visual Studio 2012\Projects\CodeForces\CodeForces\Debug\link.5652.read.1.tlog
C:\Users\Osama\Documents\Visual Studio 2012\Projects\CodeForces\CodeForces\Debug\link.5652.write.1.tlog
C:\Users\Osama\Documents\Visual Studio 2012\Projects\CodeForces\CodeForces\Debug\link.5780-cvtres.read.1.tlog
C:\Users\Osama\Documents\Visual Studio 2012\Projects\CodeForces\CodeForces\Debug\link.5780-cvtres.write.1.tlog
C:\Users\Osama\Documents\Visual Studio 2012\Projects\CodeForces\CodeForces\Debug\link.5780-rc.read.1.tlog
C:\Users\Osama\Documents\Visual Studio 2012\Projects\CodeForces\CodeForces\Debug\link.5780-rc.write.1.tlog
C:\Users\Osama\Documents\Visual Studio 2012\Projects\CodeForces\CodeForces\Debug\link.5780.read.1.tlog
C:\Users\Osama\Documents\Visual Studio 2012\Projects\CodeForces\CodeForces\Debug\link.5780.write.1.tlog
C:\Users\Osama\Documents\Visual Studio 2012\Projects\CodeForces\CodeForces\Debug\link.5816-cvtres.read.1.tlog
C:\Users\Osama\Documents\Visual Studio 2012\Projects\CodeForces\CodeForces\Debug\link.5816-cvtres.write.1.tlog
C:\Users\Osama\Documents\Visual Studio 2012\Projects\CodeForces\CodeForces\Debug\link.5816-rc.read.1.tlog
C:\Users\Osama\Documents\Visual Studio 2012\Projects\CodeForces\CodeForces\Debug\link.5816-rc.write.1.tlog
C:\Users\Osama\Documents\Visual Studio 2012\Projects\CodeForces\CodeForces\Debug\link.5816.read.1.tlog
C:\Users\Osama\Documents\Visual Studio 2012\Projects\CodeForces\CodeForces\Debug\link.5816.write.1.tlog
C:\Users\Osama\Documents\Visual Studio 2012\Projects\CodeForces\CodeForces\Debug\link.5832-cvtres.read.1.tlog
C:\Users\Osama\Documents\Visual Studio 2012\Projects\CodeForces\CodeForces\Debug\link.5832-cvtres.write.1.tlog
C:\Users\Osama\Documents\Visual Studio 2012\Projects\CodeForces\CodeForces\Debug\link.5832-rc.read.1.tlog
C:\Users\Osama\Documents\Visual Studio 2012\Projects\CodeForces\CodeForces\Debug\link.5832-rc.write.1.tlog
C:\Users\Osama\Documents\Visual Studio 2012\Projects\CodeForces\CodeForces\Debug\link.5832.read.1.tlog
C:\Users\Osama\Documents\Visual Studio 2012\Projects\CodeForces\CodeForces\Debug\link.5832.write.1.tlog
C:\Users\Osama\Documents\Visual Studio 2012\Projects\CodeForces\CodeForces\Debug\link.5912-cvtres.read.1.tlog
C:\Users\Osama\Documents\Visual Studio 2012\Projects\CodeForces\CodeForces\Debug\link.5912-cvtres.write.1.tlog
C:\Users\Osama\Documents\Visual Studio 2012\Projects\CodeForces\CodeForces\Debug\link.5912-rc.read.1.tlog
C:\Users\Osama\Documents\Visual Studio 2012\Projects\CodeForces\CodeForces\Debug\link.5912-rc.write.1.tlog
C:\Users\Osama\Documents\Visual Studio 2012\Projects\CodeForces\CodeForces\Debug\link.5912.read.1.tlog
C:\Users\Osama\Documents\Visual Studio 2012\Projects\CodeForces\CodeForces\Debug\link.5912.write.1.tlog
C:\Users\Osama\Documents\Visual Studio 2012\Projects\CodeForces\CodeForces\Debug\link.6024-cvtres.read.1.tlog
C:\Users\Osama\Documents\Visual Studio 2012\Projects\CodeForces\CodeForces\Debug\link.6024-cvtres.write.1.tlog
C:\Users\Osama\Documents\Visual Studio 2012\Projects\CodeForces\CodeForces\Debug\link.6024-rc.read.1.tlog
C:\Users\Osama\Documents\Visual Studio 2012\Projects\CodeForces\CodeForces\Debug\link.6024-rc.write.1.tlog
C:\Users\Osama\Documents\Visual Studio 2012\Projects\CodeForces\CodeForces\Debug\link.6024.read.1.tlog
C:\Users\Osama\Documents\Visual Studio 2012\Projects\CodeForces\CodeForces\Debug\link.6024.write.1.tlog
C:\Users\Osama\Documents\Visual Studio 2012\Projects\CodeForces\CodeForces\Debug\link.6100-cvtres.read.1.tlog
C:\Users\Osama\Documents\Visual Studio 2012\Projects\CodeForces\CodeForces\Debug\link.6100-cvtres.write.1.tlog
C:\Users\Osama\Documents\Visual Studio 2012\Projects\CodeForces\CodeForces\Debug\link.6100-rc.read.1.tlog
C:\Users\Osama\Documents\Visual Studio 2012\Projects\CodeForces\CodeForces\Debug\link.6100-rc.write.1.tlog
C:\Users\Osama\Documents\Visual Studio 2012\Projects\CodeForces\CodeForces\Debug\link.6100.read.1.tlog
C:\Users\Osama\Documents\Visual Studio 2012\Projects\CodeForces\CodeForces\Debug\link.6100.write.1.tlog
C:\Users\Osama\Documents\Visual Studio 2012\Projects\CodeForces\CodeForces\Debug\link.6120-cvtres.read.1.tlog
C:\Users\Osama\Documents\Visual Studio 2012\Projects\CodeForces\CodeForces\Debug\link.6120-cvtres.write.1.tlog
C:\Users\Osama\Documents\Visual Studio 2012\Projects\CodeForces\CodeForces\Debug\link.6120-rc.read.1.tlog
C:\Users\Osama\Documents\Visual Studio 2012\Projects\CodeForces\CodeForces\Debug\link.6120-rc.write.1.tlog
C:\Users\Osama\Documents\Visual Studio 2012\Projects\CodeForces\CodeForces\Debug\link.6120.read.1.tlog
C:\Users\Osama\Documents\Visual Studio 2012\Projects\CodeForces\CodeForces\Debug\link.6120.write.1.tlog
C:\Users\Osama\Documents\Visual Studio 2012\Projects\CodeForces\CodeForces\Debug\link.6160-cvtres.read.1.tlog
C:\Users\Osama\Documents\Visual Studio 2012\Projects\CodeForces\CodeForces\Debug\link.6160-cvtres.write.1.tlog
C:\Users\Osama\Documents\Visual Studio 2012\Projects\CodeForces\CodeForces\Debug\link.6160-rc.read.1.tlog
C:\Users\Osama\Documents\Visual Studio 2012\Projects\CodeForces\CodeForces\Debug\link.6160-rc.write.1.tlog
C:\Users\Osama\Documents\Visual Studio 2012\Projects\CodeForces\CodeForces\Debug\link.6160.read.1.tlog
C:\Users\Osama\Documents\Visual Studio 2012\Projects\CodeForces\CodeForces\Debug\link.6160.write.1.tlog
C:\Users\Osama\Documents\Visual Studio 2012\Projects\CodeForces\CodeForces\Debug\link.6524-cvtres.read.1.tlog
C:\Users\Osama\Documents\Visual Studio 2012\Projects\CodeForces\CodeForces\Debug\link.6524-cvtres.write.1.tlog
C:\Users\Osama\Documents\Visual Studio 2012\Projects\CodeForces\CodeForces\Debug\link.6524-rc.read.1.tlog
C:\Users\Osama\Documents\Visual Studio 2012\Projects\CodeForces\CodeForces\Debug\link.6524-rc.write.1.tlog
C:\Users\Osama\Documents\Visual Studio 2012\Projects\CodeForces\CodeForces\Debug\link.6524.read.1.tlog
C:\Users\Osama\Documents\Visual Studio 2012\Projects\CodeForces\CodeForces\Debug\link.6524.write.1.tlog
C:\Users\Osama\Documents\Visual Studio 2012\Projects\CodeForces\CodeForces\Debug\link.6680-cvtres.read.1.tlog
C:\Users\Osama\Documents\Visual Studio 2012\Projects\CodeForces\CodeForces\Debug\link.6680-cvtres.write.1.tlog
C:\Users\Osama\Documents\Visual Studio 2012\Projects\CodeForces\CodeForces\Debug\link.6680-rc.read.1.tlog
C:\Users\Osama\Documents\Visual Studio 2012\Projects\CodeForces\CodeForces\Debug\link.6680-rc.write.1.tlog
C:\Users\Osama\Documents\Visual Studio 2012\Projects\CodeForces\CodeForces\Debug\link.6680.read.1.tlog
C:\Users\Osama\Documents\Visual Studio 2012\Projects\CodeForces\CodeForces\Debug\link.6680.write.1.tlog
C:\Users\Osama\Documents\Visual Studio 2012\Projects\CodeForces\CodeForces\Debug\link.6796-cvtres.read.1.tlog
C:\Users\Osama\Documents\Visual Studio 2012\Projects\CodeForces\CodeForces\Debug\link.6796-cvtres.write.1.tlog
C:\Users\Osama\Documents\Visual Studio 2012\Projects\CodeForces\CodeForces\Debug\link.6796-rc.read.1.tlog
C:\Users\Osama\Documents\Visual Studio 2012\Projects\CodeForces\CodeForces\Debug\link.6796-rc.write.1.tlog
C:\Users\Osama\Documents\Visual Studio 2012\Projects\CodeForces\CodeForces\Debug\link.6796.read.1.tlog
C:\Users\Osama\Documents\Visual Studio 2012\Projects\CodeForces\CodeForces\Debug\link.6796.write.1.tlog
C:\Users\Osama\Documents\Visual Studio 2012\Projects\CodeForces\CodeForces\Debug\link.6820-cvtres.read.1.tlog
C:\Users\Osama\Documents\Visual Studio 2012\Projects\CodeForces\CodeForces\Debug\link.6820-cvtres.write.1.tlog
C:\Users\Osama\Documents\Visual Studio 2012\Projects\CodeForces\CodeForces\Debug\link.6820-rc.read.1.tlog
C:\Users\Osama\Documents\Visual Studio 2012\Projects\CodeForces\CodeForces\Debug\link.6820-rc.write.1.tlog
C:\Users\Osama\Documents\Visual Studio 2012\Projects\CodeForces\CodeForces\Debug\link.6820.read.1.tlog
C:\Users\Osama\Documents\Visual Studio 2012\Projects\CodeForces\CodeForces\Debug\link.6820.write.1.tlog
C:\Users\Osama\Documents\Visual Studio 2012\Projects\CodeForces\CodeForces\Debug\link.6900-cvtres.read.1.tlog
C:\Users\Osama\Documents\Visual Studio 2012\Projects\CodeForces\CodeForces\Debug\link.6900-cvtres.write.1.tlog
C:\Users\Osama\Documents\Visual Studio 2012\Projects\CodeForces\CodeForces\Debug\link.6900-rc.read.1.tlog
C:\Users\Osama\Documents\Visual Studio 2012\Projects\CodeForces\CodeForces\Debug\link.6900-rc.write.1.tlog
C:\Users\Osama\Documents\Visual Studio 2012\Projects\CodeForces\CodeForces\Debug\link.6900.read.1.tlog
C:\Users\Osama\Documents\Visual Studio 2012\Projects\CodeForces\CodeForces\Debug\link.6900.write.1.tlog
C:\Users\Osama\Documents\Visual Studio 2012\Projects\CodeForces\CodeForces\Debug\link.command.1.tlog
C:\Users\Osama\Documents\Visual Studio 2012\Projects\CodeForces\CodeForces\Debug\link.read.1.tlog
C:\Users\Osama\Documents\Visual Studio 2012\Projects\CodeForces\CodeForces\Debug\link.write.1.tlog
C:\Users\Osama\Documents\Visual Studio 2012\Projects\CodeForces\CodeForces\Debug\vc110.idb
C:\Users\Osama\Documents\Visual Studio 2012\Projects\CodeForces\CodeForces\Debug\vc110.pdb
C:\Users\Osama\Documents\Visual Studio 2012\Projects\CodeForces\Debug\CodeForces.pdb
C:\Users\Osama\Documents\Visual Studio 2012\Projects\CodeForces\Debug\CodeForces.exe
C:\Users\Osama\Documents\Visual Studio 2012\Projects\CodeForces\Debug\CodeForces.ilk
