Build started 03-Nov-14 9:03:13 PM.
     1>Project "D:\Osama\Programming\Online-Judges-Solutions\CodeForces\CodeForces\CodeForces.vcxproj" on node 2 (Rebuild target(s)).
     1>ClCompile:
         C:\Program Files (x86)\Microsoft Visual Studio 11.0\VC\bin\CL.exe /c /ZI /nologo /W3 /WX- /Od /Oy- /D WIN32 /D _DEBUG /D _CONSOLE /D _UNICODE /D UNICODE /Gm /EHsc /RTC1 /MDd /GS /fp:precise /Zc:wchar_t /Zc:forScope /Fo"Debug\\" /Fd"Debug\vc110.pdb" /Gd /TP /analyze- /errorReport:prompt "A Lot of Games.cpp" "A. Snow Footprints.cpp" "Another Problem on Strings.cpp" "Basketball Team.cpp" "Big Maximum Sum.cpp" "Building Bridges.cpp" Camels.cpp "Captain Marmot.cpp" "Choosing Symbol Pairs.cpp" Cipher.cpp Cycles.cpp "Devu and his Brother.cpp" "Dima and Sequence.cpp" "Dima and Two Sequences.cpp" "Dreamoon and Strings.cpp" "Education Reform.cpp" "Fedor and Essay.cpp" Fish.cpp "Flipping Game.cpp" "Furlo and Rublo and Game.cpp" Game.cpp "Games with Rectangle.cpp" "Gargari and Bishops.cpp" "Good Substrings.cpp" "Greg and Array.cpp" "Hexadecimal's Numbers.cpp" "Hungry Sequence.cpp" "Increasing Sequence.cpp" "Industrial Nim.cpp" "Inna and Sequence.cpp" "Interesting Array.cpp" "Intresting Game.cpp" "Jzzhu and Apples.cpp" "Jzzhu and Cities.cpp" "Knight Tournament.cpp" "Let's Go Rolling!.cpp" Line.cpp "Little Elephant and Elections.cpp" "Little Elephant and Interval.cpp" "Little Elephant and Magic Square.cpp" "Little Pony and Harmony Chest.cpp" "Longest Regular Bracket Sequence.cpp" "Lucky Probability.cpp" "Lucky String.cpp" "Lucky Sum of Digits.cpp" "Lucky Tree.cpp" "Magic Five.cpp" "Maxim and Restaurant.cpp" "Maximum Submatrix 2.cpp" Monitor.cpp "MUH and Cube Walls.cpp" "Multiplication Table.cpp" "Nearly Lucky Number.cpp" "Nuclear Fission.cpp" "Number Busters.cpp" "Pashmak and Parmida's problem.cpp" Password.cpp Permutations.cpp "Petr-Hash.cpp" Pipeline.cpp "Pocket Book.cpp" Points.cpp Present.cpp "Quantity of Strings.cpp" "Random Tasks.cpp" "Right Triangles.cpp" "Roma and Changing Signs.cpp" Rounds.cpp "Sereja and Algorithm.cpp" "Sereja and Coat Rack.cpp" "Sereja and Suffixes.cpp" "Sereja and the Arrangement of Numbers.cpp" "Sereja ans Anagrams.cpp" "String Transformation.cpp" "Sweets Game.cpp" Test.cpp "The World is a Theatre.cpp" "Tree-String Problem.cpp" Watermelon.cpp "Writing a Song.cpp" "Xenia and Hamming.cpp" _A.cpp _B.cpp _C.cpp _D.cpp _E.cpp
         _E.cpp
         _D.cpp
         _C.cpp
     1>d:\osama\programming\online-judges-solutions\codeforces\codeforces\_c.cpp(67): warning C4996: 'freopen': This function or variable may be unsafe. Consider using freopen_s instead. To disable deprecation, use _CRT_SECURE_NO_WARNINGS. See online help for details.
                 c:\program files (x86)\microsoft visual studio 11.0\vc\include\stdio.h(233) : see declaration of 'freopen'
         _B.cpp
         _A.cpp
     1>d:\osama\programming\online-judges-solutions\codeforces\codeforces\_a.cpp(36): error C2143: syntax error : missing ';' before '<'
     1>d:\osama\programming\online-judges-solutions\codeforces\codeforces\_a.cpp(36): error C4430: missing type specifier - int assumed. Note: C++ does not support default-int
     1>d:\osama\programming\online-judges-solutions\codeforces\codeforces\_a.cpp(62): error C2065: 'point' : undeclared identifier
     1>d:\osama\programming\online-judges-solutions\codeforces\codeforces\_a.cpp(62): error C2923: 'std::pair' : 'point' is not a valid template type argument for parameter '_Ty1'
     1>d:\osama\programming\online-judges-solutions\codeforces\codeforces\_a.cpp(62): error C2923: 'std::pair' : 'point' is not a valid template type argument for parameter '_Ty2'
     1>d:\osama\programming\online-judges-solutions\codeforces\codeforces\_a.cpp(62): error C3203: 'pair' : unspecialized class template can't be used as a template argument for template parameter '_Ty', expected a real type
     1>d:\osama\programming\online-judges-solutions\codeforces\codeforces\_a.cpp(62): error C2955: 'std::pair' : use of class template requires template argument list
                 c:\program files (x86)\microsoft visual studio 11.0\vc\include\utility(78) : see declaration of 'std::pair'
     1>d:\osama\programming\online-judges-solutions\codeforces\codeforces\_a.cpp(64): error C4430: missing type specifier - int assumed. Note: C++ does not support default-int
     1>d:\osama\programming\online-judges-solutions\codeforces\codeforces\_a.cpp(64): error C2143: syntax error : missing ',' before '&'
     1>d:\osama\programming\online-judges-solutions\codeforces\codeforces\_a.cpp(66): error C2065: 'b' : undeclared identifier
     1>d:\osama\programming\online-judges-solutions\codeforces\codeforces\_a.cpp(66): error C2065: 'a' : undeclared identifier
     1>d:\osama\programming\online-judges-solutions\codeforces\codeforces\_a.cpp(66): error C2228: left of '.real' must have class/struct/union
     1>d:\osama\programming\online-judges-solutions\codeforces\codeforces\_a.cpp(67): error C2065: 'a' : undeclared identifier
     1>d:\osama\programming\online-judges-solutions\codeforces\codeforces\_a.cpp(67): error C2228: left of '.real' must have class/struct/union
                 type is ''unknown-type''
     1>d:\osama\programming\online-judges-solutions\codeforces\codeforces\_a.cpp(67): error C2065: 'p' : undeclared identifier
     1>d:\osama\programming\online-judges-solutions\codeforces\codeforces\_a.cpp(67): error C2228: left of '.imag' must have class/struct/union
                 type is ''unknown-type''
     1>d:\osama\programming\online-judges-solutions\codeforces\codeforces\_a.cpp(68): error C2065: 'b' : undeclared identifier
     1>d:\osama\programming\online-judges-solutions\codeforces\codeforces\_a.cpp(68): error C2065: 'a' : undeclared identifier
     1>d:\osama\programming\online-judges-solutions\codeforces\codeforces\_a.cpp(68): error C2065: 'p' : undeclared identifier
     1>d:\osama\programming\online-judges-solutions\codeforces\codeforces\_a.cpp(68): error C2228: left of '.imag' must have class/struct/union
     1>d:\osama\programming\online-judges-solutions\codeforces\codeforces\_a.cpp(68): error C2228: left of '.real' must have class/struct/union
     1>d:\osama\programming\online-judges-solutions\codeforces\codeforces\_a.cpp(73): error C2065: 'point' : undeclared identifier
     1>d:\osama\programming\online-judges-solutions\codeforces\codeforces\_a.cpp(73): error C2146: syntax error : missing ')' before identifier 'a'
     1>d:\osama\programming\online-judges-solutions\codeforces\codeforces\_a.cpp(73): error C2059: syntax error : ')'
     1>d:\osama\programming\online-judges-solutions\codeforces\codeforces\_a.cpp(74): error C2143: syntax error : missing ';' before '{'
     1>d:\osama\programming\online-judges-solutions\codeforces\codeforces\_a.cpp(74): error C2447: '{' : missing function header (old-style formal list?)
     1>d:\osama\programming\online-judges-solutions\codeforces\codeforces\_a.cpp(110): error C2228: left of '.push_back' must have class/struct/union
     1>d:\osama\programming\online-judges-solutions\codeforces\codeforces\_a.cpp(110): error C3861: 'point': identifier not found
     1>d:\osama\programming\online-judges-solutions\codeforces\codeforces\_a.cpp(113): error C2065: 'point' : undeclared identifier
     1>d:\osama\programming\online-judges-solutions\codeforces\codeforces\_a.cpp(113): error C2923: 'std::pair' : 'point' is not a valid template type argument for parameter '_Ty1'
     1>d:\osama\programming\online-judges-solutions\codeforces\codeforces\_a.cpp(113): error C2923: 'std::pair' : 'point' is not a valid template type argument for parameter '_Ty2'
     1>d:\osama\programming\online-judges-solutions\codeforces\codeforces\_a.cpp(113): error C3203: 'pair' : unspecialized class template can't be used as a template argument for template parameter '_Ty', expected a real type
     1>d:\osama\programming\online-judges-solutions\codeforces\codeforces\_a.cpp(113): error C2955: 'std::pair' : use of class template requires template argument list
                 c:\program files (x86)\microsoft visual studio 11.0\vc\include\utility(78) : see declaration of 'std::pair'
     1>d:\osama\programming\online-judges-solutions\codeforces\codeforces\_a.cpp(114): error C2065: 'point' : undeclared identifier
     1>d:\osama\programming\online-judges-solutions\codeforces\codeforces\_a.cpp(114): error C2923: 'std::pair' : 'point' is not a valid template type argument for parameter '_Ty1'
     1>d:\osama\programming\online-judges-solutions\codeforces\codeforces\_a.cpp(114): error C2923: 'std::pair' : 'point' is not a valid template type argument for parameter '_Ty2'
     1>d:\osama\programming\online-judges-solutions\codeforces\codeforces\_a.cpp(114): error C3203: 'pair' : unspecialized class template can't be used as a template argument for template parameter '_Ty', expected a real type
     1>d:\osama\programming\online-judges-solutions\codeforces\codeforces\_a.cpp(114): error C2955: 'std::pair' : use of class template requires template argument list
                 c:\program files (x86)\microsoft visual studio 11.0\vc\include\utility(78) : see declaration of 'std::pair'
     1>d:\osama\programming\online-judges-solutions\codeforces\codeforces\_a.cpp(119): error C2065: 'point' : undeclared identifier
     1>d:\osama\programming\online-judges-solutions\codeforces\codeforces\_a.cpp(119): error C2923: 'std::pair' : 'point' is not a valid template type argument for parameter '_Ty1'
     1>d:\osama\programming\online-judges-solutions\codeforces\codeforces\_a.cpp(119): error C2923: 'std::pair' : 'point' is not a valid template type argument for parameter '_Ty2'
     1>d:\osama\programming\online-judges-solutions\codeforces\codeforces\_a.cpp(119): error C3203: 'pair' : unspecialized class template can't be used as a template argument for template parameter '_Ty', expected a real type
     1>d:\osama\programming\online-judges-solutions\codeforces\codeforces\_a.cpp(119): error C2955: 'std::pair' : use of class template requires template argument list
                 c:\program files (x86)\microsoft visual studio 11.0\vc\include\utility(78) : see declaration of 'std::pair'
         Xenia and Hamming.cpp
         Writing a Song.cpp
         Watermelon.cpp
         Tree-String Problem.cpp
         The World is a Theatre.cpp
         Test.cpp
         Sweets Game.cpp
         String Transformation.cpp
         Sereja ans Anagrams.cpp
         Sereja and the Arrangement of Numbers.cpp
         Sereja and Suffixes.cpp
         Sereja and Coat Rack.cpp
         Sereja and Algorithm.cpp
         Rounds.cpp
         Roma and Changing Signs.cpp
         Generating Code...
         Compiling...
         Right Triangles.cpp
         Random Tasks.cpp
         Quantity of Strings.cpp
         Present.cpp
         Points.cpp
         Pocket Book.cpp
         Pipeline.cpp
         Petr-Hash.cpp
         Permutations.cpp
         Password.cpp
         Pashmak and Parmida's problem.cpp
         Number Busters.cpp
         Nuclear Fission.cpp
         Nearly Lucky Number.cpp
         Multiplication Table.cpp
         MUH and Cube Walls.cpp
         Monitor.cpp
         Maximum Submatrix 2.cpp
         Maxim and Restaurant.cpp
         Magic Five.cpp
         Generating Code...
         Compiling...
         Lucky Tree.cpp
         Lucky Sum of Digits.cpp
         Lucky String.cpp
         Lucky Probability.cpp
         Longest Regular Bracket Sequence.cpp
         Little Pony and Harmony Chest.cpp
         Little Elephant and Magic Square.cpp
         Little Elephant and Interval.cpp
         Little Elephant and Elections.cpp
         Line.cpp
         Let's Go Rolling!.cpp
         Knight Tournament.cpp
         Jzzhu and Cities.cpp
         Jzzhu and Apples.cpp
         Intresting Game.cpp
         Interesting Array.cpp
         Inna and Sequence.cpp
         Industrial Nim.cpp
         Increasing Sequence.cpp
         Hungry Sequence.cpp
         Generating Code...
         Compiling...
         Hexadecimal's Numbers.cpp
         Greg and Array.cpp
         Good Substrings.cpp
         Gargari and Bishops.cpp
         Games with Rectangle.cpp
         Game.cpp
         Furlo and Rublo and Game.cpp
         Flipping Game.cpp
         Fish.cpp
         Fedor and Essay.cpp
         Education Reform.cpp
         Dreamoon and Strings.cpp
         Dima and Two Sequences.cpp
         Dima and Sequence.cpp
         Devu and his Brother.cpp
         Cycles.cpp
         Cipher.cpp
         Choosing Symbol Pairs.cpp
         Captain Marmot.cpp
         Camels.cpp
         Generating Code...
         Compiling...
         Building Bridges.cpp
         Big Maximum Sum.cpp
         Basketball Team.cpp
         Another Problem on Strings.cpp
         A. Snow Footprints.cpp
         A Lot of Games.cpp
         Generating Code...
     1>Done Building Project "D:\Osama\Programming\Online-Judges-Solutions\CodeForces\CodeForces\CodeForces.vcxproj" (Rebuild target(s)) -- FAILED.

Build FAILED.

Time Elapsed 00:00:10.30
