Build started 04-Nov-14 7:14:08 PM.
     1>Project "D:\Osama\Programming\Online-Judges-Solutions\A2OJ\A2OJ\A2OJ.vcxproj" on node 2 (Build target(s)).
     1>ClCompile:
         C:\Program Files (x86)\Microsoft Visual Studio 11.0\VC\bin\CL.exe /c /ZI /nologo /W3 /WX- /Od /Oy- /D WIN32 /D _DEBUG /D _CONSOLE /D _UNICODE /D UNICODE /Gm /EHsc /RTC1 /MDd /GS /fp:precise /Zc:wchar_t /Zc:forScope /Fo"Debug\\" /Fd"Debug\vc110.pdb" /Gd /TP /analyze- /errorReport:prompt "How many squares.cpp"
         How many squares.cpp
     1>d:\osama\programming\online-judges-solutions\a2oj\a2oj\how many squares.cpp(68): warning C4244: 'argument' : conversion from 'long double' to 'int', possible loss of data
     1>d:\osama\programming\online-judges-solutions\a2oj\a2oj\how many squares.cpp(87): warning C4996: 'freopen': This function or variable may be unsafe. Consider using freopen_s instead. To disable deprecation, use _CRT_SECURE_NO_WARNINGS. See online help for details.
                 c:\program files (x86)\microsoft visual studio 11.0\vc\include\stdio.h(233) : see declaration of 'freopen'
     1>d:\osama\programming\online-judges-solutions\a2oj\a2oj\how many squares.cpp(115): warning C4018: '<' : signed/unsigned mismatch
     1>d:\osama\programming\online-judges-solutions\a2oj\a2oj\how many squares.cpp(116): warning C4018: '<' : signed/unsigned mismatch
     1>d:\osama\programming\online-judges-solutions\a2oj\a2oj\how many squares.cpp(117): warning C4244: 'argument' : conversion from 'double' to 'float', possible loss of data
     1>d:\osama\programming\online-judges-solutions\a2oj\a2oj\how many squares.cpp(118): warning C4018: '<' : signed/unsigned mismatch
     1>d:\osama\programming\online-judges-solutions\a2oj\a2oj\how many squares.cpp(119): warning C4018: '<' : signed/unsigned mismatch
     1>d:\osama\programming\online-judges-solutions\a2oj\a2oj\how many squares.cpp(122): warning C4244: 'argument' : conversion from 'double' to 'const float', possible loss of data
     1>c:\program files (x86)\microsoft visual studio 11.0\vc\include\utility(182): warning C4244: 'initializing' : conversion from 'long double' to 'int', possible loss of data
                 d:\osama\programming\online-judges-solutions\a2oj\a2oj\how many squares.cpp(69) : see reference to function template instantiation 'std::pair<_Ty1,_Ty2>::pair<long double,long double>(std::pair<long double,long double> &&,void **)' being compiled
                 with
                 [
                     _Ty1=int,
                     _Ty2=int
                 ]
                 d:\osama\programming\online-judges-solutions\a2oj\a2oj\how many squares.cpp(69) : see reference to function template instantiation 'std::pair<_Ty1,_Ty2>::pair<long double,long double>(std::pair<long double,long double> &&,void **)' being compiled
                 with
                 [
                     _Ty1=int,
                     _Ty2=int
                 ]
       Link:
         C:\Program Files (x86)\Microsoft Visual Studio 11.0\VC\bin\link.exe /ERRORREPORT:PROMPT /OUT:"D:\Osama\Programming\Online-Judges-Solutions\A2OJ\Debug\A2OJ.exe" /INCREMENTAL /NOLOGO pthreadVC2.lib kernel32.lib user32.lib gdi32.lib winspool.lib comdlg32.lib advapi32.lib shell32.lib ole32.lib oleaut32.lib uuid.lib odbc32.lib odbccp32.lib /MANIFEST /MANIFESTUAC:"level='asInvoker' uiAccess='false'" /manifest:embed /DEBUG /PDB:"D:\Osama\Programming\Online-Judges-Solutions\A2OJ\Debug\A2OJ.pdb" /SUBSYSTEM:CONSOLE /TLBID:1 /DYNAMICBASE /NXCOMPAT /IMPLIB:"D:\Osama\Programming\Online-Judges-Solutions\A2OJ\Debug\A2OJ.lib" /MACHINE:X86 "Debug\How many squares.obj"
         A2OJ.vcxproj -> D:\Osama\Programming\Online-Judges-Solutions\A2OJ\Debug\A2OJ.exe
     1>Done Building Project "D:\Osama\Programming\Online-Judges-Solutions\A2OJ\A2OJ\A2OJ.vcxproj" (Build target(s)).

Build succeeded.

Time Elapsed 00:00:10.31
