Build started 8/26/2014 3:45:23 AM.
     1>Project "D:\Osama\Programming\Online-Judges-Solutions\Timus\Timus\Timus.vcxproj" on node 2 (Build target(s)).
     1>ClCompile:
         C:\Program Files (x86)\Microsoft Visual Studio 11.0\VC\bin\CL.exe /c /ZI /nologo /W3 /WX- /Od /Oy- /D _MBCS /Gm /EHsc /RTC1 /MDd /GS /fp:precise /Zc:wchar_t /Zc:forScope /Fo"Debug\\" /Fd"Debug\vc110.pdb" /Gd /TP /analyze- /errorReport:prompt Fiborial.cpp
         Fiborial.cpp
     1>d:\osama\programming\online-judges-solutions\timus\timus\fiborial.cpp(34): warning C4996: 'freopen': This function or variable may be unsafe. Consider using freopen_s instead. To disable deprecation, use _CRT_SECURE_NO_WARNINGS. See online help for details.
                 c:\program files (x86)\microsoft visual studio 11.0\vc\include\stdio.h(233) : see declaration of 'freopen'
     1>d:\osama\programming\online-judges-solutions\timus\timus\fiborial.cpp(47): warning C4244: 'argument' : conversion from 'LL' to 'const int', possible loss of data
     1>d:\osama\programming\online-judges-solutions\timus\timus\fiborial.cpp(54): warning C4996: 'scanf': This function or variable may be unsafe. Consider using scanf_s instead. To disable deprecation, use _CRT_SECURE_NO_WARNINGS. See online help for details.
                 c:\program files (x86)\microsoft visual studio 11.0\vc\include\stdio.h(290) : see declaration of 'scanf'
     1>d:\osama\programming\online-judges-solutions\timus\timus\fiborial.cpp(71): warning C4244: 'argument' : conversion from 'LL' to 'unsigned int', possible loss of data
     1>d:\osama\programming\online-judges-solutions\timus\timus\fiborial.cpp(79): warning C4244: 'argument' : conversion from 'LL' to 'unsigned int', possible loss of data
     1>d:\osama\programming\online-judges-solutions\timus\timus\fiborial.cpp(83): warning C4244: 'argument' : conversion from 'LL' to 'unsigned int', possible loss of data
     1>d:\osama\programming\online-judges-solutions\timus\timus\fiborial.cpp(84): warning C4244: 'argument' : conversion from 'LL' to 'unsigned int', possible loss of data
     1>d:\osama\programming\online-judges-solutions\timus\timus\fiborial.cpp(88): warning C4244: 'argument' : conversion from 'LL' to 'unsigned int', possible loss of data
     1>d:\osama\programming\online-judges-solutions\timus\timus\fiborial.cpp(89): warning C4244: 'argument' : conversion from 'LL' to 'unsigned int', possible loss of data
     1>d:\osama\programming\online-judges-solutions\timus\timus\fiborial.cpp(90): warning C4244: 'argument' : conversion from 'LL' to 'unsigned int', possible loss of data
       Link:
         C:\Program Files (x86)\Microsoft Visual Studio 11.0\VC\bin\link.exe /ERRORREPORT:PROMPT /OUT:"D:\Osama\Programming\Online-Judges-Solutions\Timus\Debug\Timus.exe" /INCREMENTAL /NOLOGO pthreadVC2.lib kernel32.lib user32.lib gdi32.lib winspool.lib comdlg32.lib advapi32.lib shell32.lib ole32.lib oleaut32.lib uuid.lib odbc32.lib odbccp32.lib /MANIFEST /MANIFESTUAC:"level='asInvoker' uiAccess='false'" /manifest:embed /DEBUG /PDB:"D:\Osama\Programming\Online-Judges-Solutions\Timus\Debug\Timus.pdb" /SUBSYSTEM:CONSOLE /TLBID:1 /DYNAMICBASE /NXCOMPAT /IMPLIB:"D:\Osama\Programming\Online-Judges-Solutions\Timus\Debug\Timus.lib" /MACHINE:X86 Debug\Fiborial.obj
         "Debug\Pawn Game.obj"
         Timus.vcxproj -> D:\Osama\Programming\Online-Judges-Solutions\Timus\Debug\Timus.exe
     1>Done Building Project "D:\Osama\Programming\Online-Judges-Solutions\Timus\Timus\Timus.vcxproj" (Build target(s)).

Build succeeded.

Time Elapsed 00:00:03.28
