D:\OSAMA\PROGRAMMING\ONLINE-JUDGES-SOLUTIONS\TIMUS\TIMUS\DEBUG\NIM.OBJ
D:\OSAMA\PROGRAMMING\ONLINE-JUDGES-SOLUTIONS\TIMUS\TIMUS\DEBUG\VC110.PDB
D:\OSAMA\PROGRAMMING\ONLINE-JUDGES-SOLUTIONS\TIMUS\DEBUG\TIMUS.ILK
D:\OSAMA\PROGRAMMING\ONLINE-JUDGES-SOLUTIONS\TIMUS\DEBUG\TIMUS.EXE
D:\OSAMA\PROGRAMMING\ONLINE-JUDGES-SOLUTIONS\TIMUS\DEBUG\TIMUS.PDB
D:\Osama\Programming\Online-Judges-Solutions\Timus\Timus\Debug\Nim.obj
D:\Osama\Programming\Online-Judges-Solutions\Timus\Timus\Debug\cl.command.1.tlog
D:\Osama\Programming\Online-Judges-Solutions\Timus\Timus\Debug\CL.read.1.tlog
D:\Osama\Programming\Online-Judges-Solutions\Timus\Timus\Debug\CL.write.1.tlog
D:\Osama\Programming\Online-Judges-Solutions\Timus\Timus\Debug\link-cvtres.read.1.tlog
D:\Osama\Programming\Online-Judges-Solutions\Timus\Timus\Debug\link-cvtres.write.1.tlog
D:\Osama\Programming\Online-Judges-Solutions\Timus\Timus\Debug\link-rc.read.1.tlog
D:\Osama\Programming\Online-Judges-Solutions\Timus\Timus\Debug\link-rc.write.1.tlog
D:\Osama\Programming\Online-Judges-Solutions\Timus\Timus\Debug\link.3000-cvtres.read.1.tlog
D:\Osama\Programming\Online-Judges-Solutions\Timus\Timus\Debug\link.3000-cvtres.write.1.tlog
D:\Osama\Programming\Online-Judges-Solutions\Timus\Timus\Debug\link.3000-rc.read.1.tlog
D:\Osama\Programming\Online-Judges-Solutions\Timus\Timus\Debug\link.3000-rc.write.1.tlog
D:\Osama\Programming\Online-Judges-Solutions\Timus\Timus\Debug\link.3000.read.1.tlog
D:\Osama\Programming\Online-Judges-Solutions\Timus\Timus\Debug\link.3000.write.1.tlog
D:\Osama\Programming\Online-Judges-Solutions\Timus\Timus\Debug\link.3624-cvtres.read.1.tlog
D:\Osama\Programming\Online-Judges-Solutions\Timus\Timus\Debug\link.3624-cvtres.write.1.tlog
D:\Osama\Programming\Online-Judges-Solutions\Timus\Timus\Debug\link.3624-rc.read.1.tlog
D:\Osama\Programming\Online-Judges-Solutions\Timus\Timus\Debug\link.3624-rc.write.1.tlog
D:\Osama\Programming\Online-Judges-Solutions\Timus\Timus\Debug\link.3624.read.1.tlog
D:\Osama\Programming\Online-Judges-Solutions\Timus\Timus\Debug\link.3624.write.1.tlog
D:\Osama\Programming\Online-Judges-Solutions\Timus\Timus\Debug\link.40-cvtres.read.1.tlog
D:\Osama\Programming\Online-Judges-Solutions\Timus\Timus\Debug\link.40-cvtres.write.1.tlog
D:\Osama\Programming\Online-Judges-Solutions\Timus\Timus\Debug\link.40-rc.read.1.tlog
D:\Osama\Programming\Online-Judges-Solutions\Timus\Timus\Debug\link.40-rc.write.1.tlog
D:\Osama\Programming\Online-Judges-Solutions\Timus\Timus\Debug\link.40.read.1.tlog
D:\Osama\Programming\Online-Judges-Solutions\Timus\Timus\Debug\link.40.write.1.tlog
D:\Osama\Programming\Online-Judges-Solutions\Timus\Timus\Debug\link.5028-cvtres.read.1.tlog
D:\Osama\Programming\Online-Judges-Solutions\Timus\Timus\Debug\link.5028-cvtres.write.1.tlog
D:\Osama\Programming\Online-Judges-Solutions\Timus\Timus\Debug\link.5028-rc.read.1.tlog
D:\Osama\Programming\Online-Judges-Solutions\Timus\Timus\Debug\link.5028-rc.write.1.tlog
D:\Osama\Programming\Online-Judges-Solutions\Timus\Timus\Debug\link.5028.read.1.tlog
D:\Osama\Programming\Online-Judges-Solutions\Timus\Timus\Debug\link.5028.write.1.tlog
D:\Osama\Programming\Online-Judges-Solutions\Timus\Timus\Debug\link.684-cvtres.read.1.tlog
D:\Osama\Programming\Online-Judges-Solutions\Timus\Timus\Debug\link.684-cvtres.write.1.tlog
D:\Osama\Programming\Online-Judges-Solutions\Timus\Timus\Debug\link.684-rc.read.1.tlog
D:\Osama\Programming\Online-Judges-Solutions\Timus\Timus\Debug\link.684-rc.write.1.tlog
D:\Osama\Programming\Online-Judges-Solutions\Timus\Timus\Debug\link.684.read.1.tlog
D:\Osama\Programming\Online-Judges-Solutions\Timus\Timus\Debug\link.684.write.1.tlog
D:\Osama\Programming\Online-Judges-Solutions\Timus\Timus\Debug\link.7148-cvtres.read.1.tlog
D:\Osama\Programming\Online-Judges-Solutions\Timus\Timus\Debug\link.7148-cvtres.write.1.tlog
D:\Osama\Programming\Online-Judges-Solutions\Timus\Timus\Debug\link.7148-rc.read.1.tlog
D:\Osama\Programming\Online-Judges-Solutions\Timus\Timus\Debug\link.7148-rc.write.1.tlog
D:\Osama\Programming\Online-Judges-Solutions\Timus\Timus\Debug\link.7148.read.1.tlog
D:\Osama\Programming\Online-Judges-Solutions\Timus\Timus\Debug\link.7148.write.1.tlog
D:\Osama\Programming\Online-Judges-Solutions\Timus\Timus\Debug\link.command.1.tlog
D:\Osama\Programming\Online-Judges-Solutions\Timus\Timus\Debug\link.read.1.tlog
D:\Osama\Programming\Online-Judges-Solutions\Timus\Timus\Debug\link.write.1.tlog
D:\Osama\Programming\Online-Judges-Solutions\Timus\Timus\Debug\vc110.idb
D:\Osama\Programming\Online-Judges-Solutions\Timus\Timus\Debug\vc110.pdb
D:\Osama\Programming\Online-Judges-Solutions\Timus\Debug\Timus.pdb
D:\Osama\Programming\Online-Judges-Solutions\Timus\Debug\Timus.exe
D:\Osama\Programming\Online-Judges-Solutions\Timus\Debug\Timus.ilk
